[36m--[0m Using CATKIN_DEVEL_PREFIX: /home/xavier/catkin_ws/devel/.private/control_xy
[36m--[0m Using CMAKE_PREFIX_PATH: /home/xavier/catkin_ws/devel;/opt/ros/melodic
[36m--[0m This workspace overlays: /home/xavier/catkin_ws/devel;/opt/ros/melodic
[36m--[0m Found PythonInterp: /usr/bin/python2 (found suitable version "2.7.17", minimum required is "2")
[36m--[0m Using PYTHON_EXECUTABLE: /usr/bin/python2
[36m--[0m Using Debian Python package layout
[36m--[0m Using empy: /usr/bin/empy
[36m--[0m Using CATKIN_ENABLE_TESTING: ON
[36m--[0m Call enable_testing()
[36m--[0m Using CATKIN_TEST_RESULTS_DIR: /home/xavier/catkin_ws/build/control_xy/test_results
[36m--[0m Found gtest sources under '/usr/src/googletest': gtests will be built
[36m--[0m Found gmock sources under '/usr/src/googletest': gmock will be built
[36m--[0m Found PythonInterp: /usr/bin/python2 (found version "2.7.17")
[36m--[0m Using Python nosetests: /usr/bin/nosetests-2.7
[36m--[0m catkin 0.7.29
[36m--[0m BUILD_SHARED_LIBS is on
[31m[1mCMake Error[0m at /home/xavier/catkin_ws/devel/share/pitakuru/cmake/pitakuruConfig.cmake:173 (message):
  Project 'control_xy' tried to find library 'pitakuru'.  The library is
  neither a target nor built/installed properly.  Did you compile project
  'pitakuru'? Did you find_package() it before the subdirectory containing
  its code is included?
[36mCall Stack (most recent call first):[0m
  /opt/ros/melodic/share/catkin/cmake/catkinConfig.cmake:76 (find_package)
  CMakeLists.txt:7 (find_package)


[36m--[0m Configuring incomplete, errors occurred!
See also "/home/xavier/catkin_ws/build/control_xy/CMakeFiles/CMakeOutput.log".
See also "/home/xavier/catkin_ws/build/control_xy/CMakeFiles/CMakeError.log".
Makefile:1014: recipe for target 'cmake_check_build_system' failed
make: *** [cmake_check_build_system] Error 1
