[  0%] Built target std_msgs_generate_messages_py
[  0%] Built target geometry_msgs_generate_messages_py
[  0%] Built target _control_xy_generate_messages_check_deps_Obstacle
[  0%] Built target _control_xy_generate_messages_check_deps_States
[  0%] Built target actionlib_msgs_generate_messages_py
[  0%] Built target _control_xy_generate_messages_check_deps_State
[  0%] Built target _control_xy_generate_messages_check_deps_TriggerAction
[  0%] Built target _control_xy_generate_messages_check_deps_StateWheels
[  0%] Built target actionlib_msgs_generate_messages_eus
[  0%] Built target std_msgs_generate_messages_eus
[  0%] Built target geometry_msgs_generate_messages_eus
[  0%] Built target std_msgs_generate_messages_cpp
[  0%] Built target actionlib_msgs_generate_messages_cpp
[  0%] Built target geometry_msgs_generate_messages_cpp
[  0%] Built target rosgraph_msgs_generate_messages_nodejs
[  0%] Built target rosgraph_msgs_generate_messages_py
[  0%] Built target _control_xy_generate_messages_check_deps_DriveWheel
[  0%] Built target geometry_msgs_generate_messages_lisp
[  0%] Built target std_msgs_generate_messages_lisp
[  0%] Built target actionlib_msgs_generate_messages_lisp
[  0%] Built target rosgraph_msgs_generate_messages_lisp
[  0%] Built target rosgraph_msgs_generate_messages_eus
[  0%] Built target rosgraph_msgs_generate_messages_cpp
[  0%] Built target roscpp_generate_messages_py
[  0%] Built target geometry_msgs_generate_messages_nodejs
[  0%] Built target actionlib_msgs_generate_messages_nodejs
[  0%] Built target std_msgs_generate_messages_nodejs
[  0%] Built target roscpp_generate_messages_nodejs
[  0%] Built target roscpp_generate_messages_eus
[  0%] Built target roscpp_generate_messages_lisp
[  0%] Built target roscpp_generate_messages_cpp
[ 17%] Built target control_xy_generate_messages_py
[ 32%] Built target control_xy_generate_messages_cpp
[ 50%] Built target control_xy_generate_messages_eus
[ 65%] Built target control_xy_generate_messages_lisp
[ 80%] Built target control_xy_generate_messages_nodejs
[ 80%] Built target control_xy_generate_messages
[ 90%] Built target control_xy_node_spline_follow
[ 90%] Built target control_xy_node
[ 95%] Built target control_xy_node_spline
[100%] Built target control_xy_node_spline_follow_mixed
