[  0%] Built target actionlib_msgs_generate_messages_lisp
[  0%] Built target std_msgs_generate_messages_lisp
[  0%] Built target _control_xy_generate_messages_check_deps_State
[  0%] Built target _control_xy_generate_messages_check_deps_Obstacle
[  0%] Built target _control_xy_generate_messages_check_deps_DriveWheel
[  0%] Built target actionlib_msgs_generate_messages_py
[  0%] Built target std_msgs_generate_messages_py
[  0%] Built target _control_xy_generate_messages_check_deps_TriggerAction
[  0%] Built target rosgraph_msgs_generate_messages_py
[  0%] Built target rosgraph_msgs_generate_messages_cpp
[  0%] Built target std_msgs_generate_messages_eus
[  0%] Built target rosgraph_msgs_generate_messages_eus
[  0%] Built target roscpp_generate_messages_py
[  0%] Built target actionlib_msgs_generate_messages_eus
[  0%] Built target actionlib_msgs_generate_messages_nodejs
[  0%] Built target roscpp_generate_messages_nodejs
[  0%] Built target roscpp_generate_messages_eus
[  0%] Built target std_msgs_generate_messages_nodejs
[  0%] Built target roscpp_generate_messages_lisp
[  0%] Built target roscpp_generate_messages_cpp
[  0%] Built target std_msgs_generate_messages_cpp
[  0%] Built target actionlib_msgs_generate_messages_cpp
[  0%] Built target rosgraph_msgs_generate_messages_nodejs
[ 17%] Built target control_xy_generate_messages_py
[ 32%] Built target control_xy_generate_messages_lisp
[ 32%] Built target rosgraph_msgs_generate_messages_lisp
[ 46%] Built target control_xy_generate_messages_nodejs
[ 60%] Built target control_xy_generate_messages_cpp
[ 78%] Built target control_xy_generate_messages_eus
[ 78%] Built target control_xy_generate_messages
[ 85%] Built target control_xy_node_spline
[ 92%] Built target control_xy_node
[100%] Built target control_xy_node_spline_follow
