[  0%] Built target actionlib_msgs_generate_messages_lisp
[  0%] Built target std_msgs_generate_messages_lisp
[  0%] Built target std_msgs_generate_messages_py
[  0%] Built target actionlib_msgs_generate_messages_py
[  0%] Built target _control_xy_generate_messages_check_deps_State
[  0%] Built target _control_xy_generate_messages_check_deps_Obstacle
[  0%] Built target _control_xy_generate_messages_check_deps_DriveWheel
[  0%] Built target _control_xy_generate_messages_check_deps_TriggerAction
[  0%] Built target std_msgs_generate_messages_eus
[  0%] Built target rosgraph_msgs_generate_messages_py
[  0%] Built target rosgraph_msgs_generate_messages_eus
[  0%] Built target roscpp_generate_messages_py
[  0%] Built target rosgraph_msgs_generate_messages_cpp
[  0%] Built target actionlib_msgs_generate_messages_eus
[  0%] Built target actionlib_msgs_generate_messages_nodejs
[  0%] Built target std_msgs_generate_messages_nodejs
[  0%] Built target roscpp_generate_messages_eus
[  0%] Built target roscpp_generate_messages_nodejs
[  0%] Built target roscpp_generate_messages_lisp
[  0%] Built target roscpp_generate_messages_cpp
[  0%] Built target std_msgs_generate_messages_cpp
[  0%] Built target actionlib_msgs_generate_messages_cpp
[  0%] Built target rosgraph_msgs_generate_messages_nodejs
[ 15%] Built target control_xy_generate_messages_lisp
[ 15%] Built target rosgraph_msgs_generate_messages_lisp
[ 34%] Built target control_xy_generate_messages_py
[ 53%] Built target control_xy_generate_messages_eus
[ 69%] Built target control_xy_generate_messages_nodejs
[ 84%] Built target control_xy_generate_messages_cpp
[ 84%] Built target control_xy_generate_messages
[100%] Built target control_xy_node_spline
[100%] Built target control_xy_node
