[  0%] Built target std_msgs_generate_messages_lisp
[  0%] Built target _control_xy_generate_messages_check_deps_StateWheels
[  0%] Built target _control_xy_generate_messages_check_deps_Obstacle
[  0%] Built target actionlib_msgs_generate_messages_lisp
[  0%] Built target _control_xy_generate_messages_check_deps_DriveWheel
[  0%] Built target _control_xy_generate_messages_check_deps_TriggerAction
[  0%] Built target _control_xy_generate_messages_check_deps_State
[  0%] Built target std_msgs_generate_messages_py
[  0%] Built target actionlib_msgs_generate_messages_py
[  0%] Built target std_msgs_generate_messages_eus
[  0%] Built target rosgraph_msgs_generate_messages_py
[  0%] Built target rosgraph_msgs_generate_messages_eus
[  0%] Built target rosgraph_msgs_generate_messages_cpp
[  0%] Built target roscpp_generate_messages_py
[  0%] Built target actionlib_msgs_generate_messages_nodejs
[  0%] Built target actionlib_msgs_generate_messages_eus
[  0%] Built target std_msgs_generate_messages_nodejs
[  0%] Built target roscpp_generate_messages_nodejs
[  0%] Built target roscpp_generate_messages_eus
[  0%] Built target rosgraph_msgs_generate_messages_nodejs
[  0%] Built target roscpp_generate_messages_cpp
[  0%] Built target std_msgs_generate_messages_cpp
[  0%] Built target roscpp_generate_messages_lisp
[  0%] Built target actionlib_msgs_generate_messages_cpp
[  0%] Built target rosgraph_msgs_generate_messages_lisp
[ 14%] Built target control_xy_generate_messages_cpp
[ 28%] Built target control_xy_generate_messages_lisp
[ 42%] Built target control_xy_generate_messages_nodejs
[ 60%] Built target control_xy_generate_messages_eus
[ 77%] Built target control_xy_generate_messages_py
make[2]: Warning: File 'CMakeFiles/control_xy_node_spline_follow_mixed.dir/depend.make' has modification time 3742 s in the future
make[2]: warning:  Clock skew detected.  Your build may be incomplete.
make[2]: Warning: File 'CMakeFiles/control_xy_node_spline_follow_mixed.dir/depend.make' has modification time 3742 s in the future
make[2]: warning:  Clock skew detected.  Your build may be incomplete.
[ 77%] Built target control_xy_generate_messages
[ 82%] Built target control_xy_node_spline
[ 88%] Built target control_xy_node_spline_follow_mixed
[ 94%] Built target control_xy_node
[100%] Built target control_xy_node_spline_follow
