Symlinking /home/xavier/catkin_ws/devel/include/control_xy/State.h
Symlinking /home/xavier/catkin_ws/devel/include/control_xy/States.h
Symlinking /home/xavier/catkin_ws/devel/include/control_xy/DriveWheel.h
Symlinking /home/xavier/catkin_ws/devel/include/control_xy/StateWheels.h
Symlinking /home/xavier/catkin_ws/devel/include/control_xy/Obstacle.h
Symlinking /home/xavier/catkin_ws/devel/include/control_xy/TriggerAction.h
Symlinking /home/xavier/catkin_ws/devel/share/roseus/ros/control_xy/manifest.l
Symlinking /home/xavier/catkin_ws/devel/share/roseus/ros/control_xy/msg/States.l
Symlinking /home/xavier/catkin_ws/devel/share/roseus/ros/control_xy/msg/TriggerAction.l
Symlinking /home/xavier/catkin_ws/devel/share/roseus/ros/control_xy/msg/DriveWheel.l
Symlinking /home/xavier/catkin_ws/devel/share/roseus/ros/control_xy/msg/State.l
Symlinking /home/xavier/catkin_ws/devel/share/roseus/ros/control_xy/msg/StateWheels.l
Symlinking /home/xavier/catkin_ws/devel/share/roseus/ros/control_xy/msg/Obstacle.l
Symlinking /home/xavier/catkin_ws/devel/share/control_xy/cmake/control_xy-msg-extras.cmake
Symlinking /home/xavier/catkin_ws/devel/share/control_xy/cmake/control_xy-msg-paths.cmake
Symlinking /home/xavier/catkin_ws/devel/share/control_xy/cmake/control_xyConfig-version.cmake
Symlinking /home/xavier/catkin_ws/devel/share/control_xy/cmake/control_xyConfig.cmake
Symlinking /home/xavier/catkin_ws/devel/share/gennodejs/ros/control_xy/_index.js
Symlinking /home/xavier/catkin_ws/devel/share/gennodejs/ros/control_xy/msg/Obstacle.js
Symlinking /home/xavier/catkin_ws/devel/share/gennodejs/ros/control_xy/msg/TriggerAction.js
Symlinking /home/xavier/catkin_ws/devel/share/gennodejs/ros/control_xy/msg/_index.js
Symlinking /home/xavier/catkin_ws/devel/share/gennodejs/ros/control_xy/msg/StateWheels.js
Symlinking /home/xavier/catkin_ws/devel/share/gennodejs/ros/control_xy/msg/States.js
Symlinking /home/xavier/catkin_ws/devel/share/gennodejs/ros/control_xy/msg/DriveWheel.js
Symlinking /home/xavier/catkin_ws/devel/share/gennodejs/ros/control_xy/msg/State.js
Symlinking /home/xavier/catkin_ws/devel/share/common-lisp/ros/control_xy/msg/_package_StateWheels.lisp
Symlinking /home/xavier/catkin_ws/devel/share/common-lisp/ros/control_xy/msg/_package.lisp
Symlinking /home/xavier/catkin_ws/devel/share/common-lisp/ros/control_xy/msg/_package_States.lisp
Symlinking /home/xavier/catkin_ws/devel/share/common-lisp/ros/control_xy/msg/Obstacle.lisp
Symlinking /home/xavier/catkin_ws/devel/share/common-lisp/ros/control_xy/msg/_package_Obstacle.lisp
Symlinking /home/xavier/catkin_ws/devel/share/common-lisp/ros/control_xy/msg/TriggerAction.lisp
Symlinking /home/xavier/catkin_ws/devel/share/common-lisp/ros/control_xy/msg/States.lisp
Symlinking /home/xavier/catkin_ws/devel/share/common-lisp/ros/control_xy/msg/_package_TriggerAction.lisp
Symlinking /home/xavier/catkin_ws/devel/share/common-lisp/ros/control_xy/msg/_package_DriveWheel.lisp
Symlinking /home/xavier/catkin_ws/devel/share/common-lisp/ros/control_xy/msg/_package_State.lisp
Symlinking /home/xavier/catkin_ws/devel/share/common-lisp/ros/control_xy/msg/control_xy-msg.asd
Symlinking /home/xavier/catkin_ws/devel/share/common-lisp/ros/control_xy/msg/StateWheels.lisp
Symlinking /home/xavier/catkin_ws/devel/share/common-lisp/ros/control_xy/msg/State.lisp
Symlinking /home/xavier/catkin_ws/devel/share/common-lisp/ros/control_xy/msg/DriveWheel.lisp
Symlinking /home/xavier/catkin_ws/devel/lib/python2.7/dist-packages/control_xy/__init__.py
Symlinking /home/xavier/catkin_ws/devel/lib/python2.7/dist-packages/control_xy/msg/_DriveWheel.py
Symlinking /home/xavier/catkin_ws/devel/lib/python2.7/dist-packages/control_xy/msg/_State.py
Symlinking /home/xavier/catkin_ws/devel/lib/python2.7/dist-packages/control_xy/msg/_Obstacle.py
Symlinking /home/xavier/catkin_ws/devel/lib/python2.7/dist-packages/control_xy/msg/_StateWheels.py
Symlinking /home/xavier/catkin_ws/devel/lib/python2.7/dist-packages/control_xy/msg/_States.py
Symlinking /home/xavier/catkin_ws/devel/lib/python2.7/dist-packages/control_xy/msg/__init__.py
Symlinking /home/xavier/catkin_ws/devel/lib/python2.7/dist-packages/control_xy/msg/_TriggerAction.py
Symlinking /home/xavier/catkin_ws/devel/lib/pkgconfig/control_xy.pc
Symlinking /home/xavier/catkin_ws/devel/lib/control_xy/control_xy_node
Symlinking /home/xavier/catkin_ws/devel/lib/control_xy/control_xy_node_spline
Symlinking /home/xavier/catkin_ws/devel/lib/control_xy/control_xy_node_spline_follow_mixed
Symlinking /home/xavier/catkin_ws/devel/lib/control_xy/control_xy_node_spline_follow
