[  0%] Built target _control_xy_generate_messages_check_deps_DriveWheel
[  0%] Built target _control_xy_generate_messages_check_deps_State
[  0%] Built target _control_xy_generate_messages_check_deps_TriggerAction
[  0%] Built target std_msgs_generate_messages_lisp
[  0%] Built target _control_xy_generate_messages_check_deps_Obstacle
[  0%] Built target actionlib_msgs_generate_messages_lisp
[  0%] Built target std_msgs_generate_messages_py
[  0%] Built target actionlib_msgs_generate_messages_py
[  0%] Built target rosgraph_msgs_generate_messages_py
[  0%] Built target rosgraph_msgs_generate_messages_eus
[  0%] Built target std_msgs_generate_messages_eus
[  0%] Built target rosgraph_msgs_generate_messages_cpp
[  0%] Built target actionlib_msgs_generate_messages_eus
[  0%] Built target roscpp_generate_messages_py
[  0%] Built target actionlib_msgs_generate_messages_nodejs
[  0%] Built target std_msgs_generate_messages_nodejs
[  0%] Built target roscpp_generate_messages_nodejs
[  0%] Built target roscpp_generate_messages_eus
[  0%] Built target roscpp_generate_messages_lisp
[  0%] Built target roscpp_generate_messages_cpp
[  0%] Built target std_msgs_generate_messages_cpp
[  0%] Built target actionlib_msgs_generate_messages_cpp
[  0%] Built target rosgraph_msgs_generate_messages_nodejs
[  0%] Built target rosgraph_msgs_generate_messages_lisp
[ 14%] Built target control_xy_generate_messages_cpp
[ 28%] Built target control_xy_generate_messages_lisp
[ 46%] Built target control_xy_generate_messages_py
[ 64%] Built target control_xy_generate_messages_eus
[ 78%] Built target control_xy_generate_messages_nodejs
[ 85%] Built target control_xy_node_spline_follow
[ 92%] Built target control_xy_node_spline
[100%] Built target control_xy_node
[100%] Built target control_xy_generate_messages
