make: Warning: File 'Makefile' has modification time 1215 s in the future
make[1]: Warning: File 'CMakeFiles/Makefile2' has modification time 1215 s in the future
make[2]: Warning: File 'CMakeFiles/_control_xy_generate_messages_check_deps_DriveWheel.dir/progress.make' has modification time 1215 s in the future
make[2]: warning:  Clock skew detected.  Your build may be incomplete.
make[2]: Warning: File 'CMakeFiles/_control_xy_generate_messages_check_deps_DriveWheel.dir/progress.make' has modification time 1215 s in the future
make[2]: Warning: File 'CMakeFiles/_control_xy_generate_messages_check_deps_State.dir/progress.make' has modification time 1215 s in the future
make[2]: Warning: File 'CMakeFiles/_control_xy_generate_messages_check_deps_TriggerAction.dir/progress.make' has modification time 1215 s in the future
make[2]: warning:  Clock skew detected.  Your build may be incomplete.
make[2]: Warning: File 'CMakeFiles/_control_xy_generate_messages_check_deps_State.dir/progress.make' has modification time 1215 s in the future
make[2]: warning:  Clock skew detected.  Your build may be incomplete.
make[2]: Warning: File 'CMakeFiles/_control_xy_generate_messages_check_deps_TriggerAction.dir/progress.make' has modification time 1215 s in the future
make[2]: warning:  Clock skew detected.  Your build may be incomplete.
make[2]: warning:  Clock skew detected.  Your build may be incomplete.
make[2]: warning:  Clock skew detected.  Your build may be incomplete.
make[2]: Warning: File 'CMakeFiles/_control_xy_generate_messages_check_deps_Obstacle.dir/progress.make' has modification time 1214 s in the future
make[2]: Warning: File 'CMakeFiles/std_msgs_generate_messages_lisp.dir/progress.make' has modification time 1214 s in the future
make[2]: warning:  Clock skew detected.  Your build may be incomplete.
make[2]: warning:  Clock skew detected.  Your build may be incomplete.
make[2]: Warning: File 'CMakeFiles/_control_xy_generate_messages_check_deps_Obstacle.dir/progress.make' has modification time 1214 s in the future
make[2]: Warning: File 'CMakeFiles/std_msgs_generate_messages_lisp.dir/progress.make' has modification time 1214 s in the future
make[2]: warning:  Clock skew detected.  Your build may be incomplete.
make[2]: Warning: File 'CMakeFiles/actionlib_msgs_generate_messages_lisp.dir/progress.make' has modification time 1214 s in the future
make[2]: warning:  Clock skew detected.  Your build may be incomplete.
make[2]: Warning: File 'CMakeFiles/std_msgs_generate_messages_py.dir/progress.make' has modification time 1214 s in the future
make[2]: Warning: File 'CMakeFiles/actionlib_msgs_generate_messages_lisp.dir/progress.make' has modification time 1214 s in the future
make[2]: warning:  Clock skew detected.  Your build may be incomplete.
make[2]: warning:  Clock skew detected.  Your build may be incomplete.
make[2]: Warning: File 'CMakeFiles/actionlib_msgs_generate_messages_py.dir/progress.make' has modification time 1214 s in the future
make[2]: Warning: File 'CMakeFiles/std_msgs_generate_messages_py.dir/progress.make' has modification time 1214 s in the future
make[2]: warning:  Clock skew detected.  Your build may be incomplete.
make[2]: warning:  Clock skew detected.  Your build may be incomplete.
make[2]: warning:  Clock skew detected.  Your build may be incomplete.
make[2]: Warning: File 'CMakeFiles/actionlib_msgs_generate_messages_py.dir/progress.make' has modification time 1214 s in the future
make[2]: warning:  Clock skew detected.  Your build may be incomplete.
make[2]: Warning: File 'CMakeFiles/rosgraph_msgs_generate_messages_py.dir/progress.make' has modification time 1214 s in the future
make[2]: warning:  Clock skew detected.  Your build may be incomplete.
make[2]: Warning: File 'CMakeFiles/rosgraph_msgs_generate_messages_py.dir/progress.make' has modification time 1214 s in the future
make[2]: warning:  Clock skew detected.  Your build may be incomplete.
make[2]: Warning: File 'CMakeFiles/std_msgs_generate_messages_eus.dir/progress.make' has modification time 1214 s in the future
make[2]: Warning: File 'CMakeFiles/rosgraph_msgs_generate_messages_eus.dir/progress.make' has modification time 1214 s in the future
make[2]: warning:  Clock skew detected.  Your build may be incomplete.
make[2]: Warning: File 'CMakeFiles/std_msgs_generate_messages_eus.dir/progress.make' has modification time 1214 s in the future
make[2]: warning:  Clock skew detected.  Your build may be incomplete.
make[2]: warning:  Clock skew detected.  Your build may be incomplete.
make[2]: Warning: File 'CMakeFiles/rosgraph_msgs_generate_messages_eus.dir/progress.make' has modification time 1214 s in the future
make[2]: warning:  Clock skew detected.  Your build may be incomplete.
make[2]: Warning: File 'CMakeFiles/rosgraph_msgs_generate_messages_cpp.dir/progress.make' has modification time 1214 s in the future
make[2]: warning:  Clock skew detected.  Your build may be incomplete.
make[2]: Warning: File 'CMakeFiles/rosgraph_msgs_generate_messages_cpp.dir/progress.make' has modification time 1214 s in the future
make[2]: warning:  Clock skew detected.  Your build may be incomplete.
make[2]: Warning: File 'CMakeFiles/actionlib_msgs_generate_messages_eus.dir/progress.make' has modification time 1214 s in the future
make[2]: warning:  Clock skew detected.  Your build may be incomplete.
make[2]: Warning: File 'CMakeFiles/actionlib_msgs_generate_messages_eus.dir/progress.make' has modification time 1214 s in the future
make[2]: warning:  Clock skew detected.  Your build may be incomplete.
make[2]: Warning: File 'CMakeFiles/roscpp_generate_messages_py.dir/progress.make' has modification time 1214 s in the future
make[2]: warning:  Clock skew detected.  Your build may be incomplete.
make[2]: Warning: File 'CMakeFiles/roscpp_generate_messages_py.dir/progress.make' has modification time 1214 s in the future
make[2]: warning:  Clock skew detected.  Your build may be incomplete.
make[2]: Warning: File 'CMakeFiles/actionlib_msgs_generate_messages_nodejs.dir/progress.make' has modification time 1214 s in the future
make[2]: Warning: File 'CMakeFiles/std_msgs_generate_messages_nodejs.dir/progress.make' has modification time 1214 s in the future
make[2]: Warning: File 'CMakeFiles/roscpp_generate_messages_nodejs.dir/progress.make' has modification time 1214 s in the future
make[2]: warning:  Clock skew detected.  Your build may be incomplete.
make[2]: Warning: File 'CMakeFiles/actionlib_msgs_generate_messages_nodejs.dir/progress.make' has modification time 1214 s in the future
make[2]: warning:  Clock skew detected.  Your build may be incomplete.
make[2]: warning:  Clock skew detected.  Your build may be incomplete.
make[2]: Warning: File 'CMakeFiles/std_msgs_generate_messages_nodejs.dir/progress.make' has modification time 1214 s in the future
make[2]: warning:  Clock skew detected.  Your build may be incomplete.
make[2]: Warning: File 'CMakeFiles/roscpp_generate_messages_eus.dir/progress.make' has modification time 1214 s in the future
make[2]: warning:  Clock skew detected.  Your build may be incomplete.
make[2]: Warning: File 'CMakeFiles/roscpp_generate_messages_nodejs.dir/progress.make' has modification time 1214 s in the future
make[2]: warning:  Clock skew detected.  Your build may be incomplete.
make[2]: warning:  Clock skew detected.  Your build may be incomplete.
make[2]: Warning: File 'CMakeFiles/roscpp_generate_messages_lisp.dir/progress.make' has modification time 1214 s in the future
make[2]: Warning: File 'CMakeFiles/roscpp_generate_messages_eus.dir/progress.make' has modification time 1214 s in the future
make[2]: warning:  Clock skew detected.  Your build may be incomplete.
make[2]: Warning: File 'CMakeFiles/roscpp_generate_messages_cpp.dir/progress.make' has modification time 1214 s in the future
make[2]: warning:  Clock skew detected.  Your build may be incomplete.
make[2]: Warning: File 'CMakeFiles/roscpp_generate_messages_lisp.dir/progress.make' has modification time 1214 s in the future
make[2]: warning:  Clock skew detected.  Your build may be incomplete.
make[2]: warning:  Clock skew detected.  Your build may be incomplete.
make[2]: Warning: File 'CMakeFiles/roscpp_generate_messages_cpp.dir/progress.make' has modification time 1214 s in the future
make[2]: warning:  Clock skew detected.  Your build may be incomplete.
make[2]: Warning: File 'CMakeFiles/std_msgs_generate_messages_cpp.dir/progress.make' has modification time 1214 s in the future
make[2]: warning:  Clock skew detected.  Your build may be incomplete.
make[2]: Warning: File 'CMakeFiles/std_msgs_generate_messages_cpp.dir/progress.make' has modification time 1213 s in the future
make[2]: warning:  Clock skew detected.  Your build may be incomplete.
make[2]: Warning: File 'CMakeFiles/actionlib_msgs_generate_messages_cpp.dir/progress.make' has modification time 1213 s in the future
make[2]: Warning: File 'CMakeFiles/rosgraph_msgs_generate_messages_nodejs.dir/progress.make' has modification time 1213 s in the future
make[2]: warning:  Clock skew detected.  Your build may be incomplete.
make[2]: Warning: File 'CMakeFiles/actionlib_msgs_generate_messages_cpp.dir/progress.make' has modification time 1213 s in the future
make[2]: warning:  Clock skew detected.  Your build may be incomplete.
make[2]: warning:  Clock skew detected.  Your build may be incomplete.
make[2]: Warning: File 'CMakeFiles/rosgraph_msgs_generate_messages_nodejs.dir/progress.make' has modification time 1213 s in the future
make[2]: warning:  Clock skew detected.  Your build may be incomplete.
make[2]: Warning: File 'CMakeFiles/rosgraph_msgs_generate_messages_lisp.dir/progress.make' has modification time 1213 s in the future
make[2]: Warning: File 'CMakeFiles/control_xy_generate_messages_lisp.dir/progress.make' has modification time 1213 s in the future
make[2]: warning:  Clock skew detected.  Your build may be incomplete.
make[2]: Warning: File 'CMakeFiles/rosgraph_msgs_generate_messages_lisp.dir/progress.make' has modification time 1213 s in the future
make[2]: warning:  Clock skew detected.  Your build may be incomplete.
make[2]: warning:  Clock skew detected.  Your build may be incomplete.
make[2]: Warning: File 'CMakeFiles/control_xy_generate_messages_lisp.dir/progress.make' has modification time 1213 s in the future
make[2]: warning:  Clock skew detected.  Your build may be incomplete.
make[2]: Warning: File 'CMakeFiles/control_xy_generate_messages_py.dir/progress.make' has modification time 1213 s in the future
make[2]: Warning: File 'CMakeFiles/control_xy_generate_messages_eus.dir/progress.make' has modification time 1213 s in the future
make[2]: warning:  Clock skew detected.  Your build may be incomplete.
make[2]: Warning: File 'CMakeFiles/control_xy_generate_messages_py.dir/progress.make' has modification time 1213 s in the future
make[2]: warning:  Clock skew detected.  Your build may be incomplete.
make[2]: warning:  Clock skew detected.  Your build may be incomplete.
make[2]: Warning: File 'CMakeFiles/control_xy_generate_messages_eus.dir/progress.make' has modification time 1213 s in the future
make[2]: warning:  Clock skew detected.  Your build may be incomplete.
make[2]: Warning: File 'CMakeFiles/control_xy_generate_messages_cpp.dir/progress.make' has modification time 1213 s in the future
make[2]: Warning: File 'CMakeFiles/control_xy_generate_messages_nodejs.dir/progress.make' has modification time 1213 s in the future
make[2]: warning:  Clock skew detected.  Your build may be incomplete.
make[2]: Warning: File 'CMakeFiles/control_xy_generate_messages_cpp.dir/progress.make' has modification time 1213 s in the future
make[2]: warning:  Clock skew detected.  Your build may be incomplete.
make[2]: warning:  Clock skew detected.  Your build may be incomplete.
make[2]: Warning: File 'CMakeFiles/control_xy_generate_messages_nodejs.dir/progress.make' has modification time 1213 s in the future
make[2]: warning:  Clock skew detected.  Your build may be incomplete.
make[2]: Warning: File 'CMakeFiles/control_xy_node_spline_follow.dir/flags.make' has modification time 1213 s in the future
make[2]: warning:  Clock skew detected.  Your build may be incomplete.
make[2]: Warning: File 'CMakeFiles/control_xy_node_spline_follow.dir/flags.make' has modification time 1213 s in the future
make[2]: warning:  Clock skew detected.  Your build may be incomplete.
make[2]: Warning: File 'CMakeFiles/control_xy_node_spline.dir/flags.make' has modification time 1213 s in the future
make[2]: warning:  Clock skew detected.  Your build may be incomplete.
make[2]: Warning: File 'CMakeFiles/control_xy_node_spline.dir/flags.make' has modification time 1213 s in the future
make[2]: warning:  Clock skew detected.  Your build may be incomplete.
make[2]: Warning: File 'CMakeFiles/control_xy_node.dir/flags.make' has modification time 1213 s in the future
make[2]: Warning: File 'CMakeFiles/control_xy_generate_messages.dir/progress.make' has modification time 1213 s in the future
make[2]: warning:  Clock skew detected.  Your build may be incomplete.
make[2]: Warning: File 'CMakeFiles/control_xy_node.dir/flags.make' has modification time 1213 s in the future
make[2]: warning:  Clock skew detected.  Your build may be incomplete.
make[2]: Warning: File 'CMakeFiles/control_xy_generate_messages.dir/progress.make' has modification time 1213 s in the future
make[2]: warning:  Clock skew detected.  Your build may be incomplete.
make[2]: warning:  Clock skew detected.  Your build may be incomplete.
make[1]: warning:  Clock skew detected.  Your build may be incomplete.
make: warning:  Clock skew detected.  Your build may be incomplete.
