Linked: (/home/xavier/catkin_ws/devel/.private/control_xy/include/control_xy/State.h, /home/xavier/catkin_ws/devel/include/control_xy/State.h)
Linked: (/home/xavier/catkin_ws/devel/.private/control_xy/include/control_xy/DriveWheel.h, /home/xavier/catkin_ws/devel/include/control_xy/DriveWheel.h)
Linked: (/home/xavier/catkin_ws/devel/.private/control_xy/include/control_xy/StateWheels.h, /home/xavier/catkin_ws/devel/include/control_xy/StateWheels.h)
Linked: (/home/xavier/catkin_ws/devel/.private/control_xy/include/control_xy/Obstacle.h, /home/xavier/catkin_ws/devel/include/control_xy/Obstacle.h)
Linked: (/home/xavier/catkin_ws/devel/.private/control_xy/include/control_xy/TriggerAction.h, /home/xavier/catkin_ws/devel/include/control_xy/TriggerAction.h)
Linked: (/home/xavier/catkin_ws/devel/.private/control_xy/share/roseus/ros/control_xy/manifest.l, /home/xavier/catkin_ws/devel/share/roseus/ros/control_xy/manifest.l)
Linked: (/home/xavier/catkin_ws/devel/.private/control_xy/share/roseus/ros/control_xy/msg/TriggerAction.l, /home/xavier/catkin_ws/devel/share/roseus/ros/control_xy/msg/TriggerAction.l)
Linked: (/home/xavier/catkin_ws/devel/.private/control_xy/share/roseus/ros/control_xy/msg/DriveWheel.l, /home/xavier/catkin_ws/devel/share/roseus/ros/control_xy/msg/DriveWheel.l)
Linked: (/home/xavier/catkin_ws/devel/.private/control_xy/share/roseus/ros/control_xy/msg/State.l, /home/xavier/catkin_ws/devel/share/roseus/ros/control_xy/msg/State.l)
Linked: (/home/xavier/catkin_ws/devel/.private/control_xy/share/roseus/ros/control_xy/msg/StateWheels.l, /home/xavier/catkin_ws/devel/share/roseus/ros/control_xy/msg/StateWheels.l)
Linked: (/home/xavier/catkin_ws/devel/.private/control_xy/share/roseus/ros/control_xy/msg/Obstacle.l, /home/xavier/catkin_ws/devel/share/roseus/ros/control_xy/msg/Obstacle.l)
Linked: (/home/xavier/catkin_ws/devel/.private/control_xy/share/control_xy/cmake/control_xy-msg-extras.cmake, /home/xavier/catkin_ws/devel/share/control_xy/cmake/control_xy-msg-extras.cmake)
Linked: (/home/xavier/catkin_ws/devel/.private/control_xy/share/control_xy/cmake/control_xy-msg-paths.cmake, /home/xavier/catkin_ws/devel/share/control_xy/cmake/control_xy-msg-paths.cmake)
Linked: (/home/xavier/catkin_ws/devel/.private/control_xy/share/control_xy/cmake/control_xyConfig-version.cmake, /home/xavier/catkin_ws/devel/share/control_xy/cmake/control_xyConfig-version.cmake)
Linked: (/home/xavier/catkin_ws/devel/.private/control_xy/share/control_xy/cmake/control_xyConfig.cmake, /home/xavier/catkin_ws/devel/share/control_xy/cmake/control_xyConfig.cmake)
Linked: (/home/xavier/catkin_ws/devel/.private/control_xy/share/gennodejs/ros/control_xy/_index.js, /home/xavier/catkin_ws/devel/share/gennodejs/ros/control_xy/_index.js)
Linked: (/home/xavier/catkin_ws/devel/.private/control_xy/share/gennodejs/ros/control_xy/msg/Obstacle.js, /home/xavier/catkin_ws/devel/share/gennodejs/ros/control_xy/msg/Obstacle.js)
Linked: (/home/xavier/catkin_ws/devel/.private/control_xy/share/gennodejs/ros/control_xy/msg/TriggerAction.js, /home/xavier/catkin_ws/devel/share/gennodejs/ros/control_xy/msg/TriggerAction.js)
Linked: (/home/xavier/catkin_ws/devel/.private/control_xy/share/gennodejs/ros/control_xy/msg/_index.js, /home/xavier/catkin_ws/devel/share/gennodejs/ros/control_xy/msg/_index.js)
Linked: (/home/xavier/catkin_ws/devel/.private/control_xy/share/gennodejs/ros/control_xy/msg/StateWheels.js, /home/xavier/catkin_ws/devel/share/gennodejs/ros/control_xy/msg/StateWheels.js)
Linked: (/home/xavier/catkin_ws/devel/.private/control_xy/share/gennodejs/ros/control_xy/msg/DriveWheel.js, /home/xavier/catkin_ws/devel/share/gennodejs/ros/control_xy/msg/DriveWheel.js)
Linked: (/home/xavier/catkin_ws/devel/.private/control_xy/share/gennodejs/ros/control_xy/msg/State.js, /home/xavier/catkin_ws/devel/share/gennodejs/ros/control_xy/msg/State.js)
Linked: (/home/xavier/catkin_ws/devel/.private/control_xy/share/common-lisp/ros/control_xy/msg/_package_StateWheels.lisp, /home/xavier/catkin_ws/devel/share/common-lisp/ros/control_xy/msg/_package_StateWheels.lisp)
Linked: (/home/xavier/catkin_ws/devel/.private/control_xy/share/common-lisp/ros/control_xy/msg/_package.lisp, /home/xavier/catkin_ws/devel/share/common-lisp/ros/control_xy/msg/_package.lisp)
Linked: (/home/xavier/catkin_ws/devel/.private/control_xy/share/common-lisp/ros/control_xy/msg/Obstacle.lisp, /home/xavier/catkin_ws/devel/share/common-lisp/ros/control_xy/msg/Obstacle.lisp)
Linked: (/home/xavier/catkin_ws/devel/.private/control_xy/share/common-lisp/ros/control_xy/msg/_package_Obstacle.lisp, /home/xavier/catkin_ws/devel/share/common-lisp/ros/control_xy/msg/_package_Obstacle.lisp)
Linked: (/home/xavier/catkin_ws/devel/.private/control_xy/share/common-lisp/ros/control_xy/msg/TriggerAction.lisp, /home/xavier/catkin_ws/devel/share/common-lisp/ros/control_xy/msg/TriggerAction.lisp)
Linked: (/home/xavier/catkin_ws/devel/.private/control_xy/share/common-lisp/ros/control_xy/msg/_package_TriggerAction.lisp, /home/xavier/catkin_ws/devel/share/common-lisp/ros/control_xy/msg/_package_TriggerAction.lisp)
Linked: (/home/xavier/catkin_ws/devel/.private/control_xy/share/common-lisp/ros/control_xy/msg/_package_DriveWheel.lisp, /home/xavier/catkin_ws/devel/share/common-lisp/ros/control_xy/msg/_package_DriveWheel.lisp)
Linked: (/home/xavier/catkin_ws/devel/.private/control_xy/share/common-lisp/ros/control_xy/msg/_package_State.lisp, /home/xavier/catkin_ws/devel/share/common-lisp/ros/control_xy/msg/_package_State.lisp)
Linked: (/home/xavier/catkin_ws/devel/.private/control_xy/share/common-lisp/ros/control_xy/msg/control_xy-msg.asd, /home/xavier/catkin_ws/devel/share/common-lisp/ros/control_xy/msg/control_xy-msg.asd)
Linked: (/home/xavier/catkin_ws/devel/.private/control_xy/share/common-lisp/ros/control_xy/msg/StateWheels.lisp, /home/xavier/catkin_ws/devel/share/common-lisp/ros/control_xy/msg/StateWheels.lisp)
Linked: (/home/xavier/catkin_ws/devel/.private/control_xy/share/common-lisp/ros/control_xy/msg/State.lisp, /home/xavier/catkin_ws/devel/share/common-lisp/ros/control_xy/msg/State.lisp)
Linked: (/home/xavier/catkin_ws/devel/.private/control_xy/share/common-lisp/ros/control_xy/msg/DriveWheel.lisp, /home/xavier/catkin_ws/devel/share/common-lisp/ros/control_xy/msg/DriveWheel.lisp)
Linked: (/home/xavier/catkin_ws/devel/.private/control_xy/lib/python2.7/dist-packages/control_xy/__init__.py, /home/xavier/catkin_ws/devel/lib/python2.7/dist-packages/control_xy/__init__.py)
Linked: (/home/xavier/catkin_ws/devel/.private/control_xy/lib/python2.7/dist-packages/control_xy/msg/_DriveWheel.py, /home/xavier/catkin_ws/devel/lib/python2.7/dist-packages/control_xy/msg/_DriveWheel.py)
Linked: (/home/xavier/catkin_ws/devel/.private/control_xy/lib/python2.7/dist-packages/control_xy/msg/_State.py, /home/xavier/catkin_ws/devel/lib/python2.7/dist-packages/control_xy/msg/_State.py)
Linked: (/home/xavier/catkin_ws/devel/.private/control_xy/lib/python2.7/dist-packages/control_xy/msg/_Obstacle.py, /home/xavier/catkin_ws/devel/lib/python2.7/dist-packages/control_xy/msg/_Obstacle.py)
Linked: (/home/xavier/catkin_ws/devel/.private/control_xy/lib/python2.7/dist-packages/control_xy/msg/_StateWheels.py, /home/xavier/catkin_ws/devel/lib/python2.7/dist-packages/control_xy/msg/_StateWheels.py)
Linked: (/home/xavier/catkin_ws/devel/.private/control_xy/lib/python2.7/dist-packages/control_xy/msg/__init__.py, /home/xavier/catkin_ws/devel/lib/python2.7/dist-packages/control_xy/msg/__init__.py)
Linked: (/home/xavier/catkin_ws/devel/.private/control_xy/lib/python2.7/dist-packages/control_xy/msg/_TriggerAction.py, /home/xavier/catkin_ws/devel/lib/python2.7/dist-packages/control_xy/msg/_TriggerAction.py)
Linked: (/home/xavier/catkin_ws/devel/.private/control_xy/lib/pkgconfig/control_xy.pc, /home/xavier/catkin_ws/devel/lib/pkgconfig/control_xy.pc)
Linked: (/home/xavier/catkin_ws/devel/.private/control_xy/lib/control_xy/control_xy_node, /home/xavier/catkin_ws/devel/lib/control_xy/control_xy_node)
Linked: (/home/xavier/catkin_ws/devel/.private/control_xy/lib/control_xy/control_xy_node_spline, /home/xavier/catkin_ws/devel/lib/control_xy/control_xy_node_spline)
Linked: (/home/xavier/catkin_ws/devel/.private/control_xy/lib/control_xy/control_xy_node_spline_follow_mixed, /home/xavier/catkin_ws/devel/lib/control_xy/control_xy_node_spline_follow_mixed)
Linked: (/home/xavier/catkin_ws/devel/.private/control_xy/lib/control_xy/control_xy_node_spline_follow, /home/xavier/catkin_ws/devel/lib/control_xy/control_xy_node_spline_follow)
