[  0%] Built target std_msgs_generate_messages_lisp
[  0%] Built target actionlib_msgs_generate_messages_lisp
[  0%] Built target std_msgs_generate_messages_py
[  0%] Built target _control_xy_generate_messages_check_deps_Obstacle
[  0%] Built target actionlib_msgs_generate_messages_py
[  0%] Built target _control_xy_generate_messages_check_deps_State
[  0%] Built target rosgraph_msgs_generate_messages_py
[  0%] Built target _control_xy_generate_messages_check_deps_TriggerAction
[  0%] Built target std_msgs_generate_messages_eus
[  0%] Built target _control_xy_generate_messages_check_deps_DriveWheel
[  0%] Built target rosgraph_msgs_generate_messages_cpp
[  0%] Built target actionlib_msgs_generate_messages_eus
[  0%] Built target rosgraph_msgs_generate_messages_eus
[  0%] Built target actionlib_msgs_generate_messages_nodejs
[  0%] Built target roscpp_generate_messages_py
[  0%] Built target std_msgs_generate_messages_nodejs
[  0%] Built target roscpp_generate_messages_lisp
[  0%] Built target roscpp_generate_messages_nodejs
[  0%] Built target roscpp_generate_messages_cpp
[  0%] Built target roscpp_generate_messages_eus
[  0%] Built target std_msgs_generate_messages_cpp
[  0%] Built target actionlib_msgs_generate_messages_cpp
[  0%] Built target rosgraph_msgs_generate_messages_nodejs
[ 16%] Built target control_xy_generate_messages_lisp
[ 37%] Built target control_xy_generate_messages_py
[ 54%] Built target control_xy_generate_messages_nodejs
[ 70%] Built target control_xy_generate_messages_cpp
[ 91%] Built target control_xy_generate_messages_eus
[ 91%] Built target rosgraph_msgs_generate_messages_lisp
[35m[1mScanning dependencies of target control_xy_node[0m
[ 95%] [32mBuilding CXX object CMakeFiles/control_xy_node.dir/src/control_xy_node_yaw.cpp.o[0m
[ 95%] Built target control_xy_generate_messages
[01m[K/home/xavier/catkin_ws/src/control_xy/src/control_xy_node_yaw.cpp:408:15:[m[K [01;35m[Kwarning: [m[Kmissing terminating " character
      ROS_INFO([01;35m[K"[m[KR%f,%,cx,cy);
               [01;35m[K^[m[K
[01m[K/home/xavier/catkin_ws/src/control_xy/src/control_xy_node_yaw.cpp:891:0:[m[K [01;31m[Kerror: [m[Kunterminated argument list invoking macro "ROS_INFO"
 }
 
[01m[K/home/xavier/catkin_ws/src/control_xy/src/control_xy_node_yaw.cpp:408:6:[m[K [01;31m[Kerror: [m[Kexpected ‘[01m[K}[m[K’ at end of input
      [01;31m[KROS_INFO[m[K("R%f,%,cx,cy);
      [01;31m[K^~~~~~~~[m[K
[01m[K/home/xavier/catkin_ws/src/control_xy/src/control_xy_node_yaw.cpp:[m[K In constructor ‘[01m[Ktest_head::test_head(ros::NodeHandle)[m[K’:
[01m[K/home/xavier/catkin_ws/src/control_xy/src/control_xy_node_yaw.cpp:28:10:[m[K [01;31m[Kerror: [m[K‘[01m[Kspeed_publisher[m[K’ was not declared in this scope
          [01;31m[Kspeed_publisher[m[K=nh.advertise<geometry_msgs::Twist>(nh.resolveName("/cmd_vel"), 1);
          [01;31m[K^~~~~~~~~~~~~~~[m[K
[01m[K/home/xavier/catkin_ws/src/control_xy/src/control_xy_node_yaw.cpp:29:3:[m[K [01;31m[Kerror: [m[K‘[01m[Kalerts_publisher[m[K’ was not declared in this scope
   [01;31m[Kalerts_publisher[m[K=nh.advertise<std_msgs::Int16>(nh.resolveName("/alerts"), 1);
   [01;31m[K^~~~~~~~~~~~~~~~[m[K
[01m[K/home/xavier/catkin_ws/src/control_xy/src/control_xy_node_yaw.cpp:30:17:[m[K [01;31m[Kerror: [m[K‘[01m[Khead_subscriber[m[K’ was not declared in this scope
                 [01;31m[Khead_subscriber[m[K = nh.subscribe("/euler", 1, &test_head::headCallback,this);
                 [01;31m[K^~~~~~~~~~~~~~~[m[K
[01m[K/home/xavier/catkin_ws/src/control_xy/src/control_xy_node_yaw.cpp:31:3:[m[K [01;31m[Kerror: [m[K‘[01m[Kodometry_sub[m[K’ was not declared in this scope
   [01;31m[Kodometry_sub[m[K = nh.subscribe("odom",1,&test_head::ReceiveOdometry,this);
   [01;31m[K^~~~~~~~~~~~[m[K
[01m[K/home/xavier/catkin_ws/src/control_xy/src/control_xy_node_yaw.cpp:31:3:[m[K [01;36m[Knote: [m[Ksuggested alternative: ‘[01m[Ktimersub[m[K’
   [01;36m[Kodometry_sub[m[K = nh.subscribe("odom",1,&test_head::ReceiveOdometry,this);
   [01;36m[K^~~~~~~~~~~~[m[K
   [32m[Ktimersub[m[K
[01m[K/home/xavier/catkin_ws/src/control_xy/src/control_xy_node_yaw.cpp:33:3:[m[K [01;31m[Kerror: [m[K‘[01m[Kjoy_subscriber[m[K’ was not declared in this scope
   [01;31m[Kjoy_subscriber[m[K = nh.subscribe("/j0/joy", 1, &test_head::joyCallback,this);
   [01;31m[K^~~~~~~~~~~~~~[m[K
[01m[K/home/xavier/catkin_ws/src/control_xy/src/control_xy_node_yaw.cpp:33:59:[m[K [01;31m[Kerror: [m[K‘[01m[KjoyCallback[m[K’ is not a member of ‘[01m[Ktest_head[m[K’
   joy_subscriber = nh.subscribe("/j0/joy", 1, &test_head::[01;31m[KjoyCallback[m[K,this);
                                                           [01;31m[K^~~~~~~~~~~[m[K
[01m[K/home/xavier/catkin_ws/src/control_xy/src/control_xy_node_yaw.cpp:34:3:[m[K [01;31m[Kerror: [m[K‘[01m[Kpose_subscriber[m[K’ was not declared in this scope
   [01;31m[Kpose_subscriber[m[K = nh.subscribe("setPoints", 1, &test_head::setPointsCallback,this);
   [01;31m[K^~~~~~~~~~~~~~~[m[K
[01m[K/home/xavier/catkin_ws/src/control_xy/src/control_xy_node_yaw.cpp:35:3:[m[K [01;31m[Kerror: [m[K‘[01m[Kang_subscriber[m[K’ was not declared in this scope
   [01;31m[Kang_subscriber[m[K = nh.subscribe("peopAng", 1, &test_head::angPeopCallback,this);
   [01;31m[K^~~~~~~~~~~~~~[m[K
[01m[K/home/xavier/catkin_ws/src/control_xy/src/control_xy_node_yaw.cpp:36:3:[m[K [01;31m[Kerror: [m[K‘[01m[Kdist_subscriber[m[K’ was not declared in this scope
   [01;31m[Kdist_subscriber[m[K = nh.subscribe("peopDist", 1, &test_head::distPeopCallback,this);
   [01;31m[K^~~~~~~~~~~~~~~[m[K
[01m[K/home/xavier/catkin_ws/src/control_xy/src/control_xy_node_yaw.cpp:37:17:[m[K [01;31m[Kerror: [m[K‘[01m[Kang_subscriber2[m[K’ was not declared in this scope
                 [01;31m[Kang_subscriber2[m[K = nh.subscribe("peopAng2", 1, &test_head::angPeopCallback2,this);
                 [01;31m[K^~~~~~~~~~~~~~~[m[K
[01m[K/home/xavier/catkin_ws/src/control_xy/src/control_xy_node_yaw.cpp:38:17:[m[K [01;31m[Kerror: [m[K‘[01m[Kang_subscriber_cam[m[K’ was not declared in this scope
                 [01;31m[Kang_subscriber_cam[m[K = nh.subscribe("ang_peop_detect_img", 1, &test_head::angCamCallback,this);
                 [01;31m[K^~~~~~~~~~~~~~~~~~[m[K
[01m[K/home/xavier/catkin_ws/src/control_xy/src/control_xy_node_yaw.cpp:39:3:[m[K [01;31m[Kerror: [m[K‘[01m[Kdist_subscriber2[m[K’ was not declared in this scope
   [01;31m[Kdist_subscriber2[m[K = nh.subscribe("peopDist2", 1, &test_head::distPeopCallback2,this);
   [01;31m[K^~~~~~~~~~~~~~~~[m[K
[01m[K/home/xavier/catkin_ws/src/control_xy/src/control_xy_node_yaw.cpp:40:17:[m[K [01;31m[Kerror: [m[K‘[01m[Kobst_subscriber[m[K’ was not declared in this scope
                 [01;31m[Kobst_subscriber[m[K = nh.subscribe("/obstacle_closest", 1, &test_head::obstCallback,this);
                 [01;31m[K^~~~~~~~~~~~~~~[m[K
[01m[K/home/xavier/catkin_ws/src/control_xy/src/control_xy_node_yaw.cpp:41:17:[m[K [01;31m[Kerror: [m[K‘[01m[Kstate_subscriber[m[K’ was not declared in this scope
                 [01;31m[Kstate_subscriber[m[K = nh.subscribe("/trigger_action", 1, &test_head::stateCallback,this);
                 [01;31m[K^~~~~~~~~~~~~~~~[m[K
[01m[K/home/xavier/catkin_ws/src/control_xy/src/control_xy_node_yaw.cpp:43:45:[m[K [01;31m[Kerror: [m[K‘[01m[Kbreak_distance[m[K’ was not declared in this scope
   nh.getParam("/control_xy/break_distance", [01;31m[Kbreak_distance[m[K);
                                             [01;31m[K^~~~~~~~~~~~~~[m[K
[01m[K/home/xavier/catkin_ws/src/control_xy/src/control_xy_node_yaw.cpp:43:45:[m[K [01;36m[Knote: [m[Ksuggested alternative: ‘[01m[Kpthread_testcancel[m[K’
   nh.getParam("/control_xy/break_distance", [01;36m[Kbreak_distance[m[K);
                                             [01;36m[K^~~~~~~~~~~~~~[m[K
                                             [32m[Kpthread_testcancel[m[K
[01m[K/home/xavier/catkin_ws/src/control_xy/src/control_xy_node_yaw.cpp:44:43:[m[K [01;31m[Kerror: [m[K‘[01m[Kbreak_danger[m[K’ was not declared in this scope
   nh.getParam("/control_xy/break_danger", [01;31m[Kbreak_danger[m[K);
                                           [01;31m[K^~~~~~~~~~~~[m[K
[01m[K/home/xavier/catkin_ws/src/control_xy/src/control_xy_node_yaw.cpp:44:43:[m[K [01;36m[Knote: [m[Ksuggested alternative: ‘[01m[Kpthread_cancel[m[K’
   nh.getParam("/control_xy/break_danger", [01;36m[Kbreak_danger[m[K);
                                           [01;36m[K^~~~~~~~~~~~[m[K
                                           [32m[Kpthread_cancel[m[K
[01m[K/home/xavier/catkin_ws/src/control_xy/src/control_xy_node_yaw.cpp:45:52:[m[K [01;31m[Kerror: [m[K‘[01m[Klow_vel_gain[m[K’ was not declared in this scope
   nh.getParam("/control_xy/low_vel_gain_karugamo", [01;31m[Klow_vel_gain[m[K);
                                                    [01;31m[K^~~~~~~~~~~~[m[K
[01m[K/home/xavier/catkin_ws/src/control_xy/src/control_xy_node_yaw.cpp:46:53:[m[K [01;31m[Kerror: [m[K‘[01m[Khigh_vel_gain[m[K’ was not declared in this scope
   nh.getParam("/control_xy/high_vel_gain_karugamo", [01;31m[Khigh_vel_gain[m[K);
                                                     [01;31m[K^~~~~~~~~~~~~[m[K
[01m[K/home/xavier/catkin_ws/src/control_xy/src/control_xy_node_yaw.cpp:47:50:[m[K [01;31m[Kerror: [m[K‘[01m[Klow_vel_gain_follow[m[K’ was not declared in this scope
   nh.getParam("/control_xy/low_vel_gain_follow", [01;31m[Klow_vel_gain_follow[m[K);
                                                  [01;31m[K^~~~~~~~~~~~~~~~~~~[m[K
[01m[K/home/xavier/catkin_ws/src/control_xy/src/control_xy_node_yaw.cpp:48:51:[m[K [01;31m[Kerror: [m[K‘[01m[Khigh_vel_gain_follow[m[K’ was not declared in this scope
   nh.getParam("/control_xy/high_vel_gain_follow", [01;31m[Khigh_vel_gain_follow[m[K);
                                                   [01;31m[K^~~~~~~~~~~~~~~~~~~~[m[K
[01m[K/home/xavier/catkin_ws/src/control_xy/src/control_xy_node_yaw.cpp:49:52:[m[K [01;31m[Kerror: [m[K‘[01m[Kfrontal_gain_karugamo[m[K’ was not declared in this scope
   nh.getParam("/control_xy/frontal_gain_karugamo", [01;31m[Kfrontal_gain_karugamo[m[K);
                                                    [01;31m[K^~~~~~~~~~~~~~~~~~~~~[m[K
[01m[K/home/xavier/catkin_ws/src/control_xy/src/control_xy_node_yaw.cpp:50:50:[m[K [01;31m[Kerror: [m[K‘[01m[Kfrontal_gain_follow[m[K’ was not declared in this scope
   nh.getParam("/control_xy/frontal_gain_follow", [01;31m[Kfrontal_gain_follow[m[K);
                                                  [01;31m[K^~~~~~~~~~~~~~~~~~~[m[K
[01m[K/home/xavier/catkin_ws/src/control_xy/src/control_xy_node_yaw.cpp:51:50:[m[K [01;31m[Kerror: [m[K‘[01m[Kfrontal_gain_manual[m[K’ was not declared in this scope
   nh.getParam("/control_xy/frontal_gain_manual", [01;31m[Kfrontal_gain_manual[m[K);
                                                  [01;31m[K^~~~~~~~~~~~~~~~~~~[m[K
[01m[K/home/xavier/catkin_ws/src/control_xy/src/control_xy_node_yaw.cpp:52:49:[m[K [01;31m[Kerror: [m[K‘[01m[Kmax_speed_karugamo[m[K’ was not declared in this scope
   nh.getParam("/control_xy/max_speed_karugamo", [01;31m[Kmax_speed_karugamo[m[K);
                                                 [01;31m[K^~~~~~~~~~~~~~~~~~[m[K
[01m[K/home/xavier/catkin_ws/src/control_xy/src/control_xy_node_yaw.cpp:53:47:[m[K [01;31m[Kerror: [m[K‘[01m[Kmax_speed_follow[m[K’ was not declared in this scope
   nh.getParam("/control_xy/max_speed_follow", [01;31m[Kmax_speed_follow[m[K);
                                               [01;31m[K^~~~~~~~~~~~~~~~[m[K
[01m[K/home/xavier/catkin_ws/src/control_xy/src/control_xy_node_yaw.cpp:54:47:[m[K [01;31m[Kerror: [m[K‘[01m[Kmax_speed_manual[m[K’ was not declared in this scope
   nh.getParam("/control_xy/max_speed_manual", [01;31m[Kmax_speed_manual[m[K);
                                               [01;31m[K^~~~~~~~~~~~~~~~[m[K
[01m[K/home/xavier/catkin_ws/src/control_xy/src/control_xy_node_yaw.cpp:55:66:[m[K [01;31m[Kerror: [m[K‘[01m[Kmax_speed_side_manual[m[K’ was not declared in this scope
                 nh.getParam("/control_xy/max_speed_side_manual", [01;31m[Kmax_speed_side_manual[m[K);
                                                                  [01;31m[K^~~~~~~~~~~~~~~~~~~~~[m[K
[01m[K/home/xavier/catkin_ws/src/control_xy/src/control_xy_node_yaw.cpp:56:43:[m[K [01;31m[Kerror: [m[K‘[01m[Ksmooth_accel[m[K’ was not declared in this scope
   nh.getParam("/control_xy/smooth_accel", [01;31m[Ksmooth_accel[m[K);
                                           [01;31m[K^~~~~~~~~~~~[m[K
[01m[K/home/xavier/catkin_ws/src/control_xy/src/control_xy_node_yaw.cpp:57:44:[m[K [01;31m[Kerror: [m[K‘[01m[Kradius_follow[m[K’ was not declared in this scope
   nh.getParam("/control_xy/radius_follow", [01;31m[Kradius_follow[m[K);
                                            [01;31m[K^~~~~~~~~~~~~[m[K
[01m[K/home/xavier/catkin_ws/src/control_xy/src/control_xy_node_yaw.cpp:59:3:[m[K [01;31m[Kerror: [m[K‘[01m[KsubScan_[m[K’ was not declared in this scope
   [01;31m[KsubScan_[m[K = nh.subscribe("/scan", 1, &test_head::scanCallback,this);
   [01;31m[K^~~~~~~~[m[K
[01m[K/home/xavier/catkin_ws/src/control_xy/src/control_xy_node_yaw.cpp:59:3:[m[K [01;36m[Knote: [m[Ksuggested alternative: ‘[01m[Kswscanf[m[K’
   [01;36m[KsubScan_[m[K = nh.subscribe("/scan", 1, &test_head::scanCallback,this);
   [01;36m[K^~~~~~~~[m[K
   [32m[Kswscanf[m[K
[01m[K/home/xavier/catkin_ws/src/control_xy/src/control_xy_node_yaw.cpp:59:51:[m[K [01;31m[Kerror: [m[K‘[01m[KscanCallback[m[K’ is not a member of ‘[01m[Ktest_head[m[K’
   subScan_ = nh.subscribe("/scan", 1, &test_head::[01;31m[KscanCallback[m[K,this);
                                                   [01;31m[K^~~~~~~~~~~~[m[K
[01m[K/home/xavier/catkin_ws/src/control_xy/src/control_xy_node_yaw.cpp:62:3:[m[K [01;31m[Kerror: [m[K‘[01m[Kstart_tray[m[K’ was not declared in this scope
   [01;31m[Kstart_tray[m[K=false;
   [01;31m[K^~~~~~~~~~[m[K
[01m[K/home/xavier/catkin_ws/src/control_xy/src/control_xy_node_yaw.cpp:62:3:[m[K [01;36m[Knote: [m[Ksuggested alternative: ‘[01m[Kstrfry[m[K’
   [01;36m[Kstart_tray[m[K=false;
   [01;36m[K^~~~~~~~~~[m[K
   [32m[Kstrfry[m[K
[01m[K/home/xavier/catkin_ws/src/control_xy/src/control_xy_node_yaw.cpp:63:3:[m[K [01;31m[Kerror: [m[K‘[01m[Ksp_yaw[m[K’ was not declared in this scope
   [01;31m[Ksp_yaw[m[K=90;
   [01;31m[K^~~~~~[m[K
[01m[K/home/xavier/catkin_ws/src/control_xy/src/control_xy_node_yaw.cpp:64:3:[m[K [01;31m[Kerror: [m[K‘[01m[Kca[m[K’ was not declared in this scope
   [01;31m[Kca[m[K=0;
   [01;31m[K^~[m[K
[01m[K/home/xavier/catkin_ws/src/control_xy/src/control_xy_node_yaw.cpp:65:3:[m[K [01;31m[Kerror: [m[K‘[01m[Kruta_learn[m[K’ was not declared in this scope
   [01;31m[Kruta_learn[m[K=false;
   [01;31m[K^~~~~~~~~~[m[K
[01m[K/home/xavier/catkin_ws/src/control_xy/src/control_xy_node_yaw.cpp:65:3:[m[K [01;36m[Knote: [m[Ksuggested alternative: ‘[01m[Kualarm[m[K’
   [01;36m[Kruta_learn[m[K=false;
   [01;36m[K^~~~~~~~~~[m[K
   [32m[Kualarm[m[K
[01m[K/home/xavier/catkin_ws/src/control_xy/src/control_xy_node_yaw.cpp:66:3:[m[K [01;31m[Kerror: [m[K‘[01m[Kloaded_route[m[K’ was not declared in this scope
   [01;31m[Kloaded_route[m[K=false;
   [01;31m[K^~~~~~~~~~~~[m[K
[01m[K/home/xavier/catkin_ws/src/control_xy/src/control_xy_node_yaw.cpp:67:3:[m[K [01;31m[Kerror: [m[K‘[01m[Kn_aux[m[K’ was not declared in this scope
   [01;31m[Kn_aux[m[K=3000;
   [01;31m[K^~~~~[m[K
[01m[K/home/xavier/catkin_ws/src/control_xy/src/control_xy_node_yaw.cpp:68:3:[m[K [01;31m[Kerror: [m[K‘[01m[Kk_idx[m[K’ was not declared in this scope
   [01;31m[Kk_idx[m[K=0;
   [01;31m[K^~~~~[m[K
[01m[K/home/xavier/catkin_ws/src/control_xy/src/control_xy_node_yaw.cpp:69:3:[m[K [01;31m[Kerror: [m[K‘[01m[Kpx_aux[m[K’ was not declared in this scope
   [01;31m[Kpx_aux[m[K=1000000000000;
   [01;31m[K^~~~~~[m[K
[01m[K/home/xavier/catkin_ws/src/control_xy/src/control_xy_node_yaw.cpp:70:3:[m[K [01;31m[Kerror: [m[K‘[01m[Kpy_aux[m[K’ was not declared in this scope
   [01;31m[Kpy_aux[m[K=1000000000000;
   [01;31m[K^~~~~~[m[K
[01m[K/home/xavier/catkin_ws/src/control_xy/src/control_xy_node_yaw.cpp:71:3:[m[K [01;31m[Kerror: [m[K‘[01m[Kcarril[m[K’ was not declared in this scope
   [01;31m[Kcarril[m[K=0;//0 externo 1 interno
   [01;31m[K^~~~~~[m[K
[01m[K/home/xavier/catkin_ws/src/control_xy/src/control_xy_node_yaw.cpp:71:3:[m[K [01;36m[Knote: [m[Ksuggested alternative: ‘[01m[Kceil[m[K’
   [01;36m[Kcarril[m[K=0;//0 externo 1 interno
   [01;36m[K^~~~~~[m[K
   [32m[Kceil[m[K
[01m[K/home/xavier/catkin_ws/src/control_xy/src/control_xy_node_yaw.cpp:72:3:[m[K [01;31m[Kerror: [m[K‘[01m[Kvelocity[m[K’ was not declared in this scope
   [01;31m[Kvelocity[m[K=0;
   [01;31m[K^~~~~~~~[m[K
[01m[K/home/xavier/catkin_ws/src/control_xy/src/control_xy_node_yaw.cpp:72:3:[m[K [01;36m[Knote: [m[Ksuggested alternative: ‘[01m[Kselect[m[K’
   [01;36m[Kvelocity[m[K=0;
   [01;36m[K^~~~~~~~[m[K
   [32m[Kselect[m[K
[01m[K/home/xavier/catkin_ws/src/control_xy/src/control_xy_node_yaw.cpp:73:3:[m[K [01;31m[Kerror: [m[K‘[01m[Kalfa[m[K’ was not declared in this scope
   [01;31m[Kalfa[m[K=0.8;
   [01;31m[K^~~~[m[K
[01m[K/home/xavier/catkin_ws/src/control_xy/src/control_xy_node_yaw.cpp:74:3:[m[K [01;31m[Kerror: [m[K‘[01m[Kobstaculo[m[K’ was not declared in this scope
   [01;31m[Kobstaculo[m[K=false;
   [01;31m[K^~~~~~~~~[m[K
[01m[K/home/xavier/catkin_ws/src/control_xy/src/control_xy_node_yaw.cpp:74:3:[m[K [01;36m[Knote: [m[Ksuggested alternative: ‘[01m[Kobstack[m[K’
   [01;36m[Kobstaculo[m[K=false;
   [01;36m[K^~~~~~~~~[m[K
   [32m[Kobstack[m[K
[01m[K/home/xavier/catkin_ws/src/control_xy/src/control_xy_node_yaw.cpp:75:3:[m[K [01;31m[Kerror: [m[K‘[01m[Kchanged[m[K’ was not declared in this scope
   [01;31m[Kchanged[m[K=false;
   [01;31m[K^~~~~~~[m[K
[01m[K/home/xavier/catkin_ws/src/control_xy/src/control_xy_node_yaw.cpp:75:3:[m[K [01;36m[Knote: [m[Ksuggested alternative: ‘[01m[Kvhangup[m[K’
   [01;36m[Kchanged[m[K=false;
   [01;36m[K^~~~~~~[m[K
   [32m[Kvhangup[m[K
[01m[K/home/xavier/catkin_ws/src/control_xy/src/control_xy_node_yaw.cpp:76:3:[m[K [01;31m[Kerror: [m[K‘[01m[Kerrpx[m[K’ was not declared in this scope
   [01;31m[Kerrpx[m[K=0;
   [01;31m[K^~~~~[m[K
[01m[K/home/xavier/catkin_ws/src/control_xy/src/control_xy_node_yaw.cpp:76:3:[m[K [01;36m[Knote: [m[Ksuggested alternative: ‘[01m[Kerrno[m[K’
   [01;36m[Kerrpx[m[K=0;
   [01;36m[K^~~~~[m[K
   [32m[Kerrno[m[K
[01m[K/home/xavier/catkin_ws/src/control_xy/src/control_xy_node_yaw.cpp:77:3:[m[K [01;31m[Kerror: [m[K‘[01m[Kerrpy[m[K’ was not declared in this scope
   [01;31m[Kerrpy[m[K=0;
   [01;31m[K^~~~~[m[K
[01m[K/home/xavier/catkin_ws/src/control_xy/src/control_xy_node_yaw.cpp:77:3:[m[K [01;36m[Knote: [m[Ksuggested alternative: ‘[01m[Kerrno[m[K’
   [01;36m[Kerrpy[m[K=0;
   [01;36m[K^~~~~[m[K
   [32m[Kerrno[m[K
[01m[K/home/xavier/catkin_ws/src/control_xy/src/control_xy_node_yaw.cpp:78:3:[m[K [01;31m[Kerror: [m[K‘[01m[Kerror_yaw[m[K’ was not declared in this scope
   [01;31m[Kerror_yaw[m[K=0;
   [01;31m[K^~~~~~~~~[m[K
[01m[K/home/xavier/catkin_ws/src/control_xy/src/control_xy_node_yaw.cpp:78:3:[m[K [01;36m[Knote: [m[Ksuggested alternative: ‘[01m[Kerror_t[m[K’
   [01;36m[Kerror_yaw[m[K=0;
   [01;36m[K^~~~~~~~~[m[K
   [32m[Kerror_t[m[K
[01m[K/home/xavier/catkin_ws/src/control_xy/src/control_xy_node_yaw.cpp:79:3:[m[K [01;31m[Kerror: [m[K‘[01m[Kpx[m[K’ was not declared in this scope
   [01;31m[Kpx[m[K=0;
   [01;31m[K^~[m[K
[01m[K/home/xavier/catkin_ws/src/control_xy/src/control_xy_node_yaw.cpp:80:3:[m[K [01;31m[Kerror: [m[K‘[01m[Kpy[m[K’ was not declared in this scope
   [01;31m[Kpy[m[K=0;
   [01;31m[K^~[m[K
[01m[K/home/xavier/catkin_ws/src/control_xy/src/control_xy_node_yaw.cpp:81:3:[m[K [01;31m[Kerror: [m[K‘[01m[Knspx[m[K’ was not declared in this scope
   [01;31m[Knspx[m[K=0.00;
   [01;31m[K^~~~[m[K
[01m[K/home/xavier/catkin_ws/src/control_xy/src/control_xy_node_yaw.cpp:82:3:[m[K [01;31m[Kerror: [m[K‘[01m[Knspy[m[K’ was not declared in this scope
   [01;31m[Knspy[m[K=0.05;
   [01;31m[K^~~~[m[K
[01m[K/home/xavier/catkin_ws/src/control_xy/src/control_xy_node_yaw.cpp:83:3:[m[K [01;31m[Kerror: [m[K‘[01m[Kyaw[m[K’ was not declared in this scope
   [01;31m[Kyaw[m[K=0;
   [01;31m[K^~~[m[K
[01m[K/home/xavier/catkin_ws/src/control_xy/src/control_xy_node_yaw.cpp:84:3:[m[K [01;31m[Kerror: [m[K‘[01m[Kconta[m[K’ was not declared in this scope
   [01;31m[Kconta[m[K=0;
   [01;31m[K^~~~~[m[K
[01m[K/home/xavier/catkin_ws/src/control_xy/src/control_xy_node_yaw.cpp:84:3:[m[K [01;36m[Knote: [m[Ksuggested alternative: ‘[01m[Kconfstr[m[K’
   [01;36m[Kconta[m[K=0;
   [01;36m[K^~~~~[m[K
   [32m[Kconfstr[m[K
[01m[K/home/xavier/catkin_ws/src/control_xy/src/control_xy_node_yaw.cpp:85:3:[m[K [01;31m[Kerror: [m[K‘[01m[Kmissing_track[m[K’ was not declared in this scope
   [01;31m[Kmissing_track[m[K=0;
   [01;31m[K^~~~~~~~~~~~~[m[K
[01m[K/home/xavier/catkin_ws/src/control_xy/src/control_xy_node_yaw.cpp:86:3:[m[K [01;31m[Kerror: [m[K‘[01m[Kmode[m[K’ was not declared in this scope
   [01;31m[Kmode[m[K=1;
   [01;31m[K^~~~[m[K
[01m[K/home/xavier/catkin_ws/src/control_xy/src/control_xy_node_yaw.cpp:86:3:[m[K [01;36m[Knote: [m[Ksuggested alternative: ‘[01m[Kmodf[m[K’
   [01;36m[Kmode[m[K=1;
   [01;36m[K^~~~[m[K
   [32m[Kmodf[m[K
[01m[K/home/xavier/catkin_ws/src/control_xy/src/control_xy_node_yaw.cpp:87:17:[m[K [01;31m[Kerror: [m[K‘[01m[Kang_peop_cam[m[K’ was not declared in this scope
                 [01;31m[Kang_peop_cam[m[K=-500;
                 [01;31m[K^~~~~~~~~~~~[m[K
[01m[K/home/xavier/catkin_ws/src/control_xy/src/control_xy_node_yaw.cpp:89:3:[m[K [01;31m[Kerror: [m[K‘[01m[Ktracked_angle[m[K’ was not declared in this scope
   [01;31m[Ktracked_angle[m[K=0;
   [01;31m[K^~~~~~~~~~~~~[m[K
[01m[K/home/xavier/catkin_ws/src/control_xy/src/control_xy_node_yaw.cpp:90:17:[m[K [01;31m[Kerror: [m[K‘[01m[Kang_peop_lidar[m[K’ was not declared in this scope
                 [01;31m[Kang_peop_lidar[m[K=0;
                 [01;31m[K^~~~~~~~~~~~~~[m[K
[01m[K/home/xavier/catkin_ws/src/control_xy/src/control_xy_node_yaw.cpp:91:3:[m[K [01;31m[Kerror: [m[K‘[01m[KdistanciaPeople2[m[K’ was not declared in this scope
   [01;31m[KdistanciaPeople2[m[K=0;
   [01;31m[K^~~~~~~~~~~~~~~~[m[K
[01m[K/home/xavier/catkin_ws/src/control_xy/src/control_xy_node_yaw.cpp:92:3:[m[K [01;31m[Kerror: [m[K‘[01m[Ktracked_distance[m[K’ was not declared in this scope
   [01;31m[Ktracked_distance[m[K=0;
   [01;31m[K^~~~~~~~~~~~~~~~[m[K
[01m[K/home/xavier/catkin_ws/src/control_xy/src/control_xy_node_yaw.cpp:94:3:[m[K [01;31m[Kerror: [m[K‘[01m[Kstart_route[m[K’ was not declared in this scope
   [01;31m[Kstart_route[m[K=false;
   [01;31m[K^~~~~~~~~~~[m[K
[01m[K/home/xavier/catkin_ws/src/control_xy/src/control_xy_node_yaw.cpp:94:3:[m[K [01;36m[Knote: [m[Ksuggested alternative: ‘[01m[Kstrtoull[m[K’
   [01;36m[Kstart_route[m[K=false;
   [01;36m[K^~~~~~~~~~~[m[K
   [32m[Kstrtoull[m[K
[01m[K/home/xavier/catkin_ws/src/control_xy/src/control_xy_node_yaw.cpp:96:3:[m[K [01;31m[Kerror: [m[K‘[01m[Kobstacle_front[m[K’ was not declared in this scope
   [01;31m[Kobstacle_front[m[K=false;
   [01;31m[K^~~~~~~~~~~~~~[m[K
[01m[K/home/xavier/catkin_ws/src/control_xy/src/control_xy_node_yaw.cpp:96:3:[m[K [01;36m[Knote: [m[Ksuggested alternative: ‘[01m[Kobstack_printf[m[K’
   [01;36m[Kobstacle_front[m[K=false;
   [01;36m[K^~~~~~~~~~~~~~[m[K
   [32m[Kobstack_printf[m[K
[01m[K/home/xavier/catkin_ws/src/control_xy/src/control_xy_node_yaw.cpp:97:3:[m[K [01;31m[Kerror: [m[K‘[01m[Kobstacle_front1[m[K’ was not declared in this scope
   [01;31m[Kobstacle_front1[m[K=false;
   [01;31m[K^~~~~~~~~~~~~~~[m[K
[01m[K/home/xavier/catkin_ws/src/control_xy/src/control_xy_node_yaw.cpp:97:3:[m[K [01;36m[Knote: [m[Ksuggested alternative: ‘[01m[Kobstack_printf[m[K’
   [01;36m[Kobstacle_front1[m[K=false;
   [01;36m[K^~~~~~~~~~~~~~~[m[K
   [32m[Kobstack_printf[m[K
[01m[K/home/xavier/catkin_ws/src/control_xy/src/control_xy_node_yaw.cpp:98:3:[m[K [01;31m[Kerror: [m[K‘[01m[Kobstacle_front2[m[K’ was not declared in this scope
   [01;31m[Kobstacle_front2[m[K=false;
   [01;31m[K^~~~~~~~~~~~~~~[m[K
[01m[K/home/xavier/catkin_ws/src/control_xy/src/control_xy_node_yaw.cpp:98:3:[m[K [01;36m[Knote: [m[Ksuggested alternative: ‘[01m[Kobstack_printf[m[K’
   [01;36m[Kobstacle_front2[m[K=false;
   [01;36m[K^~~~~~~~~~~~~~~[m[K
   [32m[Kobstack_printf[m[K
[01m[K/home/xavier/catkin_ws/src/control_xy/src/control_xy_node_yaw.cpp:100:3:[m[K [01;31m[Kerror: [m[K‘[01m[Ksave_waypoint[m[K’ was not declared in this scope
   [01;31m[Ksave_waypoint[m[K=false;
   [01;31m[K^~~~~~~~~~~~~[m[K
[01m[K/home/xavier/catkin_ws/src/control_xy/src/control_xy_node_yaw.cpp:102:17:[m[K [01;31m[Kerror: [m[K‘[01m[Knewobstacle[m[K’ was not declared in this scope
                 [01;31m[Knewobstacle[m[K=false;
                 [01;31m[K^~~~~~~~~~~[m[K
[01m[K/home/xavier/catkin_ws/src/control_xy/src/control_xy_node_yaw.cpp:102:17:[m[K [01;36m[Knote: [m[Ksuggested alternative: ‘[01m[Kobstack[m[K’
                 [01;36m[Knewobstacle[m[K=false;
                 [01;36m[K^~~~~~~~~~~[m[K
                 [32m[Kobstack[m[K
[01m[K/home/xavier/catkin_ws/src/control_xy/src/control_xy_node_yaw.cpp:103:17:[m[K [01;31m[Kerror: [m[K‘[01m[Kcol_avoid_mode[m[K’ was not declared in this scope
                 [01;31m[Kcol_avoid_mode[m[K=true;
                 [01;31m[K^~~~~~~~~~~~~~[m[K
[01m[K/home/xavier/catkin_ws/src/control_xy/src/control_xy_node_yaw.cpp:104:3:[m[K [01;31m[Kerror: [m[K‘[01m[Kmode_idle[m[K’ was not declared in this scope
   [01;31m[Kmode_idle[m[K=true;
   [01;31m[K^~~~~~~~~[m[K
[01m[K/home/xavier/catkin_ws/src/control_xy/src/control_xy_node_yaw.cpp:104:3:[m[K [01;36m[Knote: [m[Ksuggested alternative: ‘[01m[Kmode_t[m[K’
   [01;36m[Kmode_idle[m[K=true;
   [01;36m[K^~~~~~~~~[m[K
   [32m[Kmode_t[m[K
[01m[K/home/xavier/catkin_ws/src/control_xy/src/control_xy_node_yaw.cpp:105:3:[m[K [01;31m[Kerror: [m[K‘[01m[Kmode_manual[m[K’ was not declared in this scope
   [01;31m[Kmode_manual[m[K=false;
   [01;31m[K^~~~~~~~~~~[m[K
[01m[K/home/xavier/catkin_ws/src/control_xy/src/control_xy_node_yaw.cpp:106:3:[m[K [01;31m[Kerror: [m[K‘[01m[Kmode_karugamo[m[K’ was not declared in this scope
   [01;31m[Kmode_karugamo[m[K=false;
   [01;31m[K^~~~~~~~~~~~~[m[K
[01m[K/home/xavier/catkin_ws/src/control_xy/src/control_xy_node_yaw.cpp:107:17:[m[K [01;31m[Kerror: [m[K‘[01m[Kmode_follow[m[K’ was not declared in this scope
                 [01;31m[Kmode_follow[m[K=false;
                 [01;31m[K^~~~~~~~~~~[m[K
[01m[K/home/xavier/catkin_ws/src/control_xy/src/control_xy_node_yaw.cpp:108:17:[m[K [01;31m[Kerror: [m[K‘[01m[Ktracking_people[m[K’ was not declared in this scope
                 [01;31m[Ktracking_people[m[K=false;
                 [01;31m[K^~~~~~~~~~~~~~~[m[K
[01m[K/home/xavier/catkin_ws/src/control_xy/src/control_xy_node_yaw.cpp:110:3:[m[K [01;31m[Kerror: [m[K‘[01m[Kdanger[m[K’ was not declared in this scope
   [01;31m[Kdanger[m[K=false;
   [01;31m[K^~~~~~[m[K
[01m[K/home/xavier/catkin_ws/src/control_xy/src/control_xy_node_yaw.cpp:110:3:[m[K [01;36m[Knote: [m[Ksuggested alternative: ‘[01m[Krand_r[m[K’
   [01;36m[Kdanger[m[K=false;
   [01;36m[K^~~~~~[m[K
   [32m[Krand_r[m[K
[01m[K/home/xavier/catkin_ws/src/control_xy/src/control_xy_node_yaw.cpp:111:3:[m[K [01;31m[Kerror: [m[K‘[01m[Kfree_way[m[K’ was not declared in this scope
   [01;31m[Kfree_way[m[K=true;
   [01;31m[K^~~~~~~~[m[K
[01m[K/home/xavier/catkin_ws/src/control_xy/src/control_xy_node_yaw.cpp:111:3:[m[K [01;36m[Knote: [m[Ksuggested alternative: ‘[01m[Kfread[m[K’
   [01;36m[Kfree_way[m[K=true;
   [01;36m[K^~~~~~~~[m[K
   [32m[Kfread[m[K
[01m[K/home/xavier/catkin_ws/src/control_xy/src/control_xy_node_yaw.cpp:112:3:[m[K [01;31m[Kerror: [m[K‘[01m[Kcollision[m[K’ was not declared in this scope
   [01;31m[Kcollision[m[K = false;
   [01;31m[K^~~~~~~~~[m[K
[01m[K/home/xavier/catkin_ws/src/control_xy/src/control_xy_node_yaw.cpp:112:3:[m[K [01;36m[Knote: [m[Ksuggested alternative: ‘[01m[Kcopysign[m[K’
   [01;36m[Kcollision[m[K = false;
   [01;36m[K^~~~~~~~~[m[K
   [32m[Kcopysign[m[K
[01m[K/home/xavier/catkin_ws/src/control_xy/src/control_xy_node_yaw.cpp:[m[K In member function ‘[01m[Kvoid test_head::stateCallback(const TriggerAction&)[m[K’:
[01m[K/home/xavier/catkin_ws/src/control_xy/src/control_xy_node_yaw.cpp:122:4:[m[K [01;31m[Kerror: [m[K‘[01m[Kcollision[m[K’ was not declared in this scope
    [01;31m[Kcollision[m[K =true;
    [01;31m[K^~~~~~~~~[m[K
[01m[K/home/xavier/catkin_ws/src/control_xy/src/control_xy_node_yaw.cpp:122:4:[m[K [01;36m[Knote: [m[Ksuggested alternative: ‘[01m[Kcopysign[m[K’
    [01;36m[Kcollision[m[K =true;
    [01;36m[K^~~~~~~~~[m[K
    [32m[Kcopysign[m[K
[01m[K/home/xavier/catkin_ws/src/control_xy/src/control_xy_node_yaw.cpp:123:4:[m[K [01;31m[Kerror: [m[K‘[01m[Kvel_steer[m[K’ was not declared in this scope
    [01;31m[Kvel_steer[m[K.linear.x= 0;
    [01;31m[K^~~~~~~~~[m[K
[01m[K/home/xavier/catkin_ws/src/control_xy/src/control_xy_node_yaw.cpp:123:4:[m[K [01;36m[Knote: [m[Ksuggested alternative: ‘[01m[Kregister[m[K’
    [01;36m[Kvel_steer[m[K.linear.x= 0;
    [01;36m[K^~~~~~~~~[m[K
    [32m[Kregister[m[K
[01m[K/home/xavier/catkin_ws/src/control_xy/src/control_xy_node_yaw.cpp:125:4:[m[K [01;31m[Kerror: [m[K‘[01m[Kspeed_publisher[m[K’ was not declared in this scope
    [01;31m[Kspeed_publisher[m[K.publish(vel_steer);
    [01;31m[K^~~~~~~~~~~~~~~[m[K
[01m[K/home/xavier/catkin_ws/src/control_xy/src/control_xy_node_yaw.cpp:126:4:[m[K [01;31m[Kerror: [m[K‘[01m[Kalerts_command[m[K’ was not declared in this scope
    [01;31m[Kalerts_command[m[K.data=6;//6 collision 5 danger 4 warning 3 karugamo 2 idle 1 manual
    [01;31m[K^~~~~~~~~~~~~~[m[K
[01m[K/home/xavier/catkin_ws/src/control_xy/src/control_xy_node_yaw.cpp:127:9:[m[K [01;31m[Kerror: [m[K‘[01m[Kalerts_publisher[m[K’ was not declared in this scope
         [01;31m[Kalerts_publisher[m[K.publish(alerts_command);
         [01;31m[K^~~~~~~~~~~~~~~~[m[K
[01m[K/home/xavier/catkin_ws/src/control_xy/src/control_xy_node_yaw.cpp:128:4:[m[K [01;31m[Kerror: [m[K‘[01m[Kmode_idle[m[K’ was not declared in this scope
    [01;31m[Kmode_idle[m[K=false;
    [01;31m[K^~~~~~~~~[m[K
[01m[K/home/xavier/catkin_ws/src/control_xy/src/control_xy_node_yaw.cpp:128:4:[m[K [01;36m[Knote: [m[Ksuggested alternative: ‘[01m[Kmode_t[m[K’
    [01;36m[Kmode_idle[m[K=false;
    [01;36m[K^~~~~~~~~[m[K
    [32m[Kmode_t[m[K
[01m[K/home/xavier/catkin_ws/src/control_xy/src/control_xy_node_yaw.cpp:129:4:[m[K [01;31m[Kerror: [m[K‘[01m[Kmode_manual[m[K’ was not declared in this scope
    [01;31m[Kmode_manual[m[K=false;
    [01;31m[K^~~~~~~~~~~[m[K
[01m[K/home/xavier/catkin_ws/src/control_xy/src/control_xy_node_yaw.cpp:130:4:[m[K [01;31m[Kerror: [m[K‘[01m[Kmode_karugamo[m[K’ was not declared in this scope
    [01;31m[Kmode_karugamo[m[K=false;
    [01;31m[K^~~~~~~~~~~~~[m[K
[01m[K/home/xavier/catkin_ws/src/control_xy/src/control_xy_node_yaw.cpp:131:4:[m[K [01;31m[Kerror: [m[K‘[01m[Kmode_follow[m[K’ was not declared in this scope
    [01;31m[Kmode_follow[m[K=false;
    [01;31m[K^~~~~~~~~~~[m[K
[01m[K/home/xavier/catkin_ws/src/control_xy/src/control_xy_node_yaw.cpp:132:4:[m[K [01;31m[Kerror: [m[K‘[01m[Kdanger[m[K’ was not declared in this scope
    [01;31m[Kdanger[m[K=false;
    [01;31m[K^~~~~~[m[K
[01m[K/home/xavier/catkin_ws/src/control_xy/src/control_xy_node_yaw.cpp:132:4:[m[K [01;36m[Knote: [m[Ksuggested alternative: ‘[01m[Krand_r[m[K’
    [01;36m[Kdanger[m[K=false;
    [01;36m[K^~~~~~[m[K
    [32m[Krand_r[m[K
[01m[K/home/xavier/catkin_ws/src/control_xy/src/control_xy_node_yaw.cpp:133:4:[m[K [01;31m[Kerror: [m[K‘[01m[Kfree_way[m[K’ was not declared in this scope
    [01;31m[Kfree_way[m[K=false;
    [01;31m[K^~~~~~~~[m[K
[01m[K/home/xavier/catkin_ws/src/control_xy/src/control_xy_node_yaw.cpp:133:4:[m[K [01;36m[Knote: [m[Ksuggested alternative: ‘[01m[Kfread[m[K’
    [01;36m[Kfree_way[m[K=false;
    [01;36m[K^~~~~~~~[m[K
    [32m[Kfread[m[K
[01m[K/home/xavier/catkin_ws/src/control_xy/src/control_xy_node_yaw.cpp:138:4:[m[K [01;31m[Kerror: [m[K‘[01m[Kcollision[m[K’ was not declared in this scope
    [01;31m[Kcollision[m[K = false;
    [01;31m[K^~~~~~~~~[m[K
[01m[K/home/xavier/catkin_ws/src/control_xy/src/control_xy_node_yaw.cpp:138:4:[m[K [01;36m[Knote: [m[Ksuggested alternative: ‘[01m[Kcopysign[m[K’
    [01;36m[Kcollision[m[K = false;
    [01;36m[K^~~~~~~~~[m[K
    [32m[Kcopysign[m[K
[01m[K/home/xavier/catkin_ws/src/control_xy/src/control_xy_node_yaw.cpp:139:4:[m[K [01;31m[Kerror: [m[K‘[01m[Kmode_idle[m[K’ was not declared in this scope
    [01;31m[Kmode_idle[m[K=true;
    [01;31m[K^~~~~~~~~[m[K
[01m[K/home/xavier/catkin_ws/src/control_xy/src/control_xy_node_yaw.cpp:139:4:[m[K [01;36m[Knote: [m[Ksuggested alternative: ‘[01m[Kmode_t[m[K’
    [01;36m[Kmode_idle[m[K=true;
    [01;36m[K^~~~~~~~~[m[K
    [32m[Kmode_t[m[K
[01m[K/home/xavier/catkin_ws/src/control_xy/src/control_xy_node_yaw.cpp:140:4:[m[K [01;31m[Kerror: [m[K‘[01m[Kmode_manual[m[K’ was not declared in this scope
    [01;31m[Kmode_manual[m[K=false;
    [01;31m[K^~~~~~~~~~~[m[K
[01m[K/home/xavier/catkin_ws/src/control_xy/src/control_xy_node_yaw.cpp:141:4:[m[K [01;31m[Kerror: [m[K‘[01m[Kmode_karugamo[m[K’ was not declared in this scope
    [01;31m[Kmode_karugamo[m[K=false;
    [01;31m[K^~~~~~~~~~~~~[m[K
[01m[K/home/xavier/catkin_ws/src/control_xy/src/control_xy_node_yaw.cpp:142:4:[m[K [01;31m[Kerror: [m[K‘[01m[Kmode_follow[m[K’ was not declared in this scope
    [01;31m[Kmode_follow[m[K=false;
    [01;31m[K^~~~~~~~~~~[m[K
[01m[K/home/xavier/catkin_ws/src/control_xy/src/control_xy_node_yaw.cpp:143:4:[m[K [01;31m[Kerror: [m[K‘[01m[Kdanger[m[K’ was not declared in this scope
    [01;31m[Kdanger[m[K=false;
    [01;31m[K^~~~~~[m[K
[01m[K/home/xavier/catkin_ws/src/control_xy/src/control_xy_node_yaw.cpp:143:4:[m[K [01;36m[Knote: [m[Ksuggested alternative: ‘[01m[Krand_r[m[K’
    [01;36m[Kdanger[m[K=false;
    [01;36m[K^~~~~~[m[K
    [32m[Krand_r[m[K
[01m[K/home/xavier/catkin_ws/src/control_xy/src/control_xy_node_yaw.cpp:144:4:[m[K [01;31m[Kerror: [m[K‘[01m[Kfree_way[m[K’ was not declared in this scope
    [01;31m[Kfree_way[m[K=true;
    [01;31m[K^~~~~~~~[m[K
[01m[K/home/xavier/catkin_ws/src/control_xy/src/control_xy_node_yaw.cpp:144:4:[m[K [01;36m[Knote: [m[Ksuggested alternative: ‘[01m[Kfread[m[K’
    [01;36m[Kfree_way[m[K=true;
    [01;36m[K^~~~~~~~[m[K
    [32m[Kfread[m[K
[01m[K/home/xavier/catkin_ws/src/control_xy/src/control_xy_node_yaw.cpp:145:4:[m[K [01;31m[Kerror: [m[K‘[01m[Kalerts_command[m[K’ was not declared in this scope
    [01;31m[Kalerts_command[m[K.data=2;// 5 danger 4 warning 3 karugamo 2 idle 1 manual
    [01;31m[K^~~~~~~~~~~~~~[m[K
[01m[K/home/xavier/catkin_ws/src/control_xy/src/control_xy_node_yaw.cpp:146:9:[m[K [01;31m[Kerror: [m[K‘[01m[Kalerts_publisher[m[K’ was not declared in this scope
         [01;31m[Kalerts_publisher[m[K.publish(alerts_command);
         [01;31m[K^~~~~~~~~~~~~~~~[m[K
[01m[K/home/xavier/catkin_ws/src/control_xy/src/control_xy_node_yaw.cpp:147:4:[m[K [01;31m[Kerror: [m[K‘[01m[Kvel_steer[m[K’ was not declared in this scope
    [01;31m[Kvel_steer[m[K.linear.x= 0;
    [01;31m[K^~~~~~~~~[m[K
[01m[K/home/xavier/catkin_ws/src/control_xy/src/control_xy_node_yaw.cpp:147:4:[m[K [01;36m[Knote: [m[Ksuggested alternative: ‘[01m[Kregister[m[K’
    [01;36m[Kvel_steer[m[K.linear.x= 0;
    [01;36m[K^~~~~~~~~[m[K
    [32m[Kregister[m[K
[01m[K/home/xavier/catkin_ws/src/control_xy/src/control_xy_node_yaw.cpp:149:4:[m[K [01;31m[Kerror: [m[K‘[01m[Kspeed_publisher[m[K’ was not declared in this scope
    [01;31m[Kspeed_publisher[m[K.publish(vel_steer);
    [01;31m[K^~~~~~~~~~~~~~~[m[K
[01m[K/home/xavier/catkin_ws/src/control_xy/src/control_xy_node_yaw.cpp:150:25:[m[K [01;31m[Kerror: [m[K‘[01m[Ktracked_angle[m[K’ was not declared in this scope
                         [01;31m[Ktracked_angle[m[K=0;
                         [01;31m[K^~~~~~~~~~~~~[m[K
[01m[K/home/xavier/catkin_ws/src/control_xy/src/control_xy_node_yaw.cpp:151:25:[m[K [01;31m[Kerror: [m[K‘[01m[Kang_peop_lidar[m[K’ was not declared in this scope
                         [01;31m[Kang_peop_lidar[m[K=0;
                         [01;31m[K^~~~~~~~~~~~~~[m[K
[01m[K/home/xavier/catkin_ws/src/control_xy/src/control_xy_node_yaw.cpp:152:4:[m[K [01;31m[Kerror: [m[K‘[01m[KdistanciaPeople2[m[K’ was not declared in this scope
    [01;31m[KdistanciaPeople2[m[K=0;
    [01;31m[K^~~~~~~~~~~~~~~~[m[K
[01m[K/home/xavier/catkin_ws/src/control_xy/src/control_xy_node_yaw.cpp:153:4:[m[K [01;31m[Kerror: [m[K‘[01m[Ktracked_distance[m[K’ was not declared in this scope
    [01;31m[Ktracked_distance[m[K=0;
    [01;31m[K^~~~~~~~~~~~~~~~[m[K
[01m[K/home/xavier/catkin_ws/src/control_xy/src/control_xy_node_yaw.cpp:[m[K In member function ‘[01m[Kvoid test_head::setPointsCallback(const Twist&)[m[K’:
[01m[K/home/xavier/catkin_ws/src/control_xy/src/control_xy_node_yaw.cpp:161:2:[m[K [01;31m[Kerror: [m[K‘[01m[Knspx[m[K’ was not declared in this scope
  [01;31m[Knspx[m[K=twist.linear.x;
  [01;31m[K^~~~[m[K
[01m[K/home/xavier/catkin_ws/src/control_xy/src/control_xy_node_yaw.cpp:162:2:[m[K [01;31m[Kerror: [m[K‘[01m[Knspy[m[K’ was not declared in this scope
  [01;31m[Knspy[m[K=twist.linear.y;
  [01;31m[K^~~~[m[K
[01m[K/home/xavier/catkin_ws/src/control_xy/src/control_xy_node_yaw.cpp:163:9:[m[K [01;31m[Kerror: [m[K‘[01m[Ksp_yaw[m[K’ was not declared in this scope
         [01;31m[Ksp_yaw[m[K=-atan2(nspx,nspy)*180/3.1416;
         [01;31m[K^~~~~~[m[K
[01m[K/home/xavier/catkin_ws/src/control_xy/src/control_xy_node_yaw.cpp:[m[K In member function ‘[01m[Kvoid test_head::obstCallback(const Float32&)[m[K’:
[01m[K/home/xavier/catkin_ws/src/control_xy/src/control_xy_node_yaw.cpp:170:15:[m[K [01;31m[Kerror: [m[K‘[01m[Knewobstacle[m[K’ was not declared in this scope
               [01;31m[Knewobstacle[m[K=true;
               [01;31m[K^~~~~~~~~~~[m[K
[01m[K/home/xavier/catkin_ws/src/control_xy/src/control_xy_node_yaw.cpp:170:15:[m[K [01;36m[Knote: [m[Ksuggested alternative: ‘[01m[Kobstack[m[K’
               [01;36m[Knewobstacle[m[K=true;
               [01;36m[K^~~~~~~~~~~[m[K
               [32m[Kobstack[m[K
[01m[K/home/xavier/catkin_ws/src/control_xy/src/control_xy_node_yaw.cpp:172:15:[m[K [01;31m[Kerror: [m[K‘[01m[Knewobstacle[m[K’ was not declared in this scope
               [01;31m[Knewobstacle[m[K =false;
               [01;31m[K^~~~~~~~~~~[m[K
[01m[K/home/xavier/catkin_ws/src/control_xy/src/control_xy_node_yaw.cpp:172:15:[m[K [01;36m[Knote: [m[Ksuggested alternative: ‘[01m[Kobstack[m[K’
               [01;36m[Knewobstacle[m[K =false;
               [01;36m[K^~~~~~~~~~~[m[K
               [32m[Kobstack[m[K
[01m[K/home/xavier/catkin_ws/src/control_xy/src/control_xy_node_yaw.cpp:[m[K In member function ‘[01m[Kvoid test_head::headCallback(const Float64&)[m[K’:
[01m[K/home/xavier/catkin_ws/src/control_xy/src/control_xy_node_yaw.cpp:180:6:[m[K [01;31m[Kerror: [m[K‘[01m[Kmode[m[K’ was not declared in this scope
   if([01;31m[Kmode[m[K!=3){
      [01;31m[K^~~~[m[K
[01m[K/home/xavier/catkin_ws/src/control_xy/src/control_xy_node_yaw.cpp:180:6:[m[K [01;36m[Knote: [m[Ksuggested alternative: ‘[01m[Kmodf[m[K’
   if([01;36m[Kmode[m[K!=3){
      [01;36m[K^~~~[m[K
      [32m[Kmodf[m[K
[01m[K/home/xavier/catkin_ws/src/control_xy/src/control_xy_node_yaw.cpp:182:4:[m[K [01;31m[Kerror: [m[K‘[01m[Kerrpx[m[K’ was not declared in this scope
    [01;31m[Kerrpx[m[K=nspx-px;
    [01;31m[K^~~~~[m[K
[01m[K/home/xavier/catkin_ws/src/control_xy/src/control_xy_node_yaw.cpp:182:4:[m[K [01;36m[Knote: [m[Ksuggested alternative: ‘[01m[Kerrno[m[K’
    [01;36m[Kerrpx[m[K=nspx-px;
    [01;36m[K^~~~~[m[K
    [32m[Kerrno[m[K
[01m[K/home/xavier/catkin_ws/src/control_xy/src/control_xy_node_yaw.cpp:182:10:[m[K [01;31m[Kerror: [m[K‘[01m[Knspx[m[K’ was not declared in this scope
    errpx=[01;31m[Knspx[m[K-px;
          [01;31m[K^~~~[m[K
[01m[K/home/xavier/catkin_ws/src/control_xy/src/control_xy_node_yaw.cpp:182:15:[m[K [01;31m[Kerror: [m[K‘[01m[Kpx[m[K’ was not declared in this scope
    errpx=nspx-[01;31m[Kpx[m[K;
               [01;31m[K^~[m[K
[01m[K/home/xavier/catkin_ws/src/control_xy/src/control_xy_node_yaw.cpp:183:4:[m[K [01;31m[Kerror: [m[K‘[01m[Kerrpy[m[K’ was not declared in this scope
    [01;31m[Kerrpy[m[K=nspy-py;
    [01;31m[K^~~~~[m[K
[01m[K/home/xavier/catkin_ws/src/control_xy/src/control_xy_node_yaw.cpp:183:4:[m[K [01;36m[Knote: [m[Ksuggested alternative: ‘[01m[Kerrno[m[K’
    [01;36m[Kerrpy[m[K=nspy-py;
    [01;36m[K^~~~~[m[K
    [32m[Kerrno[m[K
[01m[K/home/xavier/catkin_ws/src/control_xy/src/control_xy_node_yaw.cpp:183:10:[m[K [01;31m[Kerror: [m[K‘[01m[Knspy[m[K’ was not declared in this scope
    errpy=[01;31m[Knspy[m[K-py;
          [01;31m[K^~~~[m[K
[01m[K/home/xavier/catkin_ws/src/control_xy/src/control_xy_node_yaw.cpp:183:15:[m[K [01;31m[Kerror: [m[K‘[01m[Kpy[m[K’ was not declared in this scope
    errpy=nspy-[01;31m[Kpy[m[K;
               [01;31m[K^~[m[K
[01m[K/home/xavier/catkin_ws/src/control_xy/src/control_xy_node_yaw.cpp:185:4:[m[K [01;31m[Kerror: [m[K‘[01m[Ksp_yaw[m[K’ was not declared in this scope
    [01;31m[Ksp_yaw[m[K=atan2(errpx,errpy)*180/3.1416;
    [01;31m[K^~~~~~[m[K
[01m[K/home/xavier/catkin_ws/src/control_xy/src/control_xy_node_yaw.cpp:187:4:[m[K [01;31m[Kerror: [m[K‘[01m[Kyaw[m[K’ was not declared in this scope
    [01;31m[Kyaw[m[K=head.data;//head.data;//quitamos el offset
    [01;31m[K^~~[m[K
[01m[K/home/xavier/catkin_ws/src/control_xy/src/control_xy_node_yaw.cpp:189:4:[m[K [01;31m[Kerror: [m[K‘[01m[Kerror_yaw[m[K’ was not declared in this scope
    [01;31m[Kerror_yaw[m[K=(sp_yaw-yaw);
    [01;31m[K^~~~~~~~~[m[K
[01m[K/home/xavier/catkin_ws/src/control_xy/src/control_xy_node_yaw.cpp:189:4:[m[K [01;36m[Knote: [m[Ksuggested alternative: ‘[01m[Kerror_t[m[K’
    [01;36m[Kerror_yaw[m[K=(sp_yaw-yaw);
    [01;36m[K^~~~~~~~~[m[K
    [32m[Kerror_t[m[K
[01m[K/home/xavier/catkin_ws/src/control_xy/src/control_xy_node_yaw.cpp:196:4:[m[K [01;31m[Kerror: [m[K‘[01m[KspVel[m[K’ was not declared in this scope
    [01;31m[KspVel[m[K=20*0.05*(error_yaw);
    [01;31m[K^~~~~[m[K
[01m[K/home/xavier/catkin_ws/src/control_xy/src/control_xy_node_yaw.cpp:197:4:[m[K [01;31m[Kerror: [m[K‘[01m[Knkp[m[K’ was not declared in this scope
    [01;31m[Knkp[m[K=40*0.3;//=0.0085;
    [01;31m[K^~~[m[K
[01m[K/home/xavier/catkin_ws/src/control_xy/src/control_xy_node_yaw.cpp:198:4:[m[K [01;31m[Kerror: [m[K‘[01m[Knkd[m[K’ was not declared in this scope
    [01;31m[Knkd[m[K=5*0.05;
    [01;31m[K^~~[m[K
[01m[K/home/xavier/catkin_ws/src/control_xy/src/control_xy_node_yaw.cpp:199:4:[m[K [01;31m[Kerror: [m[K‘[01m[Knki[m[K’ was not declared in this scope
    [01;31m[Knki[m[K=0.002;
    [01;31m[K^~~[m[K
[01m[K/home/xavier/catkin_ws/src/control_xy/src/control_xy_node_yaw.cpp:200:4:[m[K [01;31m[Kerror: [m[K‘[01m[KerrVelYaw[m[K’ was not declared in this scope
    [01;31m[KerrVelYaw[m[K=spVel-velyaw;
    [01;31m[K^~~~~~~~~[m[K
[01m[K/home/xavier/catkin_ws/src/control_xy/src/control_xy_node_yaw.cpp:200:20:[m[K [01;31m[Kerror: [m[K‘[01m[Kvelyaw[m[K’ was not declared in this scope
    errVelYaw=spVel-[01;31m[Kvelyaw[m[K;
                    [01;31m[K^~~~~~[m[K
[01m[K/home/xavier/catkin_ws/src/control_xy/src/control_xy_node_yaw.cpp:201:4:[m[K [01;31m[Kerror: [m[K‘[01m[KintErr[m[K’ was not declared in this scope
    [01;31m[KintErr[m[K=intErr+errVelYaw;
    [01;31m[K^~~~~~[m[K
[01m[K/home/xavier/catkin_ws/src/control_xy/src/control_xy_node_yaw.cpp:201:4:[m[K [01;36m[Knote: [m[Ksuggested alternative: ‘[01m[Kopterr[m[K’
    [01;36m[KintErr[m[K=intErr+errVelYaw;
    [01;36m[K^~~~~~[m[K
    [32m[Kopterr[m[K
[01m[K/home/xavier/catkin_ws/src/control_xy/src/control_xy_node_yaw.cpp:208:4:[m[K [01;31m[Kerror: [m[K‘[01m[Kctrl_yaw[m[K’ was not declared in this scope
    [01;31m[Kctrl_yaw[m[K=(nkp*spVel);//-nkd*velyaw+nki*intErr;//+0.5*(error_yaw-last_error));//+0.5*(error_yaw-last_error));//2*(error_yaw);
    [01;31m[K^~~~~~~~[m[K
[01m[K/home/xavier/catkin_ws/src/control_xy/src/control_xy_node_yaw.cpp:208:4:[m[K [01;36m[Knote: [m[Ksuggested alternative: ‘[01m[Kfilter_yaw[m[K’
    [01;36m[Kctrl_yaw[m[K=(nkp*spVel);//-nkd*velyaw+nki*intErr;//+0.5*(error_yaw-last_error));//+0.5*(error_yaw-last_error));//2*(error_yaw);
    [01;36m[K^~~~~~~~[m[K
    [32m[Kfilter_yaw[m[K
[01m[K/home/xavier/catkin_ws/src/control_xy/src/control_xy_node_yaw.cpp:218:4:[m[K [01;31m[Kerror: [m[K‘[01m[Knvkp[m[K’ was not declared in this scope
    [01;31m[Knvkp[m[K=30*0.0095;//=0.0085;
    [01;31m[K^~~~[m[K
[01m[K/home/xavier/catkin_ws/src/control_xy/src/control_xy_node_yaw.cpp:219:4:[m[K [01;31m[Kerror: [m[K‘[01m[Knvkd[m[K’ was not declared in this scope
    [01;31m[Knvkd[m[K=30*0.04;
    [01;31m[K^~~~[m[K
[01m[K/home/xavier/catkin_ws/src/control_xy/src/control_xy_node_yaw.cpp:220:4:[m[K [01;31m[Kerror: [m[K‘[01m[KspPos[m[K’ was not declared in this scope
    [01;31m[KspPos[m[K=sqrt((nspx*nspx)+(nspy*nspy));
    [01;31m[K^~~~~[m[K
[01m[K/home/xavier/catkin_ws/src/control_xy/src/control_xy_node_yaw.cpp:221:4:[m[K [01;31m[Kerror: [m[K‘[01m[KdistAct[m[K’ was not declared in this scope
    [01;31m[KdistAct[m[K=sqrt((px*px)+(py*py));
    [01;31m[K^~~~~~~[m[K
[01m[K/home/xavier/catkin_ws/src/control_xy/src/control_xy_node_yaw.cpp:223:5:[m[K [01;31m[Kerror: [m[K‘[01m[Kconta[m[K’ was not declared in this scope
     [01;31m[Kconta[m[K++;
     [01;31m[K^~~~~[m[K
[01m[K/home/xavier/catkin_ws/src/control_xy/src/control_xy_node_yaw.cpp:223:5:[m[K [01;36m[Knote: [m[Ksuggested alternative: ‘[01m[Kconfstr[m[K’
     [01;36m[Kconta[m[K++;
     [01;36m[K^~~~~[m[K
     [32m[Kconfstr[m[K
[01m[K/home/xavier/catkin_ws/src/control_xy/src/control_xy_node_yaw.cpp:225:5:[m[K [01;31m[Kerror: [m[K‘[01m[Karrived[m[K’ was not declared in this scope
     [01;31m[Karrived[m[K=true;
     [01;31m[K^~~~~~~[m[K
[01m[K/home/xavier/catkin_ws/src/control_xy/src/control_xy_node_yaw.cpp:230:61:[m[K [01;31m[Kerror: [m[K‘[01m[Karrived[m[K’ was not declared in this scope
    if(error_yaw<10&&error_yaw>-10&&abs(spPos-distAct)>0.10&&[01;31m[Karrived[m[K==true){
                                                             [01;31m[K^~~~~~~[m[K
[01m[K/home/xavier/catkin_ws/src/control_xy/src/control_xy_node_yaw.cpp:231:6:[m[K [01;31m[Kerror: [m[K‘[01m[KspPVel[m[K’ was not declared in this scope
      [01;31m[KspPVel[m[K=60*0.8*(spPos-distAct);
      [01;31m[K^~~~~~[m[K
[01m[K/home/xavier/catkin_ws/src/control_xy/src/control_xy_node_yaw.cpp:232:6:[m[K [01;31m[Kerror: [m[K‘[01m[KerrPVel[m[K’ was not declared in this scope
      [01;31m[KerrPVel[m[K=(spPVel-velx);
      [01;31m[K^~~~~~~[m[K
[01m[K/home/xavier/catkin_ws/src/control_xy/src/control_xy_node_yaw.cpp:232:22:[m[K [01;31m[Kerror: [m[K‘[01m[Kvelx[m[K’ was not declared in this scope
      errPVel=(spPVel-[01;31m[Kvelx[m[K);
                      [01;31m[K^~~~[m[K
[01m[K/home/xavier/catkin_ws/src/control_xy/src/control_xy_node_yaw.cpp:233:6:[m[K [01;31m[Kerror: [m[K‘[01m[Kctrl_vel[m[K’ was not declared in this scope
      [01;31m[Kctrl_vel[m[K=60*5*errPVel;
      [01;31m[K^~~~~~~~[m[K
[01m[K/home/xavier/catkin_ws/src/control_xy/src/control_xy_node_yaw.cpp:233:6:[m[K [01;36m[Knote: [m[Ksuggested alternative: ‘[01m[Kstrlen[m[K’
      [01;36m[Kctrl_vel[m[K=60*5*errPVel;
      [01;36m[K^~~~~~~~[m[K
      [32m[Kstrlen[m[K
[01m[K/home/xavier/catkin_ws/src/control_xy/src/control_xy_node_yaw.cpp:235:6:[m[K [01;31m[Kerror: [m[K‘[01m[Kctrl_vel[m[K’ was not declared in this scope
      [01;31m[Kctrl_vel[m[K=0;
      [01;31m[K^~~~~~~~[m[K
[01m[K/home/xavier/catkin_ws/src/control_xy/src/control_xy_node_yaw.cpp:235:6:[m[K [01;36m[Knote: [m[Ksuggested alternative: ‘[01m[Kstrlen[m[K’
      [01;36m[Kctrl_vel[m[K=0;
      [01;36m[K^~~~~~~~[m[K
      [32m[Kstrlen[m[K
[01m[K/home/xavier/catkin_ws/src/control_xy/src/control_xy_node_yaw.cpp:237:9:[m[K [01;31m[Kerror: [m[K‘[01m[Kstart_route[m[K’ was not declared in this scope
      if([01;31m[Kstart_route[m[K==true&&loaded_route==true&&abs(spPos-distAct)<=0.1){
         [01;31m[K^~~~~~~~~~~[m[K
[01m[K/home/xavier/catkin_ws/src/control_xy/src/control_xy_node_yaw.cpp:237:9:[m[K [01;36m[Knote: [m[Ksuggested alternative: ‘[01m[Kstrtoull[m[K’
      if([01;36m[Kstart_route[m[K==true&&loaded_route==true&&abs(spPos-distAct)<=0.1){
         [01;36m[K^~~~~~~~~~~[m[K
         [32m[Kstrtoull[m[K
[01m[K/home/xavier/catkin_ws/src/control_xy/src/control_xy_node_yaw.cpp:237:28:[m[K [01;31m[Kerror: [m[K‘[01m[Kloaded_route[m[K’ was not declared in this scope
      if(start_route==true&&[01;31m[Kloaded_route[m[K==true&&abs(spPos-distAct)<=0.1){
                            [01;31m[K^~~~~~~~~~~~[m[K
[01m[K/home/xavier/catkin_ws/src/control_xy/src/control_xy_node_yaw.cpp:238:7:[m[K [01;31m[Kerror: [m[K‘[01m[Kindx[m[K’ was not declared in this scope
       [01;31m[Kindx[m[K++;
       [01;31m[K^~~~[m[K
[01m[K/home/xavier/catkin_ws/src/control_xy/src/control_xy_node_yaw.cpp:238:7:[m[K [01;36m[Knote: [m[Ksuggested alternative: ‘[01m[Kindex[m[K’
       [01;36m[Kindx[m[K++;
       [01;36m[K^~~~[m[K
       [32m[Kindex[m[K
[01m[K/home/xavier/catkin_ws/src/control_xy/src/control_xy_node_yaw.cpp:239:16:[m[K [01;31m[Kerror: [m[K‘[01m[Kh[m[K’ was not declared in this scope
       if(indx>=[01;31m[Kh[m[K){
                [01;31m[K^[m[K
[01m[K/home/xavier/catkin_ws/src/control_xy/src/control_xy_node_yaw.cpp:241:11:[m[K [01;31m[Kerror: [m[K‘[01m[Ksp_rx[m[K’ was not declared in this scope
      nspx=[01;31m[Ksp_rx[m[K[indx];
           [01;31m[K^~~~~[m[K
[01m[K/home/xavier/catkin_ws/src/control_xy/src/control_xy_node_yaw.cpp:242:11:[m[K [01;31m[Kerror: [m[K‘[01m[Ksp_ry[m[K’ was not declared in this scope
      nspy=[01;31m[Ksp_ry[m[K[indx];
           [01;31m[K^~~~~[m[K
[01m[K/home/xavier/catkin_ws/src/control_xy/src/control_xy_node_yaw.cpp:242:11:[m[K [01;36m[Knote: [m[Ksuggested alternative: ‘[01m[Kstrfry[m[K’
      nspy=[01;36m[Ksp_ry[m[K[indx];
           [01;36m[K^~~~~[m[K
           [32m[Kstrfry[m[K
[01m[K/home/xavier/catkin_ws/src/control_xy/src/control_xy_node_yaw.cpp:247:7:[m[K [01;31m[Kerror: [m[K‘[01m[Kctrl_vel[m[K’ was not declared in this scope
    if([01;31m[Kctrl_vel[m[K>60){
       [01;31m[K^~~~~~~~[m[K
[01m[K/home/xavier/catkin_ws/src/control_xy/src/control_xy_node_yaw.cpp:247:7:[m[K [01;36m[Knote: [m[Ksuggested alternative: ‘[01m[Kstrlen[m[K’
    if([01;36m[Kctrl_vel[m[K>60){
       [01;36m[K^~~~~~~~[m[K
       [32m[Kstrlen[m[K
[01m[K/home/xavier/catkin_ws/src/control_xy/src/control_xy_node_yaw.cpp:253:4:[m[K [01;31m[Kerror: [m[K‘[01m[Kvel_steer[m[K’ was not declared in this scope
    [01;31m[Kvel_steer[m[K.angular.z= ctrl_yaw;
    [01;31m[K^~~~~~~~~[m[K
[01m[K/home/xavier/catkin_ws/src/control_xy/src/control_xy_node_yaw.cpp:253:4:[m[K [01;36m[Knote: [m[Ksuggested alternative: ‘[01m[Kregister[m[K’
    [01;36m[Kvel_steer[m[K.angular.z= ctrl_yaw;
    [01;36m[K^~~~~~~~~[m[K
    [32m[Kregister[m[K
[01m[K/home/xavier/catkin_ws/src/control_xy/src/control_xy_node_yaw.cpp:254:27:[m[K [01;31m[Kerror: [m[K‘[01m[Kctrl_vel[m[K’ was not declared in this scope
    vel_steer.linear.x=abs([01;31m[Kctrl_vel[m[K);
                           [01;31m[K^~~~~~~~[m[K
[01m[K/home/xavier/catkin_ws/src/control_xy/src/control_xy_node_yaw.cpp:254:27:[m[K [01;36m[Knote: [m[Ksuggested alternative: ‘[01m[Kstrlen[m[K’
    vel_steer.linear.x=abs([01;36m[Kctrl_vel[m[K);
                           [01;36m[K^~~~~~~~[m[K
                           [32m[Kstrlen[m[K
[01m[K/home/xavier/catkin_ws/src/control_xy/src/control_xy_node_yaw.cpp:257:8:[m[K [01;31m[Kerror: [m[K‘[01m[Kobstacle_front[m[K’ was not declared in this scope
     if([01;31m[Kobstacle_front[m[K==true){
        [01;31m[K^~~~~~~~~~~~~~[m[K
[01m[K/home/xavier/catkin_ws/src/control_xy/src/control_xy_node_yaw.cpp:257:8:[m[K [01;36m[Knote: [m[Ksuggested alternative: ‘[01m[Kobstack_printf[m[K’
     if([01;36m[Kobstacle_front[m[K==true){
        [01;36m[K^~~~~~~~~~~~~~[m[K
        [32m[Kobstack_printf[m[K
[01m[K/home/xavier/catkin_ws/src/control_xy/src/control_xy_node_yaw.cpp:260:4:[m[K [01;31m[Kerror: [m[K‘[01m[Kspeed_publisher[m[K’ was not declared in this scope
    [01;31m[Kspeed_publisher[m[K.publish(vel_steer);
    [01;31m[K^~~~~~~~~~~~~~~[m[K
[01m[K/home/xavier/catkin_ws/src/control_xy/src/control_xy_node_yaw.cpp:[m[K In member function ‘[01m[Kvoid test_head::ReceiveOdometry(const ConstPtr&)[m[K’:
[01m[K/home/xavier/catkin_ws/src/control_xy/src/control_xy_node_yaw.cpp:268:6:[m[K [01;31m[Kerror: [m[K‘[01m[Kvelyaw[m[K’ was not declared in this scope
      [01;31m[Kvelyaw[m[K=msg->twist.twist.angular.z;
      [01;31m[K^~~~~~[m[K
[01m[K/home/xavier/catkin_ws/src/control_xy/src/control_xy_node_yaw.cpp:269:13:[m[K [01;31m[Kerror: [m[K‘[01m[Kpx[m[K’ was not declared in this scope
             [01;31m[Kpx[m[K=msg->pose.pose.position.x;
             [01;31m[K^~[m[K
[01m[K/home/xavier/catkin_ws/src/control_xy/src/control_xy_node_yaw.cpp:270:10:[m[K [01;31m[Kerror: [m[K‘[01m[Kpy[m[K’ was not declared in this scope
          [01;31m[Kpy[m[K=msg->pose.pose.position.y;
          [01;31m[K^~[m[K
[01m[K/home/xavier/catkin_ws/src/control_xy/src/control_xy_node_yaw.cpp:271:6:[m[K [01;31m[Kerror: [m[K‘[01m[Kvelx[m[K’ was not declared in this scope
      [01;31m[Kvelx[m[K=msg->twist.twist.linear.x;
      [01;31m[K^~~~[m[K
[01m[K/home/xavier/catkin_ws/src/control_xy/src/control_xy_node_yaw.cpp:273:7:[m[K [01;31m[Kerror: [m[K‘[01m[Kruta_learn[m[K’ was not declared in this scope
   if ([01;31m[Kruta_learn[m[K==true){
       [01;31m[K^~~~~~~~~~[m[K
[01m[K/home/xavier/catkin_ws/src/control_xy/src/control_xy_node_yaw.cpp:273:7:[m[K [01;36m[Knote: [m[Ksuggested alternative: ‘[01m[Kualarm[m[K’
   if ([01;36m[Kruta_learn[m[K==true){
       [01;36m[K^~~~~~~~~~[m[K
       [32m[Kualarm[m[K
[01m[K/home/xavier/catkin_ws/src/control_xy/src/control_xy_node_yaw.cpp:274:12:[m[K [01;31m[Kerror: [m[K‘[01m[Knorm[m[K’ was not declared in this scope
            [01;31m[Knorm[m[K=sqrt((px-px_aux)*(px-px_aux)+(py-py_aux)*(py-py_aux));
            [01;31m[K^~~~[m[K
[01m[K/home/xavier/catkin_ws/src/control_xy/src/control_xy_node_yaw.cpp:274:12:[m[K [01;36m[Knote: [m[Ksuggested alternative:
In file included from [01m[K/usr/include/boost/config/no_tr1/complex.hpp:21:0[m[K,
                 from [01m[K/usr/include/boost/math/policies/error_handling.hpp:17[m[K,
                 from [01m[K/usr/include/boost/math/special_functions/round.hpp:14[m[K,
                 from [01m[K/opt/ros/melodic/include/ros/time.h:58[m[K,
                 from [01m[K/opt/ros/melodic/include/ros/ros.h:38[m[K,
                 from [01m[K/home/xavier/catkin_ws/src/control_xy/src/control_xy_node_yaw.cpp:1[m[K:
[01m[K/usr/include/c++/7/complex:1851:5:[m[K [01;36m[Knote: [m[K  ‘[01m[Kstd::norm[m[K’
     [01;36m[Knorm[m[K(_Tp __x)
     [01;36m[K^~~~[m[K
[01m[K/home/xavier/catkin_ws/src/control_xy/src/control_xy_node_yaw.cpp:274:26:[m[K [01;31m[Kerror: [m[K‘[01m[Kpx_aux[m[K’ was not declared in this scope
            norm=sqrt((px-[01;31m[Kpx_aux[m[K)*(px-px_aux)+(py-py_aux)*(py-py_aux));
                          [01;31m[K^~~~~~[m[K
[01m[K/home/xavier/catkin_ws/src/control_xy/src/control_xy_node_yaw.cpp:274:50:[m[K [01;31m[Kerror: [m[K‘[01m[Kpy_aux[m[K’ was not declared in this scope
            norm=sqrt((px-px_aux)*(px-px_aux)+(py-[01;31m[Kpy_aux[m[K)*(py-py_aux));
                                                  [01;31m[K^~~~~~[m[K
[01m[K/home/xavier/catkin_ws/src/control_xy/src/control_xy_node_yaw.cpp:275:16:[m[K [01;31m[Kerror: [m[K‘[01m[Ksave_waypoint[m[K’ was not declared in this scope
            if ([01;31m[Ksave_waypoint[m[K==true){
                [01;31m[K^~~~~~~~~~~~~[m[K
[01m[K/home/xavier/catkin_ws/src/control_xy/src/control_xy_node_yaw.cpp:277:21:[m[K [01;31m[Kerror: [m[K‘[01m[Kfp[m[K’ was not declared in this scope
             fprintf([01;31m[Kfp[m[K, "%f %f\n",px,py );
                     [01;31m[K^~[m[K
[01m[K/home/xavier/catkin_ws/src/control_xy/src/control_xy_node_yaw.cpp:[m[K In member function ‘[01m[Kvoid test_head::angPeopCallback(const Float32&)[m[K’:
[01m[K/home/xavier/catkin_ws/src/control_xy/src/control_xy_node_yaw.cpp:288:6:[m[K [01;31m[Kerror: [m[K‘[01m[Kmode_karugamo[m[K’ was not declared in this scope
   if([01;31m[Kmode_karugamo[m[K && danger!=true){
      [01;31m[K^~~~~~~~~~~~~[m[K
[01m[K/home/xavier/catkin_ws/src/control_xy/src/control_xy_node_yaw.cpp:288:23:[m[K [01;31m[Kerror: [m[K‘[01m[Kdanger[m[K’ was not declared in this scope
   if(mode_karugamo && [01;31m[Kdanger[m[K!=true){
                       [01;31m[K^~~~~~[m[K
[01m[K/home/xavier/catkin_ws/src/control_xy/src/control_xy_node_yaw.cpp:288:23:[m[K [01;36m[Knote: [m[Ksuggested alternative: ‘[01m[Krand_r[m[K’
   if(mode_karugamo && [01;36m[Kdanger[m[K!=true){
                       [01;36m[K^~~~~~[m[K
                       [32m[Krand_r[m[K
[01m[K/home/xavier/catkin_ws/src/control_xy/src/control_xy_node_yaw.cpp:291:36:[m[K [01;31m[Kerror: [m[K‘[01m[KdistanciaPeople[m[K’ was not declared in this scope
    if (msg.data>-7 && msg.data<7&& [01;31m[KdistanciaPeople[m[K<95){
                                    [01;31m[K^~~~~~~~~~~~~~~[m[K
[01m[K/home/xavier/catkin_ws/src/control_xy/src/control_xy_node_yaw.cpp:296:6:[m[K [01;31m[Kerror: [m[K‘[01m[Kctrl_ang[m[K’ was not declared in this scope
      [01;31m[Kctrl_ang[m[K= low_vel_gain*msg.data-ctrl_ang/2;
      [01;31m[K^~~~~~~~[m[K
[01m[K/home/xavier/catkin_ws/src/control_xy/src/control_xy_node_yaw.cpp:296:6:[m[K [01;36m[Knote: [m[Ksuggested alternative: ‘[01m[Kwctrans[m[K’
      [01;36m[Kctrl_ang[m[K= low_vel_gain*msg.data-ctrl_ang/2;
      [01;36m[K^~~~~~~~[m[K
      [32m[Kwctrans[m[K
[01m[K/home/xavier/catkin_ws/src/control_xy/src/control_xy_node_yaw.cpp:296:16:[m[K [01;31m[Kerror: [m[K‘[01m[Klow_vel_gain[m[K’ was not declared in this scope
      ctrl_ang= [01;31m[Klow_vel_gain[m[K*msg.data-ctrl_ang/2;
                [01;31m[K^~~~~~~~~~~~[m[K
[01m[K/home/xavier/catkin_ws/src/control_xy/src/control_xy_node_yaw.cpp:305:6:[m[K [01;31m[Kerror: [m[K‘[01m[Kctrl_ang[m[K’ was not declared in this scope
      [01;31m[Kctrl_ang[m[K= high_vel_gain*msg.data-ctrl_ang/2;
      [01;31m[K^~~~~~~~[m[K
[01m[K/home/xavier/catkin_ws/src/control_xy/src/control_xy_node_yaw.cpp:305:6:[m[K [01;36m[Knote: [m[Ksuggested alternative: ‘[01m[Kwctrans[m[K’
      [01;36m[Kctrl_ang[m[K= high_vel_gain*msg.data-ctrl_ang/2;
      [01;36m[K^~~~~~~~[m[K
      [32m[Kwctrans[m[K
[01m[K/home/xavier/catkin_ws/src/control_xy/src/control_xy_node_yaw.cpp:305:16:[m[K [01;31m[Kerror: [m[K‘[01m[Khigh_vel_gain[m[K’ was not declared in this scope
      ctrl_ang= [01;31m[Khigh_vel_gain[m[K*msg.data-ctrl_ang/2;
                [01;31m[K^~~~~~~~~~~~~[m[K
[01m[K/home/xavier/catkin_ws/src/control_xy/src/control_xy_node_yaw.cpp:314:5:[m[K [01;31m[Kerror: [m[K‘[01m[Kctrl_front_karugamo[m[K’ was not declared in this scope
     [01;31m[Kctrl_front_karugamo[m[K=frontal_gain_karugamo*distanciaPeople-ctrl_front_karugamo/2;
     [01;31m[K^~~~~~~~~~~~~~~~~~~[m[K
[01m[K/home/xavier/catkin_ws/src/control_xy/src/control_xy_node_yaw.cpp:314:25:[m[K [01;31m[Kerror: [m[K‘[01m[Kfrontal_gain_karugamo[m[K’ was not declared in this scope
     ctrl_front_karugamo=[01;31m[Kfrontal_gain_karugamo[m[K*distanciaPeople-ctrl_front_karugamo/2;
                         [01;31m[K^~~~~~~~~~~~~~~~~~~~~[m[K
[01m[K/home/xavier/catkin_ws/src/control_xy/src/control_xy_node_yaw.cpp:315:30:[m[K [01;31m[Kerror: [m[K‘[01m[Kmax_speed_karugamo[m[K’ was not declared in this scope
     if (ctrl_front_karugamo>([01;31m[Kmax_speed_karugamo[m[K/2)){
                              [01;31m[K^~~~~~~~~~~~~~~~~~[m[K
[01m[K/home/xavier/catkin_ws/src/control_xy/src/control_xy_node_yaw.cpp:320:5:[m[K [01;31m[Kerror: [m[K‘[01m[Kctrl_front_karugamo[m[K’ was not declared in this scope
     [01;31m[Kctrl_front_karugamo[m[K=frontal_gain_karugamo*distanciaPeople-ctrl_front_karugamo/2;
     [01;31m[K^~~~~~~~~~~~~~~~~~~[m[K
[01m[K/home/xavier/catkin_ws/src/control_xy/src/control_xy_node_yaw.cpp:320:25:[m[K [01;31m[Kerror: [m[K‘[01m[Kfrontal_gain_karugamo[m[K’ was not declared in this scope
     ctrl_front_karugamo=[01;31m[Kfrontal_gain_karugamo[m[K*distanciaPeople-ctrl_front_karugamo/2;
                         [01;31m[K^~~~~~~~~~~~~~~~~~~~~[m[K
[01m[K/home/xavier/catkin_ws/src/control_xy/src/control_xy_node_yaw.cpp:321:30:[m[K [01;31m[Kerror: [m[K‘[01m[Kmax_speed_karugamo[m[K’ was not declared in this scope
     if (ctrl_front_karugamo>([01;31m[Kmax_speed_karugamo[m[K)){
                              [01;31m[K^~~~~~~~~~~~~~~~~~[m[K
[01m[K/home/xavier/catkin_ws/src/control_xy/src/control_xy_node_yaw.cpp:331:14:[m[K [01;31m[Kerror: [m[K‘[01m[Kobstacle_front[m[K’ was not declared in this scope
           if([01;31m[Kobstacle_front[m[K && col_avoid_mode){
              [01;31m[K^~~~~~~~~~~~~~[m[K
[01m[K/home/xavier/catkin_ws/src/control_xy/src/control_xy_node_yaw.cpp:331:14:[m[K [01;36m[Knote: [m[Ksuggested alternative: ‘[01m[Kobstack_printf[m[K’
           if([01;36m[Kobstacle_front[m[K && col_avoid_mode){
              [01;36m[K^~~~~~~~~~~~~~[m[K
              [32m[Kobstack_printf[m[K
[01m[K/home/xavier/catkin_ws/src/control_xy/src/control_xy_node_yaw.cpp:331:32:[m[K [01;31m[Kerror: [m[K‘[01m[Kcol_avoid_mode[m[K’ was not declared in this scope
           if(obstacle_front && [01;31m[Kcol_avoid_mode[m[K){
                                [01;31m[K^~~~~~~~~~~~~~[m[K
[01m[K/home/xavier/catkin_ws/src/control_xy/src/control_xy_node_yaw.cpp:335:7:[m[K [01;31m[Kerror: [m[K‘[01m[Kspeed_publisher[m[K’ was not declared in this scope
       [01;31m[Kspeed_publisher[m[K.publish(vel_steer);
       [01;31m[K^~~~~~~~~~~~~~~[m[K
[01m[K/home/xavier/catkin_ws/src/control_xy/src/control_xy_node_yaw.cpp:340:7:[m[K [01;31m[Kerror: [m[K‘[01m[Kspeed_publisher[m[K’ was not declared in this scope
       [01;31m[Kspeed_publisher[m[K.publish(vel_steer);
       [01;31m[K^~~~~~~~~~~~~~~[m[K
[01m[K/home/xavier/catkin_ws/src/control_xy/src/control_xy_node_yaw.cpp:343:4:[m[K [01;31m[Kerror: [m[K‘[01m[Kalerts_command[m[K’ was not declared in this scope
    [01;31m[Kalerts_command[m[K.data=4;// 5 danger 4 warning 3 karugamo 2 idle 1 manual
    [01;31m[K^~~~~~~~~~~~~~[m[K
[01m[K/home/xavier/catkin_ws/src/control_xy/src/control_xy_node_yaw.cpp:344:9:[m[K [01;31m[Kerror: [m[K‘[01m[Kalerts_publisher[m[K’ was not declared in this scope
         [01;31m[Kalerts_publisher[m[K.publish(alerts_command);
         [01;31m[K^~~~~~~~~~~~~~~~[m[K
[01m[K/home/xavier/catkin_ws/src/control_xy/src/control_xy_node_yaw.cpp:345:4:[m[K [01;31m[Kerror: [m[K‘[01m[Kspeed_publisher[m[K’ was not declared in this scope
    [01;31m[Kspeed_publisher[m[K.publish(vel_steer);
    [01;31m[K^~~~~~~~~~~~~~~[m[K
[01m[K/home/xavier/catkin_ws/src/control_xy/src/control_xy_node_yaw.cpp:347:4:[m[K [01;31m[Kerror: [m[K‘[01m[Kvel_steer[m[K’ was not declared in this scope
    [01;31m[Kvel_steer[m[K.linear.x= 0;
    [01;31m[K^~~~~~~~~[m[K
[01m[K/home/xavier/catkin_ws/src/control_xy/src/control_xy_node_yaw.cpp:347:4:[m[K [01;36m[Knote: [m[Ksuggested alternative: ‘[01m[Kregister[m[K’
    [01;36m[Kvel_steer[m[K.linear.x= 0;
    [01;36m[K^~~~~~~~~[m[K
    [32m[Kregister[m[K
[01m[K/home/xavier/catkin_ws/src/control_xy/src/control_xy_node_yaw.cpp:349:4:[m[K [01;31m[Kerror: [m[K‘[01m[Kspeed_publisher[m[K’ was not declared in this scope
    [01;31m[Kspeed_publisher[m[K.publish(vel_steer);
    [01;31m[K^~~~~~~~~~~~~~~[m[K
[01m[K/home/xavier/catkin_ws/src/control_xy/src/control_xy_node_yaw.cpp:350:4:[m[K [01;31m[Kerror: [m[K‘[01m[Kalerts_command[m[K’ was not declared in this scope
    [01;31m[Kalerts_command[m[K.data=4;// 5 danger 4 warning 3 karugamo 2 idle 1 manual
    [01;31m[K^~~~~~~~~~~~~~[m[K
[01m[K/home/xavier/catkin_ws/src/control_xy/src/control_xy_node_yaw.cpp:351:9:[m[K [01;31m[Kerror: [m[K‘[01m[Kalerts_publisher[m[K’ was not declared in this scope
         [01;31m[Kalerts_publisher[m[K.publish(alerts_command);
         [01;31m[K^~~~~~~~~~~~~~~~[m[K
[01m[K/home/xavier/catkin_ws/src/control_xy/src/control_xy_node_yaw.cpp:353:6:[m[K [01;31m[Kerror: [m[K‘[01m[Kvel_steer[m[K’ was not declared in this scope
      [01;31m[Kvel_steer[m[K.linear.x= 0;
      [01;31m[K^~~~~~~~~[m[K
[01m[K/home/xavier/catkin_ws/src/control_xy/src/control_xy_node_yaw.cpp:353:6:[m[K [01;36m[Knote: [m[Ksuggested alternative: ‘[01m[Kregister[m[K’
      [01;36m[Kvel_steer[m[K.linear.x= 0;
      [01;36m[K^~~~~~~~~[m[K
      [32m[Kregister[m[K
[01m[K/home/xavier/catkin_ws/src/control_xy/src/control_xy_node_yaw.cpp:355:4:[m[K [01;31m[Kerror: [m[K‘[01m[Kspeed_publisher[m[K’ was not declared in this scope
    [01;31m[Kspeed_publisher[m[K.publish(vel_steer);
    [01;31m[K^~~~~~~~~~~~~~~[m[K
[01m[K/home/xavier/catkin_ws/src/control_xy/src/control_xy_node_yaw.cpp:356:4:[m[K [01;31m[Kerror: [m[K‘[01m[Kalerts_command[m[K’ was not declared in this scope
    [01;31m[Kalerts_command[m[K.data=4;// 5 danger 4 warning 3 karugamo 2 idle 1 manual
    [01;31m[K^~~~~~~~~~~~~~[m[K
[01m[K/home/xavier/catkin_ws/src/control_xy/src/control_xy_node_yaw.cpp:357:9:[m[K [01;31m[Kerror: [m[K‘[01m[Kalerts_publisher[m[K’ was not declared in this scope
         [01;31m[Kalerts_publisher[m[K.publish(alerts_command);
         [01;31m[K^~~~~~~~~~~~~~~~[m[K
[01m[K/home/xavier/catkin_ws/src/control_xy/src/control_xy_node_yaw.cpp:[m[K In member function ‘[01m[Kvoid test_head::distPeopCallback(const Float32&)[m[K’:
[01m[K/home/xavier/catkin_ws/src/control_xy/src/control_xy_node_yaw.cpp:366:4:[m[K [01;31m[Kerror: [m[K‘[01m[KdistanciaPeople[m[K’ was not declared in this scope
    [01;31m[KdistanciaPeople[m[K=msg.data;
    [01;31m[K^~~~~~~~~~~~~~~[m[K
[01m[K/home/xavier/catkin_ws/src/control_xy/src/control_xy_node_yaw.cpp:[m[K In member function ‘[01m[Kvoid test_head::distPeopCallback2(const Float32&)[m[K’:
[01m[K/home/xavier/catkin_ws/src/control_xy/src/control_xy_node_yaw.cpp:372:4:[m[K [01;31m[Kerror: [m[K‘[01m[KdistanciaPeople2[m[K’ was not declared in this scope
    [01;31m[KdistanciaPeople2[m[K=msg.data;
    [01;31m[K^~~~~~~~~~~~~~~~[m[K
[01m[K/home/xavier/catkin_ws/src/control_xy/src/control_xy_node_yaw.cpp:[m[K In member function ‘[01m[Kvoid test_head::angCamCallback(const Float32&)[m[K’:
[01m[K/home/xavier/catkin_ws/src/control_xy/src/control_xy_node_yaw.cpp:377:17:[m[K [01;31m[Kerror: [m[K‘[01m[Kang_peop_cam[m[K’ was not declared in this scope
                 [01;31m[Kang_peop_cam[m[K=msg.data;
                 [01;31m[K^~~~~~~~~~~~[m[K
[01m[K/home/xavier/catkin_ws/src/control_xy/src/control_xy_node_yaw.cpp:379:28:[m[K [01;31m[Kerror: [m[K‘[01m[Kmode_follow[m[K’ was not declared in this scope
   if(ang_peop_cam!=-500 && [01;31m[Kmode_follow[m[K && tracking_people==false){
                            [01;31m[K^~~~~~~~~~~[m[K
[01m[K/home/xavier/catkin_ws/src/control_xy/src/control_xy_node_yaw.cpp:379:43:[m[K [01;31m[Kerror: [m[K‘[01m[Ktracking_people[m[K’ was not declared in this scope
   if(ang_peop_cam!=-500 && mode_follow && [01;31m[Ktracking_people[m[K==false){
                                           [01;31m[K^~~~~~~~~~~~~~~[m[K
[01m[K/home/xavier/catkin_ws/src/control_xy/src/control_xy_node_yaw.cpp:380:7:[m[K [01;31m[Kerror: [m[K‘[01m[Kang_peop_lidar[m[K’ was not declared in this scope
    if([01;31m[Kang_peop_lidar[m[K+5>ang_peop_cam && ang_peop_lidar-5< ang_peop_cam ){
       [01;31m[K^~~~~~~~~~~~~~[m[K
[01m[K/home/xavier/catkin_ws/src/control_xy/src/control_xy_node_yaw.cpp:382:33:[m[K [01;31m[Kerror: [m[K‘[01m[Ktracked_angle[m[K’ was not declared in this scope
                                 [01;31m[Ktracked_angle[m[K=ang_peop_lidar;
                                 [01;31m[K^~~~~~~~~~~~~[m[K
[01m[K/home/xavier/catkin_ws/src/control_xy/src/control_xy_node_yaw.cpp:383:33:[m[K [01;31m[Kerror: [m[K‘[01m[Ktracked_distance[m[K’ was not declared in this scope
                                 [01;31m[Ktracked_distance[m[K=distanciaPeople2;
                                 [01;31m[K^~~~~~~~~~~~~~~~[m[K
[01m[K/home/xavier/catkin_ws/src/control_xy/src/control_xy_node_yaw.cpp:383:50:[m[K [01;31m[Kerror: [m[K‘[01m[KdistanciaPeople2[m[K’ was not declared in this scope
                                 tracked_distance=[01;31m[KdistanciaPeople2[m[K;
                                                  [01;31m[K^~~~~~~~~~~~~~~~[m[K
[01m[K/home/xavier/catkin_ws/src/control_xy/src/control_xy_node_yaw.cpp:385:5:[m[K [01;31m[Kerror: [m[K‘[01m[Kmissing_track[m[K’ was not declared in this scope
     [01;31m[Kmissing_track[m[K=0;
     [01;31m[K^~~~~~~~~~~~~[m[K
[01m[K/home/xavier/catkin_ws/src/control_xy/src/control_xy_node_yaw.cpp:386:5:[m[K [01;31m[Kerror: [m[K‘[01m[Ktracked_cx[m[K’ was not declared in this scope
     [01;31m[Ktracked_cx[m[K=cx;
     [01;31m[K^~~~~~~~~~[m[K
[01m[K/home/xavier/catkin_ws/src/control_xy/src/control_xy_node_yaw.cpp:386:16:[m[K [01;31m[Kerror: [m[K‘[01m[Kcx[m[K’ was not declared in this scope
     tracked_cx=[01;31m[Kcx[m[K;
                [01;31m[K^~[m[K
[01m[K/home/xavier/catkin_ws/src/control_xy/src/control_xy_node_yaw.cpp:387:5:[m[K [01;31m[Kerror: [m[K‘[01m[Ktracked_cy[m[K’ was not declared in this scope
     [01;31m[Ktracked_cy[m[K=cy;
     [01;31m[K^~~~~~~~~~[m[K
[01m[K/home/xavier/catkin_ws/src/control_xy/src/control_xy_node_yaw.cpp:387:16:[m[K [01;31m[Kerror: [m[K‘[01m[Kcy[m[K’ was not declared in this scope
     tracked_cy=[01;31m[Kcy[m[K;
                [01;31m[K^~[m[K
[01m[K/home/xavier/catkin_ws/src/control_xy/src/control_xy_node_yaw.cpp:[m[K In member function ‘[01m[Kvoid test_head::angPeopCallback2(const Vector3&)[m[K’:
[01m[K/home/xavier/catkin_ws/src/control_xy/src/control_xy_node_yaw.cpp:399:3:[m[K [01;31m[Kerror: [m[K‘[01m[Kcx[m[K’ was not declared in this scope
   [01;31m[Kcx[m[K = msg.x;
   [01;31m[K^~[m[K
[01m[K/home/xavier/catkin_ws/src/control_xy/src/control_xy_node_yaw.cpp:400:3:[m[K [01;31m[Kerror: [m[K‘[01m[Kcy[m[K’ was not declared in this scope
   [01;31m[Kcy[m[K = msg.y;
   [01;31m[K^~[m[K
[01m[K/home/xavier/catkin_ws/src/control_xy/src/control_xy_node_yaw.cpp:401:3:[m[K [01;31m[Kerror: [m[K‘[01m[Kang_peop_lidar[m[K’ was not declared in this scope
   [01;31m[Kang_peop_lidar[m[K = 90+ atan2(cx, cy) * 180 / 3.1416 ;
   [01;31m[K^~~~~~~~~~~~~~[m[K
[01m[K/home/xavier/catkin_ws/src/control_xy/src/control_xy_node_yaw.cpp:402:3:[m[K [01;31m[Kerror: [m[K‘[01m[KdistanciaPeople2[m[K’ was not declared in this scope
   [01;31m[KdistanciaPeople2[m[K = sqrt(cx*cx+cy*cy)*100;
   [01;31m[K^~~~~~~~~~~~~~~~[m[K
[01m[K/home/xavier/catkin_ws/src/control_xy/src/control_xy_node_yaw.cpp:405:6:[m[K [01;31m[Kerror: [m[K‘[01m[Kmode_follow[m[K’ was not declared in this scope
   if([01;31m[Kmode_follow[m[K && danger!=true){ //&& tracking_people){//1
      [01;31m[K^~~~~~~~~~~[m[K
[01m[K/home/xavier/catkin_ws/src/control_xy/src/control_xy_node_yaw.cpp:405:21:[m[K [01;31m[Kerror: [m[K‘[01m[Kdanger[m[K’ was not declared in this scope
   if(mode_follow && [01;31m[Kdanger[m[K!=true){ //&& tracking_people){//1
                     [01;31m[K^~~~~~[m[K
[01m[K/home/xavier/catkin_ws/src/control_xy/src/control_xy_node_yaw.cpp:405:21:[m[K [01;36m[Knote: [m[Ksuggested alternative: ‘[01m[Krand_r[m[K’
   if(mode_follow && [01;36m[Kdanger[m[K!=true){ //&& tracking_people){//1
                     [01;36m[K^~~~~~[m[K
                     [32m[Krand_r[m[K
[01m[K/home/xavier/catkin_ws/src/control_xy/src/control_xy_node_yaw.cpp:408:6:[m[K [01;31m[Kerror: [m[K‘[01m[KROS_INFO[m[K’ was not declared in this scope
      [01;31m[KROS_INFO[m[K("R%f,%,cx,cy);
      [01;31m[K^~~~~~~~[m[K
[01m[K/home/xavier/catkin_ws/src/control_xy/src/control_xy_node_yaw.cpp:408:6:[m[K [01;31m[Kerror: [m[Kexpected ‘[01m[K}[m[K’ at end of input
[01m[K/home/xavier/catkin_ws/src/control_xy/src/control_xy_node_yaw.cpp:408:6:[m[K [01;31m[Kerror: [m[Kexpected ‘[01m[K}[m[K’ at end of input
[01m[K/home/xavier/catkin_ws/src/control_xy/src/control_xy_node_yaw.cpp:[m[K At global scope:
[01m[K/home/xavier/catkin_ws/src/control_xy/src/control_xy_node_yaw.cpp:408:6:[m[K [01;31m[Kerror: [m[Kexpected unqualified-id at end of input
CMakeFiles/control_xy_node.dir/build.make:62: recipe for target 'CMakeFiles/control_xy_node.dir/src/control_xy_node_yaw.cpp.o' failed
make[2]: *** [CMakeFiles/control_xy_node.dir/src/control_xy_node_yaw.cpp.o] Error 1
CMakeFiles/Makefile2:91: recipe for target 'CMakeFiles/control_xy_node.dir/all' failed
make[1]: *** [CMakeFiles/control_xy_node.dir/all] Error 2
Makefile:140: recipe for target 'all' failed
make: *** [all] Error 2
