[01m[K/home/xavier/catkin_ws/src/control_xy/src/control_xy_odom_wp_nav_spline_mixed2.cpp:371:22:[m[K [01;31m[Kerror: [m[K‘[01m[Kcurrent[m[K’ has not been declared
 void check_for_heavy([01;31m[Kcurrent[m[K,vel,prev_current,int_curr){
                      [01;31m[K^~~~~~~[m[K
[01m[K/home/xavier/catkin_ws/src/control_xy/src/control_xy_odom_wp_nav_spline_mixed2.cpp:371:30:[m[K [01;31m[Kerror: [m[K‘[01m[Kvel[m[K’ has not been declared
 void check_for_heavy(current,[01;31m[Kvel[m[K,prev_current,int_curr){
                              [01;31m[K^~~[m[K
[01m[K/home/xavier/catkin_ws/src/control_xy/src/control_xy_odom_wp_nav_spline_mixed2.cpp:371:34:[m[K [01;31m[Kerror: [m[K‘[01m[Kprev_current[m[K’ has not been declared
 void check_for_heavy(current,vel,[01;31m[Kprev_current[m[K,int_curr){
                                  [01;31m[K^~~~~~~~~~~~[m[K
[01m[K/home/xavier/catkin_ws/src/control_xy/src/control_xy_odom_wp_nav_spline_mixed2.cpp:371:47:[m[K [01;31m[Kerror: [m[K‘[01m[Kint_curr[m[K’ has not been declared
 void check_for_heavy(current,vel,prev_current,[01;31m[Kint_curr[m[K){
                                               [01;31m[K^~~~~~~~[m[K
[01m[K/home/xavier/catkin_ws/src/control_xy/src/control_xy_odom_wp_nav_spline_mixed2.cpp:[m[K In member function ‘[01m[Kvoid test_head::amperageCallback(const StateWheels&)[m[K’:
[01m[K/home/xavier/catkin_ws/src/control_xy/src/control_xy_odom_wp_nav_spline_mixed2.cpp:258:13:[m[K [01;31m[Kerror: [m[K‘[01m[Kn_flag[m[K’ was not declared in this scope
             [01;31m[Kn_flag[m[K=true;
             [01;31m[K^~~~~~[m[K
[01m[K/home/xavier/catkin_ws/src/control_xy/src/control_xy_odom_wp_nav_spline_mixed2.cpp:258:13:[m[K [01;36m[Knote: [m[Ksuggested alternative: ‘[01m[Kn_flag_r[m[K’
             [01;36m[Kn_flag[m[K=true;
             [01;36m[K^~~~~~[m[K
             [32m[Kn_flag_r[m[K
[01m[K/home/xavier/catkin_ws/src/control_xy/src/control_xy_odom_wp_nav_spline_mixed2.cpp:325:40:[m[K [01;31m[Kerror: [m[K‘[01m[Kalf[m[K’ was not declared in this scope
         fil_der_l_curr= fil_der_l_curr*[01;31m[Kalf[m[K+ der_l_curr*(1-alf);
                                        [01;31m[K^~~[m[K
[01m[K/home/xavier/catkin_ws/src/control_xy/src/control_xy_odom_wp_nav_spline_mixed2.cpp:325:40:[m[K [01;36m[Knote: [m[Ksuggested alternative: ‘[01m[Kalfa[m[K’
         fil_der_l_curr= fil_der_l_curr*[01;36m[Kalf[m[K+ der_l_curr*(1-alf);
                                        [01;36m[K^~~[m[K
                                        [32m[Kalfa[m[K
[01m[K/home/xavier/catkin_ws/src/control_xy/src/control_xy_odom_wp_nav_spline_mixed2.cpp:[m[K In member function ‘[01m[Kvoid test_head::check_for_heavy(int, int, int, int)[m[K’:
[01m[K/home/xavier/catkin_ws/src/control_xy/src/control_xy_odom_wp_nav_spline_mixed2.cpp:376:12:[m[K [01;31m[Kerror: [m[K‘[01m[Kvel[m[K’ was not declared in this scope
     if(abs([01;31m[Kvel[m[K)<trig_vel){
            [01;31m[K^~~[m[K
[01m[K/home/xavier/catkin_ws/src/control_xy/src/control_xy_odom_wp_nav_spline_mixed2.cpp:376:12:[m[K [01;36m[Knote: [m[Ksuggested alternative: ‘[01m[Kvelx[m[K’
     if(abs([01;36m[Kvel[m[K)<trig_vel){
            [01;36m[K^~~[m[K
            [32m[Kvelx[m[K
[01m[K/home/xavier/catkin_ws/src/control_xy/src/control_xy_odom_wp_nav_spline_mixed2.cpp:379:9:[m[K [01;31m[Kerror: [m[K‘[01m[Kn_flag[m[K’ was not declared in this scope
         [01;31m[Kn_flag[m[K=false;
         [01;31m[K^~~~~~[m[K
[01m[K/home/xavier/catkin_ws/src/control_xy/src/control_xy_odom_wp_nav_spline_mixed2.cpp:379:9:[m[K [01;36m[Knote: [m[Ksuggested alternative: ‘[01m[Kn_flag_r[m[K’
         [01;36m[Kn_flag[m[K=false;
         [01;36m[K^~~~~~[m[K
         [32m[Kn_flag_r[m[K
[01m[K/home/xavier/catkin_ws/src/control_xy/src/control_xy_odom_wp_nav_spline_mixed2.cpp:380:9:[m[K [01;31m[Kerror: [m[K‘[01m[Kd_flag[m[K’ was not declared in this scope
         [01;31m[Kd_flag[m[K=false;
         [01;31m[K^~~~~~[m[K
[01m[K/home/xavier/catkin_ws/src/control_xy/src/control_xy_odom_wp_nav_spline_mixed2.cpp:380:9:[m[K [01;36m[Knote: [m[Ksuggested alternative: ‘[01m[Kd_flag_r[m[K’
         [01;36m[Kd_flag[m[K=false;
         [01;36m[K^~~~~~[m[K
         [32m[Kd_flag_r[m[K
[01m[K/home/xavier/catkin_ws/src/control_xy/src/control_xy_odom_wp_nav_spline_mixed2.cpp:382:9:[m[K [01;31m[Kerror: [m[K‘[01m[Kavg_amp[m[K’ was not declared in this scope
         [01;31m[Kavg_amp[m[K=0;
         [01;31m[K^~~~~~~[m[K
[01m[K/home/xavier/catkin_ws/src/control_xy/src/control_xy_odom_wp_nav_spline_mixed2.cpp:382:9:[m[K [01;36m[Knote: [m[Ksuggested alternative: ‘[01m[Kavg_amp_l[m[K’
         [01;36m[Kavg_amp[m[K=0;
         [01;36m[K^~~~~~~[m[K
         [32m[Kavg_amp_l[m[K
[01m[K/home/xavier/catkin_ws/src/control_xy/src/control_xy_odom_wp_nav_spline_mixed2.cpp:386:31:[m[K [01;31m[Kerror: [m[K‘[01m[Kcurrent[m[K’ was not declared in this scope
         int_r_curr=int_r_curr+[01;31m[Kcurrent[m[K*dt;
                               [01;31m[K^~~~~~~[m[K
[01m[K/home/xavier/catkin_ws/src/control_xy/src/control_xy_odom_wp_nav_spline_mixed2.cpp:390:21:[m[K [01;31m[Kerror: [m[K‘[01m[Kmsg[m[K’ was not declared in this scope
         prev_r_curr=[01;31m[Kmsg[m[K.right_current;
                     [01;31m[K^~~[m[K
[01m[K/home/xavier/catkin_ws/src/control_xy/src/control_xy_odom_wp_nav_spline_mixed2.cpp:393:13:[m[K [01;31m[Kerror: [m[K‘[01m[Kn_flag[m[K’ was not declared in this scope
             [01;31m[Kn_flag[m[K=true;
             [01;31m[K^~~~~~[m[K
[01m[K/home/xavier/catkin_ws/src/control_xy/src/control_xy_odom_wp_nav_spline_mixed2.cpp:393:13:[m[K [01;36m[Knote: [m[Ksuggested alternative: ‘[01m[Kn_flag_r[m[K’
             [01;36m[Kn_flag[m[K=true;
             [01;36m[K^~~~~~[m[K
             [32m[Kn_flag_r[m[K
[01m[K/home/xavier/catkin_ws/src/control_xy/src/control_xy_odom_wp_nav_spline_mixed2.cpp:402:35:[m[K [01;31m[Kerror: [m[K‘[01m[Kn_flag[m[K’ was not declared in this scope
         if(fil_der_r_curr<0.01 && [01;31m[Kn_flag[m[K==true){
                                   [01;31m[K^~~~~~[m[K
[01m[K/home/xavier/catkin_ws/src/control_xy/src/control_xy_odom_wp_nav_spline_mixed2.cpp:402:35:[m[K [01;36m[Knote: [m[Ksuggested alternative: ‘[01m[Kn_flag_r[m[K’
         if(fil_der_r_curr<0.01 && [01;36m[Kn_flag[m[K==true){
                                   [01;36m[K^~~~~~[m[K
                                   [32m[Kn_flag_r[m[K
[01m[K/home/xavier/catkin_ws/src/control_xy/src/control_xy_odom_wp_nav_spline_mixed2.cpp:405:13:[m[K [01;31m[Kerror: [m[K‘[01m[Kamp_count[m[K’ was not declared in this scope
             [01;31m[Kamp_count[m[K++;
             [01;31m[K^~~~~~~~~[m[K
[01m[K/home/xavier/catkin_ws/src/control_xy/src/control_xy_odom_wp_nav_spline_mixed2.cpp:405:13:[m[K [01;36m[Knote: [m[Ksuggested alternative: ‘[01m[Kamp_count_l[m[K’
             [01;36m[Kamp_count[m[K++;
             [01;36m[K^~~~~~~~~[m[K
             [32m[Kamp_count_l[m[K
[01m[K/home/xavier/catkin_ws/src/control_xy/src/control_xy_odom_wp_nav_spline_mixed2.cpp:406:13:[m[K [01;31m[Kerror: [m[K‘[01m[Kavg_amp[m[K’ was not declared in this scope
             [01;31m[Kavg_amp[m[K=avg_amp+msg.right_current;
             [01;31m[K^~~~~~~[m[K
[01m[K/home/xavier/catkin_ws/src/control_xy/src/control_xy_odom_wp_nav_spline_mixed2.cpp:406:13:[m[K [01;36m[Knote: [m[Ksuggested alternative: ‘[01m[Kavg_amp_l[m[K’
             [01;36m[Kavg_amp[m[K=avg_amp+msg.right_current;
             [01;36m[K^~~~~~~[m[K
             [32m[Kavg_amp_l[m[K
[01m[K/home/xavier/catkin_ws/src/control_xy/src/control_xy_odom_wp_nav_spline_mixed2.cpp:410:17:[m[K [01;31m[Kerror: [m[K‘[01m[Kd_flag[m[K’ was not declared in this scope
                 [01;31m[Kd_flag[m[K=false;
                 [01;31m[K^~~~~~[m[K
[01m[K/home/xavier/catkin_ws/src/control_xy/src/control_xy_odom_wp_nav_spline_mixed2.cpp:410:17:[m[K [01;36m[Knote: [m[Ksuggested alternative: ‘[01m[Kd_flag_r[m[K’
                 [01;36m[Kd_flag[m[K=false;
                 [01;36m[K^~~~~~[m[K
                 [32m[Kd_flag_r[m[K
[01m[K/home/xavier/catkin_ws/src/control_xy/src/control_xy_odom_wp_nav_spline_mixed2.cpp:[m[K In member function ‘[01m[Kvoid test_head::mode_MANUAL()[m[K’:
[01m[K/home/xavier/catkin_ws/src/control_xy/src/control_xy_odom_wp_nav_spline_mixed2.cpp:1248:5:[m[K [01;31m[Kerror: [m[K‘[01m[Kn_flag[m[K’ was not declared in this scope
     [01;31m[Kn_flag[m[K=false;
     [01;31m[K^~~~~~[m[K
[01m[K/home/xavier/catkin_ws/src/control_xy/src/control_xy_odom_wp_nav_spline_mixed2.cpp:1248:5:[m[K [01;36m[Knote: [m[Ksuggested alternative: ‘[01m[Kn_flag_r[m[K’
     [01;36m[Kn_flag[m[K=false;
     [01;36m[K^~~~~~[m[K
     [32m[Kn_flag_r[m[K
[01m[K/home/xavier/catkin_ws/src/control_xy/src/control_xy_odom_wp_nav_spline_mixed2.cpp:1249:5:[m[K [01;31m[Kerror: [m[K‘[01m[Kd_flag[m[K’ was not declared in this scope
     [01;31m[Kd_flag[m[K=true;
     [01;31m[K^~~~~~[m[K
[01m[K/home/xavier/catkin_ws/src/control_xy/src/control_xy_odom_wp_nav_spline_mixed2.cpp:1249:5:[m[K [01;36m[Knote: [m[Ksuggested alternative: ‘[01m[Kd_flag_r[m[K’
     [01;36m[Kd_flag[m[K=true;
     [01;36m[K^~~~~~[m[K
     [32m[Kd_flag_r[m[K
[01m[K/home/xavier/catkin_ws/src/control_xy/src/control_xy_odom_wp_nav_spline_mixed2.cpp:[m[K In member function ‘[01m[Kvoid test_head::loadRoute()[m[K’:
[01m[K/home/xavier/catkin_ws/src/control_xy/src/control_xy_odom_wp_nav_spline_mixed2.cpp:1335:44:[m[K [01;35m[Kwarning: [m[Kformat ‘[01m[K%s[m[K’ expects argument of type ‘[01m[Kchar*[m[K’, but argument 3 has type ‘[01m[Kchar (*)[80][m[K’ [[01;35m[K-Wformat=[m[K]
             sscanf(mystring,"%s %s",[32m[K&rx[m[K,&ry[01;35m[K)[m[K;
                                     [32m[K~~~[m[K    [01;35m[K^[m[K
[01m[K/home/xavier/catkin_ws/src/control_xy/src/control_xy_odom_wp_nav_spline_mixed2.cpp:1335:44:[m[K [01;35m[Kwarning: [m[Kformat ‘[01m[K%s[m[K’ expects argument of type ‘[01m[Kchar*[m[K’, but argument 4 has type ‘[01m[Kchar (*)[80][m[K’ [[01;35m[K-Wformat=[m[K]
make[2]: *** [CMakeFiles/control_xy_node_spline_follow_mixed.dir/src/control_xy_odom_wp_nav_spline_mixed2.cpp.o] Error 1
make[1]: *** [CMakeFiles/control_xy_node_spline_follow_mixed.dir/all] Error 2
make: *** [all] Error 2
