[  0%] Built target std_msgs_generate_messages_lisp
[  0%] Built target actionlib_msgs_generate_messages_lisp
[  0%] Built target std_msgs_generate_messages_py
[  0%] Built target actionlib_msgs_generate_messages_py
[  0%] Built target _control_xy_generate_messages_check_deps_Obstacle
[  0%] Built target _control_xy_generate_messages_check_deps_TriggerAction
[  0%] Built target _control_xy_generate_messages_check_deps_DriveWheel
[  0%] Built target _control_xy_generate_messages_check_deps_State
[  0%] Built target rosgraph_msgs_generate_messages_py
[  0%] Built target rosgraph_msgs_generate_messages_eus
[  0%] Built target std_msgs_generate_messages_eus
[  0%] Built target rosgraph_msgs_generate_messages_cpp
[  0%] Built target actionlib_msgs_generate_messages_eus
[  0%] Built target roscpp_generate_messages_py
[  0%] Built target actionlib_msgs_generate_messages_nodejs
[  0%] Built target std_msgs_generate_messages_nodejs
[  0%] Built target roscpp_generate_messages_nodejs
[  0%] Built target roscpp_generate_messages_eus
[  0%] Built target roscpp_generate_messages_lisp
[  0%] Built target roscpp_generate_messages_cpp
[  0%] Built target std_msgs_generate_messages_cpp
[  0%] Built target actionlib_msgs_generate_messages_cpp
[  0%] Built target rosgraph_msgs_generate_messages_nodejs
[  0%] Built target rosgraph_msgs_generate_messages_lisp
[ 13%] Built target control_xy_generate_messages_lisp
[ 30%] Built target control_xy_generate_messages_py
[ 46%] Built target control_xy_generate_messages_eus
[ 60%] Built target control_xy_generate_messages_nodejs
[ 73%] Built target control_xy_generate_messages_cpp
[35m[1mScanning dependencies of target control_xy_node_spline_follow_mixed[0m
[ 73%] Built target control_xy_generate_messages
[ 80%] Built target control_xy_node
[ 86%] Built target control_xy_node_spline_follow
[ 93%] Built target control_xy_node_spline
[ 96%] [32mBuilding CXX object CMakeFiles/control_xy_node_spline_follow_mixed.dir/src/control_xy_odom_wp_nav_spline_mixed2.cpp.o[0m
[01m[K/home/xavier/catkin_ws/src/control_xy/src/control_xy_odom_wp_nav_spline_mixed2.cpp:[m[K In member function ‘[01m[Kvoid test_head::loadRoute()[m[K’:
[01m[K/home/xavier/catkin_ws/src/control_xy/src/control_xy_odom_wp_nav_spline_mixed2.cpp:892:43:[m[K [01;35m[Kwarning: [m[Kformat ‘[01m[K%s[m[K’ expects argument of type ‘[01m[Kchar*[m[K’, but argument 3 has type ‘[01m[Kchar (*)[80][m[K’ [[01;35m[K-Wformat=[m[K]
            sscanf(mystring,"%s %s",[32m[K&rx[m[K,&ry[01;35m[K)[m[K;
                                    [32m[K~~~[m[K    [01;35m[K^[m[K
[01m[K/home/xavier/catkin_ws/src/control_xy/src/control_xy_odom_wp_nav_spline_mixed2.cpp:892:43:[m[K [01;35m[Kwarning: [m[Kformat ‘[01m[K%s[m[K’ expects argument of type ‘[01m[Kchar*[m[K’, but argument 4 has type ‘[01m[Kchar (*)[80][m[K’ [[01;35m[K-Wformat=[m[K]
[100%] [32m[1mLinking CXX executable /home/xavier/catkin_ws/devel/.private/control_xy/lib/control_xy/control_xy_node_spline_follow_mixed[0m
[100%] Built target control_xy_node_spline_follow_mixed
