[01m[K/home/xavier/catkin_ws/src/control_xy/src/control_xy_node_yaw.cpp:592:1:[m[K [01;31m[Kerror: [m[Kexpected ‘[01m[K}[m[K’ at end of input
 [01;31m[K}[m[K
 [01;31m[K^[m[K
[01m[K/home/xavier/catkin_ws/src/control_xy/src/control_xy_node_yaw.cpp:[m[K In constructor ‘[01m[Ktest_head::test_head(ros::NodeHandle)[m[K’:
[01m[K/home/xavier/catkin_ws/src/control_xy/src/control_xy_node_yaw.cpp:23:10:[m[K [01;31m[Kerror: [m[K‘[01m[Kspeed_publisher[m[K’ was not declared in this scope
          [01;31m[Kspeed_publisher[m[K=nh.advertise<geometry_msgs::Twist>(nh.resolveName("/cmd_vel"), 2);
          [01;31m[K^~~~~~~~~~~~~~~[m[K
[01m[K/home/xavier/catkin_ws/src/control_xy/src/control_xy_node_yaw.cpp:24:17:[m[K [01;31m[Kerror: [m[K‘[01m[Khead_subscriber[m[K’ was not declared in this scope
                 [01;31m[Khead_subscriber[m[K = nh.subscribe("/euler", 1, &test_head::headCallback,this);
                 [01;31m[K^~~~~~~~~~~~~~~[m[K
[01m[K/home/xavier/catkin_ws/src/control_xy/src/control_xy_node_yaw.cpp:25:3:[m[K [01;31m[Kerror: [m[K‘[01m[Kodometry_sub[m[K’ was not declared in this scope
   [01;31m[Kodometry_sub[m[K = nh.subscribe("odom",1,&test_head::ReceiveOdometry,this);
   [01;31m[K^~~~~~~~~~~~[m[K
[01m[K/home/xavier/catkin_ws/src/control_xy/src/control_xy_node_yaw.cpp:25:3:[m[K [01;36m[Knote: [m[Ksuggested alternative: ‘[01m[Ktimersub[m[K’
   [01;36m[Kodometry_sub[m[K = nh.subscribe("odom",1,&test_head::ReceiveOdometry,this);
   [01;36m[K^~~~~~~~~~~~[m[K
   [32m[Ktimersub[m[K
[01m[K/home/xavier/catkin_ws/src/control_xy/src/control_xy_node_yaw.cpp:27:3:[m[K [01;31m[Kerror: [m[K‘[01m[Kjoy_subscriber[m[K’ was not declared in this scope
   [01;31m[Kjoy_subscriber[m[K = nh.subscribe("/j0/joy", 1, &test_head::joyCallback,this);
   [01;31m[K^~~~~~~~~~~~~~[m[K
[01m[K/home/xavier/catkin_ws/src/control_xy/src/control_xy_node_yaw.cpp:27:59:[m[K [01;31m[Kerror: [m[K‘[01m[KjoyCallback[m[K’ is not a member of ‘[01m[Ktest_head[m[K’
   joy_subscriber = nh.subscribe("/j0/joy", 1, &test_head::[01;31m[KjoyCallback[m[K,this);
                                                           [01;31m[K^~~~~~~~~~~[m[K
[01m[K/home/xavier/catkin_ws/src/control_xy/src/control_xy_node_yaw.cpp:28:3:[m[K [01;31m[Kerror: [m[K‘[01m[Kpose_subscriber[m[K’ was not declared in this scope
   [01;31m[Kpose_subscriber[m[K = nh.subscribe("setPoints", 1, &test_head::setPointsCallback,this);
   [01;31m[K^~~~~~~~~~~~~~~[m[K
[01m[K/home/xavier/catkin_ws/src/control_xy/src/control_xy_node_yaw.cpp:29:3:[m[K [01;31m[Kerror: [m[K‘[01m[Kang_subscriber[m[K’ was not declared in this scope
   [01;31m[Kang_subscriber[m[K = nh.subscribe("peopAng", 1, &test_head::angPeopCallback,this);
   [01;31m[K^~~~~~~~~~~~~~[m[K
[01m[K/home/xavier/catkin_ws/src/control_xy/src/control_xy_node_yaw.cpp:30:3:[m[K [01;31m[Kerror: [m[K‘[01m[Kdist_subscriber[m[K’ was not declared in this scope
   [01;31m[Kdist_subscriber[m[K = nh.subscribe("peopDist", 1, &test_head::distPeopCallback,this);
   [01;31m[K^~~~~~~~~~~~~~~[m[K
[01m[K/home/xavier/catkin_ws/src/control_xy/src/control_xy_node_yaw.cpp:30:61:[m[K [01;31m[Kerror: [m[K‘[01m[KdistPeopCallback[m[K’ is not a member of ‘[01m[Ktest_head[m[K’
   dist_subscriber = nh.subscribe("peopDist", 1, &test_head::[01;31m[KdistPeopCallback[m[K,this);
                                                             [01;31m[K^~~~~~~~~~~~~~~~[m[K
[01m[K/home/xavier/catkin_ws/src/control_xy/src/control_xy_node_yaw.cpp:32:3:[m[K [01;31m[Kerror: [m[K‘[01m[KsubScan_[m[K’ was not declared in this scope
   [01;31m[KsubScan_[m[K = nh.subscribe("/scan", 1, &test_head::scanCallback,this);
   [01;31m[K^~~~~~~~[m[K
[01m[K/home/xavier/catkin_ws/src/control_xy/src/control_xy_node_yaw.cpp:32:3:[m[K [01;36m[Knote: [m[Ksuggested alternative: ‘[01m[Kswscanf[m[K’
   [01;36m[KsubScan_[m[K = nh.subscribe("/scan", 1, &test_head::scanCallback,this);
   [01;36m[K^~~~~~~~[m[K
   [32m[Kswscanf[m[K
[01m[K/home/xavier/catkin_ws/src/control_xy/src/control_xy_node_yaw.cpp:32:51:[m[K [01;31m[Kerror: [m[K‘[01m[KscanCallback[m[K’ is not a member of ‘[01m[Ktest_head[m[K’
   subScan_ = nh.subscribe("/scan", 1, &test_head::[01;31m[KscanCallback[m[K,this);
                                                   [01;31m[K^~~~~~~~~~~~[m[K
[01m[K/home/xavier/catkin_ws/src/control_xy/src/control_xy_node_yaw.cpp:33:3:[m[K [01;31m[Kerror: [m[K‘[01m[Kstart_tray[m[K’ was not declared in this scope
   [01;31m[Kstart_tray[m[K=false;
   [01;31m[K^~~~~~~~~~[m[K
[01m[K/home/xavier/catkin_ws/src/control_xy/src/control_xy_node_yaw.cpp:33:3:[m[K [01;36m[Knote: [m[Ksuggested alternative: ‘[01m[Kstrfry[m[K’
   [01;36m[Kstart_tray[m[K=false;
   [01;36m[K^~~~~~~~~~[m[K
   [32m[Kstrfry[m[K
[01m[K/home/xavier/catkin_ws/src/control_xy/src/control_xy_node_yaw.cpp:34:3:[m[K [01;31m[Kerror: [m[K‘[01m[Ksp_yaw[m[K’ was not declared in this scope
   [01;31m[Ksp_yaw[m[K=90;
   [01;31m[K^~~~~~[m[K
[01m[K/home/xavier/catkin_ws/src/control_xy/src/control_xy_node_yaw.cpp:35:3:[m[K [01;31m[Kerror: [m[K‘[01m[Kca[m[K’ was not declared in this scope
   [01;31m[Kca[m[K=0;
   [01;31m[K^~[m[K
[01m[K/home/xavier/catkin_ws/src/control_xy/src/control_xy_node_yaw.cpp:36:3:[m[K [01;31m[Kerror: [m[K‘[01m[Kruta_learn[m[K’ was not declared in this scope
   [01;31m[Kruta_learn[m[K=false;
   [01;31m[K^~~~~~~~~~[m[K
[01m[K/home/xavier/catkin_ws/src/control_xy/src/control_xy_node_yaw.cpp:36:3:[m[K [01;36m[Knote: [m[Ksuggested alternative: ‘[01m[Kualarm[m[K’
   [01;36m[Kruta_learn[m[K=false;
   [01;36m[K^~~~~~~~~~[m[K
   [32m[Kualarm[m[K
[01m[K/home/xavier/catkin_ws/src/control_xy/src/control_xy_node_yaw.cpp:37:3:[m[K [01;31m[Kerror: [m[K‘[01m[Kloaded_route[m[K’ was not declared in this scope
   [01;31m[Kloaded_route[m[K=false;
   [01;31m[K^~~~~~~~~~~~[m[K
[01m[K/home/xavier/catkin_ws/src/control_xy/src/control_xy_node_yaw.cpp:38:3:[m[K [01;31m[Kerror: [m[K‘[01m[Kn_aux[m[K’ was not declared in this scope
   [01;31m[Kn_aux[m[K=3000;
   [01;31m[K^~~~~[m[K
[01m[K/home/xavier/catkin_ws/src/control_xy/src/control_xy_node_yaw.cpp:39:3:[m[K [01;31m[Kerror: [m[K‘[01m[Kk_idx[m[K’ was not declared in this scope
   [01;31m[Kk_idx[m[K=0;
   [01;31m[K^~~~~[m[K
[01m[K/home/xavier/catkin_ws/src/control_xy/src/control_xy_node_yaw.cpp:40:3:[m[K [01;31m[Kerror: [m[K‘[01m[Kpx_aux[m[K’ was not declared in this scope
   [01;31m[Kpx_aux[m[K=1000000000000;
   [01;31m[K^~~~~~[m[K
[01m[K/home/xavier/catkin_ws/src/control_xy/src/control_xy_node_yaw.cpp:41:3:[m[K [01;31m[Kerror: [m[K‘[01m[Kpy_aux[m[K’ was not declared in this scope
   [01;31m[Kpy_aux[m[K=1000000000000;
   [01;31m[K^~~~~~[m[K
[01m[K/home/xavier/catkin_ws/src/control_xy/src/control_xy_node_yaw.cpp:42:3:[m[K [01;31m[Kerror: [m[K‘[01m[Kcarril[m[K’ was not declared in this scope
   [01;31m[Kcarril[m[K=0;//0 externo 1 interno
   [01;31m[K^~~~~~[m[K
[01m[K/home/xavier/catkin_ws/src/control_xy/src/control_xy_node_yaw.cpp:42:3:[m[K [01;36m[Knote: [m[Ksuggested alternative: ‘[01m[Kceil[m[K’
   [01;36m[Kcarril[m[K=0;//0 externo 1 interno
   [01;36m[K^~~~~~[m[K
   [32m[Kceil[m[K
[01m[K/home/xavier/catkin_ws/src/control_xy/src/control_xy_node_yaw.cpp:43:3:[m[K [01;31m[Kerror: [m[K‘[01m[Kvelocity[m[K’ was not declared in this scope
   [01;31m[Kvelocity[m[K=0;
   [01;31m[K^~~~~~~~[m[K
[01m[K/home/xavier/catkin_ws/src/control_xy/src/control_xy_node_yaw.cpp:43:3:[m[K [01;36m[Knote: [m[Ksuggested alternative: ‘[01m[Kselect[m[K’
   [01;36m[Kvelocity[m[K=0;
   [01;36m[K^~~~~~~~[m[K
   [32m[Kselect[m[K
[01m[K/home/xavier/catkin_ws/src/control_xy/src/control_xy_node_yaw.cpp:44:3:[m[K [01;31m[Kerror: [m[K‘[01m[Kalfa[m[K’ was not declared in this scope
   [01;31m[Kalfa[m[K=0.8;
   [01;31m[K^~~~[m[K
[01m[K/home/xavier/catkin_ws/src/control_xy/src/control_xy_node_yaw.cpp:45:3:[m[K [01;31m[Kerror: [m[K‘[01m[Kobstaculo[m[K’ was not declared in this scope
   [01;31m[Kobstaculo[m[K=false;
   [01;31m[K^~~~~~~~~[m[K
[01m[K/home/xavier/catkin_ws/src/control_xy/src/control_xy_node_yaw.cpp:45:3:[m[K [01;36m[Knote: [m[Ksuggested alternative: ‘[01m[Kobstack[m[K’
   [01;36m[Kobstaculo[m[K=false;
   [01;36m[K^~~~~~~~~[m[K
   [32m[Kobstack[m[K
[01m[K/home/xavier/catkin_ws/src/control_xy/src/control_xy_node_yaw.cpp:46:3:[m[K [01;31m[Kerror: [m[K‘[01m[Kchanged[m[K’ was not declared in this scope
   [01;31m[Kchanged[m[K=false;
   [01;31m[K^~~~~~~[m[K
[01m[K/home/xavier/catkin_ws/src/control_xy/src/control_xy_node_yaw.cpp:46:3:[m[K [01;36m[Knote: [m[Ksuggested alternative: ‘[01m[Kvhangup[m[K’
   [01;36m[Kchanged[m[K=false;
   [01;36m[K^~~~~~~[m[K
   [32m[Kvhangup[m[K
[01m[K/home/xavier/catkin_ws/src/control_xy/src/control_xy_node_yaw.cpp:47:3:[m[K [01;31m[Kerror: [m[K‘[01m[Kerrpx[m[K’ was not declared in this scope
   [01;31m[Kerrpx[m[K=0;
   [01;31m[K^~~~~[m[K
[01m[K/home/xavier/catkin_ws/src/control_xy/src/control_xy_node_yaw.cpp:47:3:[m[K [01;36m[Knote: [m[Ksuggested alternative: ‘[01m[Kerrno[m[K’
   [01;36m[Kerrpx[m[K=0;
   [01;36m[K^~~~~[m[K
   [32m[Kerrno[m[K
[01m[K/home/xavier/catkin_ws/src/control_xy/src/control_xy_node_yaw.cpp:48:3:[m[K [01;31m[Kerror: [m[K‘[01m[Kerrpy[m[K’ was not declared in this scope
   [01;31m[Kerrpy[m[K=0;
   [01;31m[K^~~~~[m[K
[01m[K/home/xavier/catkin_ws/src/control_xy/src/control_xy_node_yaw.cpp:48:3:[m[K [01;36m[Knote: [m[Ksuggested alternative: ‘[01m[Kerrno[m[K’
   [01;36m[Kerrpy[m[K=0;
   [01;36m[K^~~~~[m[K
   [32m[Kerrno[m[K
[01m[K/home/xavier/catkin_ws/src/control_xy/src/control_xy_node_yaw.cpp:49:3:[m[K [01;31m[Kerror: [m[K‘[01m[Kerror_yaw[m[K’ was not declared in this scope
   [01;31m[Kerror_yaw[m[K=0;
   [01;31m[K^~~~~~~~~[m[K
[01m[K/home/xavier/catkin_ws/src/control_xy/src/control_xy_node_yaw.cpp:49:3:[m[K [01;36m[Knote: [m[Ksuggested alternative: ‘[01m[Kerror_t[m[K’
   [01;36m[Kerror_yaw[m[K=0;
   [01;36m[K^~~~~~~~~[m[K
   [32m[Kerror_t[m[K
[01m[K/home/xavier/catkin_ws/src/control_xy/src/control_xy_node_yaw.cpp:50:3:[m[K [01;31m[Kerror: [m[K‘[01m[Kpx[m[K’ was not declared in this scope
   [01;31m[Kpx[m[K=0;
   [01;31m[K^~[m[K
[01m[K/home/xavier/catkin_ws/src/control_xy/src/control_xy_node_yaw.cpp:51:3:[m[K [01;31m[Kerror: [m[K‘[01m[Kpy[m[K’ was not declared in this scope
   [01;31m[Kpy[m[K=0;
   [01;31m[K^~[m[K
[01m[K/home/xavier/catkin_ws/src/control_xy/src/control_xy_node_yaw.cpp:52:3:[m[K [01;31m[Kerror: [m[K‘[01m[Knspx[m[K’ was not declared in this scope
   [01;31m[Knspx[m[K=0.00;
   [01;31m[K^~~~[m[K
[01m[K/home/xavier/catkin_ws/src/control_xy/src/control_xy_node_yaw.cpp:53:3:[m[K [01;31m[Kerror: [m[K‘[01m[Knspy[m[K’ was not declared in this scope
   [01;31m[Knspy[m[K=0.05;
   [01;31m[K^~~~[m[K
[01m[K/home/xavier/catkin_ws/src/control_xy/src/control_xy_node_yaw.cpp:54:3:[m[K [01;31m[Kerror: [m[K‘[01m[Kyaw[m[K’ was not declared in this scope
   [01;31m[Kyaw[m[K=0;
   [01;31m[K^~~[m[K
[01m[K/home/xavier/catkin_ws/src/control_xy/src/control_xy_node_yaw.cpp:55:3:[m[K [01;31m[Kerror: [m[K‘[01m[Kconta[m[K’ was not declared in this scope
   [01;31m[Kconta[m[K=0;
   [01;31m[K^~~~~[m[K
[01m[K/home/xavier/catkin_ws/src/control_xy/src/control_xy_node_yaw.cpp:55:3:[m[K [01;36m[Knote: [m[Ksuggested alternative: ‘[01m[Kconfstr[m[K’
   [01;36m[Kconta[m[K=0;
   [01;36m[K^~~~~[m[K
   [32m[Kconfstr[m[K
[01m[K/home/xavier/catkin_ws/src/control_xy/src/control_xy_node_yaw.cpp:56:3:[m[K [01;31m[Kerror: [m[K‘[01m[Kmode[m[K’ was not declared in this scope
   [01;31m[Kmode[m[K=1;
   [01;31m[K^~~~[m[K
[01m[K/home/xavier/catkin_ws/src/control_xy/src/control_xy_node_yaw.cpp:56:3:[m[K [01;36m[Knote: [m[Ksuggested alternative: ‘[01m[Kmodf[m[K’
   [01;36m[Kmode[m[K=1;
   [01;36m[K^~~~[m[K
   [32m[Kmodf[m[K
[01m[K/home/xavier/catkin_ws/src/control_xy/src/control_xy_node_yaw.cpp:57:3:[m[K [01;31m[Kerror: [m[K‘[01m[Kstart_route[m[K’ was not declared in this scope
   [01;31m[Kstart_route[m[K=false;
   [01;31m[K^~~~~~~~~~~[m[K
[01m[K/home/xavier/catkin_ws/src/control_xy/src/control_xy_node_yaw.cpp:57:3:[m[K [01;36m[Knote: [m[Ksuggested alternative: ‘[01m[Kstrtoull[m[K’
   [01;36m[Kstart_route[m[K=false;
   [01;36m[K^~~~~~~~~~~[m[K
   [32m[Kstrtoull[m[K
[01m[K/home/xavier/catkin_ws/src/control_xy/src/control_xy_node_yaw.cpp:59:3:[m[K [01;31m[Kerror: [m[K‘[01m[Kobstacle_front[m[K’ was not declared in this scope
   [01;31m[Kobstacle_front[m[K=false;
   [01;31m[K^~~~~~~~~~~~~~[m[K
[01m[K/home/xavier/catkin_ws/src/control_xy/src/control_xy_node_yaw.cpp:59:3:[m[K [01;36m[Knote: [m[Ksuggested alternative: ‘[01m[Kobstack_printf[m[K’
   [01;36m[Kobstacle_front[m[K=false;
   [01;36m[K^~~~~~~~~~~~~~[m[K
   [32m[Kobstack_printf[m[K
[01m[K/home/xavier/catkin_ws/src/control_xy/src/control_xy_node_yaw.cpp:60:3:[m[K [01;31m[Kerror: [m[K‘[01m[Kobstacle_front1[m[K’ was not declared in this scope
   [01;31m[Kobstacle_front1[m[K=false;
   [01;31m[K^~~~~~~~~~~~~~~[m[K
[01m[K/home/xavier/catkin_ws/src/control_xy/src/control_xy_node_yaw.cpp:60:3:[m[K [01;36m[Knote: [m[Ksuggested alternative: ‘[01m[Kobstack_printf[m[K’
   [01;36m[Kobstacle_front1[m[K=false;
   [01;36m[K^~~~~~~~~~~~~~~[m[K
   [32m[Kobstack_printf[m[K
[01m[K/home/xavier/catkin_ws/src/control_xy/src/control_xy_node_yaw.cpp:61:3:[m[K [01;31m[Kerror: [m[K‘[01m[Kobstacle_front2[m[K’ was not declared in this scope
   [01;31m[Kobstacle_front2[m[K=false;
   [01;31m[K^~~~~~~~~~~~~~~[m[K
[01m[K/home/xavier/catkin_ws/src/control_xy/src/control_xy_node_yaw.cpp:61:3:[m[K [01;36m[Knote: [m[Ksuggested alternative: ‘[01m[Kobstack_printf[m[K’
   [01;36m[Kobstacle_front2[m[K=false;
   [01;36m[K^~~~~~~~~~~~~~~[m[K
   [32m[Kobstack_printf[m[K
[01m[K/home/xavier/catkin_ws/src/control_xy/src/control_xy_node_yaw.cpp:63:3:[m[K [01;31m[Kerror: [m[K‘[01m[Ksave_waypoint[m[K’ was not declared in this scope
   [01;31m[Ksave_waypoint[m[K=false;
   [01;31m[K^~~~~~~~~~~~~[m[K
[01m[K/home/xavier/catkin_ws/src/control_xy/src/control_xy_node_yaw.cpp:64:3:[m[K [01;31m[Kerror: [m[K‘[01m[Kmod_seguir[m[K’ was not declared in this scope
   [01;31m[Kmod_seguir[m[K=false;
   [01;31m[K^~~~~~~~~~[m[K
[01m[K/home/xavier/catkin_ws/src/control_xy/src/control_xy_node_yaw.cpp:[m[K In member function ‘[01m[Kvoid test_head::setPointsCallback(const Twist&)[m[K’:
[01m[K/home/xavier/catkin_ws/src/control_xy/src/control_xy_node_yaw.cpp:72:2:[m[K [01;31m[Kerror: [m[K‘[01m[Knspx[m[K’ was not declared in this scope
  [01;31m[Knspx[m[K=twist.linear.x;
  [01;31m[K^~~~[m[K
[01m[K/home/xavier/catkin_ws/src/control_xy/src/control_xy_node_yaw.cpp:73:2:[m[K [01;31m[Kerror: [m[K‘[01m[Knspy[m[K’ was not declared in this scope
  [01;31m[Knspy[m[K=twist.linear.y;
  [01;31m[K^~~~[m[K
[01m[K/home/xavier/catkin_ws/src/control_xy/src/control_xy_node_yaw.cpp:74:9:[m[K [01;31m[Kerror: [m[K‘[01m[Ksp_yaw[m[K’ was not declared in this scope
         [01;31m[Ksp_yaw[m[K=-atan2(nspx,nspy)*180/3.1416;
         [01;31m[K^~~~~~[m[K
[01m[K/home/xavier/catkin_ws/src/control_xy/src/control_xy_node_yaw.cpp:[m[K In member function ‘[01m[Kvoid test_head::headCallback(const Float64&)[m[K’:
[01m[K/home/xavier/catkin_ws/src/control_xy/src/control_xy_node_yaw.cpp:87:6:[m[K [01;31m[Kerror: [m[K‘[01m[Kmode[m[K’ was not declared in this scope
   if([01;31m[Kmode[m[K!=3){
      [01;31m[K^~~~[m[K
[01m[K/home/xavier/catkin_ws/src/control_xy/src/control_xy_node_yaw.cpp:87:6:[m[K [01;36m[Knote: [m[Ksuggested alternative: ‘[01m[Kmodf[m[K’
   if([01;36m[Kmode[m[K!=3){
      [01;36m[K^~~~[m[K
      [32m[Kmodf[m[K
[01m[K/home/xavier/catkin_ws/src/control_xy/src/control_xy_node_yaw.cpp:89:4:[m[K [01;31m[Kerror: [m[K‘[01m[Kerrpx[m[K’ was not declared in this scope
    [01;31m[Kerrpx[m[K=nspx-px;
    [01;31m[K^~~~~[m[K
[01m[K/home/xavier/catkin_ws/src/control_xy/src/control_xy_node_yaw.cpp:89:4:[m[K [01;36m[Knote: [m[Ksuggested alternative: ‘[01m[Kerrno[m[K’
    [01;36m[Kerrpx[m[K=nspx-px;
    [01;36m[K^~~~~[m[K
    [32m[Kerrno[m[K
[01m[K/home/xavier/catkin_ws/src/control_xy/src/control_xy_node_yaw.cpp:89:10:[m[K [01;31m[Kerror: [m[K‘[01m[Knspx[m[K’ was not declared in this scope
    errpx=[01;31m[Knspx[m[K-px;
          [01;31m[K^~~~[m[K
[01m[K/home/xavier/catkin_ws/src/control_xy/src/control_xy_node_yaw.cpp:89:15:[m[K [01;31m[Kerror: [m[K‘[01m[Kpx[m[K’ was not declared in this scope
    errpx=nspx-[01;31m[Kpx[m[K;
               [01;31m[K^~[m[K
[01m[K/home/xavier/catkin_ws/src/control_xy/src/control_xy_node_yaw.cpp:90:4:[m[K [01;31m[Kerror: [m[K‘[01m[Kerrpy[m[K’ was not declared in this scope
    [01;31m[Kerrpy[m[K=nspy-py;
    [01;31m[K^~~~~[m[K
[01m[K/home/xavier/catkin_ws/src/control_xy/src/control_xy_node_yaw.cpp:90:4:[m[K [01;36m[Knote: [m[Ksuggested alternative: ‘[01m[Kerrno[m[K’
    [01;36m[Kerrpy[m[K=nspy-py;
    [01;36m[K^~~~~[m[K
    [32m[Kerrno[m[K
[01m[K/home/xavier/catkin_ws/src/control_xy/src/control_xy_node_yaw.cpp:90:10:[m[K [01;31m[Kerror: [m[K‘[01m[Knspy[m[K’ was not declared in this scope
    errpy=[01;31m[Knspy[m[K-py;
          [01;31m[K^~~~[m[K
[01m[K/home/xavier/catkin_ws/src/control_xy/src/control_xy_node_yaw.cpp:90:15:[m[K [01;31m[Kerror: [m[K‘[01m[Kpy[m[K’ was not declared in this scope
    errpy=nspy-[01;31m[Kpy[m[K;
               [01;31m[K^~[m[K
[01m[K/home/xavier/catkin_ws/src/control_xy/src/control_xy_node_yaw.cpp:92:4:[m[K [01;31m[Kerror: [m[K‘[01m[Ksp_yaw[m[K’ was not declared in this scope
    [01;31m[Ksp_yaw[m[K=atan2(errpx,errpy)*180/3.1416;
    [01;31m[K^~~~~~[m[K
[01m[K/home/xavier/catkin_ws/src/control_xy/src/control_xy_node_yaw.cpp:94:4:[m[K [01;31m[Kerror: [m[K‘[01m[Kyaw[m[K’ was not declared in this scope
    [01;31m[Kyaw[m[K=head.data;//head.data;//quitamos el offset
    [01;31m[K^~~[m[K
[01m[K/home/xavier/catkin_ws/src/control_xy/src/control_xy_node_yaw.cpp:96:4:[m[K [01;31m[Kerror: [m[K‘[01m[Kerror_yaw[m[K’ was not declared in this scope
    [01;31m[Kerror_yaw[m[K=(sp_yaw-yaw);
    [01;31m[K^~~~~~~~~[m[K
[01m[K/home/xavier/catkin_ws/src/control_xy/src/control_xy_node_yaw.cpp:96:4:[m[K [01;36m[Knote: [m[Ksuggested alternative: ‘[01m[Kerror_t[m[K’
    [01;36m[Kerror_yaw[m[K=(sp_yaw-yaw);
    [01;36m[K^~~~~~~~~[m[K
    [32m[Kerror_t[m[K
[01m[K/home/xavier/catkin_ws/src/control_xy/src/control_xy_node_yaw.cpp:103:4:[m[K [01;31m[Kerror: [m[K‘[01m[KspVel[m[K’ was not declared in this scope
    [01;31m[KspVel[m[K=20*0.05*(error_yaw);
    [01;31m[K^~~~~[m[K
[01m[K/home/xavier/catkin_ws/src/control_xy/src/control_xy_node_yaw.cpp:104:4:[m[K [01;31m[Kerror: [m[K‘[01m[Knkp[m[K’ was not declared in this scope
    [01;31m[Knkp[m[K=40*0.3;//=0.0085;
    [01;31m[K^~~[m[K
[01m[K/home/xavier/catkin_ws/src/control_xy/src/control_xy_node_yaw.cpp:105:4:[m[K [01;31m[Kerror: [m[K‘[01m[Knkd[m[K’ was not declared in this scope
    [01;31m[Knkd[m[K=5*0.05;
    [01;31m[K^~~[m[K
[01m[K/home/xavier/catkin_ws/src/control_xy/src/control_xy_node_yaw.cpp:106:4:[m[K [01;31m[Kerror: [m[K‘[01m[Knki[m[K’ was not declared in this scope
    [01;31m[Knki[m[K=0.002;
    [01;31m[K^~~[m[K
[01m[K/home/xavier/catkin_ws/src/control_xy/src/control_xy_node_yaw.cpp:107:4:[m[K [01;31m[Kerror: [m[K‘[01m[KerrVelYaw[m[K’ was not declared in this scope
    [01;31m[KerrVelYaw[m[K=spVel-velyaw;
    [01;31m[K^~~~~~~~~[m[K
[01m[K/home/xavier/catkin_ws/src/control_xy/src/control_xy_node_yaw.cpp:107:20:[m[K [01;31m[Kerror: [m[K‘[01m[Kvelyaw[m[K’ was not declared in this scope
    errVelYaw=spVel-[01;31m[Kvelyaw[m[K;
                    [01;31m[K^~~~~~[m[K
[01m[K/home/xavier/catkin_ws/src/control_xy/src/control_xy_node_yaw.cpp:108:4:[m[K [01;31m[Kerror: [m[K‘[01m[KintErr[m[K’ was not declared in this scope
    [01;31m[KintErr[m[K=intErr+errVelYaw;
    [01;31m[K^~~~~~[m[K
[01m[K/home/xavier/catkin_ws/src/control_xy/src/control_xy_node_yaw.cpp:108:4:[m[K [01;36m[Knote: [m[Ksuggested alternative: ‘[01m[Kopterr[m[K’
    [01;36m[KintErr[m[K=intErr+errVelYaw;
    [01;36m[K^~~~~~[m[K
    [32m[Kopterr[m[K
[01m[K/home/xavier/catkin_ws/src/control_xy/src/control_xy_node_yaw.cpp:115:4:[m[K [01;31m[Kerror: [m[K‘[01m[Kctrl_yaw[m[K’ was not declared in this scope
    [01;31m[Kctrl_yaw[m[K=(nkp*spVel);//-nkd*velyaw+nki*intErr;//+0.5*(error_yaw-last_error));//+0.5*(error_yaw-last_error));//2*(error_yaw);
    [01;31m[K^~~~~~~~[m[K
[01m[K/home/xavier/catkin_ws/src/control_xy/src/control_xy_node_yaw.cpp:115:4:[m[K [01;36m[Knote: [m[Ksuggested alternative: ‘[01m[Kfilter_yaw[m[K’
    [01;36m[Kctrl_yaw[m[K=(nkp*spVel);//-nkd*velyaw+nki*intErr;//+0.5*(error_yaw-last_error));//+0.5*(error_yaw-last_error));//2*(error_yaw);
    [01;36m[K^~~~~~~~[m[K
    [32m[Kfilter_yaw[m[K
[01m[K/home/xavier/catkin_ws/src/control_xy/src/control_xy_node_yaw.cpp:125:4:[m[K [01;31m[Kerror: [m[K‘[01m[Knvkp[m[K’ was not declared in this scope
    [01;31m[Knvkp[m[K=30*0.0095;//=0.0085;
    [01;31m[K^~~~[m[K
[01m[K/home/xavier/catkin_ws/src/control_xy/src/control_xy_node_yaw.cpp:126:4:[m[K [01;31m[Kerror: [m[K‘[01m[Knvkd[m[K’ was not declared in this scope
    [01;31m[Knvkd[m[K=30*0.04;
    [01;31m[K^~~~[m[K
[01m[K/home/xavier/catkin_ws/src/control_xy/src/control_xy_node_yaw.cpp:127:4:[m[K [01;31m[Kerror: [m[K‘[01m[KspPos[m[K’ was not declared in this scope
    [01;31m[KspPos[m[K=sqrt((nspx*nspx)+(nspy*nspy));
    [01;31m[K^~~~~[m[K
[01m[K/home/xavier/catkin_ws/src/control_xy/src/control_xy_node_yaw.cpp:128:4:[m[K [01;31m[Kerror: [m[K‘[01m[KdistAct[m[K’ was not declared in this scope
    [01;31m[KdistAct[m[K=sqrt((px*px)+(py*py));
    [01;31m[K^~~~~~~[m[K
[01m[K/home/xavier/catkin_ws/src/control_xy/src/control_xy_node_yaw.cpp:130:5:[m[K [01;31m[Kerror: [m[K‘[01m[Kconta[m[K’ was not declared in this scope
     [01;31m[Kconta[m[K++;
     [01;31m[K^~~~~[m[K
[01m[K/home/xavier/catkin_ws/src/control_xy/src/control_xy_node_yaw.cpp:130:5:[m[K [01;36m[Knote: [m[Ksuggested alternative: ‘[01m[Kconfstr[m[K’
     [01;36m[Kconta[m[K++;
     [01;36m[K^~~~~[m[K
     [32m[Kconfstr[m[K
[01m[K/home/xavier/catkin_ws/src/control_xy/src/control_xy_node_yaw.cpp:132:5:[m[K [01;31m[Kerror: [m[K‘[01m[Karrived[m[K’ was not declared in this scope
     [01;31m[Karrived[m[K=true;
     [01;31m[K^~~~~~~[m[K
[01m[K/home/xavier/catkin_ws/src/control_xy/src/control_xy_node_yaw.cpp:137:61:[m[K [01;31m[Kerror: [m[K‘[01m[Karrived[m[K’ was not declared in this scope
    if(error_yaw<10&&error_yaw>-10&&abs(spPos-distAct)>0.10&&[01;31m[Karrived[m[K==true){
                                                             [01;31m[K^~~~~~~[m[K
[01m[K/home/xavier/catkin_ws/src/control_xy/src/control_xy_node_yaw.cpp:138:6:[m[K [01;31m[Kerror: [m[K‘[01m[KspPVel[m[K’ was not declared in this scope
      [01;31m[KspPVel[m[K=60*0.8*(spPos-distAct);
      [01;31m[K^~~~~~[m[K
[01m[K/home/xavier/catkin_ws/src/control_xy/src/control_xy_node_yaw.cpp:139:6:[m[K [01;31m[Kerror: [m[K‘[01m[KerrPVel[m[K’ was not declared in this scope
      [01;31m[KerrPVel[m[K=(spPVel-velx);
      [01;31m[K^~~~~~~[m[K
[01m[K/home/xavier/catkin_ws/src/control_xy/src/control_xy_node_yaw.cpp:139:22:[m[K [01;31m[Kerror: [m[K‘[01m[Kvelx[m[K’ was not declared in this scope
      errPVel=(spPVel-[01;31m[Kvelx[m[K);
                      [01;31m[K^~~~[m[K
[01m[K/home/xavier/catkin_ws/src/control_xy/src/control_xy_node_yaw.cpp:140:6:[m[K [01;31m[Kerror: [m[K‘[01m[Kctrl_vel[m[K’ was not declared in this scope
      [01;31m[Kctrl_vel[m[K=60*5*errPVel;
      [01;31m[K^~~~~~~~[m[K
[01m[K/home/xavier/catkin_ws/src/control_xy/src/control_xy_node_yaw.cpp:140:6:[m[K [01;36m[Knote: [m[Ksuggested alternative: ‘[01m[Kstrlen[m[K’
      [01;36m[Kctrl_vel[m[K=60*5*errPVel;
      [01;36m[K^~~~~~~~[m[K
      [32m[Kstrlen[m[K
[01m[K/home/xavier/catkin_ws/src/control_xy/src/control_xy_node_yaw.cpp:142:6:[m[K [01;31m[Kerror: [m[K‘[01m[Kctrl_vel[m[K’ was not declared in this scope
      [01;31m[Kctrl_vel[m[K=0;
      [01;31m[K^~~~~~~~[m[K
[01m[K/home/xavier/catkin_ws/src/control_xy/src/control_xy_node_yaw.cpp:142:6:[m[K [01;36m[Knote: [m[Ksuggested alternative: ‘[01m[Kstrlen[m[K’
      [01;36m[Kctrl_vel[m[K=0;
      [01;36m[K^~~~~~~~[m[K
      [32m[Kstrlen[m[K
[01m[K/home/xavier/catkin_ws/src/control_xy/src/control_xy_node_yaw.cpp:144:9:[m[K [01;31m[Kerror: [m[K‘[01m[Kstart_route[m[K’ was not declared in this scope
      if([01;31m[Kstart_route[m[K==true&&loaded_route==true&&abs(spPos-distAct)<=0.1){
         [01;31m[K^~~~~~~~~~~[m[K
[01m[K/home/xavier/catkin_ws/src/control_xy/src/control_xy_node_yaw.cpp:144:9:[m[K [01;36m[Knote: [m[Ksuggested alternative: ‘[01m[Kstrtoull[m[K’
      if([01;36m[Kstart_route[m[K==true&&loaded_route==true&&abs(spPos-distAct)<=0.1){
         [01;36m[K^~~~~~~~~~~[m[K
         [32m[Kstrtoull[m[K
[01m[K/home/xavier/catkin_ws/src/control_xy/src/control_xy_node_yaw.cpp:144:28:[m[K [01;31m[Kerror: [m[K‘[01m[Kloaded_route[m[K’ was not declared in this scope
      if(start_route==true&&[01;31m[Kloaded_route[m[K==true&&abs(spPos-distAct)<=0.1){
                            [01;31m[K^~~~~~~~~~~~[m[K
[01m[K/home/xavier/catkin_ws/src/control_xy/src/control_xy_node_yaw.cpp:145:7:[m[K [01;31m[Kerror: [m[K‘[01m[Kindx[m[K’ was not declared in this scope
       [01;31m[Kindx[m[K++;
       [01;31m[K^~~~[m[K
[01m[K/home/xavier/catkin_ws/src/control_xy/src/control_xy_node_yaw.cpp:145:7:[m[K [01;36m[Knote: [m[Ksuggested alternative: ‘[01m[Kindex[m[K’
       [01;36m[Kindx[m[K++;
       [01;36m[K^~~~[m[K
       [32m[Kindex[m[K
[01m[K/home/xavier/catkin_ws/src/control_xy/src/control_xy_node_yaw.cpp:146:16:[m[K [01;31m[Kerror: [m[K‘[01m[Kh[m[K’ was not declared in this scope
       if(indx>=[01;31m[Kh[m[K){
                [01;31m[K^[m[K
[01m[K/home/xavier/catkin_ws/src/control_xy/src/control_xy_node_yaw.cpp:148:11:[m[K [01;31m[Kerror: [m[K‘[01m[Ksp_rx[m[K’ was not declared in this scope
      nspx=[01;31m[Ksp_rx[m[K[indx];
           [01;31m[K^~~~~[m[K
[01m[K/home/xavier/catkin_ws/src/control_xy/src/control_xy_node_yaw.cpp:149:11:[m[K [01;31m[Kerror: [m[K‘[01m[Ksp_ry[m[K’ was not declared in this scope
      nspy=[01;31m[Ksp_ry[m[K[indx];
           [01;31m[K^~~~~[m[K
[01m[K/home/xavier/catkin_ws/src/control_xy/src/control_xy_node_yaw.cpp:149:11:[m[K [01;36m[Knote: [m[Ksuggested alternative: ‘[01m[Kstrfry[m[K’
      nspy=[01;36m[Ksp_ry[m[K[indx];
           [01;36m[K^~~~~[m[K
           [32m[Kstrfry[m[K
[01m[K/home/xavier/catkin_ws/src/control_xy/src/control_xy_node_yaw.cpp:154:7:[m[K [01;31m[Kerror: [m[K‘[01m[Kctrl_vel[m[K’ was not declared in this scope
    if([01;31m[Kctrl_vel[m[K>60){
       [01;31m[K^~~~~~~~[m[K
[01m[K/home/xavier/catkin_ws/src/control_xy/src/control_xy_node_yaw.cpp:154:7:[m[K [01;36m[Knote: [m[Ksuggested alternative: ‘[01m[Kstrlen[m[K’
    if([01;36m[Kctrl_vel[m[K>60){
       [01;36m[K^~~~~~~~[m[K
       [32m[Kstrlen[m[K
[01m[K/home/xavier/catkin_ws/src/control_xy/src/control_xy_node_yaw.cpp:160:4:[m[K [01;31m[Kerror: [m[K‘[01m[Kvel_steer[m[K’ was not declared in this scope
    [01;31m[Kvel_steer[m[K.angular.z= ctrl_yaw;
    [01;31m[K^~~~~~~~~[m[K
[01m[K/home/xavier/catkin_ws/src/control_xy/src/control_xy_node_yaw.cpp:160:4:[m[K [01;36m[Knote: [m[Ksuggested alternative: ‘[01m[Kregister[m[K’
    [01;36m[Kvel_steer[m[K.angular.z= ctrl_yaw;
    [01;36m[K^~~~~~~~~[m[K
    [32m[Kregister[m[K
[01m[K/home/xavier/catkin_ws/src/control_xy/src/control_xy_node_yaw.cpp:161:27:[m[K [01;31m[Kerror: [m[K‘[01m[Kctrl_vel[m[K’ was not declared in this scope
    vel_steer.linear.x=abs([01;31m[Kctrl_vel[m[K);
                           [01;31m[K^~~~~~~~[m[K
[01m[K/home/xavier/catkin_ws/src/control_xy/src/control_xy_node_yaw.cpp:161:27:[m[K [01;36m[Knote: [m[Ksuggested alternative: ‘[01m[Kstrlen[m[K’
    vel_steer.linear.x=abs([01;36m[Kctrl_vel[m[K);
                           [01;36m[K^~~~~~~~[m[K
                           [32m[Kstrlen[m[K
In file included from [01m[K/opt/ros/melodic/include/ros/ros.h:40:0[m[K,
                 from [01m[K/home/xavier/catkin_ws/src/control_xy/src/control_xy_node_yaw.cpp:1[m[K:
[01m[K/home/xavier/catkin_ws/src/control_xy/src/control_xy_node_yaw.cpp:162:61:[m[K [01;31m[Kerror: [m[K‘[01m[KerrPVel[m[K’ was not declared in this scope
    ROS_INFO("%f,%f,%f,%f,%f",errpx,errpy,error_yaw,ctrl_vel,[01;31m[Ke[m[KrrPVel);
                                                             [01;31m[K^[m[K
[01m[K/opt/ros/melodic/include/ros/console.h:348:165:[m[K [01;36m[Knote: [m[Kin definition of macro ‘[01m[KROSCONSOLE_PRINT_AT_LOCATION_WITH_FILTER[m[K’
     ::ros::console::print(filter, __rosconsole_define_location__loc.logger_, __rosconsole_define_location__loc.level_, __FILE__, __LINE__, __ROSCONSOLE_FUNCTION__, [01;36m[K__VA_ARGS__[m[K)
                                                                                                                                                                     [01;36m[K^~~~~~~~~~~[m[K
[01m[K/opt/ros/melodic/include/ros/console.h:387:7:[m[K [01;36m[Knote: [m[Kin expansion of macro ‘[01m[KROSCONSOLE_PRINT_AT_LOCATION[m[K’
       [01;36m[KROSCONSOLE_PRINT_AT_LOCATION[m[K(__VA_ARGS__); \
       [01;36m[K^~~~~~~~~~~~~~~~~~~~~~~~~~~~[m[K
[01m[K/opt/ros/melodic/include/ros/console.h:572:35:[m[K [01;36m[Knote: [m[Kin expansion of macro ‘[01m[KROS_LOG_COND[m[K’
 #define ROS_LOG(level, name, ...) [01;36m[KROS_LOG_COND[m[K(true, level, name, __VA_ARGS__)
                                   [01;36m[K^~~~~~~~~~~~[m[K
[01m[K/opt/ros/melodic/include/rosconsole/macros_generated.h:110:23:[m[K [01;36m[Knote: [m[Kin expansion of macro ‘[01m[KROS_LOG[m[K’
 #define ROS_INFO(...) [01;36m[KROS_LOG[m[K(::ros::console::levels::Info, ROSCONSOLE_DEFAULT_NAME, __VA_ARGS__)
                       [01;36m[K^~~~~~~[m[K
[01m[K/home/xavier/catkin_ws/src/control_xy/src/control_xy_node_yaw.cpp:162:4:[m[K [01;36m[Knote: [m[Kin expansion of macro ‘[01m[KROS_INFO[m[K’
    [01;36m[KR[m[KOS_INFO("%f,%f,%f,%f,%f",errpx,errpy,error_yaw,ctrl_vel,errPVel);
    [01;36m[K^[m[K
[01m[K/home/xavier/catkin_ws/src/control_xy/src/control_xy_node_yaw.cpp:164:8:[m[K [01;31m[Kerror: [m[K‘[01m[Kobstacle_front[m[K’ was not declared in this scope
     if([01;31m[Kobstacle_front[m[K==true){
        [01;31m[K^~~~~~~~~~~~~~[m[K
[01m[K/home/xavier/catkin_ws/src/control_xy/src/control_xy_node_yaw.cpp:164:8:[m[K [01;36m[Knote: [m[Ksuggested alternative: ‘[01m[Kobstack_printf[m[K’
     if([01;36m[Kobstacle_front[m[K==true){
        [01;36m[K^~~~~~~~~~~~~~[m[K
        [32m[Kobstack_printf[m[K
[01m[K/home/xavier/catkin_ws/src/control_xy/src/control_xy_node_yaw.cpp:167:4:[m[K [01;31m[Kerror: [m[K‘[01m[Kspeed_publisher[m[K’ was not declared in this scope
    [01;31m[Kspeed_publisher[m[K.publish(vel_steer);
    [01;31m[K^~~~~~~~~~~~~~~[m[K
[01m[K/home/xavier/catkin_ws/src/control_xy/src/control_xy_node_yaw.cpp:[m[K In member function ‘[01m[Kvoid test_head::ReceiveOdometry(const ConstPtr&)[m[K’:
[01m[K/home/xavier/catkin_ws/src/control_xy/src/control_xy_node_yaw.cpp:175:6:[m[K [01;31m[Kerror: [m[K‘[01m[Kvelyaw[m[K’ was not declared in this scope
      [01;31m[Kvelyaw[m[K=msg->twist.twist.angular.z;
      [01;31m[K^~~~~~[m[K
[01m[K/home/xavier/catkin_ws/src/control_xy/src/control_xy_node_yaw.cpp:176:13:[m[K [01;31m[Kerror: [m[K‘[01m[Kpx[m[K’ was not declared in this scope
             [01;31m[Kpx[m[K=msg->pose.pose.position.x;
             [01;31m[K^~[m[K
[01m[K/home/xavier/catkin_ws/src/control_xy/src/control_xy_node_yaw.cpp:177:10:[m[K [01;31m[Kerror: [m[K‘[01m[Kpy[m[K’ was not declared in this scope
          [01;31m[Kpy[m[K=msg->pose.pose.position.y;
          [01;31m[K^~[m[K
[01m[K/home/xavier/catkin_ws/src/control_xy/src/control_xy_node_yaw.cpp:178:6:[m[K [01;31m[Kerror: [m[K‘[01m[Kvelx[m[K’ was not declared in this scope
      [01;31m[Kvelx[m[K=msg->twist.twist.linear.x;
      [01;31m[K^~~~[m[K
[01m[K/home/xavier/catkin_ws/src/control_xy/src/control_xy_node_yaw.cpp:180:7:[m[K [01;31m[Kerror: [m[K‘[01m[Kruta_learn[m[K’ was not declared in this scope
   if ([01;31m[Kruta_learn[m[K==true){
       [01;31m[K^~~~~~~~~~[m[K
[01m[K/home/xavier/catkin_ws/src/control_xy/src/control_xy_node_yaw.cpp:180:7:[m[K [01;36m[Knote: [m[Ksuggested alternative: ‘[01m[Kualarm[m[K’
   if ([01;36m[Kruta_learn[m[K==true){
       [01;36m[K^~~~~~~~~~[m[K
       [32m[Kualarm[m[K
[01m[K/home/xavier/catkin_ws/src/control_xy/src/control_xy_node_yaw.cpp:181:12:[m[K [01;31m[Kerror: [m[K‘[01m[Knorm[m[K’ was not declared in this scope
            [01;31m[Knorm[m[K=sqrt((px-px_aux)*(px-px_aux)+(py-py_aux)*(py-py_aux));
            [01;31m[K^~~~[m[K
[01m[K/home/xavier/catkin_ws/src/control_xy/src/control_xy_node_yaw.cpp:181:12:[m[K [01;36m[Knote: [m[Ksuggested alternative:
In file included from [01m[K/usr/include/boost/config/no_tr1/complex.hpp:21:0[m[K,
                 from [01m[K/usr/include/boost/math/policies/error_handling.hpp:17[m[K,
                 from [01m[K/usr/include/boost/math/special_functions/round.hpp:14[m[K,
                 from [01m[K/opt/ros/melodic/include/ros/time.h:58[m[K,
                 from [01m[K/opt/ros/melodic/include/ros/ros.h:38[m[K,
                 from [01m[K/home/xavier/catkin_ws/src/control_xy/src/control_xy_node_yaw.cpp:1[m[K:
[01m[K/usr/include/c++/7/complex:1851:5:[m[K [01;36m[Knote: [m[K  ‘[01m[Kstd::norm[m[K’
     [01;36m[Knorm[m[K(_Tp __x)
     [01;36m[K^~~~[m[K
[01m[K/home/xavier/catkin_ws/src/control_xy/src/control_xy_node_yaw.cpp:181:26:[m[K [01;31m[Kerror: [m[K‘[01m[Kpx_aux[m[K’ was not declared in this scope
            norm=sqrt((px-[01;31m[Kpx_aux[m[K)*(px-px_aux)+(py-py_aux)*(py-py_aux));
                          [01;31m[K^~~~~~[m[K
[01m[K/home/xavier/catkin_ws/src/control_xy/src/control_xy_node_yaw.cpp:181:50:[m[K [01;31m[Kerror: [m[K‘[01m[Kpy_aux[m[K’ was not declared in this scope
            norm=sqrt((px-px_aux)*(px-px_aux)+(py-[01;31m[Kpy_aux[m[K)*(py-py_aux));
                                                  [01;31m[K^~~~~~[m[K
[01m[K/home/xavier/catkin_ws/src/control_xy/src/control_xy_node_yaw.cpp:182:16:[m[K [01;31m[Kerror: [m[K‘[01m[Ksave_waypoint[m[K’ was not declared in this scope
            if ([01;31m[Ksave_waypoint[m[K==true){
                [01;31m[K^~~~~~~~~~~~~[m[K
[01m[K/home/xavier/catkin_ws/src/control_xy/src/control_xy_node_yaw.cpp:184:21:[m[K [01;31m[Kerror: [m[K‘[01m[Kfp[m[K’ was not declared in this scope
             fprintf([01;31m[Kfp[m[K, "%f %f\n",px,py );
                     [01;31m[K^~[m[K
[01m[K/home/xavier/catkin_ws/src/control_xy/src/control_xy_node_yaw.cpp:[m[K In member function ‘[01m[Kvoid test_head::angPeopCallback(const Float32&)[m[K’:
[01m[K/home/xavier/catkin_ws/src/control_xy/src/control_xy_node_yaw.cpp:195:6:[m[K [01;31m[Kerror: [m[K‘[01m[Kmode[m[K’ was not declared in this scope
   if([01;31m[Kmode[m[K==3){
      [01;31m[K^~~~[m[K
[01m[K/home/xavier/catkin_ws/src/control_xy/src/control_xy_node_yaw.cpp:195:6:[m[K [01;36m[Knote: [m[Ksuggested alternative: ‘[01m[Kmodf[m[K’
   if([01;36m[Kmode[m[K==3){
      [01;36m[K^~~~[m[K
      [32m[Kmodf[m[K
[01m[K/home/xavier/catkin_ws/src/control_xy/src/control_xy_node_yaw.cpp:198:36:[m[K [01;31m[Kerror: [m[K‘[01m[KdistanciaPeople[m[K’ was not declared in this scope
    if (msg.data>-5 && msg.data<5&& [01;31m[KdistanciaPeople[m[K<40){
                                    [01;31m[K^~~~~~~~~~~~~~~[m[K
[01m[K/home/xavier/catkin_ws/src/control_xy/src/control_xy_node_yaw.cpp:237:4:[m[K [01;31m[Kerror: [m[K‘[01m[Kspeed_publisher[m[K’ was not declared in this scope
    [01;31m[Kspeed_publisher[m[K.publish(vel_steer);
    [01;31m[K^~~~~~~~~~~~~~~[m[K
[01m[K/home/xavier/catkin_ws/src/control_xy/src/control_xy_node_yaw.cpp:238:6:[m[K [01;31m[Kerror: [m[Kexpected ‘[01m[K}[m[K’ before ‘[01m[Kelse[m[K’
     }[01;31m[Kelse[m[K{
      [01;31m[K^~~~[m[K
[01m[K/home/xavier/catkin_ws/src/control_xy/src/control_xy_node_yaw.cpp:239:4:[m[K [01;31m[Kerror: [m[K‘[01m[Kvel_steer[m[K’ was not declared in this scope
    [01;31m[Kvel_steer[m[K.linear.x= 0;
    [01;31m[K^~~~~~~~~[m[K
[01m[K/home/xavier/catkin_ws/src/control_xy/src/control_xy_node_yaw.cpp:239:4:[m[K [01;36m[Knote: [m[Ksuggested alternative: ‘[01m[Kregister[m[K’
    [01;36m[Kvel_steer[m[K.linear.x= 0;
    [01;36m[K^~~~~~~~~[m[K
    [32m[Kregister[m[K
[01m[K/home/xavier/catkin_ws/src/control_xy/src/control_xy_node_yaw.cpp:241:4:[m[K [01;31m[Kerror: [m[K‘[01m[Kspeed_publisher[m[K’ was not declared in this scope
    [01;31m[Kspeed_publisher[m[K.publish(vel_steer);
    [01;31m[K^~~~~~~~~~~~~~~[m[K
[01m[K/home/xavier/catkin_ws/src/control_xy/src/control_xy_node_yaw.cpp:[m[K At global scope:
[01m[K/home/xavier/catkin_ws/src/control_xy/src/control_xy_node_yaw.cpp:592:1:[m[K [01;31m[Kerror: [m[Kexpected unqualified-id at end of input
 [01;31m[K}[m[K
 [01;31m[K^[m[K
make[2]: *** [CMakeFiles/control_xy_node.dir/src/control_xy_node_yaw.cpp.o] Error 1
make[1]: *** [CMakeFiles/control_xy_node.dir/all] Error 2
make: *** [all] Error 2
