[01m[K/home/xavier/catkin_ws/src/control_xy/src/control_xy_node_yaw.cpp:16:39:[m[K [01;35m[Kwarning: [m[Kextra tokens at end of #include directive
 #include <control_xy/TriggerAction.h> [01;35m[Kv[m[K
                                       [01;35m[K^[m[K
[01m[K/home/xavier/catkin_ws/src/control_xy/src/control_xy_node_yaw.cpp:[m[K In constructor ‘[01m[Ktest_head::test_head(ros::NodeHandle)[m[K’:
[01m[K/home/xavier/catkin_ws/src/control_xy/src/control_xy_node_yaw.cpp:29:73:[m[K [01;31m[Kerror: [m[K‘[01m[KheadCallback[m[K’ is not a member of ‘[01m[Ktest_head[m[K’
                 head_subscriber = nh.subscribe("/euler", 1, &test_head::[01;31m[KheadCallback[m[K,this);
                                                                         [01;31m[K^~~~~~~~~~~~[m[K
[01m[K/home/xavier/catkin_ws/src/control_xy/src/control_xy_node_yaw.cpp:33:62:[m[K [01;31m[Kerror: [m[K‘[01m[KsetPointsCallback[m[K’ is not a member of ‘[01m[Ktest_head[m[K’
   pose_subscriber = nh.subscribe("setPoints", 1, &test_head::[01;31m[KsetPointsCallback[m[K,this);
                                                              [01;31m[K^~~~~~~~~~~~~~~~~[m[K
[01m[K/home/xavier/catkin_ws/src/control_xy/src/control_xy_node_yaw.cpp:36:84:[m[K [01;31m[Kerror: [m[K‘[01m[KobstCallback[m[K’ is not a member of ‘[01m[Ktest_head[m[K’
                 obst_subscriber = nh.subscribe("/obstacle_closest", 1, &test_head::[01;31m[KobstCallback[m[K,this);
                                                                                    [01;31m[K^~~~~~~~~~~~[m[K
[01m[K/home/xavier/catkin_ws/src/control_xy/src/control_xy_node_yaw.cpp:[m[K In member function ‘[01m[Kvoid test_head::loadRoute()[m[K’:
[01m[K/home/xavier/catkin_ws/src/control_xy/src/control_xy_node_yaw.cpp:317:43:[m[K [01;35m[Kwarning: [m[Kformat ‘[01m[K%s[m[K’ expects argument of type ‘[01m[Kchar*[m[K’, but argument 3 has type ‘[01m[Kchar (*)[80][m[K’ [[01;35m[K-Wformat=[m[K]
    vel_steer.linear.x= 0;
                                           [01;35m[K^[m[K
[01m[K/home/xavier/catkin_ws/src/control_xy/src/control_xy_node_yaw.cpp:317:43:[m[K [01;35m[Kwarning: [m[Kformat ‘[01m[K%s[m[K’ expects argument of type ‘[01m[Kchar*[m[K’, but argument 4 has type ‘[01m[Kchar (*)[80][m[K’ [[01;35m[K-Wformat=[m[K]
make[2]: *** [CMakeFiles/control_xy_node.dir/src/control_xy_node_yaw.cpp.o] Error 1
make[1]: *** [CMakeFiles/control_xy_node.dir/all] Error 2
make: *** [all] Error 2
