Determining if the pthread_create exist failed with the following output:
Change Dir: /home/xavier/catkin_ws/build/darknet_ros_msgs/CMakeFiles/CMakeTmp

Run Build Command:"/usr/bin/make" "cmTC_29de5/fast"
/usr/bin/make -f CMakeFiles/cmTC_29de5.dir/build.make CMakeFiles/cmTC_29de5.dir/build
make[1]: Entering directory '/home/xavier/catkin_ws/build/darknet_ros_msgs/CMakeFiles/CMakeTmp'
Building C object CMakeFiles/cmTC_29de5.dir/CheckSymbolExists.c.o
/usr/bin/cc    -o CMakeFiles/cmTC_29de5.dir/CheckSymbolExists.c.o   -c /home/xavier/catkin_ws/build/darknet_ros_msgs/CMakeFiles/CMakeTmp/CheckSymbolExists.c
Linking C executable cmTC_29de5
/usr/bin/cmake -E cmake_link_script CMakeFiles/cmTC_29de5.dir/link.txt --verbose=1
/usr/bin/cc      -rdynamic CMakeFiles/cmTC_29de5.dir/CheckSymbolExists.c.o  -o cmTC_29de5 
CMakeFiles/cmTC_29de5.dir/CheckSymbolExists.c.o: In function `main':
CheckSymbolExists.c:(.text+0x14): undefined reference to `pthread_create'
CheckSymbolExists.c:(.text+0x18): undefined reference to `pthread_create'
collect2: error: ld returned 1 exit status
CMakeFiles/cmTC_29de5.dir/build.make:97: recipe for target 'cmTC_29de5' failed
make[1]: *** [cmTC_29de5] Error 1
make[1]: Leaving directory '/home/xavier/catkin_ws/build/darknet_ros_msgs/CMakeFiles/CMakeTmp'
Makefile:126: recipe for target 'cmTC_29de5/fast' failed
make: *** [cmTC_29de5/fast] Error 2

File /home/xavier/catkin_ws/build/darknet_ros_msgs/CMakeFiles/CMakeTmp/CheckSymbolExists.c:
/* */
#include <pthread.h>

int main(int argc, char** argv)
{
  (void)argv;
#ifndef pthread_create
  return ((int*)(&pthread_create))[argc];
#else
  (void)argc;
  return 0;
#endif
}

Determining if the function pthread_create exists in the pthreads failed with the following output:
Change Dir: /home/xavier/catkin_ws/build/darknet_ros_msgs/CMakeFiles/CMakeTmp

Run Build Command:"/usr/bin/make" "cmTC_dbfd1/fast"
/usr/bin/make -f CMakeFiles/cmTC_dbfd1.dir/build.make CMakeFiles/cmTC_dbfd1.dir/build
make[1]: Entering directory '/home/xavier/catkin_ws/build/darknet_ros_msgs/CMakeFiles/CMakeTmp'
Building C object CMakeFiles/cmTC_dbfd1.dir/CheckFunctionExists.c.o
/usr/bin/cc   -DCHECK_FUNCTION_EXISTS=pthread_create   -o CMakeFiles/cmTC_dbfd1.dir/CheckFunctionExists.c.o   -c /usr/share/cmake-3.10/Modules/CheckFunctionExists.c
Linking C executable cmTC_dbfd1
/usr/bin/cmake -E cmake_link_script CMakeFiles/cmTC_dbfd1.dir/link.txt --verbose=1
/usr/bin/cc  -DCHECK_FUNCTION_EXISTS=pthread_create    -rdynamic CMakeFiles/cmTC_dbfd1.dir/CheckFunctionExists.c.o  -o cmTC_dbfd1 -lpthreads 
/usr/bin/ld: cannot find -lpthreads
collect2: error: ld returned 1 exit status
CMakeFiles/cmTC_dbfd1.dir/build.make:97: recipe for target 'cmTC_dbfd1' failed
make[1]: *** [cmTC_dbfd1] Error 1
make[1]: Leaving directory '/home/xavier/catkin_ws/build/darknet_ros_msgs/CMakeFiles/CMakeTmp'
Makefile:126: recipe for target 'cmTC_dbfd1/fast' failed
make: *** [cmTC_dbfd1/fast] Error 2


