[  0%] Built target _peop_extract_generate_messages_check_deps_ObjectCount
[35m[1mScanning dependencies of target _peop_extract_generate_messages_check_deps_people_box[0m
[  0%] Built target _peop_extract_generate_messages_check_deps_people_box
[35m[1mScanning dependencies of target _peop_extract_generate_messages_check_deps_peoples[0m
[  0%] Built target _peop_extract_generate_messages_check_deps_peoples
[  0%] Built target geometry_msgs_generate_messages_eus
[  0%] Built target _peop_extract_generate_messages_check_deps_BoundingBox
[  0%] Built target std_msgs_generate_messages_eus
[  0%] Built target _peop_extract_generate_messages_check_deps_BoundingBoxes
[  0%] Built target std_msgs_generate_messages_py
[  0%] Built target geometry_msgs_generate_messages_py
[  0%] Built target geometry_msgs_generate_messages_lisp
[  0%] Built target std_msgs_generate_messages_lisp
[  0%] Built target geometry_msgs_generate_messages_nodejs
[  0%] Built target std_msgs_generate_messages_nodejs
[  0%] Built target std_msgs_generate_messages_cpp
[  0%] Built target geometry_msgs_generate_messages_cpp
[  3%] [34m[1mGenerating EusLisp code from peop_extract/peoples.msg[0m
[  7%] [34m[1mGenerating Python from MSG peop_extract/peoples[0m
[ 11%] [34m[1mGenerating EusLisp code from peop_extract/people_box.msg[0m
[ 14%] [34m[1mGenerating Python from MSG peop_extract/people_box[0m
[ 18%] [34m[1mGenerating Lisp code from peop_extract/peoples.msg[0m
[ 33%] Built target peop_extract_generate_messages_eus
[ 37%] [34m[1mGenerating Lisp code from peop_extract/people_box.msg[0m
[ 40%] [34m[1mGenerating Python msg __init__.py for peop_extract[0m
[ 51%] Built target peop_extract_generate_messages_lisp
[ 55%] [34m[1mGenerating Javascript code from peop_extract/peoples.msg[0m
[ 59%] [34m[1mGenerating Javascript code from peop_extract/people_box.msg[0m
[ 62%] [34m[1mGenerating C++ code from peop_extract/peoples.msg[0m
[ 74%] Built target peop_extract_generate_messages_py
[ 77%] [34m[1mGenerating C++ code from peop_extract/people_box.msg[0m
[ 88%] Built target peop_extract_generate_messages_nodejs
[100%] Built target peop_extract_generate_messages_cpp
[100%] Built target peop_extract_generate_messages
