Linked: (/home/xavier/catkin_ws/devel/.private/peop_extract/include/peop_extract/BoundingBox.h, /home/xavier/catkin_ws/devel/include/peop_extract/BoundingBox.h)
Linked: (/home/xavier/catkin_ws/devel/.private/peop_extract/include/peop_extract/ObjectCount.h, /home/xavier/catkin_ws/devel/include/peop_extract/ObjectCount.h)
Linked: (/home/xavier/catkin_ws/devel/.private/peop_extract/include/peop_extract/BoundingBoxes.h, /home/xavier/catkin_ws/devel/include/peop_extract/BoundingBoxes.h)
Linked: (/home/xavier/catkin_ws/devel/.private/peop_extract/share/peop_extract/cmake/peop_extract-msg-paths.cmake, /home/xavier/catkin_ws/devel/share/peop_extract/cmake/peop_extract-msg-paths.cmake)
Linked: (/home/xavier/catkin_ws/devel/.private/peop_extract/share/roseus/ros/peop_extract/manifest.l, /home/xavier/catkin_ws/devel/share/roseus/ros/peop_extract/manifest.l)
Linked: (/home/xavier/catkin_ws/devel/.private/peop_extract/share/roseus/ros/peop_extract/msg/BoundingBoxes.l, /home/xavier/catkin_ws/devel/share/roseus/ros/peop_extract/msg/BoundingBoxes.l)
Linked: (/home/xavier/catkin_ws/devel/.private/peop_extract/share/roseus/ros/peop_extract/msg/BoundingBox.l, /home/xavier/catkin_ws/devel/share/roseus/ros/peop_extract/msg/BoundingBox.l)
Linked: (/home/xavier/catkin_ws/devel/.private/peop_extract/share/roseus/ros/peop_extract/msg/ObjectCount.l, /home/xavier/catkin_ws/devel/share/roseus/ros/peop_extract/msg/ObjectCount.l)
Linked: (/home/xavier/catkin_ws/devel/.private/peop_extract/share/gennodejs/ros/peop_extract/_index.js, /home/xavier/catkin_ws/devel/share/gennodejs/ros/peop_extract/_index.js)
Linked: (/home/xavier/catkin_ws/devel/.private/peop_extract/share/gennodejs/ros/peop_extract/msg/_index.js, /home/xavier/catkin_ws/devel/share/gennodejs/ros/peop_extract/msg/_index.js)
Linked: (/home/xavier/catkin_ws/devel/.private/peop_extract/share/gennodejs/ros/peop_extract/msg/ObjectCount.js, /home/xavier/catkin_ws/devel/share/gennodejs/ros/peop_extract/msg/ObjectCount.js)
Linked: (/home/xavier/catkin_ws/devel/.private/peop_extract/share/gennodejs/ros/peop_extract/msg/BoundingBox.js, /home/xavier/catkin_ws/devel/share/gennodejs/ros/peop_extract/msg/BoundingBox.js)
Linked: (/home/xavier/catkin_ws/devel/.private/peop_extract/share/gennodejs/ros/peop_extract/msg/BoundingBoxes.js, /home/xavier/catkin_ws/devel/share/gennodejs/ros/peop_extract/msg/BoundingBoxes.js)
Linked: (/home/xavier/catkin_ws/devel/.private/peop_extract/share/common-lisp/ros/peop_extract/msg/_package_BoundingBox.lisp, /home/xavier/catkin_ws/devel/share/common-lisp/ros/peop_extract/msg/_package_BoundingBox.lisp)
Linked: (/home/xavier/catkin_ws/devel/.private/peop_extract/share/common-lisp/ros/peop_extract/msg/BoundingBox.lisp, /home/xavier/catkin_ws/devel/share/common-lisp/ros/peop_extract/msg/BoundingBox.lisp)
Linked: (/home/xavier/catkin_ws/devel/.private/peop_extract/share/common-lisp/ros/peop_extract/msg/_package.lisp, /home/xavier/catkin_ws/devel/share/common-lisp/ros/peop_extract/msg/_package.lisp)
Linked: (/home/xavier/catkin_ws/devel/.private/peop_extract/share/common-lisp/ros/peop_extract/msg/BoundingBoxes.lisp, /home/xavier/catkin_ws/devel/share/common-lisp/ros/peop_extract/msg/BoundingBoxes.lisp)
Linked: (/home/xavier/catkin_ws/devel/.private/peop_extract/share/common-lisp/ros/peop_extract/msg/ObjectCount.lisp, /home/xavier/catkin_ws/devel/share/common-lisp/ros/peop_extract/msg/ObjectCount.lisp)
Linked: (/home/xavier/catkin_ws/devel/.private/peop_extract/share/common-lisp/ros/peop_extract/msg/_package_BoundingBoxes.lisp, /home/xavier/catkin_ws/devel/share/common-lisp/ros/peop_extract/msg/_package_BoundingBoxes.lisp)
Linked: (/home/xavier/catkin_ws/devel/.private/peop_extract/share/common-lisp/ros/peop_extract/msg/_package_ObjectCount.lisp, /home/xavier/catkin_ws/devel/share/common-lisp/ros/peop_extract/msg/_package_ObjectCount.lisp)
Linked: (/home/xavier/catkin_ws/devel/.private/peop_extract/share/common-lisp/ros/peop_extract/msg/peop_extract-msg.asd, /home/xavier/catkin_ws/devel/share/common-lisp/ros/peop_extract/msg/peop_extract-msg.asd)
Linked: (/home/xavier/catkin_ws/devel/.private/peop_extract/lib/python2.7/dist-packages/peop_extract/__init__.py, /home/xavier/catkin_ws/devel/lib/python2.7/dist-packages/peop_extract/__init__.py)
Linked: (/home/xavier/catkin_ws/devel/.private/peop_extract/lib/python2.7/dist-packages/peop_extract/msg/_BoundingBox.py, /home/xavier/catkin_ws/devel/lib/python2.7/dist-packages/peop_extract/msg/_BoundingBox.py)
Linked: (/home/xavier/catkin_ws/devel/.private/peop_extract/lib/python2.7/dist-packages/peop_extract/msg/_BoundingBoxes.py, /home/xavier/catkin_ws/devel/lib/python2.7/dist-packages/peop_extract/msg/_BoundingBoxes.py)
Linked: (/home/xavier/catkin_ws/devel/.private/peop_extract/lib/python2.7/dist-packages/peop_extract/msg/_ObjectCount.py, /home/xavier/catkin_ws/devel/lib/python2.7/dist-packages/peop_extract/msg/_ObjectCount.py)
Linked: (/home/xavier/catkin_ws/devel/.private/peop_extract/lib/python2.7/dist-packages/peop_extract/msg/__init__.py, /home/xavier/catkin_ws/devel/lib/python2.7/dist-packages/peop_extract/msg/__init__.py)
