Symlinking /home/xavier/catkin_ws/devel/include/peop_extract/people_box.h
Symlinking /home/xavier/catkin_ws/devel/include/peop_extract/States.h
Symlinking /home/xavier/catkin_ws/devel/include/peop_extract/peoples.h
Symlinking /home/xavier/catkin_ws/devel/include/peop_extract/BoundingBox.h
Symlinking /home/xavier/catkin_ws/devel/include/peop_extract/ObjectCount.h
Symlinking /home/xavier/catkin_ws/devel/include/peop_extract/BoundingBoxes.h
Symlinking /home/xavier/catkin_ws/devel/share/peop_extract/cmake/peop_extract-msg-paths.cmake
Symlinking /home/xavier/catkin_ws/devel/share/roseus/ros/peop_extract/manifest.l
Symlinking /home/xavier/catkin_ws/devel/share/roseus/ros/peop_extract/msg/States.l
Symlinking /home/xavier/catkin_ws/devel/share/roseus/ros/peop_extract/msg/BoundingBoxes.l
Symlinking /home/xavier/catkin_ws/devel/share/roseus/ros/peop_extract/msg/people_box.l
Symlinking /home/xavier/catkin_ws/devel/share/roseus/ros/peop_extract/msg/BoundingBox.l
Symlinking /home/xavier/catkin_ws/devel/share/roseus/ros/peop_extract/msg/peoples.l
Symlinking /home/xavier/catkin_ws/devel/share/roseus/ros/peop_extract/msg/ObjectCount.l
Symlinking /home/xavier/catkin_ws/devel/share/gennodejs/ros/peop_extract/_index.js
Symlinking /home/xavier/catkin_ws/devel/share/gennodejs/ros/peop_extract/msg/_index.js
Symlinking /home/xavier/catkin_ws/devel/share/gennodejs/ros/peop_extract/msg/ObjectCount.js
Symlinking /home/xavier/catkin_ws/devel/share/gennodejs/ros/peop_extract/msg/peoples.js
Symlinking /home/xavier/catkin_ws/devel/share/gennodejs/ros/peop_extract/msg/people_box.js
Symlinking /home/xavier/catkin_ws/devel/share/gennodejs/ros/peop_extract/msg/States.js
Symlinking /home/xavier/catkin_ws/devel/share/gennodejs/ros/peop_extract/msg/BoundingBox.js
Symlinking /home/xavier/catkin_ws/devel/share/gennodejs/ros/peop_extract/msg/BoundingBoxes.js
Symlinking /home/xavier/catkin_ws/devel/share/common-lisp/ros/peop_extract/msg/peoples.lisp
Symlinking /home/xavier/catkin_ws/devel/share/common-lisp/ros/peop_extract/msg/_package_BoundingBox.lisp
Symlinking /home/xavier/catkin_ws/devel/share/common-lisp/ros/peop_extract/msg/BoundingBox.lisp
Symlinking /home/xavier/catkin_ws/devel/share/common-lisp/ros/peop_extract/msg/_package_peoples.lisp
Symlinking /home/xavier/catkin_ws/devel/share/common-lisp/ros/peop_extract/msg/people_box.lisp
Symlinking /home/xavier/catkin_ws/devel/share/common-lisp/ros/peop_extract/msg/_package.lisp
Symlinking /home/xavier/catkin_ws/devel/share/common-lisp/ros/peop_extract/msg/BoundingBoxes.lisp
Symlinking /home/xavier/catkin_ws/devel/share/common-lisp/ros/peop_extract/msg/_package_States.lisp
Symlinking /home/xavier/catkin_ws/devel/share/common-lisp/ros/peop_extract/msg/ObjectCount.lisp
Symlinking /home/xavier/catkin_ws/devel/share/common-lisp/ros/peop_extract/msg/_package_BoundingBoxes.lisp
Symlinking /home/xavier/catkin_ws/devel/share/common-lisp/ros/peop_extract/msg/_package_people_box.lisp
Symlinking /home/xavier/catkin_ws/devel/share/common-lisp/ros/peop_extract/msg/_package_ObjectCount.lisp
Symlinking /home/xavier/catkin_ws/devel/share/common-lisp/ros/peop_extract/msg/States.lisp
Symlinking /home/xavier/catkin_ws/devel/share/common-lisp/ros/peop_extract/msg/peop_extract-msg.asd
Symlinking /home/xavier/catkin_ws/devel/lib/python2.7/dist-packages/peop_extract/__init__.py
Symlinking /home/xavier/catkin_ws/devel/lib/python2.7/dist-packages/peop_extract/msg/_BoundingBox.py
Symlinking /home/xavier/catkin_ws/devel/lib/python2.7/dist-packages/peop_extract/msg/_BoundingBoxes.py
Symlinking /home/xavier/catkin_ws/devel/lib/python2.7/dist-packages/peop_extract/msg/_people_box.py
Symlinking /home/xavier/catkin_ws/devel/lib/python2.7/dist-packages/peop_extract/msg/_peoples.py
Symlinking /home/xavier/catkin_ws/devel/lib/python2.7/dist-packages/peop_extract/msg/_ObjectCount.py
Symlinking /home/xavier/catkin_ws/devel/lib/python2.7/dist-packages/peop_extract/msg/_States.py
Symlinking /home/xavier/catkin_ws/devel/lib/python2.7/dist-packages/peop_extract/msg/__init__.py
