[  0%] Built target geometry_msgs_generate_messages_eus
[  0%] Built target _peop_extract_generate_messages_check_deps_ObjectCount
[  0%] Built target _peop_extract_generate_messages_check_deps_States
[  0%] Built target _peop_extract_generate_messages_check_deps_people_box
[  0%] Built target _peop_extract_generate_messages_check_deps_BoundingBox
[  0%] Built target _peop_extract_generate_messages_check_deps_peoples
[  0%] Built target std_msgs_generate_messages_eus
[  0%] Built target std_msgs_generate_messages_lisp
[  0%] Built target geometry_msgs_generate_messages_lisp
[  0%] Built target geometry_msgs_generate_messages_py
[  0%] Built target std_msgs_generate_messages_py
[  0%] Built target geometry_msgs_generate_messages_nodejs
[  0%] Built target std_msgs_generate_messages_nodejs
[  0%] Built target std_msgs_generate_messages_cpp
[  0%] Built target geometry_msgs_generate_messages_cpp
[  0%] Built target _peop_extract_generate_messages_check_deps_BoundingBoxes
[ 28%] Built target peop_extract_generate_messages_lisp
[ 56%] Built target peop_extract_generate_messages_nodejs
[ 56%] Built target peop_extract_generate_messages_cpp
[ 78%] Built target peop_extract_generate_messages_eus
[100%] Built target peop_extract_generate_messages_py
[100%] Built target peop_extract_generate_messages
