Determining if the pthread_create exist failed with the following output:
Change Dir: /home/xavier/catkin_ws/build/pitakuru/CMakeFiles/CMakeTmp

Run Build Command:"/usr/bin/make" "cmTC_0b03a/fast"
/usr/bin/make -f CMakeFiles/cmTC_0b03a.dir/build.make CMakeFiles/cmTC_0b03a.dir/build
make[1]: Entering directory '/home/xavier/catkin_ws/build/pitakuru/CMakeFiles/CMakeTmp'
Building C object CMakeFiles/cmTC_0b03a.dir/CheckSymbolExists.c.o
/usr/bin/cc    -o CMakeFiles/cmTC_0b03a.dir/CheckSymbolExists.c.o   -c /home/xavier/catkin_ws/build/pitakuru/CMakeFiles/CMakeTmp/CheckSymbolExists.c
Linking C executable cmTC_0b03a
/usr/bin/cmake -E cmake_link_script CMakeFiles/cmTC_0b03a.dir/link.txt --verbose=1
/usr/bin/cc      -rdynamic CMakeFiles/cmTC_0b03a.dir/CheckSymbolExists.c.o  -o cmTC_0b03a 
CMakeFiles/cmTC_0b03a.dir/CheckSymbolExists.c.o: In function `main':
CheckSymbolExists.c:(.text+0x14): undefined reference to `pthread_create'
CheckSymbolExists.c:(.text+0x18): undefined reference to `pthread_create'
collect2: error: ld returned 1 exit status
CMakeFiles/cmTC_0b03a.dir/build.make:97: recipe for target 'cmTC_0b03a' failed
make[1]: *** [cmTC_0b03a] Error 1
make[1]: Leaving directory '/home/xavier/catkin_ws/build/pitakuru/CMakeFiles/CMakeTmp'
Makefile:126: recipe for target 'cmTC_0b03a/fast' failed
make: *** [cmTC_0b03a/fast] Error 2

File /home/xavier/catkin_ws/build/pitakuru/CMakeFiles/CMakeTmp/CheckSymbolExists.c:
/* */
#include <pthread.h>

int main(int argc, char** argv)
{
  (void)argv;
#ifndef pthread_create
  return ((int*)(&pthread_create))[argc];
#else
  (void)argc;
  return 0;
#endif
}

Determining if the function pthread_create exists in the pthreads failed with the following output:
Change Dir: /home/xavier/catkin_ws/build/pitakuru/CMakeFiles/CMakeTmp

Run Build Command:"/usr/bin/make" "cmTC_3ac1b/fast"
/usr/bin/make -f CMakeFiles/cmTC_3ac1b.dir/build.make CMakeFiles/cmTC_3ac1b.dir/build
make[1]: Entering directory '/home/xavier/catkin_ws/build/pitakuru/CMakeFiles/CMakeTmp'
Building C object CMakeFiles/cmTC_3ac1b.dir/CheckFunctionExists.c.o
/usr/bin/cc   -DCHECK_FUNCTION_EXISTS=pthread_create   -o CMakeFiles/cmTC_3ac1b.dir/CheckFunctionExists.c.o   -c /usr/share/cmake-3.10/Modules/CheckFunctionExists.c
Linking C executable cmTC_3ac1b
/usr/bin/cmake -E cmake_link_script CMakeFiles/cmTC_3ac1b.dir/link.txt --verbose=1
/usr/bin/cc  -DCHECK_FUNCTION_EXISTS=pthread_create    -rdynamic CMakeFiles/cmTC_3ac1b.dir/CheckFunctionExists.c.o  -o cmTC_3ac1b -lpthreads 
/usr/bin/ld: cannot find -lpthreads
collect2: error: ld returned 1 exit status
CMakeFiles/cmTC_3ac1b.dir/build.make:97: recipe for target 'cmTC_3ac1b' failed
make[1]: *** [cmTC_3ac1b] Error 1
make[1]: Leaving directory '/home/xavier/catkin_ws/build/pitakuru/CMakeFiles/CMakeTmp'
Makefile:126: recipe for target 'cmTC_3ac1b/fast' failed
make: *** [cmTC_3ac1b/fast] Error 2


