In file included from [01m[K/opt/ros/melodic/include/ros/node_handle.h:32:0[m[K,
                 from [01m[K/opt/ros/melodic/include/ros/ros.h:45[m[K,
                 from [01m[K/opt/ros/melodic/include/tf2_ros/buffer.h:38[m[K,
                 from [01m[K/home/xavier/catkin_ws/src/move_base_flex/mbf_utility/include/mbf_utility/types.h:47[m[K,
                 from [01m[K/home/xavier/catkin_ws/src/move_base_flex/mbf_utility/include/mbf_utility/robot_information.h:48[m[K,
                 from [01m[K/home/xavier/catkin_ws/src/move_base_flex/mbf_utility/src/robot_information.cpp:39[m[K:
[01m[K/opt/ros/melodic/include/ros/publisher.h:53:52:[m[K [01;35m[Kwarning: [m[Kdefaulted and deleted functions only available with -std=c++11 or -std=gnu++11
     Publisher& operator=(const Publisher& other) = default;
[01;32m[K                                                    ^[m[K
In file included from [01m[K/opt/ros/melodic/include/ros/node_handle.h:33:0[m[K,
                 from [01m[K/opt/ros/melodic/include/ros/ros.h:45[m[K,
                 from [01m[K/opt/ros/melodic/include/tf2_ros/buffer.h:38[m[K,
                 from [01m[K/home/xavier/catkin_ws/src/move_base_flex/mbf_utility/include/mbf_utility/types.h:47[m[K,
                 from [01m[K/home/xavier/catkin_ws/src/move_base_flex/mbf_utility/include/mbf_utility/robot_information.h:48[m[K,
                 from [01m[K/home/xavier/catkin_ws/src/move_base_flex/mbf_utility/src/robot_information.cpp:39[m[K:
[01m[K/opt/ros/melodic/include/ros/subscriber.h:52:52:[m[K [01;35m[Kwarning: [m[Kdefaulted and deleted functions only available with -std=c++11 or -std=gnu++11
   Subscriber& operator=(const Subscriber& other) = default;
[01;32m[K                                                    ^[m[K
In file included from [01m[K/opt/ros/melodic/include/ros/node_handle.h:34:0[m[K,
                 from [01m[K/opt/ros/melodic/include/ros/ros.h:45[m[K,
                 from [01m[K/opt/ros/melodic/include/tf2_ros/buffer.h:38[m[K,
                 from [01m[K/home/xavier/catkin_ws/src/move_base_flex/mbf_utility/include/mbf_utility/types.h:47[m[K,
                 from [01m[K/home/xavier/catkin_ws/src/move_base_flex/mbf_utility/include/mbf_utility/robot_information.h:48[m[K,
                 from [01m[K/home/xavier/catkin_ws/src/move_base_flex/mbf_utility/src/robot_information.cpp:39[m[K:
[01m[K/opt/ros/melodic/include/ros/service_server.h:51:58:[m[K [01;35m[Kwarning: [m[Kdefaulted and deleted functions only available with -std=c++11 or -std=gnu++11
   ServiceServer& operator=(const ServiceServer& other) = default;
[01;32m[K                                                          ^[m[K
In file included from [01m[K/opt/ros/melodic/include/ros/node_handle.h:35:0[m[K,
                 from [01m[K/opt/ros/melodic/include/ros/ros.h:45[m[K,
                 from [01m[K/opt/ros/melodic/include/tf2_ros/buffer.h:38[m[K,
                 from [01m[K/home/xavier/catkin_ws/src/move_base_flex/mbf_utility/include/mbf_utility/types.h:47[m[K,
                 from [01m[K/home/xavier/catkin_ws/src/move_base_flex/mbf_utility/include/mbf_utility/robot_information.h:48[m[K,
                 from [01m[K/home/xavier/catkin_ws/src/move_base_flex/mbf_utility/src/robot_information.cpp:39[m[K:
[01m[K/opt/ros/melodic/include/ros/service_client.h:49:58:[m[K [01;35m[Kwarning: [m[Kdefaulted and deleted functions only available with -std=c++11 or -std=gnu++11
   ServiceClient& operator=(const ServiceClient& other) = default;
[01;32m[K                                                          ^[m[K
In file included from [01m[K/opt/ros/melodic/include/ros/node_handle.h:36:0[m[K,
                 from [01m[K/opt/ros/melodic/include/ros/ros.h:45[m[K,
                 from [01m[K/opt/ros/melodic/include/tf2_ros/buffer.h:38[m[K,
                 from [01m[K/home/xavier/catkin_ws/src/move_base_flex/mbf_utility/include/mbf_utility/types.h:47[m[K,
                 from [01m[K/home/xavier/catkin_ws/src/move_base_flex/mbf_utility/include/mbf_utility/robot_information.h:48[m[K,
                 from [01m[K/home/xavier/catkin_ws/src/move_base_flex/mbf_utility/src/robot_information.cpp:39[m[K:
[01m[K/opt/ros/melodic/include/ros/timer.h:52:42:[m[K [01;35m[Kwarning: [m[Kdefaulted and deleted functions only available with -std=c++11 or -std=gnu++11
   Timer& operator=(const Timer& other) = default;
[01;32m[K                                          ^[m[K
In file included from [01m[K/opt/ros/melodic/include/ros/node_handle.h:38:0[m[K,
                 from [01m[K/opt/ros/melodic/include/ros/ros.h:45[m[K,
                 from [01m[K/opt/ros/melodic/include/tf2_ros/buffer.h:38[m[K,
                 from [01m[K/home/xavier/catkin_ws/src/move_base_flex/mbf_utility/include/mbf_utility/types.h:47[m[K,
                 from [01m[K/home/xavier/catkin_ws/src/move_base_flex/mbf_utility/include/mbf_utility/robot_information.h:48[m[K,
                 from [01m[K/home/xavier/catkin_ws/src/move_base_flex/mbf_utility/src/robot_information.cpp:39[m[K:
[01m[K/opt/ros/melodic/include/ros/wall_timer.h:52:50:[m[K [01;35m[Kwarning: [m[Kdefaulted and deleted functions only available with -std=c++11 or -std=gnu++11
   WallTimer& operator=(const WallTimer& other) = default;
[01;32m[K                                                  ^[m[K
In file included from [01m[K/opt/ros/melodic/include/ros/node_handle.h:39:0[m[K,
                 from [01m[K/opt/ros/melodic/include/ros/ros.h:45[m[K,
                 from [01m[K/opt/ros/melodic/include/tf2_ros/buffer.h:38[m[K,
                 from [01m[K/home/xavier/catkin_ws/src/move_base_flex/mbf_utility/include/mbf_utility/types.h:47[m[K,
                 from [01m[K/home/xavier/catkin_ws/src/move_base_flex/mbf_utility/include/mbf_utility/robot_information.h:48[m[K,
                 from [01m[K/home/xavier/catkin_ws/src/move_base_flex/mbf_utility/src/robot_information.cpp:39[m[K:
[01m[K/opt/ros/melodic/include/ros/steady_timer.h:52:54:[m[K [01;35m[Kwarning: [m[Kdefaulted and deleted functions only available with -std=c++11 or -std=gnu++11
   SteadyTimer& operator=(const SteadyTimer& other) = default;
[01;32m[K                                                      ^[m[K
In file included from [01m[K/opt/ros/melodic/include/ros/node_handle.h:32:0[m[K,
                 from [01m[K/opt/ros/melodic/include/ros/ros.h:45[m[K,
                 from [01m[K/opt/ros/melodic/include/tf2_ros/buffer.h:38[m[K,
                 from [01m[K/opt/ros/melodic/include/tf/tf.h:49[m[K,
                 from [01m[K/home/xavier/catkin_ws/src/move_base_flex/mbf_utility/src/navigation_utility.cpp:41[m[K:
[01m[K/opt/ros/melodic/include/ros/publisher.h:53:52:[m[K [01;35m[Kwarning: [m[Kdefaulted and deleted functions only available with -std=c++11 or -std=gnu++11
     Publisher& operator=(const Publisher& other) = default;
[01;32m[K                                                    ^[m[K
In file included from [01m[K/opt/ros/melodic/include/ros/node_handle.h:33:0[m[K,
                 from [01m[K/opt/ros/melodic/include/ros/ros.h:45[m[K,
                 from [01m[K/opt/ros/melodic/include/tf2_ros/buffer.h:38[m[K,
                 from [01m[K/opt/ros/melodic/include/tf/tf.h:49[m[K,
                 from [01m[K/home/xavier/catkin_ws/src/move_base_flex/mbf_utility/src/navigation_utility.cpp:41[m[K:
[01m[K/opt/ros/melodic/include/ros/subscriber.h:52:52:[m[K [01;35m[Kwarning: [m[Kdefaulted and deleted functions only available with -std=c++11 or -std=gnu++11
   Subscriber& operator=(const Subscriber& other) = default;
[01;32m[K                                                    ^[m[K
In file included from [01m[K/opt/ros/melodic/include/ros/node_handle.h:34:0[m[K,
                 from [01m[K/opt/ros/melodic/include/ros/ros.h:45[m[K,
                 from [01m[K/opt/ros/melodic/include/tf2_ros/buffer.h:38[m[K,
                 from [01m[K/opt/ros/melodic/include/tf/tf.h:49[m[K,
                 from [01m[K/home/xavier/catkin_ws/src/move_base_flex/mbf_utility/src/navigation_utility.cpp:41[m[K:
[01m[K/opt/ros/melodic/include/ros/service_server.h:51:58:[m[K [01;35m[Kwarning: [m[Kdefaulted and deleted functions only available with -std=c++11 or -std=gnu++11
   ServiceServer& operator=(const ServiceServer& other) = default;
[01;32m[K                                                          ^[m[K
In file included from [01m[K/opt/ros/melodic/include/ros/node_handle.h:35:0[m[K,
                 from [01m[K/opt/ros/melodic/include/ros/ros.h:45[m[K,
                 from [01m[K/opt/ros/melodic/include/tf2_ros/buffer.h:38[m[K,
                 from [01m[K/opt/ros/melodic/include/tf/tf.h:49[m[K,
                 from [01m[K/home/xavier/catkin_ws/src/move_base_flex/mbf_utility/src/navigation_utility.cpp:41[m[K:
[01m[K/opt/ros/melodic/include/ros/service_client.h:49:58:[m[K [01;35m[Kwarning: [m[Kdefaulted and deleted functions only available with -std=c++11 or -std=gnu++11
   ServiceClient& operator=(const ServiceClient& other) = default;
[01;32m[K                                                          ^[m[K
In file included from [01m[K/opt/ros/melodic/include/ros/node_handle.h:36:0[m[K,
                 from [01m[K/opt/ros/melodic/include/ros/ros.h:45[m[K,
                 from [01m[K/opt/ros/melodic/include/tf2_ros/buffer.h:38[m[K,
                 from [01m[K/opt/ros/melodic/include/tf/tf.h:49[m[K,
                 from [01m[K/home/xavier/catkin_ws/src/move_base_flex/mbf_utility/src/navigation_utility.cpp:41[m[K:
[01m[K/opt/ros/melodic/include/ros/timer.h:52:42:[m[K [01;35m[Kwarning: [m[Kdefaulted and deleted functions only available with -std=c++11 or -std=gnu++11
   Timer& operator=(const Timer& other) = default;
[01;32m[K                                          ^[m[K
In file included from [01m[K/opt/ros/melodic/include/ros/node_handle.h:38:0[m[K,
                 from [01m[K/opt/ros/melodic/include/ros/ros.h:45[m[K,
                 from [01m[K/opt/ros/melodic/include/tf2_ros/buffer.h:38[m[K,
                 from [01m[K/opt/ros/melodic/include/tf/tf.h:49[m[K,
                 from [01m[K/home/xavier/catkin_ws/src/move_base_flex/mbf_utility/src/navigation_utility.cpp:41[m[K:
[01m[K/opt/ros/melodic/include/ros/wall_timer.h:52:50:[m[K [01;35m[Kwarning: [m[Kdefaulted and deleted functions only available with -std=c++11 or -std=gnu++11
   WallTimer& operator=(const WallTimer& other) = default;
[01;32m[K                                                  ^[m[K
In file included from [01m[K/opt/ros/melodic/include/ros/node_handle.h:39:0[m[K,
                 from [01m[K/opt/ros/melodic/include/ros/ros.h:45[m[K,
                 from [01m[K/opt/ros/melodic/include/tf2_ros/buffer.h:38[m[K,
                 from [01m[K/opt/ros/melodic/include/tf/tf.h:49[m[K,
                 from [01m[K/home/xavier/catkin_ws/src/move_base_flex/mbf_utility/src/navigation_utility.cpp:41[m[K:
[01m[K/opt/ros/melodic/include/ros/steady_timer.h:52:54:[m[K [01;35m[Kwarning: [m[Kdefaulted and deleted functions only available with -std=c++11 or -std=gnu++11
   SteadyTimer& operator=(const SteadyTimer& other) = default;
[01;32m[K                                                      ^[m[K
In file included from [01m[K/home/xavier/catkin_ws/src/move_base_flex/mbf_utility/include/mbf_utility/navigation_utility.h:50:0[m[K,
                 from [01m[K/home/xavier/catkin_ws/src/move_base_flex/mbf_utility/src/robot_information.cpp:40[m[K:
[01m[K/opt/ros/melodic/include/tf2_geometry_msgs/tf2_geometry_msgs.h:1009:55:[m[K [01;31m[Kerror: [m[K‘[01m[Karray[m[K’ is not a member of ‘[01m[Kstd[m[K’
 geometry_msgs::WrenchStamped toMsg(const tf2::Stamped<std::array<tf2::Vector3, 2>>& in, geometry_msgs::WrenchStamped & out)
[01;32m[K                                                       ^[m[K
[01m[K/opt/ros/melodic/include/tf2_geometry_msgs/tf2_geometry_msgs.h:1009:55:[m[K [01;36m[Knote: [m[Ksuggested alternative:
In file included from [01m[K/opt/ros/melodic/include/ros/serialization.h:45:0[m[K,
                 from [01m[K/opt/ros/melodic/include/geometry_msgs/PoseStamped.h:14[m[K,
                 from [01m[K/home/xavier/catkin_ws/src/move_base_flex/mbf_utility/include/mbf_utility/robot_information.h:43[m[K,
                 from [01m[K/home/xavier/catkin_ws/src/move_base_flex/mbf_utility/src/robot_information.cpp:39[m[K:
[01m[K/usr/include/boost/array.hpp:61:11:[m[K [01;36m[Knote: [m[K  ‘[01m[Kboost::array[m[K’
     class array {
[01;32m[K           ^[m[K
In file included from [01m[K/home/xavier/catkin_ws/src/move_base_flex/mbf_utility/include/mbf_utility/navigation_utility.h:50:0[m[K,
                 from [01m[K/home/xavier/catkin_ws/src/move_base_flex/mbf_utility/src/robot_information.cpp:40[m[K:
[01m[K/opt/ros/melodic/include/tf2_geometry_msgs/tf2_geometry_msgs.h:1009:55:[m[K [01;31m[Kerror: [m[K‘[01m[Karray[m[K’ is not a member of ‘[01m[Kstd[m[K’
 geometry_msgs::WrenchStamped toMsg(const tf2::Stamped<std::array<tf2::Vector3, 2>>& in, geometry_msgs::WrenchStamped & out)
[01;32m[K                                                       ^[m[K
[01m[K/opt/ros/melodic/include/tf2_geometry_msgs/tf2_geometry_msgs.h:1009:55:[m[K [01;36m[Knote: [m[Ksuggested alternative:
In file included from [01m[K/opt/ros/melodic/include/ros/serialization.h:45:0[m[K,
                 from [01m[K/opt/ros/melodic/include/geometry_msgs/PoseStamped.h:14[m[K,
                 from [01m[K/home/xavier/catkin_ws/src/move_base_flex/mbf_utility/include/mbf_utility/robot_information.h:43[m[K,
                 from [01m[K/home/xavier/catkin_ws/src/move_base_flex/mbf_utility/src/robot_information.cpp:39[m[K:
[01m[K/usr/include/boost/array.hpp:61:11:[m[K [01;36m[Knote: [m[K  ‘[01m[Kboost::array[m[K’
     class array {
[01;32m[K           ^[m[K
In file included from [01m[K/home/xavier/catkin_ws/src/move_base_flex/mbf_utility/include/mbf_utility/navigation_utility.h:50:0[m[K,
                 from [01m[K/home/xavier/catkin_ws/src/move_base_flex/mbf_utility/src/robot_information.cpp:40[m[K:
[01m[K/opt/ros/melodic/include/tf2_geometry_msgs/tf2_geometry_msgs.h:1009:81:[m[K [01;31m[Kerror: [m[Kspurious ‘[01m[K>>[m[K’, use ‘[01m[K>[m[K’ to terminate a template argument list
 geometry_msgs::WrenchStamped toMsg(const tf2::Stamped<std::array<tf2::Vector3, 2>>& in, geometry_msgs::WrenchStamped & out)
[01;32m[K                                                                                 ^[m[K
[01m[K/opt/ros/melodic/include/tf2_geometry_msgs/tf2_geometry_msgs.h:1009:81:[m[K [01;31m[Kerror: [m[Kwrong number of template arguments (2, should be 1)
In file included from [01m[K/opt/ros/melodic/include/tf2_ros/buffer_interface.h:36:0[m[K,
                 from [01m[K/opt/ros/melodic/include/tf2_ros/buffer.h:35[m[K,
                 from [01m[K/home/xavier/catkin_ws/src/move_base_flex/mbf_utility/include/mbf_utility/types.h:47[m[K,
                 from [01m[K/home/xavier/catkin_ws/src/move_base_flex/mbf_utility/include/mbf_utility/robot_information.h:48[m[K,
                 from [01m[K/home/xavier/catkin_ws/src/move_base_flex/mbf_utility/src/robot_information.cpp:39[m[K:
[01m[K/opt/ros/melodic/include/tf2/transform_datatypes.h:44:7:[m[K [01;36m[Knote: [m[Kprovided for ‘[01m[Ktemplate<class T> class tf2::Stamped[m[K’
 class Stamped : public T{
[01;32m[K       ^[m[K
In file included from [01m[K/home/xavier/catkin_ws/src/move_base_flex/mbf_utility/include/mbf_utility/navigation_utility.h:50:0[m[K,
                 from [01m[K/home/xavier/catkin_ws/src/move_base_flex/mbf_utility/src/robot_information.cpp:40[m[K:
[01m[K/opt/ros/melodic/include/tf2_geometry_msgs/tf2_geometry_msgs.h:1009:55:[m[K [01;31m[Kerror: [m[K‘[01m[Karray[m[K’ is not a member of ‘[01m[Kstd[m[K’
 geometry_msgs::WrenchStamped toMsg(const tf2::Stamped<std::array<tf2::Vector3, 2>>& in, geometry_msgs::WrenchStamped & out)
[01;32m[K                                                       ^[m[K
[01m[K/opt/ros/melodic/include/tf2_geometry_msgs/tf2_geometry_msgs.h:1009:55:[m[K [01;36m[Knote: [m[Ksuggested alternative:
In file included from [01m[K/opt/ros/melodic/include/ros/serialization.h:45:0[m[K,
                 from [01m[K/opt/ros/melodic/include/geometry_msgs/PoseStamped.h:14[m[K,
                 from [01m[K/home/xavier/catkin_ws/src/move_base_flex/mbf_utility/include/mbf_utility/robot_information.h:43[m[K,
                 from [01m[K/home/xavier/catkin_ws/src/move_base_flex/mbf_utility/src/robot_information.cpp:39[m[K:
[01m[K/usr/include/boost/array.hpp:61:11:[m[K [01;36m[Knote: [m[K  ‘[01m[Kboost::array[m[K’
     class array {
[01;32m[K           ^[m[K
In file included from [01m[K/home/xavier/catkin_ws/src/move_base_flex/mbf_utility/include/mbf_utility/navigation_utility.h:50:0[m[K,
                 from [01m[K/home/xavier/catkin_ws/src/move_base_flex/mbf_utility/src/robot_information.cpp:40[m[K:
[01m[K/opt/ros/melodic/include/tf2_geometry_msgs/tf2_geometry_msgs.h:1009:55:[m[K [01;31m[Kerror: [m[K‘[01m[Karray[m[K’ is not a member of ‘[01m[Kstd[m[K’
 geometry_msgs::WrenchStamped toMsg(const tf2::Stamped<std::array<tf2::Vector3, 2>>& in, geometry_msgs::WrenchStamped & out)
[01;32m[K                                                       ^[m[K
[01m[K/opt/ros/melodic/include/tf2_geometry_msgs/tf2_geometry_msgs.h:1009:55:[m[K [01;36m[Knote: [m[Ksuggested alternative:
In file included from [01m[K/opt/ros/melodic/include/ros/serialization.h:45:0[m[K,
                 from [01m[K/opt/ros/melodic/include/geometry_msgs/PoseStamped.h:14[m[K,
                 from [01m[K/home/xavier/catkin_ws/src/move_base_flex/mbf_utility/include/mbf_utility/robot_information.h:43[m[K,
                 from [01m[K/home/xavier/catkin_ws/src/move_base_flex/mbf_utility/src/robot_information.cpp:39[m[K:
[01m[K/usr/include/boost/array.hpp:61:11:[m[K [01;36m[Knote: [m[K  ‘[01m[Kboost::array[m[K’
     class array {
[01;32m[K           ^[m[K
In file included from [01m[K/home/xavier/catkin_ws/src/move_base_flex/mbf_utility/include/mbf_utility/navigation_utility.h:50:0[m[K,
                 from [01m[K/home/xavier/catkin_ws/src/move_base_flex/mbf_utility/src/robot_information.cpp:40[m[K:
[01m[K/opt/ros/melodic/include/tf2_geometry_msgs/tf2_geometry_msgs.h:1009:81:[m[K [01;31m[Kerror: [m[Kspurious ‘[01m[K>>[m[K’, use ‘[01m[K>[m[K’ to terminate a template argument list
 geometry_msgs::WrenchStamped toMsg(const tf2::Stamped<std::array<tf2::Vector3, 2>>& in, geometry_msgs::WrenchStamped & out)
[01;32m[K                                                                                 ^[m[K
[01m[K/opt/ros/melodic/include/tf2_geometry_msgs/tf2_geometry_msgs.h:1009:81:[m[K [01;31m[Kerror: [m[Kwrong number of template arguments (2, should be 1)
In file included from [01m[K/opt/ros/melodic/include/tf2_ros/buffer_interface.h:36:0[m[K,
                 from [01m[K/opt/ros/melodic/include/tf2_ros/buffer.h:35[m[K,
                 from [01m[K/home/xavier/catkin_ws/src/move_base_flex/mbf_utility/include/mbf_utility/types.h:47[m[K,
                 from [01m[K/home/xavier/catkin_ws/src/move_base_flex/mbf_utility/include/mbf_utility/robot_information.h:48[m[K,
                 from [01m[K/home/xavier/catkin_ws/src/move_base_flex/mbf_utility/src/robot_information.cpp:39[m[K:
[01m[K/opt/ros/melodic/include/tf2/transform_datatypes.h:44:7:[m[K [01;36m[Knote: [m[Kprovided for ‘[01m[Ktemplate<class T> class tf2::Stamped[m[K’
 class Stamped : public T{
[01;32m[K       ^[m[K
In file included from [01m[K/home/xavier/catkin_ws/src/move_base_flex/mbf_utility/include/mbf_utility/navigation_utility.h:50:0[m[K,
                 from [01m[K/home/xavier/catkin_ws/src/move_base_flex/mbf_utility/src/robot_information.cpp:40[m[K:
[01m[K/opt/ros/melodic/include/tf2_geometry_msgs/tf2_geometry_msgs.h:1009:55:[m[K [01;31m[Kerror: [m[K‘[01m[Karray[m[K’ is not a member of ‘[01m[Kstd[m[K’
 geometry_msgs::WrenchStamped toMsg(const tf2::Stamped<std::array<tf2::Vector3, 2>>& in, geometry_msgs::WrenchStamped & out)
[01;32m[K                                                       ^[m[K
[01m[K/opt/ros/melodic/include/tf2_geometry_msgs/tf2_geometry_msgs.h:1009:55:[m[K [01;36m[Knote: [m[Ksuggested alternative:
In file included from [01m[K/opt/ros/melodic/include/ros/serialization.h:45:0[m[K,
                 from [01m[K/opt/ros/melodic/include/geometry_msgs/PoseStamped.h:14[m[K,
                 from [01m[K/home/xavier/catkin_ws/src/move_base_flex/mbf_utility/include/mbf_utility/robot_information.h:43[m[K,
                 from [01m[K/home/xavier/catkin_ws/src/move_base_flex/mbf_utility/src/robot_information.cpp:39[m[K:
[01m[K/usr/include/boost/array.hpp:61:11:[m[K [01;36m[Knote: [m[K  ‘[01m[Kboost::array[m[K’
     class array {
[01;32m[K           ^[m[K
In file included from [01m[K/home/xavier/catkin_ws/src/move_base_flex/mbf_utility/include/mbf_utility/navigation_utility.h:50:0[m[K,
                 from [01m[K/home/xavier/catkin_ws/src/move_base_flex/mbf_utility/src/robot_information.cpp:40[m[K:
[01m[K/opt/ros/melodic/include/tf2_geometry_msgs/tf2_geometry_msgs.h:1009:55:[m[K [01;31m[Kerror: [m[K‘[01m[Karray[m[K’ is not a member of ‘[01m[Kstd[m[K’
 geometry_msgs::WrenchStamped toMsg(const tf2::Stamped<std::array<tf2::Vector3, 2>>& in, geometry_msgs::WrenchStamped & out)
[01;32m[K                                                       ^[m[K
[01m[K/opt/ros/melodic/include/tf2_geometry_msgs/tf2_geometry_msgs.h:1009:55:[m[K [01;36m[Knote: [m[Ksuggested alternative:
In file included from [01m[K/opt/ros/melodic/include/ros/serialization.h:45:0[m[K,
                 from [01m[K/opt/ros/melodic/include/geometry_msgs/PoseStamped.h:14[m[K,
                 from [01m[K/home/xavier/catkin_ws/src/move_base_flex/mbf_utility/include/mbf_utility/robot_information.h:43[m[K,
                 from [01m[K/home/xavier/catkin_ws/src/move_base_flex/mbf_utility/src/robot_information.cpp:39[m[K:
[01m[K/usr/include/boost/array.hpp:61:11:[m[K [01;36m[Knote: [m[K  ‘[01m[Kboost::array[m[K’
     class array {
[01;32m[K           ^[m[K
In file included from [01m[K/home/xavier/catkin_ws/src/move_base_flex/mbf_utility/include/mbf_utility/navigation_utility.h:50:0[m[K,
                 from [01m[K/home/xavier/catkin_ws/src/move_base_flex/mbf_utility/src/robot_information.cpp:40[m[K:
[01m[K/opt/ros/melodic/include/tf2_geometry_msgs/tf2_geometry_msgs.h:1009:81:[m[K [01;31m[Kerror: [m[Kspurious ‘[01m[K>>[m[K’, use ‘[01m[K>[m[K’ to terminate a template argument list
 geometry_msgs::WrenchStamped toMsg(const tf2::Stamped<std::array<tf2::Vector3, 2>>& in, geometry_msgs::WrenchStamped & out)
[01;32m[K                                                                                 ^[m[K
[01m[K/opt/ros/melodic/include/tf2_geometry_msgs/tf2_geometry_msgs.h:1009:81:[m[K [01;31m[Kerror: [m[Kwrong number of template arguments (2, should be 1)
In file included from [01m[K/opt/ros/melodic/include/tf2_ros/buffer_interface.h:36:0[m[K,
                 from [01m[K/opt/ros/melodic/include/tf2_ros/buffer.h:35[m[K,
                 from [01m[K/home/xavier/catkin_ws/src/move_base_flex/mbf_utility/include/mbf_utility/types.h:47[m[K,
                 from [01m[K/home/xavier/catkin_ws/src/move_base_flex/mbf_utility/include/mbf_utility/robot_information.h:48[m[K,
                 from [01m[K/home/xavier/catkin_ws/src/move_base_flex/mbf_utility/src/robot_information.cpp:39[m[K:
[01m[K/opt/ros/melodic/include/tf2/transform_datatypes.h:44:7:[m[K [01;36m[Knote: [m[Kprovided for ‘[01m[Ktemplate<class T> class tf2::Stamped[m[K’
 class Stamped : public T{
[01;32m[K       ^[m[K
In file included from [01m[K/home/xavier/catkin_ws/src/move_base_flex/mbf_utility/include/mbf_utility/navigation_utility.h:50:0[m[K,
                 from [01m[K/home/xavier/catkin_ws/src/move_base_flex/mbf_utility/src/robot_information.cpp:40[m[K:
[01m[K/opt/ros/melodic/include/tf2_geometry_msgs/tf2_geometry_msgs.h:1009:55:[m[K [01;31m[Kerror: [m[K‘[01m[Karray[m[K’ is not a member of ‘[01m[Kstd[m[K’
 geometry_msgs::WrenchStamped toMsg(const tf2::Stamped<std::array<tf2::Vector3, 2>>& in, geometry_msgs::WrenchStamped & out)
[01;32m[K                                                       ^[m[K
[01m[K/opt/ros/melodic/include/tf2_geometry_msgs/tf2_geometry_msgs.h:1009:55:[m[K [01;36m[Knote: [m[Ksuggested alternative:
In file included from [01m[K/opt/ros/melodic/include/ros/serialization.h:45:0[m[K,
                 from [01m[K/opt/ros/melodic/include/geometry_msgs/PoseStamped.h:14[m[K,
                 from [01m[K/home/xavier/catkin_ws/src/move_base_flex/mbf_utility/include/mbf_utility/robot_information.h:43[m[K,
                 from [01m[K/home/xavier/catkin_ws/src/move_base_flex/mbf_utility/src/robot_information.cpp:39[m[K:
[01m[K/usr/include/boost/array.hpp:61:11:[m[K [01;36m[Knote: [m[K  ‘[01m[Kboost::array[m[K’
     class array {
[01;32m[K           ^[m[K
In file included from [01m[K/home/xavier/catkin_ws/src/move_base_flex/mbf_utility/include/mbf_utility/navigation_utility.h:50:0[m[K,
                 from [01m[K/home/xavier/catkin_ws/src/move_base_flex/mbf_utility/src/robot_information.cpp:40[m[K:
[01m[K/opt/ros/melodic/include/tf2_geometry_msgs/tf2_geometry_msgs.h:1009:55:[m[K [01;31m[Kerror: [m[K‘[01m[Karray[m[K’ is not a member of ‘[01m[Kstd[m[K’
 geometry_msgs::WrenchStamped toMsg(const tf2::Stamped<std::array<tf2::Vector3, 2>>& in, geometry_msgs::WrenchStamped & out)
[01;32m[K                                                       ^[m[K
[01m[K/opt/ros/melodic/include/tf2_geometry_msgs/tf2_geometry_msgs.h:1009:55:[m[K [01;36m[Knote: [m[Ksuggested alternative:
In file included from [01m[K/opt/ros/melodic/include/ros/serialization.h:45:0[m[K,
                 from [01m[K/opt/ros/melodic/include/geometry_msgs/PoseStamped.h:14[m[K,
                 from [01m[K/home/xavier/catkin_ws/src/move_base_flex/mbf_utility/include/mbf_utility/robot_information.h:43[m[K,
                 from [01m[K/home/xavier/catkin_ws/src/move_base_flex/mbf_utility/src/robot_information.cpp:39[m[K:
[01m[K/usr/include/boost/array.hpp:61:11:[m[K [01;36m[Knote: [m[K  ‘[01m[Kboost::array[m[K’
     class array {
[01;32m[K           ^[m[K
In file included from [01m[K/home/xavier/catkin_ws/src/move_base_flex/mbf_utility/include/mbf_utility/navigation_utility.h:50:0[m[K,
                 from [01m[K/home/xavier/catkin_ws/src/move_base_flex/mbf_utility/src/robot_information.cpp:40[m[K:
[01m[K/opt/ros/melodic/include/tf2_geometry_msgs/tf2_geometry_msgs.h:1009:81:[m[K [01;31m[Kerror: [m[Kspurious ‘[01m[K>>[m[K’, use ‘[01m[K>[m[K’ to terminate a template argument list
 geometry_msgs::WrenchStamped toMsg(const tf2::Stamped<std::array<tf2::Vector3, 2>>& in, geometry_msgs::WrenchStamped & out)
[01;32m[K                                                                                 ^[m[K
[01m[K/opt/ros/melodic/include/tf2_geometry_msgs/tf2_geometry_msgs.h:1009:81:[m[K [01;31m[Kerror: [m[Kwrong number of template arguments (2, should be 1)
In file included from [01m[K/opt/ros/melodic/include/tf2_ros/buffer_interface.h:36:0[m[K,
                 from [01m[K/opt/ros/melodic/include/tf2_ros/buffer.h:35[m[K,
                 from [01m[K/home/xavier/catkin_ws/src/move_base_flex/mbf_utility/include/mbf_utility/types.h:47[m[K,
                 from [01m[K/home/xavier/catkin_ws/src/move_base_flex/mbf_utility/include/mbf_utility/robot_information.h:48[m[K,
                 from [01m[K/home/xavier/catkin_ws/src/move_base_flex/mbf_utility/src/robot_information.cpp:39[m[K:
[01m[K/opt/ros/melodic/include/tf2/transform_datatypes.h:44:7:[m[K [01;36m[Knote: [m[Kprovided for ‘[01m[Ktemplate<class T> class tf2::Stamped[m[K’
 class Stamped : public T{
[01;32m[K       ^[m[K
In file included from [01m[K/home/xavier/catkin_ws/src/move_base_flex/mbf_utility/include/mbf_utility/navigation_utility.h:50:0[m[K,
                 from [01m[K/home/xavier/catkin_ws/src/move_base_flex/mbf_utility/src/robot_information.cpp:40[m[K:
[01m[K/opt/ros/melodic/include/tf2_geometry_msgs/tf2_geometry_msgs.h:1009:42:[m[K [01;31m[Kerror: [m[Kinvalid use of template-name ‘[01m[Ktf2::Stamped[m[K’ without an argument list
 geometry_msgs::WrenchStamped toMsg(const tf2::Stamped<std::array<tf2::Vector3, 2>>& in, geometry_msgs::WrenchStamped & out)
[01;32m[K                                          ^[m[K
[01m[K/opt/ros/melodic/include/tf2_geometry_msgs/tf2_geometry_msgs.h:1009:54:[m[K [01;31m[Kerror: [m[Kexpected ‘[01m[K,[m[K’ or ‘[01m[K...[m[K’ before ‘[01m[K<[m[K’ token
 geometry_msgs::WrenchStamped toMsg(const tf2::Stamped<std::array<tf2::Vector3, 2>>& in, geometry_msgs::WrenchStamped & out)
[01;32m[K                                                      ^[m[K
[01m[K/opt/ros/melodic/include/tf2_geometry_msgs/tf2_geometry_msgs.h:[m[K In function ‘[01m[Kgeometry_msgs::WrenchStamped tf2::toMsg(int)[m[K’:
[01m[K/opt/ros/melodic/include/tf2_geometry_msgs/tf2_geometry_msgs.h:1011:3:[m[K [01;31m[Kerror: [m[K‘[01m[Kout[m[K’ was not declared in this scope
   out.header.stamp = in.stamp_;
[01;32m[K   ^[m[K
[01m[K/opt/ros/melodic/include/tf2_geometry_msgs/tf2_geometry_msgs.h:1011:22:[m[K [01;31m[Kerror: [m[K‘[01m[Kin[m[K’ was not declared in this scope
   out.header.stamp = in.stamp_;
[01;32m[K                      ^[m[K
[01m[K/opt/ros/melodic/include/tf2_geometry_msgs/tf2_geometry_msgs.h:[m[K At global scope:
[01m[K/opt/ros/melodic/include/tf2_geometry_msgs/tf2_geometry_msgs.h:1020:68:[m[K [01;31m[Kerror: [m[K‘[01m[Karray[m[K’ is not a member of ‘[01m[Kstd[m[K’
 void fromMsg(const geometry_msgs::WrenchStamped& msg, tf2::Stamped<std::array<tf2::Vector3, 2>>& out)
[01;32m[K                                                                    ^[m[K
[01m[K/opt/ros/melodic/include/tf2_geometry_msgs/tf2_geometry_msgs.h:1020:68:[m[K [01;36m[Knote: [m[Ksuggested alternative:
In file included from [01m[K/opt/ros/melodic/include/ros/serialization.h:45:0[m[K,
                 from [01m[K/opt/ros/melodic/include/geometry_msgs/PoseStamped.h:14[m[K,
                 from [01m[K/home/xavier/catkin_ws/src/move_base_flex/mbf_utility/include/mbf_utility/robot_information.h:43[m[K,
                 from [01m[K/home/xavier/catkin_ws/src/move_base_flex/mbf_utility/src/robot_information.cpp:39[m[K:
[01m[K/usr/include/boost/array.hpp:61:11:[m[K [01;36m[Knote: [m[K  ‘[01m[Kboost::array[m[K’
     class array {
[01;32m[K           ^[m[K
In file included from [01m[K/home/xavier/catkin_ws/src/move_base_flex/mbf_utility/include/mbf_utility/navigation_utility.h:50:0[m[K,
                 from [01m[K/home/xavier/catkin_ws/src/move_base_flex/mbf_utility/src/robot_information.cpp:40[m[K:
[01m[K/opt/ros/melodic/include/tf2_geometry_msgs/tf2_geometry_msgs.h:1020:68:[m[K [01;31m[Kerror: [m[K‘[01m[Karray[m[K’ is not a member of ‘[01m[Kstd[m[K’
 void fromMsg(const geometry_msgs::WrenchStamped& msg, tf2::Stamped<std::array<tf2::Vector3, 2>>& out)
[01;32m[K                                                                    ^[m[K
[01m[K/opt/ros/melodic/include/tf2_geometry_msgs/tf2_geometry_msgs.h:1020:68:[m[K [01;36m[Knote: [m[Ksuggested alternative:
In file included from [01m[K/opt/ros/melodic/include/ros/serialization.h:45:0[m[K,
                 from [01m[K/opt/ros/melodic/include/geometry_msgs/PoseStamped.h:14[m[K,
                 from [01m[K/home/xavier/catkin_ws/src/move_base_flex/mbf_utility/include/mbf_utility/robot_information.h:43[m[K,
                 from [01m[K/home/xavier/catkin_ws/src/move_base_flex/mbf_utility/src/robot_information.cpp:39[m[K:
[01m[K/usr/include/boost/array.hpp:61:11:[m[K [01;36m[Knote: [m[K  ‘[01m[Kboost::array[m[K’
     class array {
[01;32m[K           ^[m[K
In file included from [01m[K/home/xavier/catkin_ws/src/move_base_flex/mbf_utility/include/mbf_utility/navigation_utility.h:50:0[m[K,
                 from [01m[K/home/xavier/catkin_ws/src/move_base_flex/mbf_utility/src/robot_information.cpp:40[m[K:
[01m[K/opt/ros/melodic/include/tf2_geometry_msgs/tf2_geometry_msgs.h:1020:94:[m[K [01;31m[Kerror: [m[Kspurious ‘[01m[K>>[m[K’, use ‘[01m[K>[m[K’ to terminate a template argument list
 void fromMsg(const geometry_msgs::WrenchStamped& msg, tf2::Stamped<std::array<tf2::Vector3, 2>>& out)
[01;32m[K                                                                                              ^[m[K
[01m[K/opt/ros/melodic/include/tf2_geometry_msgs/tf2_geometry_msgs.h:1020:94:[m[K [01;31m[Kerror: [m[Kwrong number of template arguments (2, should be 1)
In file included from [01m[K/opt/ros/melodic/include/tf2_ros/buffer_interface.h:36:0[m[K,
                 from [01m[K/opt/ros/melodic/include/tf2_ros/buffer.h:35[m[K,
                 from [01m[K/home/xavier/catkin_ws/src/move_base_flex/mbf_utility/include/mbf_utility/types.h:47[m[K,
                 from [01m[K/home/xavier/catkin_ws/src/move_base_flex/mbf_utility/include/mbf_utility/robot_information.h:48[m[K,
                 from [01m[K/home/xavier/catkin_ws/src/move_base_flex/mbf_utility/src/robot_information.cpp:39[m[K:
[01m[K/opt/ros/melodic/include/tf2/transform_datatypes.h:44:7:[m[K [01;36m[Knote: [m[Kprovided for ‘[01m[Ktemplate<class T> class tf2::Stamped[m[K’
 class Stamped : public T{
[01;32m[K       ^[m[K
In file included from [01m[K/home/xavier/catkin_ws/src/move_base_flex/mbf_utility/include/mbf_utility/navigation_utility.h:50:0[m[K,
                 from [01m[K/home/xavier/catkin_ws/src/move_base_flex/mbf_utility/src/robot_information.cpp:40[m[K:
[01m[K/opt/ros/melodic/include/tf2_geometry_msgs/tf2_geometry_msgs.h:1020:68:[m[K [01;31m[Kerror: [m[K‘[01m[Karray[m[K’ is not a member of ‘[01m[Kstd[m[K’
 void fromMsg(const geometry_msgs::WrenchStamped& msg, tf2::Stamped<std::array<tf2::Vector3, 2>>& out)
[01;32m[K                                                                    ^[m[K
[01m[K/opt/ros/melodic/include/tf2_geometry_msgs/tf2_geometry_msgs.h:1020:68:[m[K [01;36m[Knote: [m[Ksuggested alternative:
In file included from [01m[K/opt/ros/melodic/include/ros/serialization.h:45:0[m[K,
                 from [01m[K/opt/ros/melodic/include/geometry_msgs/PoseStamped.h:14[m[K,
                 from [01m[K/home/xavier/catkin_ws/src/move_base_flex/mbf_utility/include/mbf_utility/robot_information.h:43[m[K,
                 from [01m[K/home/xavier/catkin_ws/src/move_base_flex/mbf_utility/src/robot_information.cpp:39[m[K:
[01m[K/usr/include/boost/array.hpp:61:11:[m[K [01;36m[Knote: [m[K  ‘[01m[Kboost::array[m[K’
     class array {
[01;32m[K           ^[m[K
In file included from [01m[K/home/xavier/catkin_ws/src/move_base_flex/mbf_utility/include/mbf_utility/navigation_utility.h:50:0[m[K,
                 from [01m[K/home/xavier/catkin_ws/src/move_base_flex/mbf_utility/src/robot_information.cpp:40[m[K:
[01m[K/opt/ros/melodic/include/tf2_geometry_msgs/tf2_geometry_msgs.h:1020:68:[m[K [01;31m[Kerror: [m[K‘[01m[Karray[m[K’ is not a member of ‘[01m[Kstd[m[K’
 void fromMsg(const geometry_msgs::WrenchStamped& msg, tf2::Stamped<std::array<tf2::Vector3, 2>>& out)
[01;32m[K                                                                    ^[m[K
[01m[K/opt/ros/melodic/include/tf2_geometry_msgs/tf2_geometry_msgs.h:1020:68:[m[K [01;36m[Knote: [m[Ksuggested alternative:
In file included from [01m[K/opt/ros/melodic/include/ros/serialization.h:45:0[m[K,
                 from [01m[K/opt/ros/melodic/include/geometry_msgs/PoseStamped.h:14[m[K,
                 from [01m[K/home/xavier/catkin_ws/src/move_base_flex/mbf_utility/include/mbf_utility/robot_information.h:43[m[K,
                 from [01m[K/home/xavier/catkin_ws/src/move_base_flex/mbf_utility/src/robot_information.cpp:39[m[K:
[01m[K/usr/include/boost/array.hpp:61:11:[m[K [01;36m[Knote: [m[K  ‘[01m[Kboost::array[m[K’
     class array {
[01;32m[K           ^[m[K
In file included from [01m[K/home/xavier/catkin_ws/src/move_base_flex/mbf_utility/include/mbf_utility/navigation_utility.h:50:0[m[K,
                 from [01m[K/home/xavier/catkin_ws/src/move_base_flex/mbf_utility/src/robot_information.cpp:40[m[K:
[01m[K/opt/ros/melodic/include/tf2_geometry_msgs/tf2_geometry_msgs.h:1020:94:[m[K [01;31m[Kerror: [m[Kspurious ‘[01m[K>>[m[K’, use ‘[01m[K>[m[K’ to terminate a template argument list
 void fromMsg(const geometry_msgs::WrenchStamped& msg, tf2::Stamped<std::array<tf2::Vector3, 2>>& out)
[01;32m[K                                                                                              ^[m[K
[01m[K/opt/ros/melodic/include/tf2_geometry_msgs/tf2_geometry_msgs.h:1020:94:[m[K [01;31m[Kerror: [m[Kwrong number of template arguments (2, should be 1)
In file included from [01m[K/opt/ros/melodic/include/tf2_ros/buffer_interface.h:36:0[m[K,
                 from [01m[K/opt/ros/melodic/include/tf2_ros/buffer.h:35[m[K,
                 from [01m[K/home/xavier/catkin_ws/src/move_base_flex/mbf_utility/include/mbf_utility/types.h:47[m[K,
                 from [01m[K/home/xavier/catkin_ws/src/move_base_flex/mbf_utility/include/mbf_utility/robot_information.h:48[m[K,
                 from [01m[K/home/xavier/catkin_ws/src/move_base_flex/mbf_utility/src/robot_information.cpp:39[m[K:
[01m[K/opt/ros/melodic/include/tf2/transform_datatypes.h:44:7:[m[K [01;36m[Knote: [m[Kprovided for ‘[01m[Ktemplate<class T> class tf2::Stamped[m[K’
 class Stamped : public T{
[01;32m[K       ^[m[K
In file included from [01m[K/home/xavier/catkin_ws/src/move_base_flex/mbf_utility/include/mbf_utility/navigation_utility.h:50:0[m[K,
                 from [01m[K/home/xavier/catkin_ws/src/move_base_flex/mbf_utility/src/robot_information.cpp:40[m[K:
[01m[K/opt/ros/melodic/include/tf2_geometry_msgs/tf2_geometry_msgs.h:1020:60:[m[K [01;31m[Kerror: [m[K‘[01m[Ktf2::Stamped[m[K’ is not a type
 void fromMsg(const geometry_msgs::WrenchStamped& msg, tf2::Stamped<std::array<tf2::Vector3, 2>>& out)
[01;32m[K                                                            ^[m[K
[01m[K/opt/ros/melodic/include/tf2_geometry_msgs/tf2_geometry_msgs.h:1020:67:[m[K [01;31m[Kerror: [m[Kexpected ‘[01m[K,[m[K’ or ‘[01m[K...[m[K’ before ‘[01m[K<[m[K’ token
 void fromMsg(const geometry_msgs::WrenchStamped& msg, tf2::Stamped<std::array<tf2::Vector3, 2>>& out)
[01;32m[K                                                                   ^[m[K
[01m[K/opt/ros/melodic/include/tf2_geometry_msgs/tf2_geometry_msgs.h:[m[K In function ‘[01m[Kvoid tf2::fromMsg(const WrenchStamped&, int)[m[K’:
[01m[K/opt/ros/melodic/include/tf2_geometry_msgs/tf2_geometry_msgs.h:1022:3:[m[K [01;31m[Kerror: [m[K‘[01m[Kout[m[K’ was not declared in this scope
   out.stamp_ = msg.header.stamp;
[01;32m[K   ^[m[K
[01m[K/opt/ros/melodic/include/tf2_geometry_msgs/tf2_geometry_msgs.h:1028:3:[m[K [01;31m[Kerror: [m[K‘[01m[Karray[m[K’ is not a member of ‘[01m[Kstd[m[K’
   std::array<tf2::Vector3, 2> tmp_array;
[01;32m[K   ^[m[K
[01m[K/opt/ros/melodic/include/tf2_geometry_msgs/tf2_geometry_msgs.h:1028:3:[m[K [01;36m[Knote: [m[Ksuggested alternative:
In file included from [01m[K/opt/ros/melodic/include/ros/serialization.h:45:0[m[K,
                 from [01m[K/opt/ros/melodic/include/geometry_msgs/PoseStamped.h:14[m[K,
                 from [01m[K/home/xavier/catkin_ws/src/move_base_flex/mbf_utility/include/mbf_utility/robot_information.h:43[m[K,
                 from [01m[K/home/xavier/catkin_ws/src/move_base_flex/mbf_utility/src/robot_information.cpp:39[m[K:
[01m[K/usr/include/boost/array.hpp:61:11:[m[K [01;36m[Knote: [m[K  ‘[01m[Kboost::array[m[K’
     class array {
[01;32m[K           ^[m[K
In file included from [01m[K/home/xavier/catkin_ws/src/move_base_flex/mbf_utility/include/mbf_utility/navigation_utility.h:50:0[m[K,
                 from [01m[K/home/xavier/catkin_ws/src/move_base_flex/mbf_utility/src/robot_information.cpp:40[m[K:
[01m[K/opt/ros/melodic/include/tf2_geometry_msgs/tf2_geometry_msgs.h:1028:26:[m[K [01;31m[Kerror: [m[Kexpected primary-expression before ‘[01m[K,[m[K’ token
   std::array<tf2::Vector3, 2> tmp_array;
[01;32m[K                          ^[m[K
[01m[K/opt/ros/melodic/include/tf2_geometry_msgs/tf2_geometry_msgs.h:1028:31:[m[K [01;31m[Kerror: [m[K‘[01m[Ktmp_array[m[K’ was not declared in this scope
   std::array<tf2::Vector3, 2> tmp_array;
[01;32m[K                               ^[m[K
In file included from [01m[K/home/xavier/catkin_ws/src/move_base_flex/mbf_utility/src/navigation_utility.cpp:41:0[m[K:
[01m[K/opt/ros/melodic/include/tf/tf.h:354:8:[m[K [01;31m[Kerror: [m[K‘[01m[Kshared_ptr[m[K’ in namespace ‘[01m[Kstd[m[K’ does not name a template type
   std::shared_ptr<tf2_ros::Buffer> getTF2BufferPtr() { return tf2_buffer_ptr_;};
[01;32m[K        ^[m[K
[01m[K/opt/ros/melodic/include/tf/tf.h:403:8:[m[K [01;31m[Kerror: [m[K‘[01m[Kshared_ptr[m[K’ in namespace ‘[01m[Kstd[m[K’ does not name a template type
   std::shared_ptr<tf2_ros::Buffer> tf2_buffer_ptr_;
[01;32m[K        ^[m[K
[01m[K/opt/ros/melodic/include/tf/tf.h:[m[K In member function ‘[01m[Kros::Duration tf::Transformer::getCacheLength()[m[K’:
[01m[K/opt/ros/melodic/include/tf/tf.h:331:43:[m[K [01;31m[Kerror: [m[K‘[01m[Ktf2_buffer_ptr_[m[K’ was not declared in this scope
   ros::Duration getCacheLength() { return tf2_buffer_ptr_->getCacheLength();}
[01;32m[K                                           ^[m[K
[01m[K/opt/ros/melodic/include/tf/tf.h:[m[K In member function ‘[01m[Kvoid tf::Transformer::setUsingDedicatedThread(bool)[m[K’:
[01m[K/opt/ros/melodic/include/tf/tf.h:349:46:[m[K [01;31m[Kerror: [m[K‘[01m[Ktf2_buffer_ptr_[m[K’ was not declared in this scope
   void setUsingDedicatedThread(bool value) { tf2_buffer_ptr_->setUsingDedicatedThread(value);};
[01;32m[K                                              ^[m[K
[01m[K/opt/ros/melodic/include/tf/tf.h:[m[K In member function ‘[01m[Kbool tf::Transformer::isUsingDedicatedThread()[m[K’:
[01m[K/opt/ros/melodic/include/tf/tf.h:351:42:[m[K [01;31m[Kerror: [m[K‘[01m[Ktf2_buffer_ptr_[m[K’ was not declared in this scope
   bool isUsingDedicatedThread() { return tf2_buffer_ptr_->isUsingDedicatedThread();};
[01;32m[K                                          ^[m[K
In file included from [01m[K/home/xavier/catkin_ws/src/move_base_flex/mbf_utility/include/mbf_utility/navigation_utility.h:50:0[m[K,
                 from [01m[K/home/xavier/catkin_ws/src/move_base_flex/mbf_utility/src/navigation_utility.cpp:43[m[K:
[01m[K/opt/ros/melodic/include/tf2_geometry_msgs/tf2_geometry_msgs.h:[m[K At global scope:
[01m[K/opt/ros/melodic/include/tf2_geometry_msgs/tf2_geometry_msgs.h:1009:55:[m[K [01;31m[Kerror: [m[K‘[01m[Karray[m[K’ is not a member of ‘[01m[Kstd[m[K’
 geometry_msgs::WrenchStamped toMsg(const tf2::Stamped<std::array<tf2::Vector3, 2>>& in, geometry_msgs::WrenchStamped & out)
[01;32m[K                                                       ^[m[K
[01m[K/opt/ros/melodic/include/tf2_geometry_msgs/tf2_geometry_msgs.h:1009:55:[m[K [01;36m[Knote: [m[Ksuggested alternative:
In file included from [01m[K/opt/ros/melodic/include/ros/serialization.h:45:0[m[K,
                 from [01m[K/opt/ros/melodic/include/geometry_msgs/PointStamped.h:14[m[K,
                 from [01m[K/opt/ros/melodic/include/tf/transform_datatypes.h:36[m[K,
                 from [01m[K/opt/ros/melodic/include/tf/time_cache.h:38[m[K,
                 from [01m[K/opt/ros/melodic/include/tf/tf.h:44[m[K,
                 from [01m[K/home/xavier/catkin_ws/src/move_base_flex/mbf_utility/src/navigation_utility.cpp:41[m[K:
[01m[K/usr/include/boost/array.hpp:61:11:[m[K [01;36m[Knote: [m[K  ‘[01m[Kboost::array[m[K’
     class array {
[01;32m[K           ^[m[K
In file included from [01m[K/home/xavier/catkin_ws/src/move_base_flex/mbf_utility/include/mbf_utility/navigation_utility.h:50:0[m[K,
                 from [01m[K/home/xavier/catkin_ws/src/move_base_flex/mbf_utility/src/navigation_utility.cpp:43[m[K:
[01m[K/opt/ros/melodic/include/tf2_geometry_msgs/tf2_geometry_msgs.h:1009:55:[m[K [01;31m[Kerror: [m[K‘[01m[Karray[m[K’ is not a member of ‘[01m[Kstd[m[K’
 geometry_msgs::WrenchStamped toMsg(const tf2::Stamped<std::array<tf2::Vector3, 2>>& in, geometry_msgs::WrenchStamped & out)
[01;32m[K                                                       ^[m[K
[01m[K/opt/ros/melodic/include/tf2_geometry_msgs/tf2_geometry_msgs.h:1009:55:[m[K [01;36m[Knote: [m[Ksuggested alternative:
In file included from [01m[K/opt/ros/melodic/include/ros/serialization.h:45:0[m[K,
                 from [01m[K/opt/ros/melodic/include/geometry_msgs/PointStamped.h:14[m[K,
                 from [01m[K/opt/ros/melodic/include/tf/transform_datatypes.h:36[m[K,
                 from [01m[K/opt/ros/melodic/include/tf/time_cache.h:38[m[K,
                 from [01m[K/opt/ros/melodic/include/tf/tf.h:44[m[K,
                 from [01m[K/home/xavier/catkin_ws/src/move_base_flex/mbf_utility/src/navigation_utility.cpp:41[m[K:
[01m[K/usr/include/boost/array.hpp:61:11:[m[K [01;36m[Knote: [m[K  ‘[01m[Kboost::array[m[K’
     class array {
[01;32m[K           ^[m[K
In file included from [01m[K/home/xavier/catkin_ws/src/move_base_flex/mbf_utility/include/mbf_utility/navigation_utility.h:50:0[m[K,
                 from [01m[K/home/xavier/catkin_ws/src/move_base_flex/mbf_utility/src/navigation_utility.cpp:43[m[K:
[01m[K/opt/ros/melodic/include/tf2_geometry_msgs/tf2_geometry_msgs.h:1009:81:[m[K [01;31m[Kerror: [m[Kspurious ‘[01m[K>>[m[K’, use ‘[01m[K>[m[K’ to terminate a template argument list
 geometry_msgs::WrenchStamped toMsg(const tf2::Stamped<std::array<tf2::Vector3, 2>>& in, geometry_msgs::WrenchStamped & out)
[01;32m[K                                                                                 ^[m[K
[01m[K/opt/ros/melodic/include/tf2_geometry_msgs/tf2_geometry_msgs.h:1009:81:[m[K [01;31m[Kerror: [m[Kwrong number of template arguments (2, should be 1)
In file included from [01m[K/opt/ros/melodic/include/tf2_ros/buffer_interface.h:36:0[m[K,
                 from [01m[K/opt/ros/melodic/include/tf2_ros/buffer.h:35[m[K,
                 from [01m[K/opt/ros/melodic/include/tf/tf.h:49[m[K,
                 from [01m[K/home/xavier/catkin_ws/src/move_base_flex/mbf_utility/src/navigation_utility.cpp:41[m[K:
[01m[K/opt/ros/melodic/include/tf2/transform_datatypes.h:44:7:[m[K [01;36m[Knote: [m[Kprovided for ‘[01m[Ktemplate<class T> class tf2::Stamped[m[K’
 class Stamped : public T{
[01;32m[K       ^[m[K
In file included from [01m[K/home/xavier/catkin_ws/src/move_base_flex/mbf_utility/include/mbf_utility/navigation_utility.h:50:0[m[K,
                 from [01m[K/home/xavier/catkin_ws/src/move_base_flex/mbf_utility/src/navigation_utility.cpp:43[m[K:
[01m[K/opt/ros/melodic/include/tf2_geometry_msgs/tf2_geometry_msgs.h:1009:55:[m[K [01;31m[Kerror: [m[K‘[01m[Karray[m[K’ is not a member of ‘[01m[Kstd[m[K’
 geometry_msgs::WrenchStamped toMsg(const tf2::Stamped<std::array<tf2::Vector3, 2>>& in, geometry_msgs::WrenchStamped & out)
[01;32m[K                                                       ^[m[K
[01m[K/opt/ros/melodic/include/tf2_geometry_msgs/tf2_geometry_msgs.h:1009:55:[m[K [01;36m[Knote: [m[Ksuggested alternative:
In file included from [01m[K/opt/ros/melodic/include/ros/serialization.h:45:0[m[K,
                 from [01m[K/opt/ros/melodic/include/geometry_msgs/PointStamped.h:14[m[K,
                 from [01m[K/opt/ros/melodic/include/tf/transform_datatypes.h:36[m[K,
                 from [01m[K/opt/ros/melodic/include/tf/time_cache.h:38[m[K,
                 from [01m[K/opt/ros/melodic/include/tf/tf.h:44[m[K,
                 from [01m[K/home/xavier/catkin_ws/src/move_base_flex/mbf_utility/src/navigation_utility.cpp:41[m[K:
[01m[K/usr/include/boost/array.hpp:61:11:[m[K [01;36m[Knote: [m[K  ‘[01m[Kboost::array[m[K’
     class array {
[01;32m[K           ^[m[K
In file included from [01m[K/home/xavier/catkin_ws/src/move_base_flex/mbf_utility/include/mbf_utility/navigation_utility.h:50:0[m[K,
                 from [01m[K/home/xavier/catkin_ws/src/move_base_flex/mbf_utility/src/navigation_utility.cpp:43[m[K:
[01m[K/opt/ros/melodic/include/tf2_geometry_msgs/tf2_geometry_msgs.h:1009:55:[m[K [01;31m[Kerror: [m[K‘[01m[Karray[m[K’ is not a member of ‘[01m[Kstd[m[K’
 geometry_msgs::WrenchStamped toMsg(const tf2::Stamped<std::array<tf2::Vector3, 2>>& in, geometry_msgs::WrenchStamped & out)
[01;32m[K                                                       ^[m[K
[01m[K/opt/ros/melodic/include/tf2_geometry_msgs/tf2_geometry_msgs.h:1009:55:[m[K [01;36m[Knote: [m[Ksuggested alternative:
In file included from [01m[K/opt/ros/melodic/include/ros/serialization.h:45:0[m[K,
                 from [01m[K/opt/ros/melodic/include/geometry_msgs/PointStamped.h:14[m[K,
                 from [01m[K/opt/ros/melodic/include/tf/transform_datatypes.h:36[m[K,
                 from [01m[K/opt/ros/melodic/include/tf/time_cache.h:38[m[K,
                 from [01m[K/opt/ros/melodic/include/tf/tf.h:44[m[K,
                 from [01m[K/home/xavier/catkin_ws/src/move_base_flex/mbf_utility/src/navigation_utility.cpp:41[m[K:
[01m[K/usr/include/boost/array.hpp:61:11:[m[K [01;36m[Knote: [m[K  ‘[01m[Kboost::array[m[K’
     class array {
[01;32m[K           ^[m[K
In file included from [01m[K/home/xavier/catkin_ws/src/move_base_flex/mbf_utility/include/mbf_utility/navigation_utility.h:50:0[m[K,
                 from [01m[K/home/xavier/catkin_ws/src/move_base_flex/mbf_utility/src/navigation_utility.cpp:43[m[K:
[01m[K/opt/ros/melodic/include/tf2_geometry_msgs/tf2_geometry_msgs.h:1009:81:[m[K [01;31m[Kerror: [m[Kspurious ‘[01m[K>>[m[K’, use ‘[01m[K>[m[K’ to terminate a template argument list
 geometry_msgs::WrenchStamped toMsg(const tf2::Stamped<std::array<tf2::Vector3, 2>>& in, geometry_msgs::WrenchStamped & out)
[01;32m[K                                                                                 ^[m[K
[01m[K/opt/ros/melodic/include/tf2_geometry_msgs/tf2_geometry_msgs.h:1009:81:[m[K [01;31m[Kerror: [m[Kwrong number of template arguments (2, should be 1)
In file included from [01m[K/opt/ros/melodic/include/tf2_ros/buffer_interface.h:36:0[m[K,
                 from [01m[K/opt/ros/melodic/include/tf2_ros/buffer.h:35[m[K,
                 from [01m[K/opt/ros/melodic/include/tf/tf.h:49[m[K,
                 from [01m[K/home/xavier/catkin_ws/src/move_base_flex/mbf_utility/src/navigation_utility.cpp:41[m[K:
[01m[K/opt/ros/melodic/include/tf2/transform_datatypes.h:44:7:[m[K [01;36m[Knote: [m[Kprovided for ‘[01m[Ktemplate<class T> class tf2::Stamped[m[K’
 class Stamped : public T{
[01;32m[K       ^[m[K
In file included from [01m[K/home/xavier/catkin_ws/src/move_base_flex/mbf_utility/include/mbf_utility/navigation_utility.h:50:0[m[K,
                 from [01m[K/home/xavier/catkin_ws/src/move_base_flex/mbf_utility/src/navigation_utility.cpp:43[m[K:
[01m[K/opt/ros/melodic/include/tf2_geometry_msgs/tf2_geometry_msgs.h:1009:55:[m[K [01;31m[Kerror: [m[K‘[01m[Karray[m[K’ is not a member of ‘[01m[Kstd[m[K’
 geometry_msgs::WrenchStamped toMsg(const tf2::Stamped<std::array<tf2::Vector3, 2>>& in, geometry_msgs::WrenchStamped & out)
[01;32m[K                                                       ^[m[K
[01m[K/opt/ros/melodic/include/tf2_geometry_msgs/tf2_geometry_msgs.h:1009:55:[m[K [01;36m[Knote: [m[Ksuggested alternative:
In file included from [01m[K/opt/ros/melodic/include/ros/serialization.h:45:0[m[K,
                 from [01m[K/opt/ros/melodic/include/geometry_msgs/PointStamped.h:14[m[K,
                 from [01m[K/opt/ros/melodic/include/tf/transform_datatypes.h:36[m[K,
                 from [01m[K/opt/ros/melodic/include/tf/time_cache.h:38[m[K,
                 from [01m[K/opt/ros/melodic/include/tf/tf.h:44[m[K,
                 from [01m[K/home/xavier/catkin_ws/src/move_base_flex/mbf_utility/src/navigation_utility.cpp:41[m[K:
[01m[K/usr/include/boost/array.hpp:61:11:[m[K [01;36m[Knote: [m[K  ‘[01m[Kboost::array[m[K’
     class array {
[01;32m[K           ^[m[K
In file included from [01m[K/home/xavier/catkin_ws/src/move_base_flex/mbf_utility/include/mbf_utility/navigation_utility.h:50:0[m[K,
                 from [01m[K/home/xavier/catkin_ws/src/move_base_flex/mbf_utility/src/navigation_utility.cpp:43[m[K:
[01m[K/opt/ros/melodic/include/tf2_geometry_msgs/tf2_geometry_msgs.h:1009:55:[m[K [01;31m[Kerror: [m[K‘[01m[Karray[m[K’ is not a member of ‘[01m[Kstd[m[K’
 geometry_msgs::WrenchStamped toMsg(const tf2::Stamped<std::array<tf2::Vector3, 2>>& in, geometry_msgs::WrenchStamped & out)
[01;32m[K                                                       ^[m[K
[01m[K/opt/ros/melodic/include/tf2_geometry_msgs/tf2_geometry_msgs.h:1009:55:[m[K [01;36m[Knote: [m[Ksuggested alternative:
In file included from [01m[K/opt/ros/melodic/include/ros/serialization.h:45:0[m[K,
                 from [01m[K/opt/ros/melodic/include/geometry_msgs/PointStamped.h:14[m[K,
                 from [01m[K/opt/ros/melodic/include/tf/transform_datatypes.h:36[m[K,
                 from [01m[K/opt/ros/melodic/include/tf/time_cache.h:38[m[K,
                 from [01m[K/opt/ros/melodic/include/tf/tf.h:44[m[K,
                 from [01m[K/home/xavier/catkin_ws/src/move_base_flex/mbf_utility/src/navigation_utility.cpp:41[m[K:
[01m[K/usr/include/boost/array.hpp:61:11:[m[K [01;36m[Knote: [m[K  ‘[01m[Kboost::array[m[K’
     class array {
[01;32m[K           ^[m[K
In file included from [01m[K/home/xavier/catkin_ws/src/move_base_flex/mbf_utility/include/mbf_utility/navigation_utility.h:50:0[m[K,
                 from [01m[K/home/xavier/catkin_ws/src/move_base_flex/mbf_utility/src/navigation_utility.cpp:43[m[K:
[01m[K/opt/ros/melodic/include/tf2_geometry_msgs/tf2_geometry_msgs.h:1009:81:[m[K [01;31m[Kerror: [m[Kspurious ‘[01m[K>>[m[K’, use ‘[01m[K>[m[K’ to terminate a template argument list
 geometry_msgs::WrenchStamped toMsg(const tf2::Stamped<std::array<tf2::Vector3, 2>>& in, geometry_msgs::WrenchStamped & out)
[01;32m[K                                                                                 ^[m[K
[01m[K/opt/ros/melodic/include/tf2_geometry_msgs/tf2_geometry_msgs.h:1009:81:[m[K [01;31m[Kerror: [m[Kwrong number of template arguments (2, should be 1)
In file included from [01m[K/opt/ros/melodic/include/tf2_ros/buffer_interface.h:36:0[m[K,
                 from [01m[K/opt/ros/melodic/include/tf2_ros/buffer.h:35[m[K,
                 from [01m[K/opt/ros/melodic/include/tf/tf.h:49[m[K,
                 from [01m[K/home/xavier/catkin_ws/src/move_base_flex/mbf_utility/src/navigation_utility.cpp:41[m[K:
[01m[K/opt/ros/melodic/include/tf2/transform_datatypes.h:44:7:[m[K [01;36m[Knote: [m[Kprovided for ‘[01m[Ktemplate<class T> class tf2::Stamped[m[K’
 class Stamped : public T{
[01;32m[K       ^[m[K
In file included from [01m[K/home/xavier/catkin_ws/src/move_base_flex/mbf_utility/include/mbf_utility/navigation_utility.h:50:0[m[K,
                 from [01m[K/home/xavier/catkin_ws/src/move_base_flex/mbf_utility/src/navigation_utility.cpp:43[m[K:
[01m[K/opt/ros/melodic/include/tf2_geometry_msgs/tf2_geometry_msgs.h:1009:55:[m[K [01;31m[Kerror: [m[K‘[01m[Karray[m[K’ is not a member of ‘[01m[Kstd[m[K’
 geometry_msgs::WrenchStamped toMsg(const tf2::Stamped<std::array<tf2::Vector3, 2>>& in, geometry_msgs::WrenchStamped & out)
[01;32m[K                                                       ^[m[K
[01m[K/opt/ros/melodic/include/tf2_geometry_msgs/tf2_geometry_msgs.h:1009:55:[m[K [01;36m[Knote: [m[Ksuggested alternative:
In file included from [01m[K/opt/ros/melodic/include/ros/serialization.h:45:0[m[K,
                 from [01m[K/opt/ros/melodic/include/geometry_msgs/PointStamped.h:14[m[K,
                 from [01m[K/opt/ros/melodic/include/tf/transform_datatypes.h:36[m[K,
                 from [01m[K/opt/ros/melodic/include/tf/time_cache.h:38[m[K,
                 from [01m[K/opt/ros/melodic/include/tf/tf.h:44[m[K,
                 from [01m[K/home/xavier/catkin_ws/src/move_base_flex/mbf_utility/src/navigation_utility.cpp:41[m[K:
[01m[K/usr/include/boost/array.hpp:61:11:[m[K [01;36m[Knote: [m[K  ‘[01m[Kboost::array[m[K’
     class array {
[01;32m[K           ^[m[K
In file included from [01m[K/home/xavier/catkin_ws/src/move_base_flex/mbf_utility/include/mbf_utility/navigation_utility.h:50:0[m[K,
                 from [01m[K/home/xavier/catkin_ws/src/move_base_flex/mbf_utility/src/navigation_utility.cpp:43[m[K:
[01m[K/opt/ros/melodic/include/tf2_geometry_msgs/tf2_geometry_msgs.h:1009:55:[m[K [01;31m[Kerror: [m[K‘[01m[Karray[m[K’ is not a member of ‘[01m[Kstd[m[K’
 geometry_msgs::WrenchStamped toMsg(const tf2::Stamped<std::array<tf2::Vector3, 2>>& in, geometry_msgs::WrenchStamped & out)
[01;32m[K                                                       ^[m[K
[01m[K/opt/ros/melodic/include/tf2_geometry_msgs/tf2_geometry_msgs.h:1009:55:[m[K [01;36m[Knote: [m[Ksuggested alternative:
In file included from [01m[K/opt/ros/melodic/include/ros/serialization.h:45:0[m[K,
                 from [01m[K/opt/ros/melodic/include/geometry_msgs/PointStamped.h:14[m[K,
                 from [01m[K/opt/ros/melodic/include/tf/transform_datatypes.h:36[m[K,
                 from [01m[K/opt/ros/melodic/include/tf/time_cache.h:38[m[K,
                 from [01m[K/opt/ros/melodic/include/tf/tf.h:44[m[K,
                 from [01m[K/home/xavier/catkin_ws/src/move_base_flex/mbf_utility/src/navigation_utility.cpp:41[m[K:
[01m[K/usr/include/boost/array.hpp:61:11:[m[K [01;36m[Knote: [m[K  ‘[01m[Kboost::array[m[K’
     class array {
[01;32m[K           ^[m[K
In file included from [01m[K/home/xavier/catkin_ws/src/move_base_flex/mbf_utility/include/mbf_utility/navigation_utility.h:50:0[m[K,
                 from [01m[K/home/xavier/catkin_ws/src/move_base_flex/mbf_utility/src/navigation_utility.cpp:43[m[K:
[01m[K/opt/ros/melodic/include/tf2_geometry_msgs/tf2_geometry_msgs.h:1009:81:[m[K [01;31m[Kerror: [m[Kspurious ‘[01m[K>>[m[K’, use ‘[01m[K>[m[K’ to terminate a template argument list
 geometry_msgs::WrenchStamped toMsg(const tf2::Stamped<std::array<tf2::Vector3, 2>>& in, geometry_msgs::WrenchStamped & out)
[01;32m[K                                                                                 ^[m[K
[01m[K/opt/ros/melodic/include/tf2_geometry_msgs/tf2_geometry_msgs.h:1009:81:[m[K [01;31m[Kerror: [m[Kwrong number of template arguments (2, should be 1)
In file included from [01m[K/opt/ros/melodic/include/tf2_ros/buffer_interface.h:36:0[m[K,
                 from [01m[K/opt/ros/melodic/include/tf2_ros/buffer.h:35[m[K,
                 from [01m[K/opt/ros/melodic/include/tf/tf.h:49[m[K,
                 from [01m[K/home/xavier/catkin_ws/src/move_base_flex/mbf_utility/src/navigation_utility.cpp:41[m[K:
[01m[K/opt/ros/melodic/include/tf2/transform_datatypes.h:44:7:[m[K [01;36m[Knote: [m[Kprovided for ‘[01m[Ktemplate<class T> class tf2::Stamped[m[K’
 class Stamped : public T{
[01;32m[K       ^[m[K
In file included from [01m[K/home/xavier/catkin_ws/src/move_base_flex/mbf_utility/include/mbf_utility/navigation_utility.h:50:0[m[K,
                 from [01m[K/home/xavier/catkin_ws/src/move_base_flex/mbf_utility/src/navigation_utility.cpp:43[m[K:
[01m[K/opt/ros/melodic/include/tf2_geometry_msgs/tf2_geometry_msgs.h:1009:42:[m[K [01;31m[Kerror: [m[Kinvalid use of template-name ‘[01m[Ktf2::Stamped[m[K’ without an argument list
 geometry_msgs::WrenchStamped toMsg(const tf2::Stamped<std::array<tf2::Vector3, 2>>& in, geometry_msgs::WrenchStamped & out)
[01;32m[K                                          ^[m[K
[01m[K/opt/ros/melodic/include/tf2_geometry_msgs/tf2_geometry_msgs.h:1009:54:[m[K [01;31m[Kerror: [m[Kexpected ‘[01m[K,[m[K’ or ‘[01m[K...[m[K’ before ‘[01m[K<[m[K’ token
 geometry_msgs::WrenchStamped toMsg(const tf2::Stamped<std::array<tf2::Vector3, 2>>& in, geometry_msgs::WrenchStamped & out)
[01;32m[K                                                      ^[m[K
[01m[K/opt/ros/melodic/include/tf2_geometry_msgs/tf2_geometry_msgs.h:[m[K In function ‘[01m[Kgeometry_msgs::WrenchStamped tf2::toMsg(int)[m[K’:
[01m[K/opt/ros/melodic/include/tf2_geometry_msgs/tf2_geometry_msgs.h:1011:3:[m[K [01;31m[Kerror: [m[K‘[01m[Kout[m[K’ was not declared in this scope
   out.header.stamp = in.stamp_;
[01;32m[K   ^[m[K
[01m[K/opt/ros/melodic/include/tf2_geometry_msgs/tf2_geometry_msgs.h:1011:22:[m[K [01;31m[Kerror: [m[K‘[01m[Kin[m[K’ was not declared in this scope
   out.header.stamp = in.stamp_;
[01;32m[K                      ^[m[K
[01m[K/opt/ros/melodic/include/tf2_geometry_msgs/tf2_geometry_msgs.h:[m[K At global scope:
[01m[K/opt/ros/melodic/include/tf2_geometry_msgs/tf2_geometry_msgs.h:1020:68:[m[K [01;31m[Kerror: [m[K‘[01m[Karray[m[K’ is not a member of ‘[01m[Kstd[m[K’
 void fromMsg(const geometry_msgs::WrenchStamped& msg, tf2::Stamped<std::array<tf2::Vector3, 2>>& out)
[01;32m[K                                                                    ^[m[K
[01m[K/opt/ros/melodic/include/tf2_geometry_msgs/tf2_geometry_msgs.h:1020:68:[m[K [01;36m[Knote: [m[Ksuggested alternative:
In file included from [01m[K/opt/ros/melodic/include/ros/serialization.h:45:0[m[K,
                 from [01m[K/opt/ros/melodic/include/geometry_msgs/PointStamped.h:14[m[K,
                 from [01m[K/opt/ros/melodic/include/tf/transform_datatypes.h:36[m[K,
                 from [01m[K/opt/ros/melodic/include/tf/time_cache.h:38[m[K,
                 from [01m[K/opt/ros/melodic/include/tf/tf.h:44[m[K,
                 from [01m[K/home/xavier/catkin_ws/src/move_base_flex/mbf_utility/src/navigation_utility.cpp:41[m[K:
[01m[K/usr/include/boost/array.hpp:61:11:[m[K [01;36m[Knote: [m[K  ‘[01m[Kboost::array[m[K’
     class array {
[01;32m[K           ^[m[K
In file included from [01m[K/home/xavier/catkin_ws/src/move_base_flex/mbf_utility/include/mbf_utility/navigation_utility.h:50:0[m[K,
                 from [01m[K/home/xavier/catkin_ws/src/move_base_flex/mbf_utility/src/navigation_utility.cpp:43[m[K:
[01m[K/opt/ros/melodic/include/tf2_geometry_msgs/tf2_geometry_msgs.h:1020:68:[m[K [01;31m[Kerror: [m[K‘[01m[Karray[m[K’ is not a member of ‘[01m[Kstd[m[K’
 void fromMsg(const geometry_msgs::WrenchStamped& msg, tf2::Stamped<std::array<tf2::Vector3, 2>>& out)
[01;32m[K                                                                    ^[m[K
[01m[K/opt/ros/melodic/include/tf2_geometry_msgs/tf2_geometry_msgs.h:1020:68:[m[K [01;36m[Knote: [m[Ksuggested alternative:
In file included from [01m[K/opt/ros/melodic/include/ros/serialization.h:45:0[m[K,
                 from [01m[K/opt/ros/melodic/include/geometry_msgs/PointStamped.h:14[m[K,
                 from [01m[K/opt/ros/melodic/include/tf/transform_datatypes.h:36[m[K,
                 from [01m[K/opt/ros/melodic/include/tf/time_cache.h:38[m[K,
                 from [01m[K/opt/ros/melodic/include/tf/tf.h:44[m[K,
                 from [01m[K/home/xavier/catkin_ws/src/move_base_flex/mbf_utility/src/navigation_utility.cpp:41[m[K:
[01m[K/usr/include/boost/array.hpp:61:11:[m[K [01;36m[Knote: [m[K  ‘[01m[Kboost::array[m[K’
     class array {
[01;32m[K           ^[m[K
In file included from [01m[K/home/xavier/catkin_ws/src/move_base_flex/mbf_utility/include/mbf_utility/navigation_utility.h:50:0[m[K,
                 from [01m[K/home/xavier/catkin_ws/src/move_base_flex/mbf_utility/src/navigation_utility.cpp:43[m[K:
[01m[K/opt/ros/melodic/include/tf2_geometry_msgs/tf2_geometry_msgs.h:1020:94:[m[K [01;31m[Kerror: [m[Kspurious ‘[01m[K>>[m[K’, use ‘[01m[K>[m[K’ to terminate a template argument list
 void fromMsg(const geometry_msgs::WrenchStamped& msg, tf2::Stamped<std::array<tf2::Vector3, 2>>& out)
[01;32m[K                                                                                              ^[m[K
[01m[K/opt/ros/melodic/include/tf2_geometry_msgs/tf2_geometry_msgs.h:1020:94:[m[K [01;31m[Kerror: [m[Kwrong number of template arguments (2, should be 1)
In file included from [01m[K/opt/ros/melodic/include/tf2_ros/buffer_interface.h:36:0[m[K,
                 from [01m[K/opt/ros/melodic/include/tf2_ros/buffer.h:35[m[K,
                 from [01m[K/opt/ros/melodic/include/tf/tf.h:49[m[K,
                 from [01m[K/home/xavier/catkin_ws/src/move_base_flex/mbf_utility/src/navigation_utility.cpp:41[m[K:
[01m[K/opt/ros/melodic/include/tf2/transform_datatypes.h:44:7:[m[K [01;36m[Knote: [m[Kprovided for ‘[01m[Ktemplate<class T> class tf2::Stamped[m[K’
 class Stamped : public T{
[01;32m[K       ^[m[K
In file included from [01m[K/home/xavier/catkin_ws/src/move_base_flex/mbf_utility/include/mbf_utility/navigation_utility.h:50:0[m[K,
                 from [01m[K/home/xavier/catkin_ws/src/move_base_flex/mbf_utility/src/navigation_utility.cpp:43[m[K:
[01m[K/opt/ros/melodic/include/tf2_geometry_msgs/tf2_geometry_msgs.h:1020:68:[m[K [01;31m[Kerror: [m[K‘[01m[Karray[m[K’ is not a member of ‘[01m[Kstd[m[K’
 void fromMsg(const geometry_msgs::WrenchStamped& msg, tf2::Stamped<std::array<tf2::Vector3, 2>>& out)
[01;32m[K                                                                    ^[m[K
[01m[K/opt/ros/melodic/include/tf2_geometry_msgs/tf2_geometry_msgs.h:1020:68:[m[K [01;36m[Knote: [m[Ksuggested alternative:
In file included from [01m[K/opt/ros/melodic/include/ros/serialization.h:45:0[m[K,
                 from [01m[K/opt/ros/melodic/include/geometry_msgs/PointStamped.h:14[m[K,
                 from [01m[K/opt/ros/melodic/include/tf/transform_datatypes.h:36[m[K,
                 from [01m[K/opt/ros/melodic/include/tf/time_cache.h:38[m[K,
                 from [01m[K/opt/ros/melodic/include/tf/tf.h:44[m[K,
                 from [01m[K/home/xavier/catkin_ws/src/move_base_flex/mbf_utility/src/navigation_utility.cpp:41[m[K:
[01m[K/usr/include/boost/array.hpp:61:11:[m[K [01;36m[Knote: [m[K  ‘[01m[Kboost::array[m[K’
     class array {
[01;32m[K           ^[m[K
In file included from [01m[K/home/xavier/catkin_ws/src/move_base_flex/mbf_utility/include/mbf_utility/navigation_utility.h:50:0[m[K,
                 from [01m[K/home/xavier/catkin_ws/src/move_base_flex/mbf_utility/src/navigation_utility.cpp:43[m[K:
[01m[K/opt/ros/melodic/include/tf2_geometry_msgs/tf2_geometry_msgs.h:1020:68:[m[K [01;31m[Kerror: [m[K‘[01m[Karray[m[K’ is not a member of ‘[01m[Kstd[m[K’
 void fromMsg(const geometry_msgs::WrenchStamped& msg, tf2::Stamped<std::array<tf2::Vector3, 2>>& out)
[01;32m[K                                                                    ^[m[K
[01m[K/opt/ros/melodic/include/tf2_geometry_msgs/tf2_geometry_msgs.h:1020:68:[m[K [01;36m[Knote: [m[Ksuggested alternative:
In file included from [01m[K/opt/ros/melodic/include/ros/serialization.h:45:0[m[K,
                 from [01m[K/opt/ros/melodic/include/geometry_msgs/PointStamped.h:14[m[K,
                 from [01m[K/opt/ros/melodic/include/tf/transform_datatypes.h:36[m[K,
                 from [01m[K/opt/ros/melodic/include/tf/time_cache.h:38[m[K,
                 from [01m[K/opt/ros/melodic/include/tf/tf.h:44[m[K,
                 from [01m[K/home/xavier/catkin_ws/src/move_base_flex/mbf_utility/src/navigation_utility.cpp:41[m[K:
[01m[K/usr/include/boost/array.hpp:61:11:[m[K [01;36m[Knote: [m[K  ‘[01m[Kboost::array[m[K’
     class array {
[01;32m[K           ^[m[K
In file included from [01m[K/home/xavier/catkin_ws/src/move_base_flex/mbf_utility/include/mbf_utility/navigation_utility.h:50:0[m[K,
                 from [01m[K/home/xavier/catkin_ws/src/move_base_flex/mbf_utility/src/navigation_utility.cpp:43[m[K:
[01m[K/opt/ros/melodic/include/tf2_geometry_msgs/tf2_geometry_msgs.h:1020:94:[m[K [01;31m[Kerror: [m[Kspurious ‘[01m[K>>[m[K’, use ‘[01m[K>[m[K’ to terminate a template argument list
 void fromMsg(const geometry_msgs::WrenchStamped& msg, tf2::Stamped<std::array<tf2::Vector3, 2>>& out)
[01;32m[K                                                                                              ^[m[K
[01m[K/opt/ros/melodic/include/tf2_geometry_msgs/tf2_geometry_msgs.h:1020:94:[m[K [01;31m[Kerror: [m[Kwrong number of template arguments (2, should be 1)
In file included from [01m[K/opt/ros/melodic/include/tf2_ros/buffer_interface.h:36:0[m[K,
                 from [01m[K/opt/ros/melodic/include/tf2_ros/buffer.h:35[m[K,
                 from [01m[K/opt/ros/melodic/include/tf/tf.h:49[m[K,
                 from [01m[K/home/xavier/catkin_ws/src/move_base_flex/mbf_utility/src/navigation_utility.cpp:41[m[K:
[01m[K/opt/ros/melodic/include/tf2/transform_datatypes.h:44:7:[m[K [01;36m[Knote: [m[Kprovided for ‘[01m[Ktemplate<class T> class tf2::Stamped[m[K’
 class Stamped : public T{
[01;32m[K       ^[m[K
In file included from [01m[K/home/xavier/catkin_ws/src/move_base_flex/mbf_utility/include/mbf_utility/navigation_utility.h:50:0[m[K,
                 from [01m[K/home/xavier/catkin_ws/src/move_base_flex/mbf_utility/src/navigation_utility.cpp:43[m[K:
[01m[K/opt/ros/melodic/include/tf2_geometry_msgs/tf2_geometry_msgs.h:1020:60:[m[K [01;31m[Kerror: [m[K‘[01m[Ktf2::Stamped[m[K’ is not a type
 void fromMsg(const geometry_msgs::WrenchStamped& msg, tf2::Stamped<std::array<tf2::Vector3, 2>>& out)
[01;32m[K                                                            ^[m[K
[01m[K/opt/ros/melodic/include/tf2_geometry_msgs/tf2_geometry_msgs.h:1020:67:[m[K [01;31m[Kerror: [m[Kexpected ‘[01m[K,[m[K’ or ‘[01m[K...[m[K’ before ‘[01m[K<[m[K’ token
 void fromMsg(const geometry_msgs::WrenchStamped& msg, tf2::Stamped<std::array<tf2::Vector3, 2>>& out)
[01;32m[K                                                                   ^[m[K
[01m[K/opt/ros/melodic/include/tf2_geometry_msgs/tf2_geometry_msgs.h:[m[K In function ‘[01m[Kvoid tf2::fromMsg(const WrenchStamped&, int)[m[K’:
[01m[K/opt/ros/melodic/include/tf2_geometry_msgs/tf2_geometry_msgs.h:1022:3:[m[K [01;31m[Kerror: [m[K‘[01m[Kout[m[K’ was not declared in this scope
   out.stamp_ = msg.header.stamp;
[01;32m[K   ^[m[K
[01m[K/opt/ros/melodic/include/tf2_geometry_msgs/tf2_geometry_msgs.h:1028:3:[m[K [01;31m[Kerror: [m[K‘[01m[Karray[m[K’ is not a member of ‘[01m[Kstd[m[K’
   std::array<tf2::Vector3, 2> tmp_array;
[01;32m[K   ^[m[K
[01m[K/opt/ros/melodic/include/tf2_geometry_msgs/tf2_geometry_msgs.h:1028:3:[m[K [01;36m[Knote: [m[Ksuggested alternative:
In file included from [01m[K/opt/ros/melodic/include/ros/serialization.h:45:0[m[K,
                 from [01m[K/opt/ros/melodic/include/geometry_msgs/PointStamped.h:14[m[K,
                 from [01m[K/opt/ros/melodic/include/tf/transform_datatypes.h:36[m[K,
                 from [01m[K/opt/ros/melodic/include/tf/time_cache.h:38[m[K,
                 from [01m[K/opt/ros/melodic/include/tf/tf.h:44[m[K,
                 from [01m[K/home/xavier/catkin_ws/src/move_base_flex/mbf_utility/src/navigation_utility.cpp:41[m[K:
[01m[K/usr/include/boost/array.hpp:61:11:[m[K [01;36m[Knote: [m[K  ‘[01m[Kboost::array[m[K’
     class array {
[01;32m[K           ^[m[K
In file included from [01m[K/home/xavier/catkin_ws/src/move_base_flex/mbf_utility/include/mbf_utility/navigation_utility.h:50:0[m[K,
                 from [01m[K/home/xavier/catkin_ws/src/move_base_flex/mbf_utility/src/navigation_utility.cpp:43[m[K:
[01m[K/opt/ros/melodic/include/tf2_geometry_msgs/tf2_geometry_msgs.h:1028:26:[m[K [01;31m[Kerror: [m[Kexpected primary-expression before ‘[01m[K,[m[K’ token
   std::array<tf2::Vector3, 2> tmp_array;
[01;32m[K                          ^[m[K
[01m[K/opt/ros/melodic/include/tf2_geometry_msgs/tf2_geometry_msgs.h:1028:31:[m[K [01;31m[Kerror: [m[K‘[01m[Ktmp_array[m[K’ was not declared in this scope
   std::array<tf2::Vector3, 2> tmp_array;
[01;32m[K                               ^[m[K
make[2]: *** [CMakeFiles/mbf_utility.dir/src/robot_information.cpp.o] Error 1
make[2]: *** Waiting for unfinished jobs....
make[2]: *** [CMakeFiles/mbf_utility.dir/src/navigation_utility.cpp.o] Error 1
make[1]: *** [CMakeFiles/mbf_utility.dir/all] Error 2
make: *** [all] Error 2
