Determining if the pthread_create exist failed with the following output:
Change Dir: /home/xavier/catkin_ws/build/hector_map_tools/CMakeFiles/CMakeTmp

Run Build Command:"/usr/bin/make" "cmTC_21240/fast"
/usr/bin/make -f CMakeFiles/cmTC_21240.dir/build.make CMakeFiles/cmTC_21240.dir/build
make[1]: Entering directory '/home/xavier/catkin_ws/build/hector_map_tools/CMakeFiles/CMakeTmp'
Building C object CMakeFiles/cmTC_21240.dir/CheckSymbolExists.c.o
/usr/bin/cc    -o CMakeFiles/cmTC_21240.dir/CheckSymbolExists.c.o   -c /home/xavier/catkin_ws/build/hector_map_tools/CMakeFiles/CMakeTmp/CheckSymbolExists.c
Linking C executable cmTC_21240
/usr/bin/cmake -E cmake_link_script CMakeFiles/cmTC_21240.dir/link.txt --verbose=1
/usr/bin/cc      -rdynamic CMakeFiles/cmTC_21240.dir/CheckSymbolExists.c.o  -o cmTC_21240 
CMakeFiles/cmTC_21240.dir/CheckSymbolExists.c.o: In function `main':
CheckSymbolExists.c:(.text+0x14): undefined reference to `pthread_create'
CheckSymbolExists.c:(.text+0x18): undefined reference to `pthread_create'
collect2: error: ld returned 1 exit status
CMakeFiles/cmTC_21240.dir/build.make:97: recipe for target 'cmTC_21240' failed
make[1]: *** [cmTC_21240] Error 1
make[1]: Leaving directory '/home/xavier/catkin_ws/build/hector_map_tools/CMakeFiles/CMakeTmp'
Makefile:126: recipe for target 'cmTC_21240/fast' failed
make: *** [cmTC_21240/fast] Error 2

File /home/xavier/catkin_ws/build/hector_map_tools/CMakeFiles/CMakeTmp/CheckSymbolExists.c:
/* */
#include <pthread.h>

int main(int argc, char** argv)
{
  (void)argv;
#ifndef pthread_create
  return ((int*)(&pthread_create))[argc];
#else
  (void)argc;
  return 0;
#endif
}

Determining if the function pthread_create exists in the pthreads failed with the following output:
Change Dir: /home/xavier/catkin_ws/build/hector_map_tools/CMakeFiles/CMakeTmp

Run Build Command:"/usr/bin/make" "cmTC_278ba/fast"
/usr/bin/make -f CMakeFiles/cmTC_278ba.dir/build.make CMakeFiles/cmTC_278ba.dir/build
make[1]: Entering directory '/home/xavier/catkin_ws/build/hector_map_tools/CMakeFiles/CMakeTmp'
Building C object CMakeFiles/cmTC_278ba.dir/CheckFunctionExists.c.o
/usr/bin/cc   -DCHECK_FUNCTION_EXISTS=pthread_create   -o CMakeFiles/cmTC_278ba.dir/CheckFunctionExists.c.o   -c /usr/share/cmake-3.10/Modules/CheckFunctionExists.c
Linking C executable cmTC_278ba
/usr/bin/cmake -E cmake_link_script CMakeFiles/cmTC_278ba.dir/link.txt --verbose=1
/usr/bin/cc  -DCHECK_FUNCTION_EXISTS=pthread_create    -rdynamic CMakeFiles/cmTC_278ba.dir/CheckFunctionExists.c.o  -o cmTC_278ba -lpthreads 
/usr/bin/ld: cannot find -lpthreads
collect2: error: ld returned 1 exit status
CMakeFiles/cmTC_278ba.dir/build.make:97: recipe for target 'cmTC_278ba' failed
make[1]: *** [cmTC_278ba] Error 1
make[1]: Leaving directory '/home/xavier/catkin_ws/build/hector_map_tools/CMakeFiles/CMakeTmp'
Makefile:126: recipe for target 'cmTC_278ba/fast' failed
make: *** [cmTC_278ba/fast] Error 2


