In file included from [01m[K/opt/ros/melodic/include/ros/node_handle.h:32:0[m[K,
                 from [01m[K/opt/ros/melodic/include/ros/ros.h:45[m[K,
                 from [01m[K/home/xavier/catkin_ws/src/turtlebot3/turtlebot3_slam/include/turtlebot3_slam/flat_world_imu_node.h:20[m[K,
                 from [01m[K/home/xavier/catkin_ws/src/turtlebot3/turtlebot3_slam/src/flat_world_imu_node.cpp:17[m[K:
[01m[K/opt/ros/melodic/include/ros/publisher.h:53:52:[m[K [01;35m[Kwarning: [m[Kdefaulted and deleted functions only available with -std=c++11 or -std=gnu++11
     Publisher& operator=(const Publisher& other) = default;
[01;32m[K                                                    ^[m[K
In file included from [01m[K/opt/ros/melodic/include/ros/node_handle.h:33:0[m[K,
                 from [01m[K/opt/ros/melodic/include/ros/ros.h:45[m[K,
                 from [01m[K/home/xavier/catkin_ws/src/turtlebot3/turtlebot3_slam/include/turtlebot3_slam/flat_world_imu_node.h:20[m[K,
                 from [01m[K/home/xavier/catkin_ws/src/turtlebot3/turtlebot3_slam/src/flat_world_imu_node.cpp:17[m[K:
[01m[K/opt/ros/melodic/include/ros/subscriber.h:52:52:[m[K [01;35m[Kwarning: [m[Kdefaulted and deleted functions only available with -std=c++11 or -std=gnu++11
   Subscriber& operator=(const Subscriber& other) = default;
[01;32m[K                                                    ^[m[K
In file included from [01m[K/opt/ros/melodic/include/ros/node_handle.h:34:0[m[K,
                 from [01m[K/opt/ros/melodic/include/ros/ros.h:45[m[K,
                 from [01m[K/home/xavier/catkin_ws/src/turtlebot3/turtlebot3_slam/include/turtlebot3_slam/flat_world_imu_node.h:20[m[K,
                 from [01m[K/home/xavier/catkin_ws/src/turtlebot3/turtlebot3_slam/src/flat_world_imu_node.cpp:17[m[K:
[01m[K/opt/ros/melodic/include/ros/service_server.h:51:58:[m[K [01;35m[Kwarning: [m[Kdefaulted and deleted functions only available with -std=c++11 or -std=gnu++11
   ServiceServer& operator=(const ServiceServer& other) = default;
[01;32m[K                                                          ^[m[K
In file included from [01m[K/opt/ros/melodic/include/ros/node_handle.h:35:0[m[K,
                 from [01m[K/opt/ros/melodic/include/ros/ros.h:45[m[K,
                 from [01m[K/home/xavier/catkin_ws/src/turtlebot3/turtlebot3_slam/include/turtlebot3_slam/flat_world_imu_node.h:20[m[K,
                 from [01m[K/home/xavier/catkin_ws/src/turtlebot3/turtlebot3_slam/src/flat_world_imu_node.cpp:17[m[K:
[01m[K/opt/ros/melodic/include/ros/service_client.h:49:58:[m[K [01;35m[Kwarning: [m[Kdefaulted and deleted functions only available with -std=c++11 or -std=gnu++11
   ServiceClient& operator=(const ServiceClient& other) = default;
[01;32m[K                                                          ^[m[K
In file included from [01m[K/opt/ros/melodic/include/ros/node_handle.h:36:0[m[K,
                 from [01m[K/opt/ros/melodic/include/ros/ros.h:45[m[K,
                 from [01m[K/home/xavier/catkin_ws/src/turtlebot3/turtlebot3_slam/include/turtlebot3_slam/flat_world_imu_node.h:20[m[K,
                 from [01m[K/home/xavier/catkin_ws/src/turtlebot3/turtlebot3_slam/src/flat_world_imu_node.cpp:17[m[K:
[01m[K/opt/ros/melodic/include/ros/timer.h:52:42:[m[K [01;35m[Kwarning: [m[Kdefaulted and deleted functions only available with -std=c++11 or -std=gnu++11
   Timer& operator=(const Timer& other) = default;
[01;32m[K                                          ^[m[K
In file included from [01m[K/opt/ros/melodic/include/ros/node_handle.h:38:0[m[K,
                 from [01m[K/opt/ros/melodic/include/ros/ros.h:45[m[K,
                 from [01m[K/home/xavier/catkin_ws/src/turtlebot3/turtlebot3_slam/include/turtlebot3_slam/flat_world_imu_node.h:20[m[K,
                 from [01m[K/home/xavier/catkin_ws/src/turtlebot3/turtlebot3_slam/src/flat_world_imu_node.cpp:17[m[K:
[01m[K/opt/ros/melodic/include/ros/wall_timer.h:52:50:[m[K [01;35m[Kwarning: [m[Kdefaulted and deleted functions only available with -std=c++11 or -std=gnu++11
   WallTimer& operator=(const WallTimer& other) = default;
[01;32m[K                                                  ^[m[K
In file included from [01m[K/opt/ros/melodic/include/ros/node_handle.h:39:0[m[K,
                 from [01m[K/opt/ros/melodic/include/ros/ros.h:45[m[K,
                 from [01m[K/home/xavier/catkin_ws/src/turtlebot3/turtlebot3_slam/include/turtlebot3_slam/flat_world_imu_node.h:20[m[K,
                 from [01m[K/home/xavier/catkin_ws/src/turtlebot3/turtlebot3_slam/src/flat_world_imu_node.cpp:17[m[K:
[01m[K/opt/ros/melodic/include/ros/steady_timer.h:52:54:[m[K [01;35m[Kwarning: [m[Kdefaulted and deleted functions only available with -std=c++11 or -std=gnu++11
   SteadyTimer& operator=(const SteadyTimer& other) = default;
[01;32m[K                                                      ^[m[K
