[35m[1mScanning dependencies of target geometry_msgs_generate_messages_py[0m
[35m[1mScanning dependencies of target rosgraph_msgs_generate_messages_nodejs[0m
[  0%] Built target rosgraph_msgs_generate_messages_nodejs
[  0%] Built target geometry_msgs_generate_messages_py
[35m[1mScanning dependencies of target rosgraph_msgs_generate_messages_py[0m
[35m[1mScanning dependencies of target std_msgs_generate_messages_eus[0m
[  0%] Built target rosgraph_msgs_generate_messages_py
[  0%] Built target std_msgs_generate_messages_eus
[35m[1mScanning dependencies of target rosgraph_msgs_generate_messages_lisp[0m
[35m[1mScanning dependencies of target rosgraph_msgs_generate_messages_eus[0m
[  0%] Built target rosgraph_msgs_generate_messages_eus
[  0%] Built target rosgraph_msgs_generate_messages_lisp
[35m[1mScanning dependencies of target rosgraph_msgs_generate_messages_cpp[0m
[35m[1mScanning dependencies of target roscpp_generate_messages_py[0m
[  0%] Built target rosgraph_msgs_generate_messages_cpp
[  0%] Built target roscpp_generate_messages_py
[35m[1mScanning dependencies of target std_msgs_generate_messages_py[0m
[35m[1mScanning dependencies of target geometry_msgs_generate_messages_eus[0m
[  0%] Built target std_msgs_generate_messages_py
[  0%] Built target geometry_msgs_generate_messages_eus
[35m[1mScanning dependencies of target roscpp_generate_messages_eus[0m
[35m[1mScanning dependencies of target roscpp_generate_messages_nodejs[0m
[  0%] Built target roscpp_generate_messages_nodejs
[  0%] Built target roscpp_generate_messages_eus
[35m[1mScanning dependencies of target roscpp_generate_messages_lisp[0m
[35m[1mScanning dependencies of target std_msgs_generate_messages_cpp[0m
[  0%] Built target roscpp_generate_messages_lisp
[  0%] Built target std_msgs_generate_messages_cpp
[35m[1mScanning dependencies of target geometry_msgs_generate_messages_nodejs[0m
[35m[1mScanning dependencies of target sensor_msgs_generate_messages_py[0m
[  0%] Built target geometry_msgs_generate_messages_nodejs
[  0%] Built target sensor_msgs_generate_messages_py
[35m[1mScanning dependencies of target sensor_msgs_generate_messages_cpp[0m
[35m[1mScanning dependencies of target std_msgs_generate_messages_lisp[0m
[  0%] Built target sensor_msgs_generate_messages_cpp
[  0%] Built target std_msgs_generate_messages_lisp
[35m[1mScanning dependencies of target sensor_msgs_generate_messages_eus[0m
[35m[1mScanning dependencies of target std_msgs_generate_messages_nodejs[0m
[  0%] Built target sensor_msgs_generate_messages_eus
[  0%] Built target std_msgs_generate_messages_nodejs
[35m[1mScanning dependencies of target sensor_msgs_generate_messages_lisp[0m
[  0%] Built target sensor_msgs_generate_messages_lisp
[35m[1mScanning dependencies of target roscpp_generate_messages_cpp[0m
[35m[1mScanning dependencies of target sensor_msgs_generate_messages_nodejs[0m
[  0%] Built target roscpp_generate_messages_cpp
[  0%] Built target sensor_msgs_generate_messages_nodejs
[35m[1mScanning dependencies of target geometry_msgs_generate_messages_cpp[0m
[35m[1mScanning dependencies of target geometry_msgs_generate_messages_lisp[0m
[  0%] Built target geometry_msgs_generate_messages_cpp
[  0%] Built target geometry_msgs_generate_messages_lisp
[35m[1mScanning dependencies of target flat_world_imu_node[0m
[ 50%] [32mBuilding CXX object CMakeFiles/flat_world_imu_node.dir/src/flat_world_imu_node.cpp.o[0m
In file included from [01m[K/opt/ros/melodic/include/ros/node_handle.h:32:0[m[K,
                 from [01m[K/opt/ros/melodic/include/ros/ros.h:45[m[K,
                 from [01m[K/home/xavier/catkin_ws/src/turtlebot3/turtlebot3_slam/include/turtlebot3_slam/flat_world_imu_node.h:20[m[K,
                 from [01m[K/home/xavier/catkin_ws/src/turtlebot3/turtlebot3_slam/src/flat_world_imu_node.cpp:17[m[K:
[01m[K/opt/ros/melodic/include/ros/publisher.h:53:52:[m[K [01;35m[Kwarning: [m[Kdefaulted and deleted functions only available with -std=c++11 or -std=gnu++11
     Publisher& operator=(const Publisher& other) = default;
[01;32m[K                                                    ^[m[K
In file included from [01m[K/opt/ros/melodic/include/ros/node_handle.h:33:0[m[K,
                 from [01m[K/opt/ros/melodic/include/ros/ros.h:45[m[K,
                 from [01m[K/home/xavier/catkin_ws/src/turtlebot3/turtlebot3_slam/include/turtlebot3_slam/flat_world_imu_node.h:20[m[K,
                 from [01m[K/home/xavier/catkin_ws/src/turtlebot3/turtlebot3_slam/src/flat_world_imu_node.cpp:17[m[K:
[01m[K/opt/ros/melodic/include/ros/subscriber.h:52:52:[m[K [01;35m[Kwarning: [m[Kdefaulted and deleted functions only available with -std=c++11 or -std=gnu++11
   Subscriber& operator=(const Subscriber& other) = default;
[01;32m[K                                                    ^[m[K
In file included from [01m[K/opt/ros/melodic/include/ros/node_handle.h:34:0[m[K,
                 from [01m[K/opt/ros/melodic/include/ros/ros.h:45[m[K,
                 from [01m[K/home/xavier/catkin_ws/src/turtlebot3/turtlebot3_slam/include/turtlebot3_slam/flat_world_imu_node.h:20[m[K,
                 from [01m[K/home/xavier/catkin_ws/src/turtlebot3/turtlebot3_slam/src/flat_world_imu_node.cpp:17[m[K:
[01m[K/opt/ros/melodic/include/ros/service_server.h:51:58:[m[K [01;35m[Kwarning: [m[Kdefaulted and deleted functions only available with -std=c++11 or -std=gnu++11
   ServiceServer& operator=(const ServiceServer& other) = default;
[01;32m[K                                                          ^[m[K
In file included from [01m[K/opt/ros/melodic/include/ros/node_handle.h:35:0[m[K,
                 from [01m[K/opt/ros/melodic/include/ros/ros.h:45[m[K,
                 from [01m[K/home/xavier/catkin_ws/src/turtlebot3/turtlebot3_slam/include/turtlebot3_slam/flat_world_imu_node.h:20[m[K,
                 from [01m[K/home/xavier/catkin_ws/src/turtlebot3/turtlebot3_slam/src/flat_world_imu_node.cpp:17[m[K:
[01m[K/opt/ros/melodic/include/ros/service_client.h:49:58:[m[K [01;35m[Kwarning: [m[Kdefaulted and deleted functions only available with -std=c++11 or -std=gnu++11
   ServiceClient& operator=(const ServiceClient& other) = default;
[01;32m[K                                                          ^[m[K
In file included from [01m[K/opt/ros/melodic/include/ros/node_handle.h:36:0[m[K,
                 from [01m[K/opt/ros/melodic/include/ros/ros.h:45[m[K,
                 from [01m[K/home/xavier/catkin_ws/src/turtlebot3/turtlebot3_slam/include/turtlebot3_slam/flat_world_imu_node.h:20[m[K,
                 from [01m[K/home/xavier/catkin_ws/src/turtlebot3/turtlebot3_slam/src/flat_world_imu_node.cpp:17[m[K:
[01m[K/opt/ros/melodic/include/ros/timer.h:52:42:[m[K [01;35m[Kwarning: [m[Kdefaulted and deleted functions only available with -std=c++11 or -std=gnu++11
   Timer& operator=(const Timer& other) = default;
[01;32m[K                                          ^[m[K
In file included from [01m[K/opt/ros/melodic/include/ros/node_handle.h:38:0[m[K,
                 from [01m[K/opt/ros/melodic/include/ros/ros.h:45[m[K,
                 from [01m[K/home/xavier/catkin_ws/src/turtlebot3/turtlebot3_slam/include/turtlebot3_slam/flat_world_imu_node.h:20[m[K,
                 from [01m[K/home/xavier/catkin_ws/src/turtlebot3/turtlebot3_slam/src/flat_world_imu_node.cpp:17[m[K:
[01m[K/opt/ros/melodic/include/ros/wall_timer.h:52:50:[m[K [01;35m[Kwarning: [m[Kdefaulted and deleted functions only available with -std=c++11 or -std=gnu++11
   WallTimer& operator=(const WallTimer& other) = default;
[01;32m[K                                                  ^[m[K
In file included from [01m[K/opt/ros/melodic/include/ros/node_handle.h:39:0[m[K,
                 from [01m[K/opt/ros/melodic/include/ros/ros.h:45[m[K,
                 from [01m[K/home/xavier/catkin_ws/src/turtlebot3/turtlebot3_slam/include/turtlebot3_slam/flat_world_imu_node.h:20[m[K,
                 from [01m[K/home/xavier/catkin_ws/src/turtlebot3/turtlebot3_slam/src/flat_world_imu_node.cpp:17[m[K:
[01m[K/opt/ros/melodic/include/ros/steady_timer.h:52:54:[m[K [01;35m[Kwarning: [m[Kdefaulted and deleted functions only available with -std=c++11 or -std=gnu++11
   SteadyTimer& operator=(const SteadyTimer& other) = default;
[01;32m[K                                                      ^[m[K
[100%] [32m[1mLinking CXX executable /home/xavier/catkin_ws/devel/.private/turtlebot3_slam/lib/turtlebot3_slam/flat_world_imu_node[0m
[100%] Built target flat_world_imu_node
