WARNING: Package name "lidarPeople" does not follow the naming conventions. It should start with a lower case letter and only contain lower case letters, digits, underscores, and dashes.
WARNING: Package name "lidarPeople" does not follow the naming conventions. It should start with a lower case letter and only contain lower case letters, digits, underscores, and dashes.
In file included from [01m[K/opt/ros/melodic/include/ros/node_handle.h:32:0[m[K,
                 from [01m[K/opt/ros/melodic/include/ros/ros.h:45[m[K,
                 from [01m[K/home/xavier/catkin_ws/src/hector_slam/hector_mapping/src/HectorMappingRos.h:32[m[K,
                 from [01m[K/home/xavier/catkin_ws/src/hector_slam/hector_mapping/src/HectorMappingRos.cpp:29[m[K:
[01m[K/opt/ros/melodic/include/ros/publisher.h:53:52:[m[K [01;35m[Kwarning: [m[Kdefaulted and deleted functions only available with -std=c++11 or -std=gnu++11
     Publisher& operator=(const Publisher& other) = default;
[01;32m[K                                                    ^[m[K
In file included from [01m[K/opt/ros/melodic/include/ros/node_handle.h:33:0[m[K,
                 from [01m[K/opt/ros/melodic/include/ros/ros.h:45[m[K,
                 from [01m[K/home/xavier/catkin_ws/src/hector_slam/hector_mapping/src/HectorMappingRos.h:32[m[K,
                 from [01m[K/home/xavier/catkin_ws/src/hector_slam/hector_mapping/src/HectorMappingRos.cpp:29[m[K:
[01m[K/opt/ros/melodic/include/ros/subscriber.h:52:52:[m[K [01;35m[Kwarning: [m[Kdefaulted and deleted functions only available with -std=c++11 or -std=gnu++11
   Subscriber& operator=(const Subscriber& other) = default;
[01;32m[K                                                    ^[m[K
In file included from [01m[K/opt/ros/melodic/include/ros/node_handle.h:34:0[m[K,
                 from [01m[K/opt/ros/melodic/include/ros/ros.h:45[m[K,
                 from [01m[K/home/xavier/catkin_ws/src/hector_slam/hector_mapping/src/HectorMappingRos.h:32[m[K,
                 from [01m[K/home/xavier/catkin_ws/src/hector_slam/hector_mapping/src/HectorMappingRos.cpp:29[m[K:
[01m[K/opt/ros/melodic/include/ros/service_server.h:51:58:[m[K [01;35m[Kwarning: [m[Kdefaulted and deleted functions only available with -std=c++11 or -std=gnu++11
   ServiceServer& operator=(const ServiceServer& other) = default;
[01;32m[K                                                          ^[m[K
In file included from [01m[K/opt/ros/melodic/include/ros/node_handle.h:35:0[m[K,
                 from [01m[K/opt/ros/melodic/include/ros/ros.h:45[m[K,
                 from [01m[K/home/xavier/catkin_ws/src/hector_slam/hector_mapping/src/HectorMappingRos.h:32[m[K,
                 from [01m[K/home/xavier/catkin_ws/src/hector_slam/hector_mapping/src/HectorMappingRos.cpp:29[m[K:
[01m[K/opt/ros/melodic/include/ros/service_client.h:49:58:[m[K [01;35m[Kwarning: [m[Kdefaulted and deleted functions only available with -std=c++11 or -std=gnu++11
   ServiceClient& operator=(const ServiceClient& other) = default;
[01;32m[K                                                          ^[m[K
In file included from [01m[K/opt/ros/melodic/include/ros/node_handle.h:36:0[m[K,
                 from [01m[K/opt/ros/melodic/include/ros/ros.h:45[m[K,
                 from [01m[K/home/xavier/catkin_ws/src/hector_slam/hector_mapping/src/HectorMappingRos.h:32[m[K,
                 from [01m[K/home/xavier/catkin_ws/src/hector_slam/hector_mapping/src/HectorMappingRos.cpp:29[m[K:
[01m[K/opt/ros/melodic/include/ros/timer.h:52:42:[m[K [01;35m[Kwarning: [m[Kdefaulted and deleted functions only available with -std=c++11 or -std=gnu++11
   Timer& operator=(const Timer& other) = default;
[01;32m[K                                          ^[m[K
In file included from [01m[K/opt/ros/melodic/include/ros/node_handle.h:38:0[m[K,
                 from [01m[K/opt/ros/melodic/include/ros/ros.h:45[m[K,
                 from [01m[K/home/xavier/catkin_ws/src/hector_slam/hector_mapping/src/HectorMappingRos.h:32[m[K,
                 from [01m[K/home/xavier/catkin_ws/src/hector_slam/hector_mapping/src/HectorMappingRos.cpp:29[m[K:
[01m[K/opt/ros/melodic/include/ros/wall_timer.h:52:50:[m[K [01;35m[Kwarning: [m[Kdefaulted and deleted functions only available with -std=c++11 or -std=gnu++11
   WallTimer& operator=(const WallTimer& other) = default;
[01;32m[K                                                  ^[m[K
In file included from [01m[K/opt/ros/melodic/include/ros/node_handle.h:39:0[m[K,
                 from [01m[K/opt/ros/melodic/include/ros/ros.h:45[m[K,
                 from [01m[K/home/xavier/catkin_ws/src/hector_slam/hector_mapping/src/HectorMappingRos.h:32[m[K,
                 from [01m[K/home/xavier/catkin_ws/src/hector_slam/hector_mapping/src/HectorMappingRos.cpp:29[m[K:
[01m[K/opt/ros/melodic/include/ros/steady_timer.h:52:54:[m[K [01;35m[Kwarning: [m[Kdefaulted and deleted functions only available with -std=c++11 or -std=gnu++11
   SteadyTimer& operator=(const SteadyTimer& other) = default;
[01;32m[K                                                      ^[m[K
In file included from [01m[K/opt/ros/melodic/include/ros/node_handle.h:32:0[m[K,
                 from [01m[K/opt/ros/melodic/include/ros/ros.h:45[m[K,
                 from [01m[K/home/xavier/catkin_ws/src/hector_slam/hector_mapping/src/main.cpp:30[m[K:
[01m[K/opt/ros/melodic/include/ros/publisher.h:53:52:[m[K [01;35m[Kwarning: [m[Kdefaulted and deleted functions only available with -std=c++11 or -std=gnu++11
     Publisher& operator=(const Publisher& other) = default;
[01;32m[K                                                    ^[m[K
In file included from [01m[K/opt/ros/melodic/include/ros/node_handle.h:33:0[m[K,
                 from [01m[K/opt/ros/melodic/include/ros/ros.h:45[m[K,
                 from [01m[K/home/xavier/catkin_ws/src/hector_slam/hector_mapping/src/main.cpp:30[m[K:
[01m[K/opt/ros/melodic/include/ros/subscriber.h:52:52:[m[K [01;35m[Kwarning: [m[Kdefaulted and deleted functions only available with -std=c++11 or -std=gnu++11
   Subscriber& operator=(const Subscriber& other) = default;
[01;32m[K                                                    ^[m[K
In file included from [01m[K/opt/ros/melodic/include/ros/node_handle.h:34:0[m[K,
                 from [01m[K/opt/ros/melodic/include/ros/ros.h:45[m[K,
                 from [01m[K/home/xavier/catkin_ws/src/hector_slam/hector_mapping/src/main.cpp:30[m[K:
[01m[K/opt/ros/melodic/include/ros/service_server.h:51:58:[m[K [01;35m[Kwarning: [m[Kdefaulted and deleted functions only available with -std=c++11 or -std=gnu++11
   ServiceServer& operator=(const ServiceServer& other) = default;
[01;32m[K                                                          ^[m[K
In file included from [01m[K/opt/ros/melodic/include/ros/node_handle.h:35:0[m[K,
                 from [01m[K/opt/ros/melodic/include/ros/ros.h:45[m[K,
                 from [01m[K/home/xavier/catkin_ws/src/hector_slam/hector_mapping/src/main.cpp:30[m[K:
[01m[K/opt/ros/melodic/include/ros/service_client.h:49:58:[m[K [01;35m[Kwarning: [m[Kdefaulted and deleted functions only available with -std=c++11 or -std=gnu++11
   ServiceClient& operator=(const ServiceClient& other) = default;
[01;32m[K                                                          ^[m[K
In file included from [01m[K/opt/ros/melodic/include/ros/node_handle.h:36:0[m[K,
                 from [01m[K/opt/ros/melodic/include/ros/ros.h:45[m[K,
                 from [01m[K/home/xavier/catkin_ws/src/hector_slam/hector_mapping/src/main.cpp:30[m[K:
[01m[K/opt/ros/melodic/include/ros/timer.h:52:42:[m[K [01;35m[Kwarning: [m[Kdefaulted and deleted functions only available with -std=c++11 or -std=gnu++11
   Timer& operator=(const Timer& other) = default;
[01;32m[K                                          ^[m[K
In file included from [01m[K/opt/ros/melodic/include/ros/node_handle.h:38:0[m[K,
                 from [01m[K/opt/ros/melodic/include/ros/ros.h:45[m[K,
                 from [01m[K/home/xavier/catkin_ws/src/hector_slam/hector_mapping/src/main.cpp:30[m[K:
[01m[K/opt/ros/melodic/include/ros/wall_timer.h:52:50:[m[K [01;35m[Kwarning: [m[Kdefaulted and deleted functions only available with -std=c++11 or -std=gnu++11
   WallTimer& operator=(const WallTimer& other) = default;
[01;32m[K                                                  ^[m[K
In file included from [01m[K/opt/ros/melodic/include/ros/node_handle.h:39:0[m[K,
                 from [01m[K/opt/ros/melodic/include/ros/ros.h:45[m[K,
                 from [01m[K/home/xavier/catkin_ws/src/hector_slam/hector_mapping/src/main.cpp:30[m[K:
[01m[K/opt/ros/melodic/include/ros/steady_timer.h:52:54:[m[K [01;35m[Kwarning: [m[Kdefaulted and deleted functions only available with -std=c++11 or -std=gnu++11
   SteadyTimer& operator=(const SteadyTimer& other) = default;
[01;32m[K                                                      ^[m[K
In file included from [01m[K/opt/ros/melodic/include/tf/transform_listener.h:38:0[m[K,
                 from [01m[K/home/xavier/catkin_ws/src/hector_slam/hector_mapping/src/HectorMappingRos.h:34[m[K,
                 from [01m[K/home/xavier/catkin_ws/src/hector_slam/hector_mapping/src/HectorMappingRos.cpp:29[m[K:
[01m[K/opt/ros/melodic/include/tf/tf.h:354:8:[m[K [01;31m[Kerror: [m[K‘[01m[Kshared_ptr[m[K’ in namespace ‘[01m[Kstd[m[K’ does not name a template type
   std::shared_ptr<tf2_ros::Buffer> getTF2BufferPtr() { return tf2_buffer_ptr_;};
[01;32m[K        ^[m[K
[01m[K/opt/ros/melodic/include/tf/tf.h:403:8:[m[K [01;31m[Kerror: [m[K‘[01m[Kshared_ptr[m[K’ in namespace ‘[01m[Kstd[m[K’ does not name a template type
   std::shared_ptr<tf2_ros::Buffer> tf2_buffer_ptr_;
[01;32m[K        ^[m[K
[01m[K/opt/ros/melodic/include/tf/tf.h:[m[K In member function ‘[01m[Kros::Duration tf::Transformer::getCacheLength()[m[K’:
[01m[K/opt/ros/melodic/include/tf/tf.h:331:43:[m[K [01;31m[Kerror: [m[K‘[01m[Ktf2_buffer_ptr_[m[K’ was not declared in this scope
   ros::Duration getCacheLength() { return tf2_buffer_ptr_->getCacheLength();}
[01;32m[K                                           ^[m[K
[01m[K/opt/ros/melodic/include/tf/tf.h:[m[K In member function ‘[01m[Kvoid tf::Transformer::setUsingDedicatedThread(bool)[m[K’:
[01m[K/opt/ros/melodic/include/tf/tf.h:349:46:[m[K [01;31m[Kerror: [m[K‘[01m[Ktf2_buffer_ptr_[m[K’ was not declared in this scope
   void setUsingDedicatedThread(bool value) { tf2_buffer_ptr_->setUsingDedicatedThread(value);};
[01;32m[K                                              ^[m[K
[01m[K/opt/ros/melodic/include/tf/tf.h:[m[K In member function ‘[01m[Kbool tf::Transformer::isUsingDedicatedThread()[m[K’:
[01m[K/opt/ros/melodic/include/tf/tf.h:351:42:[m[K [01;31m[Kerror: [m[K‘[01m[Ktf2_buffer_ptr_[m[K’ was not declared in this scope
   bool isUsingDedicatedThread() { return tf2_buffer_ptr_->isUsingDedicatedThread();};
[01;32m[K                                          ^[m[K
In file included from [01m[K/opt/ros/melodic/include/ros/callback_queue.h:39:0[m[K,
                 from [01m[K/opt/ros/melodic/include/tf/transform_listener.h:40[m[K,
                 from [01m[K/home/xavier/catkin_ws/src/hector_slam/hector_mapping/src/HectorMappingRos.h:34[m[K,
                 from [01m[K/home/xavier/catkin_ws/src/hector_slam/hector_mapping/src/HectorMappingRos.cpp:29[m[K:
[01m[K/opt/ros/melodic/include/ros/internal/condition_variable.h:[m[K In member function ‘[01m[Kvoid ros::internal::condition_variable_monotonic::wait(boost::unique_lock<boost::mutex>&)[m[K’:
[01m[K/opt/ros/melodic/include/ros/internal/condition_variable.h:155:76:[m[K [01;31m[Kerror: [m[K‘[01m[K>>[m[K’ should be ‘[01m[K> >[m[K’ within a nested template argument list
       boost::thread_cv_detail::lock_on_exit<boost::unique_lock<boost::mutex>> guard;
[01;32m[K                                                                            ^[m[K
[01m[K/opt/ros/melodic/include/ros/internal/condition_variable.h:[m[K In member function ‘[01m[Kbool ros::internal::condition_variable_monotonic::do_wait_until(boost::unique_lock<boost::mutex>&, const timespec&)[m[K’:
[01m[K/opt/ros/melodic/include/ros/internal/condition_variable.h:188:76:[m[K [01;31m[Kerror: [m[K‘[01m[K>>[m[K’ should be ‘[01m[K> >[m[K’ within a nested template argument list
       boost::thread_cv_detail::lock_on_exit<boost::unique_lock<boost::mutex>> guard;
[01;32m[K                                                                            ^[m[K
[01m[K/opt/ros/melodic/include/ros/internal/condition_variable.h:[m[K At global scope:
[01m[K/opt/ros/melodic/include/ros/internal/condition_variable.h:219:14:[m[K [01;31m[Kerror: [m[Kexpected constructor, destructor, or type conversion before ‘[01m[K([m[K’ token
 static_assert(
[01;32m[K              ^[m[K
In file included from [01m[K/opt/ros/melodic/include/tf/transform_listener.h:38:0[m[K,
                 from [01m[K/home/xavier/catkin_ws/src/hector_slam/hector_mapping/src/HectorMappingRos.h:34[m[K,
                 from [01m[K/home/xavier/catkin_ws/src/hector_slam/hector_mapping/src/main.cpp:32[m[K:
[01m[K/opt/ros/melodic/include/tf/tf.h:354:8:[m[K [01;31m[Kerror: [m[K‘[01m[Kshared_ptr[m[K’ in namespace ‘[01m[Kstd[m[K’ does not name a template type
   std::shared_ptr<tf2_ros::Buffer> getTF2BufferPtr() { return tf2_buffer_ptr_;};
[01;32m[K        ^[m[K
[01m[K/opt/ros/melodic/include/tf/tf.h:403:8:[m[K [01;31m[Kerror: [m[K‘[01m[Kshared_ptr[m[K’ in namespace ‘[01m[Kstd[m[K’ does not name a template type
   std::shared_ptr<tf2_ros::Buffer> tf2_buffer_ptr_;
[01;32m[K        ^[m[K
[01m[K/opt/ros/melodic/include/tf/tf.h:[m[K In member function ‘[01m[Kros::Duration tf::Transformer::getCacheLength()[m[K’:
[01m[K/opt/ros/melodic/include/tf/tf.h:331:43:[m[K [01;31m[Kerror: [m[K‘[01m[Ktf2_buffer_ptr_[m[K’ was not declared in this scope
   ros::Duration getCacheLength() { return tf2_buffer_ptr_->getCacheLength();}
[01;32m[K                                           ^[m[K
[01m[K/opt/ros/melodic/include/tf/tf.h:[m[K In member function ‘[01m[Kvoid tf::Transformer::setUsingDedicatedThread(bool)[m[K’:
[01m[K/opt/ros/melodic/include/tf/tf.h:349:46:[m[K [01;31m[Kerror: [m[K‘[01m[Ktf2_buffer_ptr_[m[K’ was not declared in this scope
   void setUsingDedicatedThread(bool value) { tf2_buffer_ptr_->setUsingDedicatedThread(value);};
[01;32m[K                                              ^[m[K
[01m[K/opt/ros/melodic/include/tf/tf.h:[m[K In member function ‘[01m[Kbool tf::Transformer::isUsingDedicatedThread()[m[K’:
[01m[K/opt/ros/melodic/include/tf/tf.h:351:42:[m[K [01;31m[Kerror: [m[K‘[01m[Ktf2_buffer_ptr_[m[K’ was not declared in this scope
   bool isUsingDedicatedThread() { return tf2_buffer_ptr_->isUsingDedicatedThread();};
[01;32m[K                                          ^[m[K
In file included from [01m[K/opt/ros/melodic/include/ros/callback_queue.h:39:0[m[K,
                 from [01m[K/opt/ros/melodic/include/tf/transform_listener.h:40[m[K,
                 from [01m[K/home/xavier/catkin_ws/src/hector_slam/hector_mapping/src/HectorMappingRos.h:34[m[K,
                 from [01m[K/home/xavier/catkin_ws/src/hector_slam/hector_mapping/src/main.cpp:32[m[K:
[01m[K/opt/ros/melodic/include/ros/internal/condition_variable.h:[m[K In member function ‘[01m[Kvoid ros::internal::condition_variable_monotonic::wait(boost::unique_lock<boost::mutex>&)[m[K’:
[01m[K/opt/ros/melodic/include/ros/internal/condition_variable.h:155:76:[m[K [01;31m[Kerror: [m[K‘[01m[K>>[m[K’ should be ‘[01m[K> >[m[K’ within a nested template argument list
       boost::thread_cv_detail::lock_on_exit<boost::unique_lock<boost::mutex>> guard;
[01;32m[K                                                                            ^[m[K
[01m[K/opt/ros/melodic/include/ros/internal/condition_variable.h:[m[K In member function ‘[01m[Kbool ros::internal::condition_variable_monotonic::do_wait_until(boost::unique_lock<boost::mutex>&, const timespec&)[m[K’:
[01m[K/opt/ros/melodic/include/ros/internal/condition_variable.h:188:76:[m[K [01;31m[Kerror: [m[K‘[01m[K>>[m[K’ should be ‘[01m[K> >[m[K’ within a nested template argument list
       boost::thread_cv_detail::lock_on_exit<boost::unique_lock<boost::mutex>> guard;
[01;32m[K                                                                            ^[m[K
[01m[K/opt/ros/melodic/include/ros/internal/condition_variable.h:[m[K At global scope:
[01m[K/opt/ros/melodic/include/ros/internal/condition_variable.h:219:14:[m[K [01;31m[Kerror: [m[Kexpected constructor, destructor, or type conversion before ‘[01m[K([m[K’ token
 static_assert(
[01;32m[K              ^[m[K
make[2]: *** [CMakeFiles/hector_mapping.dir/src/main.cpp.o] Error 1
make[2]: *** Waiting for unfinished jobs....
make[2]: *** [CMakeFiles/hector_mapping.dir/src/HectorMappingRos.cpp.o] Error 1
make[1]: *** [CMakeFiles/hector_mapping.dir/all] Error 2
make: *** [all] Error 2
