The system is: Linux - 4.9.140-tegra - aarch64
Compiling the C compiler identification source file "CMakeCCompilerId.c" succeeded.
Compiler: /usr/bin/cc 
Build flags: 
Id flags:  

The output was:
0


Compilation of the C compiler identification source "CMakeCCompilerId.c" produced "a.out"

The C compiler identification is GNU, found in "/home/xavier/catkin_ws/build/csm/CMakeFiles/3.10.2/CompilerIdC/a.out"

Compiling the CXX compiler identification source file "CMakeCXXCompilerId.cpp" succeeded.
Compiler: /usr/bin/c++ 
Build flags: 
Id flags:  

The output was:
0


Compilation of the CXX compiler identification source "CMakeCXXCompilerId.cpp" produced "a.out"

The CXX compiler identification is GNU, found in "/home/xavier/catkin_ws/build/csm/CMakeFiles/3.10.2/CompilerIdCXX/a.out"

Determining if the C compiler works passed with the following output:
Change Dir: /home/xavier/catkin_ws/build/csm/CMakeFiles/CMakeTmp

Run Build Command:"/usr/bin/make" "cmTC_ce30b/fast"
/usr/bin/make -f CMakeFiles/cmTC_ce30b.dir/build.make CMakeFiles/cmTC_ce30b.dir/build
make[1]: Entering directory '/home/xavier/catkin_ws/build/csm/CMakeFiles/CMakeTmp'
Building C object CMakeFiles/cmTC_ce30b.dir/testCCompiler.c.o
/usr/bin/cc    -o CMakeFiles/cmTC_ce30b.dir/testCCompiler.c.o   -c /home/xavier/catkin_ws/build/csm/CMakeFiles/CMakeTmp/testCCompiler.c
Linking C executable cmTC_ce30b
/usr/bin/cmake -E cmake_link_script CMakeFiles/cmTC_ce30b.dir/link.txt --verbose=1
/usr/bin/cc      -rdynamic CMakeFiles/cmTC_ce30b.dir/testCCompiler.c.o  -o cmTC_ce30b 
make[1]: Leaving directory '/home/xavier/catkin_ws/build/csm/CMakeFiles/CMakeTmp'


Detecting C compiler ABI info compiled with the following output:
Change Dir: /home/xavier/catkin_ws/build/csm/CMakeFiles/CMakeTmp

Run Build Command:"/usr/bin/make" "cmTC_3d255/fast"
/usr/bin/make -f CMakeFiles/cmTC_3d255.dir/build.make CMakeFiles/cmTC_3d255.dir/build
make[1]: Entering directory '/home/xavier/catkin_ws/build/csm/CMakeFiles/CMakeTmp'
Building C object CMakeFiles/cmTC_3d255.dir/CMakeCCompilerABI.c.o
/usr/bin/cc    -o CMakeFiles/cmTC_3d255.dir/CMakeCCompilerABI.c.o   -c /usr/share/cmake-3.10/Modules/CMakeCCompilerABI.c
Linking C executable cmTC_3d255
/usr/bin/cmake -E cmake_link_script CMakeFiles/cmTC_3d255.dir/link.txt --verbose=1
/usr/bin/cc     -v -rdynamic CMakeFiles/cmTC_3d255.dir/CMakeCCompilerABI.c.o  -o cmTC_3d255 
Using built-in specs.
COLLECT_GCC=/usr/bin/cc
COLLECT_LTO_WRAPPER=/usr/lib/gcc/aarch64-linux-gnu/7/lto-wrapper
Target: aarch64-linux-gnu
Configured with: ../src/configure -v --with-pkgversion='Ubuntu/Linaro 7.5.0-3ubuntu1~18.04' --with-bugurl=file:///usr/share/doc/gcc-7/README.Bugs --enable-languages=c,ada,c++,go,d,fortran,objc,obj-c++ --prefix=/usr --with-gcc-major-version-only --program-suffix=-7 --program-prefix=aarch64-linux-gnu- --enable-shared --enable-linker-build-id --libexecdir=/usr/lib --without-included-gettext --enable-threads=posix --libdir=/usr/lib --enable-nls --enable-bootstrap --enable-clocale=gnu --enable-libstdcxx-debug --enable-libstdcxx-time=yes --with-default-libstdcxx-abi=new --enable-gnu-unique-object --disable-libquadmath --disable-libquadmath-support --enable-plugin --enable-default-pie --with-system-zlib --enable-multiarch --enable-fix-cortex-a53-843419 --disable-werror --enable-checking=release --build=aarch64-linux-gnu --host=aarch64-linux-gnu --target=aarch64-linux-gnu
Thread model: posix
gcc version 7.5.0 (Ubuntu/Linaro 7.5.0-3ubuntu1~18.04) 
COMPILER_PATH=/usr/lib/gcc/aarch64-linux-gnu/7/:/usr/lib/gcc/aarch64-linux-gnu/7/:/usr/lib/gcc/aarch64-linux-gnu/:/usr/lib/gcc/aarch64-linux-gnu/7/:/usr/lib/gcc/aarch64-linux-gnu/
LIBRARY_PATH=/usr/lib/gcc/aarch64-linux-gnu/7/:/usr/lib/gcc/aarch64-linux-gnu/7/../../../aarch64-linux-gnu/:/usr/lib/gcc/aarch64-linux-gnu/7/../../../../lib/:/lib/aarch64-linux-gnu/:/lib/../lib/:/usr/lib/aarch64-linux-gnu/:/usr/lib/../lib/:/usr/lib/gcc/aarch64-linux-gnu/7/../../../:/lib/:/usr/lib/
COLLECT_GCC_OPTIONS='-v' '-rdynamic' '-o' 'cmTC_3d255' '-mlittle-endian' '-mabi=lp64'
 /usr/lib/gcc/aarch64-linux-gnu/7/collect2 -plugin /usr/lib/gcc/aarch64-linux-gnu/7/liblto_plugin.so -plugin-opt=/usr/lib/gcc/aarch64-linux-gnu/7/lto-wrapper -plugin-opt=-fresolution=/tmp/ccM5X6Ne.res -plugin-opt=-pass-through=-lgcc -plugin-opt=-pass-through=-lgcc_s -plugin-opt=-pass-through=-lc -plugin-opt=-pass-through=-lgcc -plugin-opt=-pass-through=-lgcc_s --build-id --eh-frame-hdr --hash-style=gnu --as-needed -export-dynamic -dynamic-linker /lib/ld-linux-aarch64.so.1 -X -EL -maarch64linux --fix-cortex-a53-843419 -pie -z now -z relro -o cmTC_3d255 /usr/lib/gcc/aarch64-linux-gnu/7/../../../aarch64-linux-gnu/Scrt1.o /usr/lib/gcc/aarch64-linux-gnu/7/../../../aarch64-linux-gnu/crti.o /usr/lib/gcc/aarch64-linux-gnu/7/crtbeginS.o -L/usr/lib/gcc/aarch64-linux-gnu/7 -L/usr/lib/gcc/aarch64-linux-gnu/7/../../../aarch64-linux-gnu -L/usr/lib/gcc/aarch64-linux-gnu/7/../../../../lib -L/lib/aarch64-linux-gnu -L/lib/../lib -L/usr/lib/aarch64-linux-gnu -L/usr/lib/../lib -L/usr/lib/gcc/aarch64-linux-gnu/7/../../.. CMakeFiles/cmTC_3d255.dir/CMakeCCompilerABI.c.o -lgcc --push-state --as-needed -lgcc_s --pop-state -lc -lgcc --push-state --as-needed -lgcc_s --pop-state /usr/lib/gcc/aarch64-linux-gnu/7/crtendS.o /usr/lib/gcc/aarch64-linux-gnu/7/../../../aarch64-linux-gnu/crtn.o
COLLECT_GCC_OPTIONS='-v' '-rdynamic' '-o' 'cmTC_3d255' '-mlittle-endian' '-mabi=lp64'
make[1]: Leaving directory '/home/xavier/catkin_ws/build/csm/CMakeFiles/CMakeTmp'


Parsed C implicit link information from above output:
  link line regex: [^( *|.*[/\])(ld|CMAKE_LINK_STARTFILE-NOTFOUND|([^/\]+-)?ld|collect2)[^/\]*( |$)]
  ignore line: [Change Dir: /home/xavier/catkin_ws/build/csm/CMakeFiles/CMakeTmp]
  ignore line: []
  ignore line: [Run Build Command:"/usr/bin/make" "cmTC_3d255/fast"]
  ignore line: [/usr/bin/make -f CMakeFiles/cmTC_3d255.dir/build.make CMakeFiles/cmTC_3d255.dir/build]
  ignore line: [make[1]: Entering directory '/home/xavier/catkin_ws/build/csm/CMakeFiles/CMakeTmp']
  ignore line: [Building C object CMakeFiles/cmTC_3d255.dir/CMakeCCompilerABI.c.o]
  ignore line: [/usr/bin/cc    -o CMakeFiles/cmTC_3d255.dir/CMakeCCompilerABI.c.o   -c /usr/share/cmake-3.10/Modules/CMakeCCompilerABI.c]
  ignore line: [Linking C executable cmTC_3d255]
  ignore line: [/usr/bin/cmake -E cmake_link_script CMakeFiles/cmTC_3d255.dir/link.txt --verbose=1]
  ignore line: [/usr/bin/cc     -v -rdynamic CMakeFiles/cmTC_3d255.dir/CMakeCCompilerABI.c.o  -o cmTC_3d255 ]
  ignore line: [Using built-in specs.]
  ignore line: [COLLECT_GCC=/usr/bin/cc]
  ignore line: [COLLECT_LTO_WRAPPER=/usr/lib/gcc/aarch64-linux-gnu/7/lto-wrapper]
  ignore line: [Target: aarch64-linux-gnu]
  ignore line: [Configured with: ../src/configure -v --with-pkgversion='Ubuntu/Linaro 7.5.0-3ubuntu1~18.04' --with-bugurl=file:///usr/share/doc/gcc-7/README.Bugs --enable-languages=c,ada,c++,go,d,fortran,objc,obj-c++ --prefix=/usr --with-gcc-major-version-only --program-suffix=-7 --program-prefix=aarch64-linux-gnu- --enable-shared --enable-linker-build-id --libexecdir=/usr/lib --without-included-gettext --enable-threads=posix --libdir=/usr/lib --enable-nls --enable-bootstrap --enable-clocale=gnu --enable-libstdcxx-debug --enable-libstdcxx-time=yes --with-default-libstdcxx-abi=new --enable-gnu-unique-object --disable-libquadmath --disable-libquadmath-support --enable-plugin --enable-default-pie --with-system-zlib --enable-multiarch --enable-fix-cortex-a53-843419 --disable-werror --enable-checking=release --build=aarch64-linux-gnu --host=aarch64-linux-gnu --target=aarch64-linux-gnu]
  ignore line: [Thread model: posix]
  ignore line: [gcc version 7.5.0 (Ubuntu/Linaro 7.5.0-3ubuntu1~18.04) ]
  ignore line: [COMPILER_PATH=/usr/lib/gcc/aarch64-linux-gnu/7/:/usr/lib/gcc/aarch64-linux-gnu/7/:/usr/lib/gcc/aarch64-linux-gnu/:/usr/lib/gcc/aarch64-linux-gnu/7/:/usr/lib/gcc/aarch64-linux-gnu/]
  ignore line: [LIBRARY_PATH=/usr/lib/gcc/aarch64-linux-gnu/7/:/usr/lib/gcc/aarch64-linux-gnu/7/../../../aarch64-linux-gnu/:/usr/lib/gcc/aarch64-linux-gnu/7/../../../../lib/:/lib/aarch64-linux-gnu/:/lib/../lib/:/usr/lib/aarch64-linux-gnu/:/usr/lib/../lib/:/usr/lib/gcc/aarch64-linux-gnu/7/../../../:/lib/:/usr/lib/]
  ignore line: [COLLECT_GCC_OPTIONS='-v' '-rdynamic' '-o' 'cmTC_3d255' '-mlittle-endian' '-mabi=lp64']
  link line: [ /usr/lib/gcc/aarch64-linux-gnu/7/collect2 -plugin /usr/lib/gcc/aarch64-linux-gnu/7/liblto_plugin.so -plugin-opt=/usr/lib/gcc/aarch64-linux-gnu/7/lto-wrapper -plugin-opt=-fresolution=/tmp/ccM5X6Ne.res -plugin-opt=-pass-through=-lgcc -plugin-opt=-pass-through=-lgcc_s -plugin-opt=-pass-through=-lc -plugin-opt=-pass-through=-lgcc -plugin-opt=-pass-through=-lgcc_s --build-id --eh-frame-hdr --hash-style=gnu --as-needed -export-dynamic -dynamic-linker /lib/ld-linux-aarch64.so.1 -X -EL -maarch64linux --fix-cortex-a53-843419 -pie -z now -z relro -o cmTC_3d255 /usr/lib/gcc/aarch64-linux-gnu/7/../../../aarch64-linux-gnu/Scrt1.o /usr/lib/gcc/aarch64-linux-gnu/7/../../../aarch64-linux-gnu/crti.o /usr/lib/gcc/aarch64-linux-gnu/7/crtbeginS.o -L/usr/lib/gcc/aarch64-linux-gnu/7 -L/usr/lib/gcc/aarch64-linux-gnu/7/../../../aarch64-linux-gnu -L/usr/lib/gcc/aarch64-linux-gnu/7/../../../../lib -L/lib/aarch64-linux-gnu -L/lib/../lib -L/usr/lib/aarch64-linux-gnu -L/usr/lib/../lib -L/usr/lib/gcc/aarch64-linux-gnu/7/../../.. CMakeFiles/cmTC_3d255.dir/CMakeCCompilerABI.c.o -lgcc --push-state --as-needed -lgcc_s --pop-state -lc -lgcc --push-state --as-needed -lgcc_s --pop-state /usr/lib/gcc/aarch64-linux-gnu/7/crtendS.o /usr/lib/gcc/aarch64-linux-gnu/7/../../../aarch64-linux-gnu/crtn.o]
    arg [/usr/lib/gcc/aarch64-linux-gnu/7/collect2] ==> ignore
    arg [-plugin] ==> ignore
    arg [/usr/lib/gcc/aarch64-linux-gnu/7/liblto_plugin.so] ==> ignore
    arg [-plugin-opt=/usr/lib/gcc/aarch64-linux-gnu/7/lto-wrapper] ==> ignore
    arg [-plugin-opt=-fresolution=/tmp/ccM5X6Ne.res] ==> ignore
    arg [-plugin-opt=-pass-through=-lgcc] ==> ignore
    arg [-plugin-opt=-pass-through=-lgcc_s] ==> ignore
    arg [-plugin-opt=-pass-through=-lc] ==> ignore
    arg [-plugin-opt=-pass-through=-lgcc] ==> ignore
    arg [-plugin-opt=-pass-through=-lgcc_s] ==> ignore
    arg [--build-id] ==> ignore
    arg [--eh-frame-hdr] ==> ignore
    arg [--hash-style=gnu] ==> ignore
    arg [--as-needed] ==> ignore
    arg [-export-dynamic] ==> ignore
    arg [-dynamic-linker] ==> ignore
    arg [/lib/ld-linux-aarch64.so.1] ==> ignore
    arg [-X] ==> ignore
    arg [-EL] ==> ignore
    arg [-maarch64linux] ==> ignore
    arg [--fix-cortex-a53-843419] ==> ignore
    arg [-pie] ==> ignore
    arg [-znow] ==> ignore
    arg [-zrelro] ==> ignore
    arg [-o] ==> ignore
    arg [cmTC_3d255] ==> ignore
    arg [/usr/lib/gcc/aarch64-linux-gnu/7/../../../aarch64-linux-gnu/Scrt1.o] ==> ignore
    arg [/usr/lib/gcc/aarch64-linux-gnu/7/../../../aarch64-linux-gnu/crti.o] ==> ignore
    arg [/usr/lib/gcc/aarch64-linux-gnu/7/crtbeginS.o] ==> ignore
    arg [-L/usr/lib/gcc/aarch64-linux-gnu/7] ==> dir [/usr/lib/gcc/aarch64-linux-gnu/7]
    arg [-L/usr/lib/gcc/aarch64-linux-gnu/7/../../../aarch64-linux-gnu] ==> dir [/usr/lib/gcc/aarch64-linux-gnu/7/../../../aarch64-linux-gnu]
    arg [-L/usr/lib/gcc/aarch64-linux-gnu/7/../../../../lib] ==> dir [/usr/lib/gcc/aarch64-linux-gnu/7/../../../../lib]
    arg [-L/lib/aarch64-linux-gnu] ==> dir [/lib/aarch64-linux-gnu]
    arg [-L/lib/../lib] ==> dir [/lib/../lib]
    arg [-L/usr/lib/aarch64-linux-gnu] ==> dir [/usr/lib/aarch64-linux-gnu]
    arg [-L/usr/lib/../lib] ==> dir [/usr/lib/../lib]
    arg [-L/usr/lib/gcc/aarch64-linux-gnu/7/../../..] ==> dir [/usr/lib/gcc/aarch64-linux-gnu/7/../../..]
    arg [CMakeFiles/cmTC_3d255.dir/CMakeCCompilerABI.c.o] ==> ignore
    arg [-lgcc] ==> lib [gcc]
    arg [--push-state] ==> ignore
    arg [--as-needed] ==> ignore
    arg [-lgcc_s] ==> lib [gcc_s]
    arg [--pop-state] ==> ignore
    arg [-lc] ==> lib [c]
    arg [-lgcc] ==> lib [gcc]
    arg [--push-state] ==> ignore
    arg [--as-needed] ==> ignore
    arg [-lgcc_s] ==> lib [gcc_s]
    arg [--pop-state] ==> ignore
    arg [/usr/lib/gcc/aarch64-linux-gnu/7/crtendS.o] ==> ignore
    arg [/usr/lib/gcc/aarch64-linux-gnu/7/../../../aarch64-linux-gnu/crtn.o] ==> ignore
  collapse library dir [/usr/lib/gcc/aarch64-linux-gnu/7] ==> [/usr/lib/gcc/aarch64-linux-gnu/7]
  collapse library dir [/usr/lib/gcc/aarch64-linux-gnu/7/../../../aarch64-linux-gnu] ==> [/usr/lib/aarch64-linux-gnu]
  collapse library dir [/usr/lib/gcc/aarch64-linux-gnu/7/../../../../lib] ==> [/usr/lib]
  collapse library dir [/lib/aarch64-linux-gnu] ==> [/lib/aarch64-linux-gnu]
  collapse library dir [/lib/../lib] ==> [/lib]
  collapse library dir [/usr/lib/aarch64-linux-gnu] ==> [/usr/lib/aarch64-linux-gnu]
  collapse library dir [/usr/lib/../lib] ==> [/usr/lib]
  collapse library dir [/usr/lib/gcc/aarch64-linux-gnu/7/../../..] ==> [/usr/lib]
  implicit libs: [gcc;gcc_s;c;gcc;gcc_s]
  implicit dirs: [/usr/lib/gcc/aarch64-linux-gnu/7;/usr/lib/aarch64-linux-gnu;/usr/lib;/lib/aarch64-linux-gnu;/lib]
  implicit fwks: []




Detecting C [-std=c11] compiler features compiled with the following output:
Change Dir: /home/xavier/catkin_ws/build/csm/CMakeFiles/CMakeTmp

Run Build Command:"/usr/bin/make" "cmTC_7b7ce/fast"
/usr/bin/make -f CMakeFiles/cmTC_7b7ce.dir/build.make CMakeFiles/cmTC_7b7ce.dir/build
make[1]: Entering directory '/home/xavier/catkin_ws/build/csm/CMakeFiles/CMakeTmp'
Building C object CMakeFiles/cmTC_7b7ce.dir/feature_tests.c.o
/usr/bin/cc   -std=c11 -o CMakeFiles/cmTC_7b7ce.dir/feature_tests.c.o   -c /home/xavier/catkin_ws/build/csm/CMakeFiles/feature_tests.c
Linking C executable cmTC_7b7ce
/usr/bin/cmake -E cmake_link_script CMakeFiles/cmTC_7b7ce.dir/link.txt --verbose=1
/usr/bin/cc      -rdynamic CMakeFiles/cmTC_7b7ce.dir/feature_tests.c.o  -o cmTC_7b7ce 
make[1]: Leaving directory '/home/xavier/catkin_ws/build/csm/CMakeFiles/CMakeTmp'


    Feature record: C_FEATURE:1c_function_prototypes
    Feature record: C_FEATURE:1c_restrict
    Feature record: C_FEATURE:1c_static_assert
    Feature record: C_FEATURE:1c_variadic_macros


Detecting C [-std=c99] compiler features compiled with the following output:
Change Dir: /home/xavier/catkin_ws/build/csm/CMakeFiles/CMakeTmp

Run Build Command:"/usr/bin/make" "cmTC_e6114/fast"
/usr/bin/make -f CMakeFiles/cmTC_e6114.dir/build.make CMakeFiles/cmTC_e6114.dir/build
make[1]: Entering directory '/home/xavier/catkin_ws/build/csm/CMakeFiles/CMakeTmp'
Building C object CMakeFiles/cmTC_e6114.dir/feature_tests.c.o
/usr/bin/cc   -std=c99 -o CMakeFiles/cmTC_e6114.dir/feature_tests.c.o   -c /home/xavier/catkin_ws/build/csm/CMakeFiles/feature_tests.c
Linking C executable cmTC_e6114
/usr/bin/cmake -E cmake_link_script CMakeFiles/cmTC_e6114.dir/link.txt --verbose=1
/usr/bin/cc      -rdynamic CMakeFiles/cmTC_e6114.dir/feature_tests.c.o  -o cmTC_e6114 
make[1]: Leaving directory '/home/xavier/catkin_ws/build/csm/CMakeFiles/CMakeTmp'


    Feature record: C_FEATURE:1c_function_prototypes
    Feature record: C_FEATURE:1c_restrict
    Feature record: C_FEATURE:0c_static_assert
    Feature record: C_FEATURE:1c_variadic_macros


Detecting C [-std=c90] compiler features compiled with the following output:
Change Dir: /home/xavier/catkin_ws/build/csm/CMakeFiles/CMakeTmp

Run Build Command:"/usr/bin/make" "cmTC_d1ef9/fast"
/usr/bin/make -f CMakeFiles/cmTC_d1ef9.dir/build.make CMakeFiles/cmTC_d1ef9.dir/build
make[1]: Entering directory '/home/xavier/catkin_ws/build/csm/CMakeFiles/CMakeTmp'
Building C object CMakeFiles/cmTC_d1ef9.dir/feature_tests.c.o
/usr/bin/cc   -std=c90 -o CMakeFiles/cmTC_d1ef9.dir/feature_tests.c.o   -c /home/xavier/catkin_ws/build/csm/CMakeFiles/feature_tests.c
Linking C executable cmTC_d1ef9
/usr/bin/cmake -E cmake_link_script CMakeFiles/cmTC_d1ef9.dir/link.txt --verbose=1
/usr/bin/cc      -rdynamic CMakeFiles/cmTC_d1ef9.dir/feature_tests.c.o  -o cmTC_d1ef9 
make[1]: Leaving directory '/home/xavier/catkin_ws/build/csm/CMakeFiles/CMakeTmp'


    Feature record: C_FEATURE:1c_function_prototypes
    Feature record: C_FEATURE:0c_restrict
    Feature record: C_FEATURE:0c_static_assert
    Feature record: C_FEATURE:0c_variadic_macros
Determining if the CXX compiler works passed with the following output:
Change Dir: /home/xavier/catkin_ws/build/csm/CMakeFiles/CMakeTmp

Run Build Command:"/usr/bin/make" "cmTC_5bbd1/fast"
/usr/bin/make -f CMakeFiles/cmTC_5bbd1.dir/build.make CMakeFiles/cmTC_5bbd1.dir/build
make[1]: Entering directory '/home/xavier/catkin_ws/build/csm/CMakeFiles/CMakeTmp'
Building CXX object CMakeFiles/cmTC_5bbd1.dir/testCXXCompiler.cxx.o
/usr/bin/c++     -o CMakeFiles/cmTC_5bbd1.dir/testCXXCompiler.cxx.o -c /home/xavier/catkin_ws/build/csm/CMakeFiles/CMakeTmp/testCXXCompiler.cxx
Linking CXX executable cmTC_5bbd1
/usr/bin/cmake -E cmake_link_script CMakeFiles/cmTC_5bbd1.dir/link.txt --verbose=1
/usr/bin/c++       -rdynamic CMakeFiles/cmTC_5bbd1.dir/testCXXCompiler.cxx.o  -o cmTC_5bbd1 
make[1]: Leaving directory '/home/xavier/catkin_ws/build/csm/CMakeFiles/CMakeTmp'


Detecting CXX compiler ABI info compiled with the following output:
Change Dir: /home/xavier/catkin_ws/build/csm/CMakeFiles/CMakeTmp

Run Build Command:"/usr/bin/make" "cmTC_4d652/fast"
/usr/bin/make -f CMakeFiles/cmTC_4d652.dir/build.make CMakeFiles/cmTC_4d652.dir/build
make[1]: Entering directory '/home/xavier/catkin_ws/build/csm/CMakeFiles/CMakeTmp'
Building CXX object CMakeFiles/cmTC_4d652.dir/CMakeCXXCompilerABI.cpp.o
/usr/bin/c++     -o CMakeFiles/cmTC_4d652.dir/CMakeCXXCompilerABI.cpp.o -c /usr/share/cmake-3.10/Modules/CMakeCXXCompilerABI.cpp
Linking CXX executable cmTC_4d652
/usr/bin/cmake -E cmake_link_script CMakeFiles/cmTC_4d652.dir/link.txt --verbose=1
/usr/bin/c++      -v -rdynamic CMakeFiles/cmTC_4d652.dir/CMakeCXXCompilerABI.cpp.o  -o cmTC_4d652 
Using built-in specs.
COLLECT_GCC=/usr/bin/c++
COLLECT_LTO_WRAPPER=/usr/lib/gcc/aarch64-linux-gnu/7/lto-wrapper
Target: aarch64-linux-gnu
Configured with: ../src/configure -v --with-pkgversion='Ubuntu/Linaro 7.5.0-3ubuntu1~18.04' --with-bugurl=file:///usr/share/doc/gcc-7/README.Bugs --enable-languages=c,ada,c++,go,d,fortran,objc,obj-c++ --prefix=/usr --with-gcc-major-version-only --program-suffix=-7 --program-prefix=aarch64-linux-gnu- --enable-shared --enable-linker-build-id --libexecdir=/usr/lib --without-included-gettext --enable-threads=posix --libdir=/usr/lib --enable-nls --enable-bootstrap --enable-clocale=gnu --enable-libstdcxx-debug --enable-libstdcxx-time=yes --with-default-libstdcxx-abi=new --enable-gnu-unique-object --disable-libquadmath --disable-libquadmath-support --enable-plugin --enable-default-pie --with-system-zlib --enable-multiarch --enable-fix-cortex-a53-843419 --disable-werror --enable-checking=release --build=aarch64-linux-gnu --host=aarch64-linux-gnu --target=aarch64-linux-gnu
Thread model: posix
gcc version 7.5.0 (Ubuntu/Linaro 7.5.0-3ubuntu1~18.04) 
COMPILER_PATH=/usr/lib/gcc/aarch64-linux-gnu/7/:/usr/lib/gcc/aarch64-linux-gnu/7/:/usr/lib/gcc/aarch64-linux-gnu/:/usr/lib/gcc/aarch64-linux-gnu/7/:/usr/lib/gcc/aarch64-linux-gnu/
LIBRARY_PATH=/usr/lib/gcc/aarch64-linux-gnu/7/:/usr/lib/gcc/aarch64-linux-gnu/7/../../../aarch64-linux-gnu/:/usr/lib/gcc/aarch64-linux-gnu/7/../../../../lib/:/lib/aarch64-linux-gnu/:/lib/../lib/:/usr/lib/aarch64-linux-gnu/:/usr/lib/../lib/:/usr/lib/gcc/aarch64-linux-gnu/7/../../../:/lib/:/usr/lib/
COLLECT_GCC_OPTIONS='-v' '-rdynamic' '-o' 'cmTC_4d652' '-shared-libgcc' '-mlittle-endian' '-mabi=lp64'
 /usr/lib/gcc/aarch64-linux-gnu/7/collect2 -plugin /usr/lib/gcc/aarch64-linux-gnu/7/liblto_plugin.so -plugin-opt=/usr/lib/gcc/aarch64-linux-gnu/7/lto-wrapper -plugin-opt=-fresolution=/tmp/ccMnX4Aw.res -plugin-opt=-pass-through=-lgcc_s -plugin-opt=-pass-through=-lgcc -plugin-opt=-pass-through=-lc -plugin-opt=-pass-through=-lgcc_s -plugin-opt=-pass-through=-lgcc --build-id --eh-frame-hdr --hash-style=gnu --as-needed -export-dynamic -dynamic-linker /lib/ld-linux-aarch64.so.1 -X -EL -maarch64linux --fix-cortex-a53-843419 -pie -z now -z relro -o cmTC_4d652 /usr/lib/gcc/aarch64-linux-gnu/7/../../../aarch64-linux-gnu/Scrt1.o /usr/lib/gcc/aarch64-linux-gnu/7/../../../aarch64-linux-gnu/crti.o /usr/lib/gcc/aarch64-linux-gnu/7/crtbeginS.o -L/usr/lib/gcc/aarch64-linux-gnu/7 -L/usr/lib/gcc/aarch64-linux-gnu/7/../../../aarch64-linux-gnu -L/usr/lib/gcc/aarch64-linux-gnu/7/../../../../lib -L/lib/aarch64-linux-gnu -L/lib/../lib -L/usr/lib/aarch64-linux-gnu -L/usr/lib/../lib -L/usr/lib/gcc/aarch64-linux-gnu/7/../../.. CMakeFiles/cmTC_4d652.dir/CMakeCXXCompilerABI.cpp.o -lstdc++ -lm -lgcc_s -lgcc -lc -lgcc_s -lgcc /usr/lib/gcc/aarch64-linux-gnu/7/crtendS.o /usr/lib/gcc/aarch64-linux-gnu/7/../../../aarch64-linux-gnu/crtn.o
COLLECT_GCC_OPTIONS='-v' '-rdynamic' '-o' 'cmTC_4d652' '-shared-libgcc' '-mlittle-endian' '-mabi=lp64'
make[1]: Leaving directory '/home/xavier/catkin_ws/build/csm/CMakeFiles/CMakeTmp'


Parsed CXX implicit link information from above output:
  link line regex: [^( *|.*[/\])(ld|CMAKE_LINK_STARTFILE-NOTFOUND|([^/\]+-)?ld|collect2)[^/\]*( |$)]
  ignore line: [Change Dir: /home/xavier/catkin_ws/build/csm/CMakeFiles/CMakeTmp]
  ignore line: []
  ignore line: [Run Build Command:"/usr/bin/make" "cmTC_4d652/fast"]
  ignore line: [/usr/bin/make -f CMakeFiles/cmTC_4d652.dir/build.make CMakeFiles/cmTC_4d652.dir/build]
  ignore line: [make[1]: Entering directory '/home/xavier/catkin_ws/build/csm/CMakeFiles/CMakeTmp']
  ignore line: [Building CXX object CMakeFiles/cmTC_4d652.dir/CMakeCXXCompilerABI.cpp.o]
  ignore line: [/usr/bin/c++     -o CMakeFiles/cmTC_4d652.dir/CMakeCXXCompilerABI.cpp.o -c /usr/share/cmake-3.10/Modules/CMakeCXXCompilerABI.cpp]
  ignore line: [Linking CXX executable cmTC_4d652]
  ignore line: [/usr/bin/cmake -E cmake_link_script CMakeFiles/cmTC_4d652.dir/link.txt --verbose=1]
  ignore line: [/usr/bin/c++      -v -rdynamic CMakeFiles/cmTC_4d652.dir/CMakeCXXCompilerABI.cpp.o  -o cmTC_4d652 ]
  ignore line: [Using built-in specs.]
  ignore line: [COLLECT_GCC=/usr/bin/c++]
  ignore line: [COLLECT_LTO_WRAPPER=/usr/lib/gcc/aarch64-linux-gnu/7/lto-wrapper]
  ignore line: [Target: aarch64-linux-gnu]
  ignore line: [Configured with: ../src/configure -v --with-pkgversion='Ubuntu/Linaro 7.5.0-3ubuntu1~18.04' --with-bugurl=file:///usr/share/doc/gcc-7/README.Bugs --enable-languages=c,ada,c++,go,d,fortran,objc,obj-c++ --prefix=/usr --with-gcc-major-version-only --program-suffix=-7 --program-prefix=aarch64-linux-gnu- --enable-shared --enable-linker-build-id --libexecdir=/usr/lib --without-included-gettext --enable-threads=posix --libdir=/usr/lib --enable-nls --enable-bootstrap --enable-clocale=gnu --enable-libstdcxx-debug --enable-libstdcxx-time=yes --with-default-libstdcxx-abi=new --enable-gnu-unique-object --disable-libquadmath --disable-libquadmath-support --enable-plugin --enable-default-pie --with-system-zlib --enable-multiarch --enable-fix-cortex-a53-843419 --disable-werror --enable-checking=release --build=aarch64-linux-gnu --host=aarch64-linux-gnu --target=aarch64-linux-gnu]
  ignore line: [Thread model: posix]
  ignore line: [gcc version 7.5.0 (Ubuntu/Linaro 7.5.0-3ubuntu1~18.04) ]
  ignore line: [COMPILER_PATH=/usr/lib/gcc/aarch64-linux-gnu/7/:/usr/lib/gcc/aarch64-linux-gnu/7/:/usr/lib/gcc/aarch64-linux-gnu/:/usr/lib/gcc/aarch64-linux-gnu/7/:/usr/lib/gcc/aarch64-linux-gnu/]
  ignore line: [LIBRARY_PATH=/usr/lib/gcc/aarch64-linux-gnu/7/:/usr/lib/gcc/aarch64-linux-gnu/7/../../../aarch64-linux-gnu/:/usr/lib/gcc/aarch64-linux-gnu/7/../../../../lib/:/lib/aarch64-linux-gnu/:/lib/../lib/:/usr/lib/aarch64-linux-gnu/:/usr/lib/../lib/:/usr/lib/gcc/aarch64-linux-gnu/7/../../../:/lib/:/usr/lib/]
  ignore line: [COLLECT_GCC_OPTIONS='-v' '-rdynamic' '-o' 'cmTC_4d652' '-shared-libgcc' '-mlittle-endian' '-mabi=lp64']
  link line: [ /usr/lib/gcc/aarch64-linux-gnu/7/collect2 -plugin /usr/lib/gcc/aarch64-linux-gnu/7/liblto_plugin.so -plugin-opt=/usr/lib/gcc/aarch64-linux-gnu/7/lto-wrapper -plugin-opt=-fresolution=/tmp/ccMnX4Aw.res -plugin-opt=-pass-through=-lgcc_s -plugin-opt=-pass-through=-lgcc -plugin-opt=-pass-through=-lc -plugin-opt=-pass-through=-lgcc_s -plugin-opt=-pass-through=-lgcc --build-id --eh-frame-hdr --hash-style=gnu --as-needed -export-dynamic -dynamic-linker /lib/ld-linux-aarch64.so.1 -X -EL -maarch64linux --fix-cortex-a53-843419 -pie -z now -z relro -o cmTC_4d652 /usr/lib/gcc/aarch64-linux-gnu/7/../../../aarch64-linux-gnu/Scrt1.o /usr/lib/gcc/aarch64-linux-gnu/7/../../../aarch64-linux-gnu/crti.o /usr/lib/gcc/aarch64-linux-gnu/7/crtbeginS.o -L/usr/lib/gcc/aarch64-linux-gnu/7 -L/usr/lib/gcc/aarch64-linux-gnu/7/../../../aarch64-linux-gnu -L/usr/lib/gcc/aarch64-linux-gnu/7/../../../../lib -L/lib/aarch64-linux-gnu -L/lib/../lib -L/usr/lib/aarch64-linux-gnu -L/usr/lib/../lib -L/usr/lib/gcc/aarch64-linux-gnu/7/../../.. CMakeFiles/cmTC_4d652.dir/CMakeCXXCompilerABI.cpp.o -lstdc++ -lm -lgcc_s -lgcc -lc -lgcc_s -lgcc /usr/lib/gcc/aarch64-linux-gnu/7/crtendS.o /usr/lib/gcc/aarch64-linux-gnu/7/../../../aarch64-linux-gnu/crtn.o]
    arg [/usr/lib/gcc/aarch64-linux-gnu/7/collect2] ==> ignore
    arg [-plugin] ==> ignore
    arg [/usr/lib/gcc/aarch64-linux-gnu/7/liblto_plugin.so] ==> ignore
    arg [-plugin-opt=/usr/lib/gcc/aarch64-linux-gnu/7/lto-wrapper] ==> ignore
    arg [-plugin-opt=-fresolution=/tmp/ccMnX4Aw.res] ==> ignore
    arg [-plugin-opt=-pass-through=-lgcc_s] ==> ignore
    arg [-plugin-opt=-pass-through=-lgcc] ==> ignore
    arg [-plugin-opt=-pass-through=-lc] ==> ignore
    arg [-plugin-opt=-pass-through=-lgcc_s] ==> ignore
    arg [-plugin-opt=-pass-through=-lgcc] ==> ignore
    arg [--build-id] ==> ignore
    arg [--eh-frame-hdr] ==> ignore
    arg [--hash-style=gnu] ==> ignore
    arg [--as-needed] ==> ignore
    arg [-export-dynamic] ==> ignore
    arg [-dynamic-linker] ==> ignore
    arg [/lib/ld-linux-aarch64.so.1] ==> ignore
    arg [-X] ==> ignore
    arg [-EL] ==> ignore
    arg [-maarch64linux] ==> ignore
    arg [--fix-cortex-a53-843419] ==> ignore
    arg [-pie] ==> ignore
    arg [-znow] ==> ignore
    arg [-zrelro] ==> ignore
    arg [-o] ==> ignore
    arg [cmTC_4d652] ==> ignore
    arg [/usr/lib/gcc/aarch64-linux-gnu/7/../../../aarch64-linux-gnu/Scrt1.o] ==> ignore
    arg [/usr/lib/gcc/aarch64-linux-gnu/7/../../../aarch64-linux-gnu/crti.o] ==> ignore
    arg [/usr/lib/gcc/aarch64-linux-gnu/7/crtbeginS.o] ==> ignore
    arg [-L/usr/lib/gcc/aarch64-linux-gnu/7] ==> dir [/usr/lib/gcc/aarch64-linux-gnu/7]
    arg [-L/usr/lib/gcc/aarch64-linux-gnu/7/../../../aarch64-linux-gnu] ==> dir [/usr/lib/gcc/aarch64-linux-gnu/7/../../../aarch64-linux-gnu]
    arg [-L/usr/lib/gcc/aarch64-linux-gnu/7/../../../../lib] ==> dir [/usr/lib/gcc/aarch64-linux-gnu/7/../../../../lib]
    arg [-L/lib/aarch64-linux-gnu] ==> dir [/lib/aarch64-linux-gnu]
    arg [-L/lib/../lib] ==> dir [/lib/../lib]
    arg [-L/usr/lib/aarch64-linux-gnu] ==> dir [/usr/lib/aarch64-linux-gnu]
    arg [-L/usr/lib/../lib] ==> dir [/usr/lib/../lib]
    arg [-L/usr/lib/gcc/aarch64-linux-gnu/7/../../..] ==> dir [/usr/lib/gcc/aarch64-linux-gnu/7/../../..]
    arg [CMakeFiles/cmTC_4d652.dir/CMakeCXXCompilerABI.cpp.o] ==> ignore
    arg [-lstdc++] ==> lib [stdc++]
    arg [-lm] ==> lib [m]
    arg [-lgcc_s] ==> lib [gcc_s]
    arg [-lgcc] ==> lib [gcc]
    arg [-lc] ==> lib [c]
    arg [-lgcc_s] ==> lib [gcc_s]
    arg [-lgcc] ==> lib [gcc]
    arg [/usr/lib/gcc/aarch64-linux-gnu/7/crtendS.o] ==> ignore
    arg [/usr/lib/gcc/aarch64-linux-gnu/7/../../../aarch64-linux-gnu/crtn.o] ==> ignore
  collapse library dir [/usr/lib/gcc/aarch64-linux-gnu/7] ==> [/usr/lib/gcc/aarch64-linux-gnu/7]
  collapse library dir [/usr/lib/gcc/aarch64-linux-gnu/7/../../../aarch64-linux-gnu] ==> [/usr/lib/aarch64-linux-gnu]
  collapse library dir [/usr/lib/gcc/aarch64-linux-gnu/7/../../../../lib] ==> [/usr/lib]
  collapse library dir [/lib/aarch64-linux-gnu] ==> [/lib/aarch64-linux-gnu]
  collapse library dir [/lib/../lib] ==> [/lib]
  collapse library dir [/usr/lib/aarch64-linux-gnu] ==> [/usr/lib/aarch64-linux-gnu]
  collapse library dir [/usr/lib/../lib] ==> [/usr/lib]
  collapse library dir [/usr/lib/gcc/aarch64-linux-gnu/7/../../..] ==> [/usr/lib]
  implicit libs: [stdc++;m;gcc_s;gcc;c;gcc_s;gcc]
  implicit dirs: [/usr/lib/gcc/aarch64-linux-gnu/7;/usr/lib/aarch64-linux-gnu;/usr/lib;/lib/aarch64-linux-gnu;/lib]
  implicit fwks: []




Detecting CXX [-std=c++1z] compiler features compiled with the following output:
Change Dir: /home/xavier/catkin_ws/build/csm/CMakeFiles/CMakeTmp

Run Build Command:"/usr/bin/make" "cmTC_dba87/fast"
/usr/bin/make -f CMakeFiles/cmTC_dba87.dir/build.make CMakeFiles/cmTC_dba87.dir/build
make[1]: Entering directory '/home/xavier/catkin_ws/build/csm/CMakeFiles/CMakeTmp'
Building CXX object CMakeFiles/cmTC_dba87.dir/feature_tests.cxx.o
/usr/bin/c++    -std=c++1z -o CMakeFiles/cmTC_dba87.dir/feature_tests.cxx.o -c /home/xavier/catkin_ws/build/csm/CMakeFiles/feature_tests.cxx
Linking CXX executable cmTC_dba87
/usr/bin/cmake -E cmake_link_script CMakeFiles/cmTC_dba87.dir/link.txt --verbose=1
/usr/bin/c++       -rdynamic CMakeFiles/cmTC_dba87.dir/feature_tests.cxx.o  -o cmTC_dba87 
make[1]: Leaving directory '/home/xavier/catkin_ws/build/csm/CMakeFiles/CMakeTmp'


    Feature record: CXX_FEATURE:1cxx_aggregate_default_initializers
    Feature record: CXX_FEATURE:1cxx_alias_templates
    Feature record: CXX_FEATURE:1cxx_alignas
    Feature record: CXX_FEATURE:1cxx_alignof
    Feature record: CXX_FEATURE:1cxx_attributes
    Feature record: CXX_FEATURE:1cxx_attribute_deprecated
    Feature record: CXX_FEATURE:1cxx_auto_type
    Feature record: CXX_FEATURE:1cxx_binary_literals
    Feature record: CXX_FEATURE:1cxx_constexpr
    Feature record: CXX_FEATURE:1cxx_contextual_conversions
    Feature record: CXX_FEATURE:1cxx_decltype
    Feature record: CXX_FEATURE:1cxx_decltype_auto
    Feature record: CXX_FEATURE:1cxx_decltype_incomplete_return_types
    Feature record: CXX_FEATURE:1cxx_default_function_template_args
    Feature record: CXX_FEATURE:1cxx_defaulted_functions
    Feature record: CXX_FEATURE:1cxx_defaulted_move_initializers
    Feature record: CXX_FEATURE:1cxx_delegating_constructors
    Feature record: CXX_FEATURE:1cxx_deleted_functions
    Feature record: CXX_FEATURE:1cxx_digit_separators
    Feature record: CXX_FEATURE:1cxx_enum_forward_declarations
    Feature record: CXX_FEATURE:1cxx_explicit_conversions
    Feature record: CXX_FEATURE:1cxx_extended_friend_declarations
    Feature record: CXX_FEATURE:1cxx_extern_templates
    Feature record: CXX_FEATURE:1cxx_final
    Feature record: CXX_FEATURE:1cxx_func_identifier
    Feature record: CXX_FEATURE:1cxx_generalized_initializers
    Feature record: CXX_FEATURE:1cxx_generic_lambdas
    Feature record: CXX_FEATURE:1cxx_inheriting_constructors
    Feature record: CXX_FEATURE:1cxx_inline_namespaces
    Feature record: CXX_FEATURE:1cxx_lambdas
    Feature record: CXX_FEATURE:1cxx_lambda_init_captures
    Feature record: CXX_FEATURE:1cxx_local_type_template_args
    Feature record: CXX_FEATURE:1cxx_long_long_type
    Feature record: CXX_FEATURE:1cxx_noexcept
    Feature record: CXX_FEATURE:1cxx_nonstatic_member_init
    Feature record: CXX_FEATURE:1cxx_nullptr
    Feature record: CXX_FEATURE:1cxx_override
    Feature record: CXX_FEATURE:1cxx_range_for
    Feature record: CXX_FEATURE:1cxx_raw_string_literals
    Feature record: CXX_FEATURE:1cxx_reference_qualified_functions
    Feature record: CXX_FEATURE:1cxx_relaxed_constexpr
    Feature record: CXX_FEATURE:1cxx_return_type_deduction
    Feature record: CXX_FEATURE:1cxx_right_angle_brackets
    Feature record: CXX_FEATURE:1cxx_rvalue_references
    Feature record: CXX_FEATURE:1cxx_sizeof_member
    Feature record: CXX_FEATURE:1cxx_static_assert
    Feature record: CXX_FEATURE:1cxx_strong_enums
    Feature record: CXX_FEATURE:1cxx_template_template_parameters
    Feature record: CXX_FEATURE:1cxx_thread_local
    Feature record: CXX_FEATURE:1cxx_trailing_return_types
    Feature record: CXX_FEATURE:1cxx_unicode_literals
    Feature record: CXX_FEATURE:1cxx_uniform_initialization
    Feature record: CXX_FEATURE:1cxx_unrestricted_unions
    Feature record: CXX_FEATURE:1cxx_user_literals
    Feature record: CXX_FEATURE:1cxx_variable_templates
    Feature record: CXX_FEATURE:1cxx_variadic_macros
    Feature record: CXX_FEATURE:1cxx_variadic_templates


Detecting CXX [-std=c++14] compiler features compiled with the following output:
Change Dir: /home/xavier/catkin_ws/build/csm/CMakeFiles/CMakeTmp

Run Build Command:"/usr/bin/make" "cmTC_7aeba/fast"
/usr/bin/make -f CMakeFiles/cmTC_7aeba.dir/build.make CMakeFiles/cmTC_7aeba.dir/build
make[1]: Entering directory '/home/xavier/catkin_ws/build/csm/CMakeFiles/CMakeTmp'
Building CXX object CMakeFiles/cmTC_7aeba.dir/feature_tests.cxx.o
/usr/bin/c++    -std=c++14 -o CMakeFiles/cmTC_7aeba.dir/feature_tests.cxx.o -c /home/xavier/catkin_ws/build/csm/CMakeFiles/feature_tests.cxx
Linking CXX executable cmTC_7aeba
/usr/bin/cmake -E cmake_link_script CMakeFiles/cmTC_7aeba.dir/link.txt --verbose=1
/usr/bin/c++       -rdynamic CMakeFiles/cmTC_7aeba.dir/feature_tests.cxx.o  -o cmTC_7aeba 
make[1]: Leaving directory '/home/xavier/catkin_ws/build/csm/CMakeFiles/CMakeTmp'


    Feature record: CXX_FEATURE:1cxx_aggregate_default_initializers
    Feature record: CXX_FEATURE:1cxx_alias_templates
    Feature record: CXX_FEATURE:1cxx_alignas
    Feature record: CXX_FEATURE:1cxx_alignof
    Feature record: CXX_FEATURE:1cxx_attributes
    Feature record: CXX_FEATURE:1cxx_attribute_deprecated
    Feature record: CXX_FEATURE:1cxx_auto_type
    Feature record: CXX_FEATURE:1cxx_binary_literals
    Feature record: CXX_FEATURE:1cxx_constexpr
    Feature record: CXX_FEATURE:1cxx_contextual_conversions
    Feature record: CXX_FEATURE:1cxx_decltype
    Feature record: CXX_FEATURE:1cxx_decltype_auto
    Feature record: CXX_FEATURE:1cxx_decltype_incomplete_return_types
    Feature record: CXX_FEATURE:1cxx_default_function_template_args
    Feature record: CXX_FEATURE:1cxx_defaulted_functions
    Feature record: CXX_FEATURE:1cxx_defaulted_move_initializers
    Feature record: CXX_FEATURE:1cxx_delegating_constructors
    Feature record: CXX_FEATURE:1cxx_deleted_functions
    Feature record: CXX_FEATURE:1cxx_digit_separators
    Feature record: CXX_FEATURE:1cxx_enum_forward_declarations
    Feature record: CXX_FEATURE:1cxx_explicit_conversions
    Feature record: CXX_FEATURE:1cxx_extended_friend_declarations
    Feature record: CXX_FEATURE:1cxx_extern_templates
    Feature record: CXX_FEATURE:1cxx_final
    Feature record: CXX_FEATURE:1cxx_func_identifier
    Feature record: CXX_FEATURE:1cxx_generalized_initializers
    Feature record: CXX_FEATURE:1cxx_generic_lambdas
    Feature record: CXX_FEATURE:1cxx_inheriting_constructors
    Feature record: CXX_FEATURE:1cxx_inline_namespaces
    Feature record: CXX_FEATURE:1cxx_lambdas
    Feature record: CXX_FEATURE:1cxx_lambda_init_captures
    Feature record: CXX_FEATURE:1cxx_local_type_template_args
    Feature record: CXX_FEATURE:1cxx_long_long_type
    Feature record: CXX_FEATURE:1cxx_noexcept
    Feature record: CXX_FEATURE:1cxx_nonstatic_member_init
    Feature record: CXX_FEATURE:1cxx_nullptr
    Feature record: CXX_FEATURE:1cxx_override
    Feature record: CXX_FEATURE:1cxx_range_for
    Feature record: CXX_FEATURE:1cxx_raw_string_literals
    Feature record: CXX_FEATURE:1cxx_reference_qualified_functions
    Feature record: CXX_FEATURE:1cxx_relaxed_constexpr
    Feature record: CXX_FEATURE:1cxx_return_type_deduction
    Feature record: CXX_FEATURE:1cxx_right_angle_brackets
    Feature record: CXX_FEATURE:1cxx_rvalue_references
    Feature record: CXX_FEATURE:1cxx_sizeof_member
    Feature record: CXX_FEATURE:1cxx_static_assert
    Feature record: CXX_FEATURE:1cxx_strong_enums
    Feature record: CXX_FEATURE:1cxx_template_template_parameters
    Feature record: CXX_FEATURE:1cxx_thread_local
    Feature record: CXX_FEATURE:1cxx_trailing_return_types
    Feature record: CXX_FEATURE:1cxx_unicode_literals
    Feature record: CXX_FEATURE:1cxx_uniform_initialization
    Feature record: CXX_FEATURE:1cxx_unrestricted_unions
    Feature record: CXX_FEATURE:1cxx_user_literals
    Feature record: CXX_FEATURE:1cxx_variable_templates
    Feature record: CXX_FEATURE:1cxx_variadic_macros
    Feature record: CXX_FEATURE:1cxx_variadic_templates


Detecting CXX [-std=c++11] compiler features compiled with the following output:
Change Dir: /home/xavier/catkin_ws/build/csm/CMakeFiles/CMakeTmp

Run Build Command:"/usr/bin/make" "cmTC_96b16/fast"
/usr/bin/make -f CMakeFiles/cmTC_96b16.dir/build.make CMakeFiles/cmTC_96b16.dir/build
make[1]: Entering directory '/home/xavier/catkin_ws/build/csm/CMakeFiles/CMakeTmp'
Building CXX object CMakeFiles/cmTC_96b16.dir/feature_tests.cxx.o
/usr/bin/c++    -std=c++11 -o CMakeFiles/cmTC_96b16.dir/feature_tests.cxx.o -c /home/xavier/catkin_ws/build/csm/CMakeFiles/feature_tests.cxx
Linking CXX executable cmTC_96b16
/usr/bin/cmake -E cmake_link_script CMakeFiles/cmTC_96b16.dir/link.txt --verbose=1
/usr/bin/c++       -rdynamic CMakeFiles/cmTC_96b16.dir/feature_tests.cxx.o  -o cmTC_96b16 
make[1]: Leaving directory '/home/xavier/catkin_ws/build/csm/CMakeFiles/CMakeTmp'


    Feature record: CXX_FEATURE:0cxx_aggregate_default_initializers
    Feature record: CXX_FEATURE:1cxx_alias_templates
    Feature record: CXX_FEATURE:1cxx_alignas
    Feature record: CXX_FEATURE:1cxx_alignof
    Feature record: CXX_FEATURE:1cxx_attributes
    Feature record: CXX_FEATURE:0cxx_attribute_deprecated
    Feature record: CXX_FEATURE:1cxx_auto_type
    Feature record: CXX_FEATURE:0cxx_binary_literals
    Feature record: CXX_FEATURE:1cxx_constexpr
    Feature record: CXX_FEATURE:0cxx_contextual_conversions
    Feature record: CXX_FEATURE:1cxx_decltype
    Feature record: CXX_FEATURE:0cxx_decltype_auto
    Feature record: CXX_FEATURE:1cxx_decltype_incomplete_return_types
    Feature record: CXX_FEATURE:1cxx_default_function_template_args
    Feature record: CXX_FEATURE:1cxx_defaulted_functions
    Feature record: CXX_FEATURE:1cxx_defaulted_move_initializers
    Feature record: CXX_FEATURE:1cxx_delegating_constructors
    Feature record: CXX_FEATURE:1cxx_deleted_functions
    Feature record: CXX_FEATURE:0cxx_digit_separators
    Feature record: CXX_FEATURE:1cxx_enum_forward_declarations
    Feature record: CXX_FEATURE:1cxx_explicit_conversions
    Feature record: CXX_FEATURE:1cxx_extended_friend_declarations
    Feature record: CXX_FEATURE:1cxx_extern_templates
    Feature record: CXX_FEATURE:1cxx_final
    Feature record: CXX_FEATURE:1cxx_func_identifier
    Feature record: CXX_FEATURE:1cxx_generalized_initializers
    Feature record: CXX_FEATURE:0cxx_generic_lambdas
    Feature record: CXX_FEATURE:1cxx_inheriting_constructors
    Feature record: CXX_FEATURE:1cxx_inline_namespaces
    Feature record: CXX_FEATURE:1cxx_lambdas
    Feature record: CXX_FEATURE:0cxx_lambda_init_captures
    Feature record: CXX_FEATURE:1cxx_local_type_template_args
    Feature record: CXX_FEATURE:1cxx_long_long_type
    Feature record: CXX_FEATURE:1cxx_noexcept
    Feature record: CXX_FEATURE:1cxx_nonstatic_member_init
    Feature record: CXX_FEATURE:1cxx_nullptr
    Feature record: CXX_FEATURE:1cxx_override
    Feature record: CXX_FEATURE:1cxx_range_for
    Feature record: CXX_FEATURE:1cxx_raw_string_literals
    Feature record: CXX_FEATURE:1cxx_reference_qualified_functions
    Feature record: CXX_FEATURE:0cxx_relaxed_constexpr
    Feature record: CXX_FEATURE:0cxx_return_type_deduction
    Feature record: CXX_FEATURE:1cxx_right_angle_brackets
    Feature record: CXX_FEATURE:1cxx_rvalue_references
    Feature record: CXX_FEATURE:1cxx_sizeof_member
    Feature record: CXX_FEATURE:1cxx_static_assert
    Feature record: CXX_FEATURE:1cxx_strong_enums
    Feature record: CXX_FEATURE:1cxx_template_template_parameters
    Feature record: CXX_FEATURE:1cxx_thread_local
    Feature record: CXX_FEATURE:1cxx_trailing_return_types
    Feature record: CXX_FEATURE:1cxx_unicode_literals
    Feature record: CXX_FEATURE:1cxx_uniform_initialization
    Feature record: CXX_FEATURE:1cxx_unrestricted_unions
    Feature record: CXX_FEATURE:1cxx_user_literals
    Feature record: CXX_FEATURE:0cxx_variable_templates
    Feature record: CXX_FEATURE:1cxx_variadic_macros
    Feature record: CXX_FEATURE:1cxx_variadic_templates


Detecting CXX [-std=c++98] compiler features compiled with the following output:
Change Dir: /home/xavier/catkin_ws/build/csm/CMakeFiles/CMakeTmp

Run Build Command:"/usr/bin/make" "cmTC_d410c/fast"
/usr/bin/make -f CMakeFiles/cmTC_d410c.dir/build.make CMakeFiles/cmTC_d410c.dir/build
make[1]: Entering directory '/home/xavier/catkin_ws/build/csm/CMakeFiles/CMakeTmp'
Building CXX object CMakeFiles/cmTC_d410c.dir/feature_tests.cxx.o
/usr/bin/c++    -std=c++98 -o CMakeFiles/cmTC_d410c.dir/feature_tests.cxx.o -c /home/xavier/catkin_ws/build/csm/CMakeFiles/feature_tests.cxx
Linking CXX executable cmTC_d410c
/usr/bin/cmake -E cmake_link_script CMakeFiles/cmTC_d410c.dir/link.txt --verbose=1
/usr/bin/c++       -rdynamic CMakeFiles/cmTC_d410c.dir/feature_tests.cxx.o  -o cmTC_d410c 
make[1]: Leaving directory '/home/xavier/catkin_ws/build/csm/CMakeFiles/CMakeTmp'


    Feature record: CXX_FEATURE:0cxx_aggregate_default_initializers
    Feature record: CXX_FEATURE:0cxx_alias_templates
    Feature record: CXX_FEATURE:0cxx_alignas
    Feature record: CXX_FEATURE:0cxx_alignof
    Feature record: CXX_FEATURE:0cxx_attributes
    Feature record: CXX_FEATURE:0cxx_attribute_deprecated
    Feature record: CXX_FEATURE:0cxx_auto_type
    Feature record: CXX_FEATURE:0cxx_binary_literals
    Feature record: CXX_FEATURE:0cxx_constexpr
    Feature record: CXX_FEATURE:0cxx_contextual_conversions
    Feature record: CXX_FEATURE:0cxx_decltype
    Feature record: CXX_FEATURE:0cxx_decltype_auto
    Feature record: CXX_FEATURE:0cxx_decltype_incomplete_return_types
    Feature record: CXX_FEATURE:0cxx_default_function_template_args
    Feature record: CXX_FEATURE:0cxx_defaulted_functions
    Feature record: CXX_FEATURE:0cxx_defaulted_move_initializers
    Feature record: CXX_FEATURE:0cxx_delegating_constructors
    Feature record: CXX_FEATURE:0cxx_deleted_functions
    Feature record: CXX_FEATURE:0cxx_digit_separators
    Feature record: CXX_FEATURE:0cxx_enum_forward_declarations
    Feature record: CXX_FEATURE:0cxx_explicit_conversions
    Feature record: CXX_FEATURE:0cxx_extended_friend_declarations
    Feature record: CXX_FEATURE:0cxx_extern_templates
    Feature record: CXX_FEATURE:0cxx_final
    Feature record: CXX_FEATURE:0cxx_func_identifier
    Feature record: CXX_FEATURE:0cxx_generalized_initializers
    Feature record: CXX_FEATURE:0cxx_generic_lambdas
    Feature record: CXX_FEATURE:0cxx_inheriting_constructors
    Feature record: CXX_FEATURE:0cxx_inline_namespaces
    Feature record: CXX_FEATURE:0cxx_lambdas
    Feature record: CXX_FEATURE:0cxx_lambda_init_captures
    Feature record: CXX_FEATURE:0cxx_local_type_template_args
    Feature record: CXX_FEATURE:0cxx_long_long_type
    Feature record: CXX_FEATURE:0cxx_noexcept
    Feature record: CXX_FEATURE:0cxx_nonstatic_member_init
    Feature record: CXX_FEATURE:0cxx_nullptr
    Feature record: CXX_FEATURE:0cxx_override
    Feature record: CXX_FEATURE:0cxx_range_for
    Feature record: CXX_FEATURE:0cxx_raw_string_literals
    Feature record: CXX_FEATURE:0cxx_reference_qualified_functions
    Feature record: CXX_FEATURE:0cxx_relaxed_constexpr
    Feature record: CXX_FEATURE:0cxx_return_type_deduction
    Feature record: CXX_FEATURE:0cxx_right_angle_brackets
    Feature record: CXX_FEATURE:0cxx_rvalue_references
    Feature record: CXX_FEATURE:0cxx_sizeof_member
    Feature record: CXX_FEATURE:0cxx_static_assert
    Feature record: CXX_FEATURE:0cxx_strong_enums
    Feature record: CXX_FEATURE:1cxx_template_template_parameters
    Feature record: CXX_FEATURE:0cxx_thread_local
    Feature record: CXX_FEATURE:0cxx_trailing_return_types
    Feature record: CXX_FEATURE:0cxx_unicode_literals
    Feature record: CXX_FEATURE:0cxx_uniform_initialization
    Feature record: CXX_FEATURE:0cxx_unrestricted_unions
    Feature record: CXX_FEATURE:0cxx_user_literals
    Feature record: CXX_FEATURE:0cxx_variable_templates
    Feature record: CXX_FEATURE:0cxx_variadic_macros
    Feature record: CXX_FEATURE:0cxx_variadic_templates
Determining if the include file fcntl.h exists passed with the following output:
Change Dir: /home/xavier/catkin_ws/build/csm/CMakeFiles/CMakeTmp

Run Build Command:"/usr/bin/make" "cmTC_1f99c/fast"
/usr/bin/make -f CMakeFiles/cmTC_1f99c.dir/build.make CMakeFiles/cmTC_1f99c.dir/build
make[1]: Entering directory '/home/xavier/catkin_ws/build/csm/CMakeFiles/CMakeTmp'
Building C object CMakeFiles/cmTC_1f99c.dir/CheckIncludeFile.c.o
/usr/bin/cc   -I/usr/include  -I/usr/include/cairo -std=c99 -fPIC -ggdb -Wall    -o CMakeFiles/cmTC_1f99c.dir/CheckIncludeFile.c.o   -c /home/xavier/catkin_ws/build/csm/CMakeFiles/CMakeTmp/CheckIncludeFile.c
Linking C executable cmTC_1f99c
/usr/bin/cmake -E cmake_link_script CMakeFiles/cmTC_1f99c.dir/link.txt --verbose=1
/usr/bin/cc   -I/usr/include  -I/usr/include/cairo -std=c99 -fPIC -ggdb -Wall     -rdynamic CMakeFiles/cmTC_1f99c.dir/CheckIncludeFile.c.o  -o cmTC_1f99c 
make[1]: Leaving directory '/home/xavier/catkin_ws/build/csm/CMakeFiles/CMakeTmp'


Determining if the include file inttypes.h exists passed with the following output:
Change Dir: /home/xavier/catkin_ws/build/csm/CMakeFiles/CMakeTmp

Run Build Command:"/usr/bin/make" "cmTC_376ea/fast"
/usr/bin/make -f CMakeFiles/cmTC_376ea.dir/build.make CMakeFiles/cmTC_376ea.dir/build
make[1]: Entering directory '/home/xavier/catkin_ws/build/csm/CMakeFiles/CMakeTmp'
Building C object CMakeFiles/cmTC_376ea.dir/CheckIncludeFile.c.o
/usr/bin/cc   -I/usr/include  -I/usr/include/cairo -std=c99 -fPIC -ggdb -Wall    -o CMakeFiles/cmTC_376ea.dir/CheckIncludeFile.c.o   -c /home/xavier/catkin_ws/build/csm/CMakeFiles/CMakeTmp/CheckIncludeFile.c
Linking C executable cmTC_376ea
/usr/bin/cmake -E cmake_link_script CMakeFiles/cmTC_376ea.dir/link.txt --verbose=1
/usr/bin/cc   -I/usr/include  -I/usr/include/cairo -std=c99 -fPIC -ggdb -Wall     -rdynamic CMakeFiles/cmTC_376ea.dir/CheckIncludeFile.c.o  -o cmTC_376ea 
make[1]: Leaving directory '/home/xavier/catkin_ws/build/csm/CMakeFiles/CMakeTmp'


Determining if the include file limits.h exists passed with the following output:
Change Dir: /home/xavier/catkin_ws/build/csm/CMakeFiles/CMakeTmp

Run Build Command:"/usr/bin/make" "cmTC_f7781/fast"
/usr/bin/make -f CMakeFiles/cmTC_f7781.dir/build.make CMakeFiles/cmTC_f7781.dir/build
make[1]: Entering directory '/home/xavier/catkin_ws/build/csm/CMakeFiles/CMakeTmp'
Building C object CMakeFiles/cmTC_f7781.dir/CheckIncludeFile.c.o
/usr/bin/cc   -I/usr/include  -I/usr/include/cairo -std=c99 -fPIC -ggdb -Wall    -o CMakeFiles/cmTC_f7781.dir/CheckIncludeFile.c.o   -c /home/xavier/catkin_ws/build/csm/CMakeFiles/CMakeTmp/CheckIncludeFile.c
Linking C executable cmTC_f7781
/usr/bin/cmake -E cmake_link_script CMakeFiles/cmTC_f7781.dir/link.txt --verbose=1
/usr/bin/cc   -I/usr/include  -I/usr/include/cairo -std=c99 -fPIC -ggdb -Wall     -rdynamic CMakeFiles/cmTC_f7781.dir/CheckIncludeFile.c.o  -o cmTC_f7781 
make[1]: Leaving directory '/home/xavier/catkin_ws/build/csm/CMakeFiles/CMakeTmp'


Determining if the include file memory.h exists passed with the following output:
Change Dir: /home/xavier/catkin_ws/build/csm/CMakeFiles/CMakeTmp

Run Build Command:"/usr/bin/make" "cmTC_b6247/fast"
/usr/bin/make -f CMakeFiles/cmTC_b6247.dir/build.make CMakeFiles/cmTC_b6247.dir/build
make[1]: Entering directory '/home/xavier/catkin_ws/build/csm/CMakeFiles/CMakeTmp'
Building C object CMakeFiles/cmTC_b6247.dir/CheckIncludeFile.c.o
/usr/bin/cc   -I/usr/include  -I/usr/include/cairo -std=c99 -fPIC -ggdb -Wall    -o CMakeFiles/cmTC_b6247.dir/CheckIncludeFile.c.o   -c /home/xavier/catkin_ws/build/csm/CMakeFiles/CMakeTmp/CheckIncludeFile.c
Linking C executable cmTC_b6247
/usr/bin/cmake -E cmake_link_script CMakeFiles/cmTC_b6247.dir/link.txt --verbose=1
/usr/bin/cc   -I/usr/include  -I/usr/include/cairo -std=c99 -fPIC -ggdb -Wall     -rdynamic CMakeFiles/cmTC_b6247.dir/CheckIncludeFile.c.o  -o cmTC_b6247 
make[1]: Leaving directory '/home/xavier/catkin_ws/build/csm/CMakeFiles/CMakeTmp'


Determining if the include file stdarg.h exists passed with the following output:
Change Dir: /home/xavier/catkin_ws/build/csm/CMakeFiles/CMakeTmp

Run Build Command:"/usr/bin/make" "cmTC_14fc9/fast"
/usr/bin/make -f CMakeFiles/cmTC_14fc9.dir/build.make CMakeFiles/cmTC_14fc9.dir/build
make[1]: Entering directory '/home/xavier/catkin_ws/build/csm/CMakeFiles/CMakeTmp'
Building C object CMakeFiles/cmTC_14fc9.dir/CheckIncludeFile.c.o
/usr/bin/cc   -I/usr/include  -I/usr/include/cairo -std=c99 -fPIC -ggdb -Wall    -o CMakeFiles/cmTC_14fc9.dir/CheckIncludeFile.c.o   -c /home/xavier/catkin_ws/build/csm/CMakeFiles/CMakeTmp/CheckIncludeFile.c
Linking C executable cmTC_14fc9
/usr/bin/cmake -E cmake_link_script CMakeFiles/cmTC_14fc9.dir/link.txt --verbose=1
/usr/bin/cc   -I/usr/include  -I/usr/include/cairo -std=c99 -fPIC -ggdb -Wall     -rdynamic CMakeFiles/cmTC_14fc9.dir/CheckIncludeFile.c.o  -o cmTC_14fc9 
make[1]: Leaving directory '/home/xavier/catkin_ws/build/csm/CMakeFiles/CMakeTmp'


Determining if the include file stdint.h exists passed with the following output:
Change Dir: /home/xavier/catkin_ws/build/csm/CMakeFiles/CMakeTmp

Run Build Command:"/usr/bin/make" "cmTC_68162/fast"
/usr/bin/make -f CMakeFiles/cmTC_68162.dir/build.make CMakeFiles/cmTC_68162.dir/build
make[1]: Entering directory '/home/xavier/catkin_ws/build/csm/CMakeFiles/CMakeTmp'
Building C object CMakeFiles/cmTC_68162.dir/CheckIncludeFile.c.o
/usr/bin/cc   -I/usr/include  -I/usr/include/cairo -std=c99 -fPIC -ggdb -Wall    -o CMakeFiles/cmTC_68162.dir/CheckIncludeFile.c.o   -c /home/xavier/catkin_ws/build/csm/CMakeFiles/CMakeTmp/CheckIncludeFile.c
Linking C executable cmTC_68162
/usr/bin/cmake -E cmake_link_script CMakeFiles/cmTC_68162.dir/link.txt --verbose=1
/usr/bin/cc   -I/usr/include  -I/usr/include/cairo -std=c99 -fPIC -ggdb -Wall     -rdynamic CMakeFiles/cmTC_68162.dir/CheckIncludeFile.c.o  -o cmTC_68162 
make[1]: Leaving directory '/home/xavier/catkin_ws/build/csm/CMakeFiles/CMakeTmp'


Determining if the include file stdlib.h exists passed with the following output:
Change Dir: /home/xavier/catkin_ws/build/csm/CMakeFiles/CMakeTmp

Run Build Command:"/usr/bin/make" "cmTC_62723/fast"
/usr/bin/make -f CMakeFiles/cmTC_62723.dir/build.make CMakeFiles/cmTC_62723.dir/build
make[1]: Entering directory '/home/xavier/catkin_ws/build/csm/CMakeFiles/CMakeTmp'
Building C object CMakeFiles/cmTC_62723.dir/CheckIncludeFile.c.o
/usr/bin/cc   -I/usr/include  -I/usr/include/cairo -std=c99 -fPIC -ggdb -Wall    -o CMakeFiles/cmTC_62723.dir/CheckIncludeFile.c.o   -c /home/xavier/catkin_ws/build/csm/CMakeFiles/CMakeTmp/CheckIncludeFile.c
Linking C executable cmTC_62723
/usr/bin/cmake -E cmake_link_script CMakeFiles/cmTC_62723.dir/link.txt --verbose=1
/usr/bin/cc   -I/usr/include  -I/usr/include/cairo -std=c99 -fPIC -ggdb -Wall     -rdynamic CMakeFiles/cmTC_62723.dir/CheckIncludeFile.c.o  -o cmTC_62723 
make[1]: Leaving directory '/home/xavier/catkin_ws/build/csm/CMakeFiles/CMakeTmp'


Determining if the include file strings.h exists passed with the following output:
Change Dir: /home/xavier/catkin_ws/build/csm/CMakeFiles/CMakeTmp

Run Build Command:"/usr/bin/make" "cmTC_91b93/fast"
/usr/bin/make -f CMakeFiles/cmTC_91b93.dir/build.make CMakeFiles/cmTC_91b93.dir/build
make[1]: Entering directory '/home/xavier/catkin_ws/build/csm/CMakeFiles/CMakeTmp'
Building C object CMakeFiles/cmTC_91b93.dir/CheckIncludeFile.c.o
/usr/bin/cc   -I/usr/include  -I/usr/include/cairo -std=c99 -fPIC -ggdb -Wall    -o CMakeFiles/cmTC_91b93.dir/CheckIncludeFile.c.o   -c /home/xavier/catkin_ws/build/csm/CMakeFiles/CMakeTmp/CheckIncludeFile.c
Linking C executable cmTC_91b93
/usr/bin/cmake -E cmake_link_script CMakeFiles/cmTC_91b93.dir/link.txt --verbose=1
/usr/bin/cc   -I/usr/include  -I/usr/include/cairo -std=c99 -fPIC -ggdb -Wall     -rdynamic CMakeFiles/cmTC_91b93.dir/CheckIncludeFile.c.o  -o cmTC_91b93 
make[1]: Leaving directory '/home/xavier/catkin_ws/build/csm/CMakeFiles/CMakeTmp'


Determining if the include file string.h exists passed with the following output:
Change Dir: /home/xavier/catkin_ws/build/csm/CMakeFiles/CMakeTmp

Run Build Command:"/usr/bin/make" "cmTC_520ec/fast"
/usr/bin/make -f CMakeFiles/cmTC_520ec.dir/build.make CMakeFiles/cmTC_520ec.dir/build
make[1]: Entering directory '/home/xavier/catkin_ws/build/csm/CMakeFiles/CMakeTmp'
Building C object CMakeFiles/cmTC_520ec.dir/CheckIncludeFile.c.o
/usr/bin/cc   -I/usr/include  -I/usr/include/cairo -std=c99 -fPIC -ggdb -Wall    -o CMakeFiles/cmTC_520ec.dir/CheckIncludeFile.c.o   -c /home/xavier/catkin_ws/build/csm/CMakeFiles/CMakeTmp/CheckIncludeFile.c
Linking C executable cmTC_520ec
/usr/bin/cmake -E cmake_link_script CMakeFiles/cmTC_520ec.dir/link.txt --verbose=1
/usr/bin/cc   -I/usr/include  -I/usr/include/cairo -std=c99 -fPIC -ggdb -Wall     -rdynamic CMakeFiles/cmTC_520ec.dir/CheckIncludeFile.c.o  -o cmTC_520ec 
make[1]: Leaving directory '/home/xavier/catkin_ws/build/csm/CMakeFiles/CMakeTmp'


Determining if the include file syslog.h exists passed with the following output:
Change Dir: /home/xavier/catkin_ws/build/csm/CMakeFiles/CMakeTmp

Run Build Command:"/usr/bin/make" "cmTC_ad585/fast"
/usr/bin/make -f CMakeFiles/cmTC_ad585.dir/build.make CMakeFiles/cmTC_ad585.dir/build
make[1]: Entering directory '/home/xavier/catkin_ws/build/csm/CMakeFiles/CMakeTmp'
Building C object CMakeFiles/cmTC_ad585.dir/CheckIncludeFile.c.o
/usr/bin/cc   -I/usr/include  -I/usr/include/cairo -std=c99 -fPIC -ggdb -Wall    -o CMakeFiles/cmTC_ad585.dir/CheckIncludeFile.c.o   -c /home/xavier/catkin_ws/build/csm/CMakeFiles/CMakeTmp/CheckIncludeFile.c
Linking C executable cmTC_ad585
/usr/bin/cmake -E cmake_link_script CMakeFiles/cmTC_ad585.dir/link.txt --verbose=1
/usr/bin/cc   -I/usr/include  -I/usr/include/cairo -std=c99 -fPIC -ggdb -Wall     -rdynamic CMakeFiles/cmTC_ad585.dir/CheckIncludeFile.c.o  -o cmTC_ad585 
make[1]: Leaving directory '/home/xavier/catkin_ws/build/csm/CMakeFiles/CMakeTmp'


Determining if the include file sys/param.h exists passed with the following output:
Change Dir: /home/xavier/catkin_ws/build/csm/CMakeFiles/CMakeTmp

Run Build Command:"/usr/bin/make" "cmTC_1f077/fast"
/usr/bin/make -f CMakeFiles/cmTC_1f077.dir/build.make CMakeFiles/cmTC_1f077.dir/build
make[1]: Entering directory '/home/xavier/catkin_ws/build/csm/CMakeFiles/CMakeTmp'
Building C object CMakeFiles/cmTC_1f077.dir/CheckIncludeFile.c.o
/usr/bin/cc   -I/usr/include  -I/usr/include/cairo -std=c99 -fPIC -ggdb -Wall    -o CMakeFiles/cmTC_1f077.dir/CheckIncludeFile.c.o   -c /home/xavier/catkin_ws/build/csm/CMakeFiles/CMakeTmp/CheckIncludeFile.c
Linking C executable cmTC_1f077
/usr/bin/cmake -E cmake_link_script CMakeFiles/cmTC_1f077.dir/link.txt --verbose=1
/usr/bin/cc   -I/usr/include  -I/usr/include/cairo -std=c99 -fPIC -ggdb -Wall     -rdynamic CMakeFiles/cmTC_1f077.dir/CheckIncludeFile.c.o  -o cmTC_1f077 
make[1]: Leaving directory '/home/xavier/catkin_ws/build/csm/CMakeFiles/CMakeTmp'


Determining if the include file sys/types.h exists passed with the following output:
Change Dir: /home/xavier/catkin_ws/build/csm/CMakeFiles/CMakeTmp

Run Build Command:"/usr/bin/make" "cmTC_5cbb8/fast"
/usr/bin/make -f CMakeFiles/cmTC_5cbb8.dir/build.make CMakeFiles/cmTC_5cbb8.dir/build
make[1]: Entering directory '/home/xavier/catkin_ws/build/csm/CMakeFiles/CMakeTmp'
Building C object CMakeFiles/cmTC_5cbb8.dir/CheckIncludeFile.c.o
/usr/bin/cc   -I/usr/include  -I/usr/include/cairo -std=c99 -fPIC -ggdb -Wall    -o CMakeFiles/cmTC_5cbb8.dir/CheckIncludeFile.c.o   -c /home/xavier/catkin_ws/build/csm/CMakeFiles/CMakeTmp/CheckIncludeFile.c
Linking C executable cmTC_5cbb8
/usr/bin/cmake -E cmake_link_script CMakeFiles/cmTC_5cbb8.dir/link.txt --verbose=1
/usr/bin/cc   -I/usr/include  -I/usr/include/cairo -std=c99 -fPIC -ggdb -Wall     -rdynamic CMakeFiles/cmTC_5cbb8.dir/CheckIncludeFile.c.o  -o cmTC_5cbb8 
make[1]: Leaving directory '/home/xavier/catkin_ws/build/csm/CMakeFiles/CMakeTmp'


Determining if the include file sys/stat.h exists passed with the following output:
Change Dir: /home/xavier/catkin_ws/build/csm/CMakeFiles/CMakeTmp

Run Build Command:"/usr/bin/make" "cmTC_8a988/fast"
/usr/bin/make -f CMakeFiles/cmTC_8a988.dir/build.make CMakeFiles/cmTC_8a988.dir/build
make[1]: Entering directory '/home/xavier/catkin_ws/build/csm/CMakeFiles/CMakeTmp'
Building C object CMakeFiles/cmTC_8a988.dir/CheckIncludeFile.c.o
/usr/bin/cc   -I/usr/include  -I/usr/include/cairo -std=c99 -fPIC -ggdb -Wall    -o CMakeFiles/cmTC_8a988.dir/CheckIncludeFile.c.o   -c /home/xavier/catkin_ws/build/csm/CMakeFiles/CMakeTmp/CheckIncludeFile.c
Linking C executable cmTC_8a988
/usr/bin/cmake -E cmake_link_script CMakeFiles/cmTC_8a988.dir/link.txt --verbose=1
/usr/bin/cc   -I/usr/include  -I/usr/include/cairo -std=c99 -fPIC -ggdb -Wall     -rdynamic CMakeFiles/cmTC_8a988.dir/CheckIncludeFile.c.o  -o cmTC_8a988 
make[1]: Leaving directory '/home/xavier/catkin_ws/build/csm/CMakeFiles/CMakeTmp'


Determining if the include file unistd.h exists passed with the following output:
Change Dir: /home/xavier/catkin_ws/build/csm/CMakeFiles/CMakeTmp

Run Build Command:"/usr/bin/make" "cmTC_a5962/fast"
/usr/bin/make -f CMakeFiles/cmTC_a5962.dir/build.make CMakeFiles/cmTC_a5962.dir/build
make[1]: Entering directory '/home/xavier/catkin_ws/build/csm/CMakeFiles/CMakeTmp'
Building C object CMakeFiles/cmTC_a5962.dir/CheckIncludeFile.c.o
/usr/bin/cc   -I/usr/include  -I/usr/include/cairo -std=c99 -fPIC -ggdb -Wall    -o CMakeFiles/cmTC_a5962.dir/CheckIncludeFile.c.o   -c /home/xavier/catkin_ws/build/csm/CMakeFiles/CMakeTmp/CheckIncludeFile.c
Linking C executable cmTC_a5962
/usr/bin/cmake -E cmake_link_script CMakeFiles/cmTC_a5962.dir/link.txt --verbose=1
/usr/bin/cc   -I/usr/include  -I/usr/include/cairo -std=c99 -fPIC -ggdb -Wall     -rdynamic CMakeFiles/cmTC_a5962.dir/CheckIncludeFile.c.o  -o cmTC_a5962 
make[1]: Leaving directory '/home/xavier/catkin_ws/build/csm/CMakeFiles/CMakeTmp'


Determining if the function open exists passed with the following output:
Change Dir: /home/xavier/catkin_ws/build/csm/CMakeFiles/CMakeTmp

Run Build Command:"/usr/bin/make" "cmTC_d5701/fast"
/usr/bin/make -f CMakeFiles/cmTC_d5701.dir/build.make CMakeFiles/cmTC_d5701.dir/build
make[1]: Entering directory '/home/xavier/catkin_ws/build/csm/CMakeFiles/CMakeTmp'
Building C object CMakeFiles/cmTC_d5701.dir/CheckFunctionExists.c.o
/usr/bin/cc   -I/usr/include  -I/usr/include/cairo -std=c99 -fPIC -ggdb -Wall -DCHECK_FUNCTION_EXISTS=open   -o CMakeFiles/cmTC_d5701.dir/CheckFunctionExists.c.o   -c /usr/share/cmake-3.10/Modules/CheckFunctionExists.c
Linking C executable cmTC_d5701
/usr/bin/cmake -E cmake_link_script CMakeFiles/cmTC_d5701.dir/link.txt --verbose=1
/usr/bin/cc   -I/usr/include  -I/usr/include/cairo -std=c99 -fPIC -ggdb -Wall -DCHECK_FUNCTION_EXISTS=open    -rdynamic CMakeFiles/cmTC_d5701.dir/CheckFunctionExists.c.o  -o cmTC_d5701 
make[1]: Leaving directory '/home/xavier/catkin_ws/build/csm/CMakeFiles/CMakeTmp'


Determining if the function malloc exists passed with the following output:
Change Dir: /home/xavier/catkin_ws/build/csm/CMakeFiles/CMakeTmp

Run Build Command:"/usr/bin/make" "cmTC_a404e/fast"
/usr/bin/make -f CMakeFiles/cmTC_a404e.dir/build.make CMakeFiles/cmTC_a404e.dir/build
make[1]: Entering directory '/home/xavier/catkin_ws/build/csm/CMakeFiles/CMakeTmp'
Building C object CMakeFiles/cmTC_a404e.dir/CheckFunctionExists.c.o
/usr/bin/cc   -I/usr/include  -I/usr/include/cairo -std=c99 -fPIC -ggdb -Wall -DCHECK_FUNCTION_EXISTS=malloc   -o CMakeFiles/cmTC_a404e.dir/CheckFunctionExists.c.o   -c /usr/share/cmake-3.10/Modules/CheckFunctionExists.c
<command-line>:0:23: warning: conflicting types for built-in function malloc [-Wbuiltin-declaration-mismatch]
/usr/share/cmake-3.10/Modules/CheckFunctionExists.c:7:3: note: in expansion of macro CHECK_FUNCTION_EXISTS
   CHECK_FUNCTION_EXISTS(void);
   ^~~~~~~~~~~~~~~~~~~~~
Linking C executable cmTC_a404e
/usr/bin/cmake -E cmake_link_script CMakeFiles/cmTC_a404e.dir/link.txt --verbose=1
/usr/bin/cc   -I/usr/include  -I/usr/include/cairo -std=c99 -fPIC -ggdb -Wall -DCHECK_FUNCTION_EXISTS=malloc    -rdynamic CMakeFiles/cmTC_a404e.dir/CheckFunctionExists.c.o  -o cmTC_a404e 
make[1]: Leaving directory '/home/xavier/catkin_ws/build/csm/CMakeFiles/CMakeTmp'


Determining if the function realloc exists passed with the following output:
Change Dir: /home/xavier/catkin_ws/build/csm/CMakeFiles/CMakeTmp

Run Build Command:"/usr/bin/make" "cmTC_a3424/fast"
/usr/bin/make -f CMakeFiles/cmTC_a3424.dir/build.make CMakeFiles/cmTC_a3424.dir/build
make[1]: Entering directory '/home/xavier/catkin_ws/build/csm/CMakeFiles/CMakeTmp'
Building C object CMakeFiles/cmTC_a3424.dir/CheckFunctionExists.c.o
/usr/bin/cc   -I/usr/include  -I/usr/include/cairo -std=c99 -fPIC -ggdb -Wall -DCHECK_FUNCTION_EXISTS=realloc   -o CMakeFiles/cmTC_a3424.dir/CheckFunctionExists.c.o   -c /usr/share/cmake-3.10/Modules/CheckFunctionExists.c
<command-line>:0:23: warning: conflicting types for built-in function realloc [-Wbuiltin-declaration-mismatch]
/usr/share/cmake-3.10/Modules/CheckFunctionExists.c:7:3: note: in expansion of macro CHECK_FUNCTION_EXISTS
   CHECK_FUNCTION_EXISTS(void);
   ^~~~~~~~~~~~~~~~~~~~~
Linking C executable cmTC_a3424
/usr/bin/cmake -E cmake_link_script CMakeFiles/cmTC_a3424.dir/link.txt --verbose=1
/usr/bin/cc   -I/usr/include  -I/usr/include/cairo -std=c99 -fPIC -ggdb -Wall -DCHECK_FUNCTION_EXISTS=realloc    -rdynamic CMakeFiles/cmTC_a3424.dir/CheckFunctionExists.c.o  -o cmTC_a3424 
make[1]: Leaving directory '/home/xavier/catkin_ws/build/csm/CMakeFiles/CMakeTmp'


Determining if the function strerror exists passed with the following output:
Change Dir: /home/xavier/catkin_ws/build/csm/CMakeFiles/CMakeTmp

Run Build Command:"/usr/bin/make" "cmTC_15269/fast"
/usr/bin/make -f CMakeFiles/cmTC_15269.dir/build.make CMakeFiles/cmTC_15269.dir/build
make[1]: Entering directory '/home/xavier/catkin_ws/build/csm/CMakeFiles/CMakeTmp'
Building C object CMakeFiles/cmTC_15269.dir/CheckFunctionExists.c.o
/usr/bin/cc   -I/usr/include  -I/usr/include/cairo -std=c99 -fPIC -ggdb -Wall -DCHECK_FUNCTION_EXISTS=strerror   -o CMakeFiles/cmTC_15269.dir/CheckFunctionExists.c.o   -c /usr/share/cmake-3.10/Modules/CheckFunctionExists.c
Linking C executable cmTC_15269
/usr/bin/cmake -E cmake_link_script CMakeFiles/cmTC_15269.dir/link.txt --verbose=1
/usr/bin/cc   -I/usr/include  -I/usr/include/cairo -std=c99 -fPIC -ggdb -Wall -DCHECK_FUNCTION_EXISTS=strerror    -rdynamic CMakeFiles/cmTC_15269.dir/CheckFunctionExists.c.o  -o cmTC_15269 
make[1]: Leaving directory '/home/xavier/catkin_ws/build/csm/CMakeFiles/CMakeTmp'


Determining if the function strncasecmp exists passed with the following output:
Change Dir: /home/xavier/catkin_ws/build/csm/CMakeFiles/CMakeTmp

Run Build Command:"/usr/bin/make" "cmTC_5ad79/fast"
/usr/bin/make -f CMakeFiles/cmTC_5ad79.dir/build.make CMakeFiles/cmTC_5ad79.dir/build
make[1]: Entering directory '/home/xavier/catkin_ws/build/csm/CMakeFiles/CMakeTmp'
Building C object CMakeFiles/cmTC_5ad79.dir/CheckFunctionExists.c.o
/usr/bin/cc   -I/usr/include  -I/usr/include/cairo -std=c99 -fPIC -ggdb -Wall -DCHECK_FUNCTION_EXISTS=strncasecmp   -o CMakeFiles/cmTC_5ad79.dir/CheckFunctionExists.c.o   -c /usr/share/cmake-3.10/Modules/CheckFunctionExists.c
Linking C executable cmTC_5ad79
/usr/bin/cmake -E cmake_link_script CMakeFiles/cmTC_5ad79.dir/link.txt --verbose=1
/usr/bin/cc   -I/usr/include  -I/usr/include/cairo -std=c99 -fPIC -ggdb -Wall -DCHECK_FUNCTION_EXISTS=strncasecmp    -rdynamic CMakeFiles/cmTC_5ad79.dir/CheckFunctionExists.c.o  -o cmTC_5ad79 
make[1]: Leaving directory '/home/xavier/catkin_ws/build/csm/CMakeFiles/CMakeTmp'


Determining if the function strndup exists passed with the following output:
Change Dir: /home/xavier/catkin_ws/build/csm/CMakeFiles/CMakeTmp

Run Build Command:"/usr/bin/make" "cmTC_1d7de/fast"
/usr/bin/make -f CMakeFiles/cmTC_1d7de.dir/build.make CMakeFiles/cmTC_1d7de.dir/build
make[1]: Entering directory '/home/xavier/catkin_ws/build/csm/CMakeFiles/CMakeTmp'
Building C object CMakeFiles/cmTC_1d7de.dir/CheckFunctionExists.c.o
/usr/bin/cc   -I/usr/include  -I/usr/include/cairo -std=c99 -fPIC -ggdb -Wall -DCHECK_FUNCTION_EXISTS=strndup   -o CMakeFiles/cmTC_1d7de.dir/CheckFunctionExists.c.o   -c /usr/share/cmake-3.10/Modules/CheckFunctionExists.c
Linking C executable cmTC_1d7de
/usr/bin/cmake -E cmake_link_script CMakeFiles/cmTC_1d7de.dir/link.txt --verbose=1
/usr/bin/cc   -I/usr/include  -I/usr/include/cairo -std=c99 -fPIC -ggdb -Wall -DCHECK_FUNCTION_EXISTS=strndup    -rdynamic CMakeFiles/cmTC_1d7de.dir/CheckFunctionExists.c.o  -o cmTC_1d7de 
make[1]: Leaving directory '/home/xavier/catkin_ws/build/csm/CMakeFiles/CMakeTmp'


Determining if the function vasprintf exists passed with the following output:
Change Dir: /home/xavier/catkin_ws/build/csm/CMakeFiles/CMakeTmp

Run Build Command:"/usr/bin/make" "cmTC_76679/fast"
/usr/bin/make -f CMakeFiles/cmTC_76679.dir/build.make CMakeFiles/cmTC_76679.dir/build
make[1]: Entering directory '/home/xavier/catkin_ws/build/csm/CMakeFiles/CMakeTmp'
Building C object CMakeFiles/cmTC_76679.dir/CheckFunctionExists.c.o
/usr/bin/cc   -I/usr/include  -I/usr/include/cairo -std=c99 -fPIC -ggdb -Wall -DCHECK_FUNCTION_EXISTS=vasprintf   -o CMakeFiles/cmTC_76679.dir/CheckFunctionExists.c.o   -c /usr/share/cmake-3.10/Modules/CheckFunctionExists.c
Linking C executable cmTC_76679
/usr/bin/cmake -E cmake_link_script CMakeFiles/cmTC_76679.dir/link.txt --verbose=1
/usr/bin/cc   -I/usr/include  -I/usr/include/cairo -std=c99 -fPIC -ggdb -Wall -DCHECK_FUNCTION_EXISTS=vasprintf    -rdynamic CMakeFiles/cmTC_76679.dir/CheckFunctionExists.c.o  -o cmTC_76679 
make[1]: Leaving directory '/home/xavier/catkin_ws/build/csm/CMakeFiles/CMakeTmp'


Determining if the function vprintf exists passed with the following output:
Change Dir: /home/xavier/catkin_ws/build/csm/CMakeFiles/CMakeTmp

Run Build Command:"/usr/bin/make" "cmTC_de51b/fast"
/usr/bin/make -f CMakeFiles/cmTC_de51b.dir/build.make CMakeFiles/cmTC_de51b.dir/build
make[1]: Entering directory '/home/xavier/catkin_ws/build/csm/CMakeFiles/CMakeTmp'
Building C object CMakeFiles/cmTC_de51b.dir/CheckFunctionExists.c.o
/usr/bin/cc   -I/usr/include  -I/usr/include/cairo -std=c99 -fPIC -ggdb -Wall -DCHECK_FUNCTION_EXISTS=vprintf   -o CMakeFiles/cmTC_de51b.dir/CheckFunctionExists.c.o   -c /usr/share/cmake-3.10/Modules/CheckFunctionExists.c
<command-line>:0:23: warning: conflicting types for built-in function vprintf [-Wbuiltin-declaration-mismatch]
/usr/share/cmake-3.10/Modules/CheckFunctionExists.c:7:3: note: in expansion of macro CHECK_FUNCTION_EXISTS
   CHECK_FUNCTION_EXISTS(void);
   ^~~~~~~~~~~~~~~~~~~~~
Linking C executable cmTC_de51b
/usr/bin/cmake -E cmake_link_script CMakeFiles/cmTC_de51b.dir/link.txt --verbose=1
/usr/bin/cc   -I/usr/include  -I/usr/include/cairo -std=c99 -fPIC -ggdb -Wall -DCHECK_FUNCTION_EXISTS=vprintf    -rdynamic CMakeFiles/cmTC_de51b.dir/CheckFunctionExists.c.o  -o cmTC_de51b 
make[1]: Leaving directory '/home/xavier/catkin_ws/build/csm/CMakeFiles/CMakeTmp'


Determining if the function vsnprintf exists passed with the following output:
Change Dir: /home/xavier/catkin_ws/build/csm/CMakeFiles/CMakeTmp

Run Build Command:"/usr/bin/make" "cmTC_86b32/fast"
/usr/bin/make -f CMakeFiles/cmTC_86b32.dir/build.make CMakeFiles/cmTC_86b32.dir/build
make[1]: Entering directory '/home/xavier/catkin_ws/build/csm/CMakeFiles/CMakeTmp'
Building C object CMakeFiles/cmTC_86b32.dir/CheckFunctionExists.c.o
/usr/bin/cc   -I/usr/include  -I/usr/include/cairo -std=c99 -fPIC -ggdb -Wall -DCHECK_FUNCTION_EXISTS=vsnprintf   -o CMakeFiles/cmTC_86b32.dir/CheckFunctionExists.c.o   -c /usr/share/cmake-3.10/Modules/CheckFunctionExists.c
<command-line>:0:23: warning: conflicting types for built-in function vsnprintf [-Wbuiltin-declaration-mismatch]
/usr/share/cmake-3.10/Modules/CheckFunctionExists.c:7:3: note: in expansion of macro CHECK_FUNCTION_EXISTS
   CHECK_FUNCTION_EXISTS(void);
   ^~~~~~~~~~~~~~~~~~~~~
Linking C executable cmTC_86b32
/usr/bin/cmake -E cmake_link_script CMakeFiles/cmTC_86b32.dir/link.txt --verbose=1
/usr/bin/cc   -I/usr/include  -I/usr/include/cairo -std=c99 -fPIC -ggdb -Wall -DCHECK_FUNCTION_EXISTS=vsnprintf    -rdynamic CMakeFiles/cmTC_86b32.dir/CheckFunctionExists.c.o  -o cmTC_86b32 
make[1]: Leaving directory '/home/xavier/catkin_ws/build/csm/CMakeFiles/CMakeTmp'


Determining if the function vsyslog exists passed with the following output:
Change Dir: /home/xavier/catkin_ws/build/csm/CMakeFiles/CMakeTmp

Run Build Command:"/usr/bin/make" "cmTC_1f3fe/fast"
/usr/bin/make -f CMakeFiles/cmTC_1f3fe.dir/build.make CMakeFiles/cmTC_1f3fe.dir/build
make[1]: Entering directory '/home/xavier/catkin_ws/build/csm/CMakeFiles/CMakeTmp'
Building C object CMakeFiles/cmTC_1f3fe.dir/CheckFunctionExists.c.o
/usr/bin/cc   -I/usr/include  -I/usr/include/cairo -std=c99 -fPIC -ggdb -Wall -DCHECK_FUNCTION_EXISTS=vsyslog   -o CMakeFiles/cmTC_1f3fe.dir/CheckFunctionExists.c.o   -c /usr/share/cmake-3.10/Modules/CheckFunctionExists.c
Linking C executable cmTC_1f3fe
/usr/bin/cmake -E cmake_link_script CMakeFiles/cmTC_1f3fe.dir/link.txt --verbose=1
/usr/bin/cc   -I/usr/include  -I/usr/include/cairo -std=c99 -fPIC -ggdb -Wall -DCHECK_FUNCTION_EXISTS=vsyslog    -rdynamic CMakeFiles/cmTC_1f3fe.dir/CheckFunctionExists.c.o  -o cmTC_1f3fe 
make[1]: Leaving directory '/home/xavier/catkin_ws/build/csm/CMakeFiles/CMakeTmp'


