[  0%] Built target std_srvs_generate_messages_py
[  0%] Built target topic_tools_generate_messages_nodejs
[  0%] Built target topic_tools_generate_messages_lisp
[  0%] Built target topic_tools_generate_messages_eus
[  0%] Built target topic_tools_generate_messages_cpp
[  0%] Built target geometry_msgs_generate_messages_lisp
[  0%] Built target sensor_msgs_generate_messages_nodejs
[  0%] Built target roscpp_generate_messages_cpp
[  0%] Built target actionlib_generate_messages_cpp
[  0%] Built target sensor_msgs_generate_messages_lisp
[  0%] Built target bond_generate_messages_lisp
[  0%] Built target std_msgs_generate_messages_nodejs
[  0%] Built target bond_generate_messages_nodejs
[  0%] Built target std_msgs_generate_messages_cpp
[  0%] Built target nodelet_generate_messages_nodejs
[  0%] Built target pcl_msgs_generate_messages_nodejs
[  0%] Built target nodelet_generate_messages_eus
[  0%] Built target sensor_msgs_generate_messages_eus
[  0%] Built target sensor_msgs_generate_messages_cpp
[  0%] Built target nodelet_generate_messages_py
[  0%] Built target nodelet_generate_messages_lisp
[  0%] Built target bond_generate_messages_py
[  0%] Built target sensor_msgs_generate_messages_py
[  0%] Built target nodelet_generate_messages_cpp
[  0%] Built target geometry_msgs_generate_messages_cpp
[  0%] Built target actionlib_generate_messages_lisp
[  0%] Built target geometry_msgs_generate_messages_nodejs
[  0%] Built target std_srvs_generate_messages_nodejs
[  0%] Built target std_srvs_generate_messages_eus
[  0%] Built target roscpp_generate_messages_lisp
[  0%] Built target bond_generate_messages_eus
[  0%] Built target std_msgs_generate_messages_lisp
[  0%] Built target roscpp_generate_messages_nodejs
[  0%] Built target geometry_msgs_generate_messages_eus
[  0%] Built target bond_generate_messages_cpp
[  0%] Built target std_msgs_generate_messages_py
[  0%] Built target roscpp_generate_messages_py
[  0%] Built target rosgraph_msgs_generate_messages_cpp
[  0%] Built target tf_generate_messages_py
[  0%] Built target dynamic_reconfigure_generate_messages_cpp
[  0%] Built target rosgraph_msgs_generate_messages_lisp
[  0%] Built target std_msgs_generate_messages_eus
[  0%] Built target rosgraph_msgs_generate_messages_eus
[  0%] Built target actionlib_msgs_generate_messages_eus
[  0%] Built target roscpp_generate_messages_eus
[  0%] Built target rosgraph_msgs_generate_messages_py
[  0%] Built target rosgraph_msgs_generate_messages_nodejs
[  0%] Built target geometry_msgs_generate_messages_py
[  0%] Built target pcl_ros_gencfg
[  0%] Built target tf_generate_messages_lisp
[  0%] Built target tf_generate_messages_nodejs
[  0%] Built target tf_generate_messages_eus
[  0%] Built target actionlib_msgs_generate_messages_cpp
[  0%] Built target std_srvs_generate_messages_cpp
[  0%] Built target actionlib_msgs_generate_messages_lisp
[  0%] Built target tf2_msgs_generate_messages_cpp
[  0%] Built target actionlib_msgs_generate_messages_py
[  0%] Built target tf2_msgs_generate_messages_eus
[  0%] Built target actionlib_generate_messages_py
[  0%] Built target tf2_msgs_generate_messages_py
[  0%] Built target tf2_msgs_generate_messages_nodejs
[  0%] Built target dynamic_reconfigure_generate_messages_eus
[  0%] Built target dynamic_reconfigure_generate_messages_lisp
[  0%] Built target dynamic_reconfigure_generate_messages_py
[  0%] Built target pcl_msgs_generate_messages_cpp
[  0%] Built target dynamic_reconfigure_generate_messages_nodejs
[  0%] Built target tf2_msgs_generate_messages_lisp
[  0%] Built target dynamic_reconfigure_gencfg
[  0%] Built target topic_tools_generate_messages_py
[  0%] Built target actionlib_msgs_generate_messages_nodejs
[  0%] Built target nodelet_topic_tools_gencfg
[  0%] Built target std_srvs_generate_messages_lisp
[  0%] Built target pcl_msgs_generate_messages_eus
[  0%] Built target actionlib_generate_messages_nodejs
[  0%] Built target tf_generate_messages_cpp
[  0%] Built target actionlib_generate_messages_eus
[  0%] Built target pcl_msgs_generate_messages_lisp
[  0%] Built target pcl_msgs_generate_messages_py
[ 16%] [32mBuilding CXX object CMakeFiles/laser_ortho_projector.dir/src/laser_ortho_projector.cpp.o[0m
In file included from [01m[K/opt/ros/melodic/include/ros/node_handle.h:32:0[m[K,
                 from [01m[K/opt/ros/melodic/include/ros/ros.h:45[m[K,
                 from [01m[K/home/xavier/catkin_ws/src/scan_tools/laser_ortho_projector/include/laser_ortho_projector/laser_ortho_projector.h:34[m[K,
                 from [01m[K/home/xavier/catkin_ws/src/scan_tools/laser_ortho_projector/src/laser_ortho_projector.cpp:30[m[K:
[01m[K/opt/ros/melodic/include/ros/publisher.h:53:52:[m[K [01;35m[Kwarning: [m[Kdefaulted and deleted functions only available with -std=c++11 or -std=gnu++11
     Publisher& operator=(const Publisher& other) = default;
[01;32m[K                                                    ^[m[K
In file included from [01m[K/opt/ros/melodic/include/ros/node_handle.h:33:0[m[K,
                 from [01m[K/opt/ros/melodic/include/ros/ros.h:45[m[K,
                 from [01m[K/home/xavier/catkin_ws/src/scan_tools/laser_ortho_projector/include/laser_ortho_projector/laser_ortho_projector.h:34[m[K,
                 from [01m[K/home/xavier/catkin_ws/src/scan_tools/laser_ortho_projector/src/laser_ortho_projector.cpp:30[m[K:
[01m[K/opt/ros/melodic/include/ros/subscriber.h:52:52:[m[K [01;35m[Kwarning: [m[Kdefaulted and deleted functions only available with -std=c++11 or -std=gnu++11
   Subscriber& operator=(const Subscriber& other) = default;
[01;32m[K                                                    ^[m[K
In file included from [01m[K/opt/ros/melodic/include/ros/node_handle.h:34:0[m[K,
                 from [01m[K/opt/ros/melodic/include/ros/ros.h:45[m[K,
                 from [01m[K/home/xavier/catkin_ws/src/scan_tools/laser_ortho_projector/include/laser_ortho_projector/laser_ortho_projector.h:34[m[K,
                 from [01m[K/home/xavier/catkin_ws/src/scan_tools/laser_ortho_projector/src/laser_ortho_projector.cpp:30[m[K:
[01m[K/opt/ros/melodic/include/ros/service_server.h:51:58:[m[K [01;35m[Kwarning: [m[Kdefaulted and deleted functions only available with -std=c++11 or -std=gnu++11
   ServiceServer& operator=(const ServiceServer& other) = default;
[01;32m[K                                                          ^[m[K
In file included from [01m[K/opt/ros/melodic/include/ros/node_handle.h:35:0[m[K,
                 from [01m[K/opt/ros/melodic/include/ros/ros.h:45[m[K,
                 from [01m[K/home/xavier/catkin_ws/src/scan_tools/laser_ortho_projector/include/laser_ortho_projector/laser_ortho_projector.h:34[m[K,
                 from [01m[K/home/xavier/catkin_ws/src/scan_tools/laser_ortho_projector/src/laser_ortho_projector.cpp:30[m[K:
[01m[K/opt/ros/melodic/include/ros/service_client.h:49:58:[m[K [01;35m[Kwarning: [m[Kdefaulted and deleted functions only available with -std=c++11 or -std=gnu++11
   ServiceClient& operator=(const ServiceClient& other) = default;
[01;32m[K                                                          ^[m[K
In file included from [01m[K/opt/ros/melodic/include/ros/node_handle.h:36:0[m[K,
                 from [01m[K/opt/ros/melodic/include/ros/ros.h:45[m[K,
                 from [01m[K/home/xavier/catkin_ws/src/scan_tools/laser_ortho_projector/include/laser_ortho_projector/laser_ortho_projector.h:34[m[K,
                 from [01m[K/home/xavier/catkin_ws/src/scan_tools/laser_ortho_projector/src/laser_ortho_projector.cpp:30[m[K:
[01m[K/opt/ros/melodic/include/ros/timer.h:52:42:[m[K [01;35m[Kwarning: [m[Kdefaulted and deleted functions only available with -std=c++11 or -std=gnu++11
   Timer& operator=(const Timer& other) = default;
[01;32m[K                                          ^[m[K
In file included from [01m[K/opt/ros/melodic/include/ros/node_handle.h:38:0[m[K,
                 from [01m[K/opt/ros/melodic/include/ros/ros.h:45[m[K,
                 from [01m[K/home/xavier/catkin_ws/src/scan_tools/laser_ortho_projector/include/laser_ortho_projector/laser_ortho_projector.h:34[m[K,
                 from [01m[K/home/xavier/catkin_ws/src/scan_tools/laser_ortho_projector/src/laser_ortho_projector.cpp:30[m[K:
[01m[K/opt/ros/melodic/include/ros/wall_timer.h:52:50:[m[K [01;35m[Kwarning: [m[Kdefaulted and deleted functions only available with -std=c++11 or -std=gnu++11
   WallTimer& operator=(const WallTimer& other) = default;
[01;32m[K                                                  ^[m[K
In file included from [01m[K/opt/ros/melodic/include/ros/node_handle.h:39:0[m[K,
                 from [01m[K/opt/ros/melodic/include/ros/ros.h:45[m[K,
                 from [01m[K/home/xavier/catkin_ws/src/scan_tools/laser_ortho_projector/include/laser_ortho_projector/laser_ortho_projector.h:34[m[K,
                 from [01m[K/home/xavier/catkin_ws/src/scan_tools/laser_ortho_projector/src/laser_ortho_projector.cpp:30[m[K:
[01m[K/opt/ros/melodic/include/ros/steady_timer.h:52:54:[m[K [01;35m[Kwarning: [m[Kdefaulted and deleted functions only available with -std=c++11 or -std=gnu++11
   SteadyTimer& operator=(const SteadyTimer& other) = default;
[01;32m[K                                                      ^[m[K
In file included from [01m[K/opt/ros/melodic/include/tf/transform_listener.h:38:0[m[K,
                 from [01m[K/home/xavier/catkin_ws/src/scan_tools/laser_ortho_projector/include/laser_ortho_projector/laser_ortho_projector.h:40[m[K,
                 from [01m[K/home/xavier/catkin_ws/src/scan_tools/laser_ortho_projector/src/laser_ortho_projector.cpp:30[m[K:
[01m[K/opt/ros/melodic/include/tf/tf.h:354:8:[m[K [01;31m[Kerror: [m[K‘[01m[Kshared_ptr[m[K’ in namespace ‘[01m[Kstd[m[K’ does not name a template type
   std::shared_ptr<tf2_ros::Buffer> getTF2BufferPtr() { return tf2_buffer_ptr_;};
[01;32m[K        ^[m[K
[01m[K/opt/ros/melodic/include/tf/tf.h:403:8:[m[K [01;31m[Kerror: [m[K‘[01m[Kshared_ptr[m[K’ in namespace ‘[01m[Kstd[m[K’ does not name a template type
   std::shared_ptr<tf2_ros::Buffer> tf2_buffer_ptr_;
[01;32m[K        ^[m[K
[01m[K/opt/ros/melodic/include/tf/tf.h:[m[K In member function ‘[01m[Kros::Duration tf::Transformer::getCacheLength()[m[K’:
[01m[K/opt/ros/melodic/include/tf/tf.h:331:43:[m[K [01;31m[Kerror: [m[K‘[01m[Ktf2_buffer_ptr_[m[K’ was not declared in this scope
   ros::Duration getCacheLength() { return tf2_buffer_ptr_->getCacheLength();}
[01;32m[K                                           ^[m[K
[01m[K/opt/ros/melodic/include/tf/tf.h:[m[K In member function ‘[01m[Kvoid tf::Transformer::setUsingDedicatedThread(bool)[m[K’:
[01m[K/opt/ros/melodic/include/tf/tf.h:349:46:[m[K [01;31m[Kerror: [m[K‘[01m[Ktf2_buffer_ptr_[m[K’ was not declared in this scope
   void setUsingDedicatedThread(bool value) { tf2_buffer_ptr_->setUsingDedicatedThread(value);};
[01;32m[K                                              ^[m[K
[01m[K/opt/ros/melodic/include/tf/tf.h:[m[K In member function ‘[01m[Kbool tf::Transformer::isUsingDedicatedThread()[m[K’:
[01m[K/opt/ros/melodic/include/tf/tf.h:351:42:[m[K [01;31m[Kerror: [m[K‘[01m[Ktf2_buffer_ptr_[m[K’ was not declared in this scope
   bool isUsingDedicatedThread() { return tf2_buffer_ptr_->isUsingDedicatedThread();};
[01;32m[K                                          ^[m[K
In file included from [01m[K/opt/ros/melodic/include/ros/callback_queue.h:39:0[m[K,
                 from [01m[K/opt/ros/melodic/include/tf/transform_listener.h:40[m[K,
                 from [01m[K/home/xavier/catkin_ws/src/scan_tools/laser_ortho_projector/include/laser_ortho_projector/laser_ortho_projector.h:40[m[K,
                 from [01m[K/home/xavier/catkin_ws/src/scan_tools/laser_ortho_projector/src/laser_ortho_projector.cpp:30[m[K:
[01m[K/opt/ros/melodic/include/ros/internal/condition_variable.h:[m[K In member function ‘[01m[Kvoid ros::internal::condition_variable_monotonic::wait(boost::unique_lock<boost::mutex>&)[m[K’:
[01m[K/opt/ros/melodic/include/ros/internal/condition_variable.h:155:76:[m[K [01;31m[Kerror: [m[K‘[01m[K>>[m[K’ should be ‘[01m[K> >[m[K’ within a nested template argument list
       boost::thread_cv_detail::lock_on_exit<boost::unique_lock<boost::mutex>> guard;
[01;32m[K                                                                            ^[m[K
[01m[K/opt/ros/melodic/include/ros/internal/condition_variable.h:[m[K In member function ‘[01m[Kbool ros::internal::condition_variable_monotonic::do_wait_until(boost::unique_lock<boost::mutex>&, const timespec&)[m[K’:
[01m[K/opt/ros/melodic/include/ros/internal/condition_variable.h:188:76:[m[K [01;31m[Kerror: [m[K‘[01m[K>>[m[K’ should be ‘[01m[K> >[m[K’ within a nested template argument list
       boost::thread_cv_detail::lock_on_exit<boost::unique_lock<boost::mutex>> guard;
[01;32m[K                                                                            ^[m[K
[01m[K/opt/ros/melodic/include/ros/internal/condition_variable.h:[m[K At global scope:
[01m[K/opt/ros/melodic/include/ros/internal/condition_variable.h:219:14:[m[K [01;31m[Kerror: [m[Kexpected constructor, destructor, or type conversion before ‘[01m[K([m[K’ token
 static_assert(
[01;32m[K              ^[m[K
In file included from [01m[K/opt/ros/melodic/include/pcl_ros/point_cloud.h:9:0[m[K,
                 from [01m[K/home/xavier/catkin_ws/src/scan_tools/laser_ortho_projector/include/laser_ortho_projector/laser_ortho_projector.h:47[m[K,
                 from [01m[K/home/xavier/catkin_ws/src/scan_tools/laser_ortho_projector/src/laser_ortho_projector.cpp:30[m[K:
[01m[K/opt/ros/melodic/include/pcl_conversions/pcl_conversions.h:80:27:[m[K [01;31m[Kerror: [m[K‘[01m[Kuint64_t[m[K’ in namespace ‘[01m[Kstd[m[K’ does not name a type
   void fromPCL(const std::uint64_t &pcl_stamp, ros::Time &stamp)
[01;32m[K                           ^[m[K
[01m[K/opt/ros/melodic/include/pcl_conversions/pcl_conversions.h:86:43:[m[K [01;31m[Kerror: [m[K‘[01m[Kstd::uint64_t[m[K’ has not been declared
   void toPCL(const ros::Time &stamp, std::uint64_t &pcl_stamp)
[01;32m[K                                           ^[m[K
[01m[K/opt/ros/melodic/include/pcl_conversions/pcl_conversions.h:92:32:[m[K [01;31m[Kerror: [m[K‘[01m[Kuint64_t[m[K’ in namespace ‘[01m[Kstd[m[K’ does not name a type
   ros::Time fromPCL(const std::uint64_t &pcl_stamp)
[01;32m[K                                ^[m[K
[01m[K/opt/ros/melodic/include/pcl_conversions/pcl_conversions.h:100:8:[m[K [01;31m[Kerror: [m[K‘[01m[Kuint64_t[m[K’ in namespace ‘[01m[Kstd[m[K’ does not name a type
   std::uint64_t toPCL(const ros::Time &stamp)
[01;32m[K        ^[m[K
[01m[K/opt/ros/melodic/include/pcl_conversions/pcl_conversions.h:[m[K In function ‘[01m[Kvoid pcl_conversions::toPCL(const Header&, pcl::PCLHeader&)[m[K’:
[01m[K/opt/ros/melodic/include/pcl_conversions/pcl_conversions.h:120:36:[m[K [01;31m[Kerror: [m[Kinvalid initialization of non-const reference of type ‘[01m[Kint&[m[K’ from an rvalue of type ‘[01m[Kint[m[K’
     toPCL(header.stamp, pcl_header.stamp);
[01;32m[K                                    ^[m[K
[01m[K/opt/ros/melodic/include/pcl_conversions/pcl_conversions.h:86:8:[m[K [01;36m[Knote: [m[K  initializing argument 2 of ‘[01m[Kvoid pcl_conversions::toPCL(const ros::Time&, int&)[m[K’
   void toPCL(const ros::Time &stamp, std::uint64_t &pcl_stamp)
[01;32m[K        ^[m[K
[01m[K/opt/ros/melodic/include/pcl_conversions/pcl_conversions.h:[m[K In function ‘[01m[Kvoid pcl::toROSMsg(const pcl::PointCloud<PointT>&, sensor_msgs::Image&)[m[K’:
[01m[K/opt/ros/melodic/include/pcl_conversions/pcl_conversions.h:523:36:[m[K [01;31m[Kerror: [m[K‘[01m[Kuint8_t[m[K’ is not a member of ‘[01m[Kstd[m[K’
     msg.step = msg.width * sizeof (std::uint8_t) * 3;
[01;32m[K                                    ^[m[K
[01m[K/opt/ros/melodic/include/pcl_conversions/pcl_conversions.h:523:36:[m[K [01;36m[Knote: [m[Ksuggested alternatives:
In file included from [01m[K/usr/include/stdint.h:37:0[m[K,
                 from [01m[K/usr/lib/gcc/aarch64-linux-gnu/5/include/stdint.h:9[m[K,
                 from [01m[K/opt/ros/melodic/include/ros/duration.h:53[m[K,
                 from [01m[K/opt/ros/melodic/include/ros/time.h:57[m[K,
                 from [01m[K/opt/ros/melodic/include/ros/ros.h:38[m[K,
                 from [01m[K/home/xavier/catkin_ws/src/scan_tools/laser_ortho_projector/include/laser_ortho_projector/laser_ortho_projector.h:34[m[K,
                 from [01m[K/home/xavier/catkin_ws/src/scan_tools/laser_ortho_projector/src/laser_ortho_projector.cpp:30[m[K:
[01m[K/usr/include/aarch64-linux-gnu/bits/stdint-uintn.h:24:19:[m[K [01;36m[Knote: [m[K  ‘[01m[Kuint8_t[m[K’
 typedef __uint8_t uint8_t;
[01;32m[K                   ^[m[K
[01m[K/usr/include/aarch64-linux-gnu/bits/stdint-uintn.h:24:19:[m[K [01;36m[Knote: [m[K  ‘[01m[Kuint8_t[m[K’
[01m[K/usr/include/aarch64-linux-gnu/bits/stdint-uintn.h:24:19:[m[K [01;36m[Knote: [m[K  ‘[01m[Kuint8_t[m[K’
In file included from [01m[K/opt/ros/melodic/include/pcl_ros/point_cloud.h:9:0[m[K,
                 from [01m[K/home/xavier/catkin_ws/src/scan_tools/laser_ortho_projector/include/laser_ortho_projector/laser_ortho_projector.h:47[m[K,
                 from [01m[K/home/xavier/catkin_ws/src/scan_tools/laser_ortho_projector/src/laser_ortho_projector.cpp:30[m[K:
[01m[K/opt/ros/melodic/include/pcl_conversions/pcl_conversions.h:529:9:[m[K [01;31m[Kerror: [m[K‘[01m[Kuint8_t[m[K’ is not a member of ‘[01m[Kstd[m[K’
         std::uint8_t * pixel = &(msg.data[y * msg.step + x * 3]);
[01;32m[K         ^[m[K
[01m[K/opt/ros/melodic/include/pcl_conversions/pcl_conversions.h:529:9:[m[K [01;36m[Knote: [m[Ksuggested alternatives:
In file included from [01m[K/usr/include/stdint.h:37:0[m[K,
                 from [01m[K/usr/lib/gcc/aarch64-linux-gnu/5/include/stdint.h:9[m[K,
                 from [01m[K/opt/ros/melodic/include/ros/duration.h:53[m[K,
                 from [01m[K/opt/ros/melodic/include/ros/time.h:57[m[K,
                 from [01m[K/opt/ros/melodic/include/ros/ros.h:38[m[K,
                 from [01m[K/home/xavier/catkin_ws/src/scan_tools/laser_ortho_projector/include/laser_ortho_projector/laser_ortho_projector.h:34[m[K,
                 from [01m[K/home/xavier/catkin_ws/src/scan_tools/laser_ortho_projector/src/laser_ortho_projector.cpp:30[m[K:
[01m[K/usr/include/aarch64-linux-gnu/bits/stdint-uintn.h:24:19:[m[K [01;36m[Knote: [m[K  ‘[01m[Kuint8_t[m[K’
 typedef __uint8_t uint8_t;
[01;32m[K                   ^[m[K
[01m[K/usr/include/aarch64-linux-gnu/bits/stdint-uintn.h:24:19:[m[K [01;36m[Knote: [m[K  ‘[01m[Kuint8_t[m[K’
[01m[K/usr/include/aarch64-linux-gnu/bits/stdint-uintn.h:24:19:[m[K [01;36m[Knote: [m[K  ‘[01m[Kuint8_t[m[K’
In file included from [01m[K/opt/ros/melodic/include/pcl_ros/point_cloud.h:9:0[m[K,
                 from [01m[K/home/xavier/catkin_ws/src/scan_tools/laser_ortho_projector/include/laser_ortho_projector/laser_ortho_projector.h:47[m[K,
                 from [01m[K/home/xavier/catkin_ws/src/scan_tools/laser_ortho_projector/src/laser_ortho_projector.cpp:30[m[K:
[01m[K/opt/ros/melodic/include/pcl_conversions/pcl_conversions.h:529:24:[m[K [01;31m[Kerror: [m[K‘[01m[Kpixel[m[K’ was not declared in this scope
         std::uint8_t * pixel = &(msg.data[y * msg.step + x * 3]);
[01;32m[K                        ^[m[K
[01m[K/opt/ros/melodic/include/pcl_conversions/pcl_conversions.h:530:54:[m[K [01;31m[Kerror: [m[K‘[01m[Kuint8_t[m[K’ is not a member of ‘[01m[Kstd[m[K’
         memcpy (pixel, &cloud (x, y).rgb, 3 * sizeof(std::uint8_t));
[01;32m[K                                                      ^[m[K
[01m[K/opt/ros/melodic/include/pcl_conversions/pcl_conversions.h:530:54:[m[K [01;36m[Knote: [m[Ksuggested alternatives:
In file included from [01m[K/usr/include/stdint.h:37:0[m[K,
                 from [01m[K/usr/lib/gcc/aarch64-linux-gnu/5/include/stdint.h:9[m[K,
                 from [01m[K/opt/ros/melodic/include/ros/duration.h:53[m[K,
                 from [01m[K/opt/ros/melodic/include/ros/time.h:57[m[K,
                 from [01m[K/opt/ros/melodic/include/ros/ros.h:38[m[K,
                 from [01m[K/home/xavier/catkin_ws/src/scan_tools/laser_ortho_projector/include/laser_ortho_projector/laser_ortho_projector.h:34[m[K,
                 from [01m[K/home/xavier/catkin_ws/src/scan_tools/laser_ortho_projector/src/laser_ortho_projector.cpp:30[m[K:
[01m[K/usr/include/aarch64-linux-gnu/bits/stdint-uintn.h:24:19:[m[K [01;36m[Knote: [m[K  ‘[01m[Kuint8_t[m[K’
 typedef __uint8_t uint8_t;
[01;32m[K                   ^[m[K
[01m[K/usr/include/aarch64-linux-gnu/bits/stdint-uintn.h:24:19:[m[K [01;36m[Knote: [m[K  ‘[01m[Kuint8_t[m[K’
[01m[K/usr/include/aarch64-linux-gnu/bits/stdint-uintn.h:24:19:[m[K [01;36m[Knote: [m[K  ‘[01m[Kuint8_t[m[K’
In file included from [01m[K/opt/ros/melodic/include/pcl_ros/point_cloud.h:9:0[m[K,
                 from [01m[K/home/xavier/catkin_ws/src/scan_tools/laser_ortho_projector/include/laser_ortho_projector/laser_ortho_projector.h:47[m[K,
                 from [01m[K/home/xavier/catkin_ws/src/scan_tools/laser_ortho_projector/src/laser_ortho_projector.cpp:30[m[K:
[01m[K/opt/ros/melodic/include/pcl_conversions/pcl_conversions.h:[m[K In static member function ‘[01m[Kstatic uint32_t ros::serialization::Serializer<pcl::PCLPointCloud2>::serializedLength(const pcl::PCLPointCloud2&)[m[K’:
[01m[K/opt/ros/melodic/include/pcl_conversions/pcl_conversions.h:825:42:[m[K [01;31m[Kerror: [m[K‘[01m[Kuint8_t[m[K’ is not a member of ‘[01m[Kstd[m[K’
         length += m.data.size() * sizeof(std::uint8_t);
[01;32m[K                                          ^[m[K
[01m[K/opt/ros/melodic/include/pcl_conversions/pcl_conversions.h:825:42:[m[K [01;36m[Knote: [m[Ksuggested alternatives:
In file included from [01m[K/usr/include/stdint.h:37:0[m[K,
                 from [01m[K/usr/lib/gcc/aarch64-linux-gnu/5/include/stdint.h:9[m[K,
                 from [01m[K/opt/ros/melodic/include/ros/duration.h:53[m[K,
                 from [01m[K/opt/ros/melodic/include/ros/time.h:57[m[K,
                 from [01m[K/opt/ros/melodic/include/ros/ros.h:38[m[K,
                 from [01m[K/home/xavier/catkin_ws/src/scan_tools/laser_ortho_projector/include/laser_ortho_projector/laser_ortho_projector.h:34[m[K,
                 from [01m[K/home/xavier/catkin_ws/src/scan_tools/laser_ortho_projector/src/laser_ortho_projector.cpp:30[m[K:
[01m[K/usr/include/aarch64-linux-gnu/bits/stdint-uintn.h:24:19:[m[K [01;36m[Knote: [m[K  ‘[01m[Kuint8_t[m[K’
 typedef __uint8_t uint8_t;
[01;32m[K                   ^[m[K
[01m[K/usr/include/aarch64-linux-gnu/bits/stdint-uintn.h:24:19:[m[K [01;36m[Knote: [m[K  ‘[01m[Kuint8_t[m[K’
[01m[K/usr/include/aarch64-linux-gnu/bits/stdint-uintn.h:24:19:[m[K [01;36m[Knote: [m[K  ‘[01m[Kuint8_t[m[K’
In file included from [01m[K/home/xavier/catkin_ws/src/scan_tools/laser_ortho_projector/include/laser_ortho_projector/laser_ortho_projector.h:47:0[m[K,
                 from [01m[K/home/xavier/catkin_ws/src/scan_tools/laser_ortho_projector/src/laser_ortho_projector.cpp:30[m[K:
[01m[K/opt/ros/melodic/include/pcl_ros/point_cloud.h:[m[K In member function ‘[01m[Kvoid pcl::detail::FieldStreamer<Stream, PointT>::operator()()[m[K’:
[01m[K/opt/ros/melodic/include/pcl_ros/point_cloud.h:27:9:[m[K [01;31m[Kerror: [m[K‘[01m[Kuint32_t[m[K’ is not a member of ‘[01m[Kstd[m[K’
         std::uint32_t name_length = strlen(name);
[01;32m[K         ^[m[K
[01m[K/opt/ros/melodic/include/pcl_ros/point_cloud.h:27:9:[m[K [01;36m[Knote: [m[Ksuggested alternatives:
In file included from [01m[K/usr/include/stdint.h:37:0[m[K,
                 from [01m[K/usr/lib/gcc/aarch64-linux-gnu/5/include/stdint.h:9[m[K,
                 from [01m[K/opt/ros/melodic/include/ros/duration.h:53[m[K,
                 from [01m[K/opt/ros/melodic/include/ros/time.h:57[m[K,
                 from [01m[K/opt/ros/melodic/include/ros/ros.h:38[m[K,
                 from [01m[K/home/xavier/catkin_ws/src/scan_tools/laser_ortho_projector/include/laser_ortho_projector/laser_ortho_projector.h:34[m[K,
                 from [01m[K/home/xavier/catkin_ws/src/scan_tools/laser_ortho_projector/src/laser_ortho_projector.cpp:30[m[K:
[01m[K/usr/include/aarch64-linux-gnu/bits/stdint-uintn.h:26:20:[m[K [01;36m[Knote: [m[K  ‘[01m[Kuint32_t[m[K’
 typedef __uint32_t uint32_t;
[01;32m[K                    ^[m[K
[01m[K/usr/include/aarch64-linux-gnu/bits/stdint-uintn.h:26:20:[m[K [01;36m[Knote: [m[K  ‘[01m[Kuint32_t[m[K’
[01m[K/usr/include/aarch64-linux-gnu/bits/stdint-uintn.h:26:20:[m[K [01;36m[Knote: [m[K  ‘[01m[Kuint32_t[m[K’
In file included from [01m[K/home/xavier/catkin_ws/src/scan_tools/laser_ortho_projector/include/laser_ortho_projector/laser_ortho_projector.h:47:0[m[K,
                 from [01m[K/home/xavier/catkin_ws/src/scan_tools/laser_ortho_projector/src/laser_ortho_projector.cpp:30[m[K:
[01m[K/opt/ros/melodic/include/pcl_ros/point_cloud.h:28:22:[m[K [01;31m[Kerror: [m[K‘[01m[Kname_length[m[K’ was not declared in this scope
         stream_.next(name_length);
[01;32m[K                      ^[m[K
[01m[K/opt/ros/melodic/include/pcl_ros/point_cloud.h:32:9:[m[K [01;31m[Kerror: [m[K‘[01m[Kuint32_t[m[K’ is not a member of ‘[01m[Kstd[m[K’
         std::uint32_t offset = traits::offset<PointT, U>::value;
[01;32m[K         ^[m[K
[01m[K/opt/ros/melodic/include/pcl_ros/point_cloud.h:32:9:[m[K [01;36m[Knote: [m[Ksuggested alternatives:
In file included from [01m[K/usr/include/stdint.h:37:0[m[K,
                 from [01m[K/usr/lib/gcc/aarch64-linux-gnu/5/include/stdint.h:9[m[K,
                 from [01m[K/opt/ros/melodic/include/ros/duration.h:53[m[K,
                 from [01m[K/opt/ros/melodic/include/ros/time.h:57[m[K,
                 from [01m[K/opt/ros/melodic/include/ros/ros.h:38[m[K,
                 from [01m[K/home/xavier/catkin_ws/src/scan_tools/laser_ortho_projector/include/laser_ortho_projector/laser_ortho_projector.h:34[m[K,
                 from [01m[K/home/xavier/catkin_ws/src/scan_tools/laser_ortho_projector/src/laser_ortho_projector.cpp:30[m[K:
[01m[K/usr/include/aarch64-linux-gnu/bits/stdint-uintn.h:26:20:[m[K [01;36m[Knote: [m[K  ‘[01m[Kuint32_t[m[K’
 typedef __uint32_t uint32_t;
[01;32m[K                    ^[m[K
[01m[K/usr/include/aarch64-linux-gnu/bits/stdint-uintn.h:26:20:[m[K [01;36m[Knote: [m[K  ‘[01m[Kuint32_t[m[K’
[01m[K/usr/include/aarch64-linux-gnu/bits/stdint-uintn.h:26:20:[m[K [01;36m[Knote: [m[K  ‘[01m[Kuint32_t[m[K’
In file included from [01m[K/home/xavier/catkin_ws/src/scan_tools/laser_ortho_projector/include/laser_ortho_projector/laser_ortho_projector.h:47:0[m[K,
                 from [01m[K/home/xavier/catkin_ws/src/scan_tools/laser_ortho_projector/src/laser_ortho_projector.cpp:30[m[K:
[01m[K/opt/ros/melodic/include/pcl_ros/point_cloud.h:33:22:[m[K [01;31m[Kerror: [m[K‘[01m[Koffset[m[K’ was not declared in this scope
         stream_.next(offset);
[01;32m[K                      ^[m[K
[01m[K/opt/ros/melodic/include/pcl_ros/point_cloud.h:33:22:[m[K [01;36m[Knote: [m[Ksuggested alternative:
In file included from [01m[K/usr/include/pcl-1.8/pcl/point_cloud.h:50:0[m[K,
                 from [01m[K/usr/include/pcl-1.8/pcl/io/pcd_io.h:43[m[K,
                 from [01m[K/home/xavier/catkin_ws/src/scan_tools/laser_ortho_projector/include/laser_ortho_projector/laser_ortho_projector.h:44[m[K,
                 from [01m[K/home/xavier/catkin_ws/src/scan_tools/laser_ortho_projector/src/laser_ortho_projector.cpp:30[m[K:
[01m[K/usr/include/pcl-1.8/pcl/point_traits.h:150:12:[m[K [01;36m[Knote: [m[K  ‘[01m[Kpcl::traits::offset[m[K’
     struct offset : offset<typename POD<PointT>::type, Tag>
[01;32m[K            ^[m[K
In file included from [01m[K/home/xavier/catkin_ws/src/scan_tools/laser_ortho_projector/include/laser_ortho_projector/laser_ortho_projector.h:47:0[m[K,
                 from [01m[K/home/xavier/catkin_ws/src/scan_tools/laser_ortho_projector/src/laser_ortho_projector.cpp:30[m[K:
[01m[K/opt/ros/melodic/include/pcl_ros/point_cloud.h:35:9:[m[K [01;31m[Kerror: [m[K‘[01m[Kuint8_t[m[K’ is not a member of ‘[01m[Kstd[m[K’
         std::uint8_t datatype = traits::datatype<PointT, U>::value;
[01;32m[K         ^[m[K
[01m[K/opt/ros/melodic/include/pcl_ros/point_cloud.h:35:9:[m[K [01;36m[Knote: [m[Ksuggested alternatives:
In file included from [01m[K/usr/include/stdint.h:37:0[m[K,
                 from [01m[K/usr/lib/gcc/aarch64-linux-gnu/5/include/stdint.h:9[m[K,
                 from [01m[K/opt/ros/melodic/include/ros/duration.h:53[m[K,
                 from [01m[K/opt/ros/melodic/include/ros/time.h:57[m[K,
                 from [01m[K/opt/ros/melodic/include/ros/ros.h:38[m[K,
                 from [01m[K/home/xavier/catkin_ws/src/scan_tools/laser_ortho_projector/include/laser_ortho_projector/laser_ortho_projector.h:34[m[K,
                 from [01m[K/home/xavier/catkin_ws/src/scan_tools/laser_ortho_projector/src/laser_ortho_projector.cpp:30[m[K:
[01m[K/usr/include/aarch64-linux-gnu/bits/stdint-uintn.h:24:19:[m[K [01;36m[Knote: [m[K  ‘[01m[Kuint8_t[m[K’
 typedef __uint8_t uint8_t;
[01;32m[K                   ^[m[K
[01m[K/usr/include/aarch64-linux-gnu/bits/stdint-uintn.h:24:19:[m[K [01;36m[Knote: [m[K  ‘[01m[Kuint8_t[m[K’
[01m[K/usr/include/aarch64-linux-gnu/bits/stdint-uintn.h:24:19:[m[K [01;36m[Knote: [m[K  ‘[01m[Kuint8_t[m[K’
In file included from [01m[K/home/xavier/catkin_ws/src/scan_tools/laser_ortho_projector/include/laser_ortho_projector/laser_ortho_projector.h:47:0[m[K,
                 from [01m[K/home/xavier/catkin_ws/src/scan_tools/laser_ortho_projector/src/laser_ortho_projector.cpp:30[m[K:
[01m[K/opt/ros/melodic/include/pcl_ros/point_cloud.h:36:22:[m[K [01;31m[Kerror: [m[K‘[01m[Kdatatype[m[K’ was not declared in this scope
         stream_.next(datatype);
[01;32m[K                      ^[m[K
[01m[K/opt/ros/melodic/include/pcl_ros/point_cloud.h:36:22:[m[K [01;36m[Knote: [m[Ksuggested alternatives:
In file included from [01m[K/opt/ros/melodic/include/ros/serialization.h:37:0[m[K,
                 from [01m[K/opt/ros/melodic/include/ros/publisher.h:34[m[K,
                 from [01m[K/opt/ros/melodic/include/ros/node_handle.h:32[m[K,
                 from [01m[K/opt/ros/melodic/include/ros/ros.h:45[m[K,
                 from [01m[K/home/xavier/catkin_ws/src/scan_tools/laser_ortho_projector/include/laser_ortho_projector/laser_ortho_projector.h:34[m[K,
                 from [01m[K/home/xavier/catkin_ws/src/scan_tools/laser_ortho_projector/src/laser_ortho_projector.cpp:30[m[K:
[01m[K/opt/ros/melodic/include/ros/message_traits.h:261:20:[m[K [01;36m[Knote: [m[K  ‘[01m[Kros::message_traits::datatype[m[K’
 inline const char* datatype(const M& m)
[01;32m[K                    ^[m[K
In file included from [01m[K/opt/ros/melodic/include/ros/service_client.h:33:0[m[K,
                 from [01m[K/opt/ros/melodic/include/ros/node_handle.h:35[m[K,
                 from [01m[K/opt/ros/melodic/include/ros/ros.h:45[m[K,
                 from [01m[K/home/xavier/catkin_ws/src/scan_tools/laser_ortho_projector/include/laser_ortho_projector/laser_ortho_projector.h:34[m[K,
                 from [01m[K/home/xavier/catkin_ws/src/scan_tools/laser_ortho_projector/src/laser_ortho_projector.cpp:30[m[K:
[01m[K/opt/ros/melodic/include/ros/service_traits.h:104:20:[m[K [01;36m[Knote: [m[K  ‘[01m[Kros::service_traits::datatype[m[K’
 inline const char* datatype(const M& m)
[01;32m[K                    ^[m[K
In file included from [01m[K/usr/include/pcl-1.8/pcl/point_cloud.h:50:0[m[K,
                 from [01m[K/usr/include/pcl-1.8/pcl/io/pcd_io.h:43[m[K,
                 from [01m[K/home/xavier/catkin_ws/src/scan_tools/laser_ortho_projector/include/laser_ortho_projector/laser_ortho_projector.h:44[m[K,
                 from [01m[K/home/xavier/catkin_ws/src/scan_tools/laser_ortho_projector/src/laser_ortho_projector.cpp:30[m[K:
[01m[K/usr/include/pcl-1.8/pcl/point_traits.h:162:12:[m[K [01;36m[Knote: [m[K  ‘[01m[Kpcl::traits::datatype[m[K’
     struct datatype : datatype<typename POD<PointT>::type, Tag>
[01;32m[K            ^[m[K
In file included from [01m[K/home/xavier/catkin_ws/src/scan_tools/laser_ortho_projector/include/laser_ortho_projector/laser_ortho_projector.h:47:0[m[K,
                 from [01m[K/home/xavier/catkin_ws/src/scan_tools/laser_ortho_projector/src/laser_ortho_projector.cpp:30[m[K:
[01m[K/opt/ros/melodic/include/pcl_ros/point_cloud.h:38:9:[m[K [01;31m[Kerror: [m[K‘[01m[Kuint32_t[m[K’ is not a member of ‘[01m[Kstd[m[K’
         std::uint32_t count = traits::datatype<PointT, U>::size;
[01;32m[K         ^[m[K
[01m[K/opt/ros/melodic/include/pcl_ros/point_cloud.h:38:9:[m[K [01;36m[Knote: [m[Ksuggested alternatives:
In file included from [01m[K/usr/include/stdint.h:37:0[m[K,
                 from [01m[K/usr/lib/gcc/aarch64-linux-gnu/5/include/stdint.h:9[m[K,
                 from [01m[K/opt/ros/melodic/include/ros/duration.h:53[m[K,
                 from [01m[K/opt/ros/melodic/include/ros/time.h:57[m[K,
                 from [01m[K/opt/ros/melodic/include/ros/ros.h:38[m[K,
                 from [01m[K/home/xavier/catkin_ws/src/scan_tools/laser_ortho_projector/include/laser_ortho_projector/laser_ortho_projector.h:34[m[K,
                 from [01m[K/home/xavier/catkin_ws/src/scan_tools/laser_ortho_projector/src/laser_ortho_projector.cpp:30[m[K:
[01m[K/usr/include/aarch64-linux-gnu/bits/stdint-uintn.h:26:20:[m[K [01;36m[Knote: [m[K  ‘[01m[Kuint32_t[m[K’
 typedef __uint32_t uint32_t;
[01;32m[K                    ^[m[K
[01m[K/usr/include/aarch64-linux-gnu/bits/stdint-uintn.h:26:20:[m[K [01;36m[Knote: [m[K  ‘[01m[Kuint32_t[m[K’
[01m[K/usr/include/aarch64-linux-gnu/bits/stdint-uintn.h:26:20:[m[K [01;36m[Knote: [m[K  ‘[01m[Kuint32_t[m[K’
In file included from [01m[K/home/xavier/catkin_ws/src/scan_tools/laser_ortho_projector/include/laser_ortho_projector/laser_ortho_projector.h:47:0[m[K,
                 from [01m[K/home/xavier/catkin_ws/src/scan_tools/laser_ortho_projector/src/laser_ortho_projector.cpp:30[m[K:
[01m[K/opt/ros/melodic/include/pcl_ros/point_cloud.h:39:22:[m[K [01;31m[Kerror: [m[K‘[01m[Kcount[m[K’ was not declared in this scope
         stream_.next(count);
[01;32m[K                      ^[m[K
[01m[K/opt/ros/melodic/include/pcl_ros/point_cloud.h:39:22:[m[K [01;36m[Knote: [m[Ksuggested alternative:
In file included from [01m[K/usr/include/c++/5/algorithm:62:0[m[K,
                 from [01m[K/usr/include/boost/math/tools/config.hpp:18[m[K,
                 from [01m[K/usr/include/boost/math/special_functions/round.hpp:13[m[K,
                 from [01m[K/opt/ros/melodic/include/ros/time.h:58[m[K,
                 from [01m[K/opt/ros/melodic/include/ros/ros.h:38[m[K,
                 from [01m[K/home/xavier/catkin_ws/src/scan_tools/laser_ortho_projector/include/laser_ortho_projector/laser_ortho_projector.h:34[m[K,
                 from [01m[K/home/xavier/catkin_ws/src/scan_tools/laser_ortho_projector/src/laser_ortho_projector.cpp:30[m[K:
[01m[K/usr/include/c++/5/bits/stl_algo.h:3959:5:[m[K [01;36m[Knote: [m[K  ‘[01m[Kstd::count[m[K’
     count(_InputIterator __first, _InputIterator __last, const _Tp& __value)
[01;32m[K     ^[m[K
In file included from [01m[K/home/xavier/catkin_ws/src/scan_tools/laser_ortho_projector/include/laser_ortho_projector/laser_ortho_projector.h:47:0[m[K,
                 from [01m[K/home/xavier/catkin_ws/src/scan_tools/laser_ortho_projector/src/laser_ortho_projector.cpp:30[m[K:
[01m[K/opt/ros/melodic/include/pcl_ros/point_cloud.h:[m[K At global scope:
[01m[K/opt/ros/melodic/include/pcl_ros/point_cloud.h:56:12:[m[K [01;31m[Kerror: [m[K‘[01m[Kuint32_t[m[K’ in namespace ‘[01m[Kstd[m[K’ does not name a type
       std::uint32_t length;
[01;32m[K            ^[m[K
[01m[K/opt/ros/melodic/include/pcl_ros/point_cloud.h:[m[K In constructor ‘[01m[Kpcl::detail::FieldsLength<PointT>::FieldsLength()[m[K’:
[01m[K/opt/ros/melodic/include/pcl_ros/point_cloud.h:48:24:[m[K [01;31m[Kerror: [m[Kclass ‘[01m[Kpcl::detail::FieldsLength<PointT>[m[K’ does not have any field named ‘[01m[Klength[m[K’
       FieldsLength() : length(0) {}
[01;32m[K                        ^[m[K
[01m[K/opt/ros/melodic/include/pcl_ros/point_cloud.h:[m[K In member function ‘[01m[Kvoid pcl::detail::FieldsLength<PointT>::operator()()[m[K’:
[01m[K/opt/ros/melodic/include/pcl_ros/point_cloud.h:52:9:[m[K [01;31m[Kerror: [m[K‘[01m[Kuint32_t[m[K’ is not a member of ‘[01m[Kstd[m[K’
         std::uint32_t name_length = strlen(traits::name<PointT, U>::value);
[01;32m[K         ^[m[K
[01m[K/opt/ros/melodic/include/pcl_ros/point_cloud.h:52:9:[m[K [01;36m[Knote: [m[Ksuggested alternatives:
In file included from [01m[K/usr/include/stdint.h:37:0[m[K,
                 from [01m[K/usr/lib/gcc/aarch64-linux-gnu/5/include/stdint.h:9[m[K,
                 from [01m[K/opt/ros/melodic/include/ros/duration.h:53[m[K,
                 from [01m[K/opt/ros/melodic/include/ros/time.h:57[m[K,
                 from [01m[K/opt/ros/melodic/include/ros/ros.h:38[m[K,
                 from [01m[K/home/xavier/catkin_ws/src/scan_tools/laser_ortho_projector/include/laser_ortho_projector/laser_ortho_projector.h:34[m[K,
                 from [01m[K/home/xavier/catkin_ws/src/scan_tools/laser_ortho_projector/src/laser_ortho_projector.cpp:30[m[K:
[01m[K/usr/include/aarch64-linux-gnu/bits/stdint-uintn.h:26:20:[m[K [01;36m[Knote: [m[K  ‘[01m[Kuint32_t[m[K’
 typedef __uint32_t uint32_t;
[01;32m[K                    ^[m[K
[01m[K/usr/include/aarch64-linux-gnu/bits/stdint-uintn.h:26:20:[m[K [01;36m[Knote: [m[K  ‘[01m[Kuint32_t[m[K’
[01m[K/usr/include/aarch64-linux-gnu/bits/stdint-uintn.h:26:20:[m[K [01;36m[Knote: [m[K  ‘[01m[Kuint32_t[m[K’
In file included from [01m[K/home/xavier/catkin_ws/src/scan_tools/laser_ortho_projector/include/laser_ortho_projector/laser_ortho_projector.h:47:0[m[K,
                 from [01m[K/home/xavier/catkin_ws/src/scan_tools/laser_ortho_projector/src/laser_ortho_projector.cpp:30[m[K:
[01m[K/opt/ros/melodic/include/pcl_ros/point_cloud.h:53:9:[m[K [01;31m[Kerror: [m[K‘[01m[Klength[m[K’ was not declared in this scope
         length += name_length + 13;
[01;32m[K         ^[m[K
[01m[K/opt/ros/melodic/include/pcl_ros/point_cloud.h:53:9:[m[K [01;36m[Knote: [m[Ksuggested alternatives:
In file included from [01m[K/usr/include/boost/algorithm/string/trim.hpp:19:0[m[K,
                 from [01m[K/usr/include/boost/algorithm/string.hpp:19[m[K,
                 from [01m[K/usr/include/pcl-1.8/pcl/io/boost.h:66[m[K,
                 from [01m[K/usr/include/pcl-1.8/pcl/io/file_io.h:43[m[K,
                 from [01m[K/usr/include/pcl-1.8/pcl/io/pcd_io.h:44[m[K,
                 from [01m[K/home/xavier/catkin_ws/src/scan_tools/laser_ortho_projector/include/laser_ortho_projector/laser_ortho_projector.h:44[m[K,
                 from [01m[K/home/xavier/catkin_ws/src/scan_tools/laser_ortho_projector/src/laser_ortho_projector.cpp:30[m[K:
[01m[K/usr/include/boost/range/as_literal.hpp:42:28:[m[K [01;36m[Knote: [m[K  ‘[01m[Kboost::range_detail::length[m[K’
         inline std::size_t length( const wchar_t* s )
[01;32m[K                            ^[m[K
In file included from [01m[K/usr/include/boost/tuple/tuple.hpp:28:0[m[K,
                 from [01m[K/usr/include/boost/unordered/detail/implementation.hpp:32[m[K,
                 from [01m[K/usr/include/boost/unordered/detail/map.hpp:6[m[K,
                 from [01m[K/usr/include/boost/unordered/unordered_map.hpp:21[m[K,
                 from [01m[K/usr/include/boost/unordered_map.hpp:17[m[K,
                 from [01m[K/opt/ros/melodic/include/tf/tf.h:45[m[K,
                 from [01m[K/opt/ros/melodic/include/tf/transform_listener.h:38[m[K,
                 from [01m[K/home/xavier/catkin_ws/src/scan_tools/laser_ortho_projector/include/laser_ortho_projector/laser_ortho_projector.h:40[m[K,
                 from [01m[K/home/xavier/catkin_ws/src/scan_tools/laser_ortho_projector/src/laser_ortho_projector.cpp:30[m[K:
[01m[K/usr/include/boost/tuple/detail/tuple_basic.hpp:84:26:[m[K [01;36m[Knote: [m[K  ‘[01m[Kboost::tuples::length[m[K’
 template<class T> struct length;
[01;32m[K                          ^[m[K
In file included from [01m[K/opt/ros/melodic/include/tf/LinearMath/Matrix3x3.h:20:0[m[K,
                 from [01m[K/opt/ros/melodic/include/tf/LinearMath/Transform.h:21[m[K,
                 from [01m[K/opt/ros/melodic/include/tf/transform_datatypes.h:41[m[K,
                 from [01m[K/opt/ros/melodic/include/tf/time_cache.h:38[m[K,
                 from [01m[K/opt/ros/melodic/include/tf/tf.h:44[m[K,
                 from [01m[K/opt/ros/melodic/include/tf/transform_listener.h:38[m[K,
                 from [01m[K/home/xavier/catkin_ws/src/scan_tools/laser_ortho_projector/include/laser_ortho_projector/laser_ortho_projector.h:40[m[K,
                 from [01m[K/home/xavier/catkin_ws/src/scan_tools/laser_ortho_projector/src/laser_ortho_projector.cpp:30[m[K:
[01m[K/opt/ros/melodic/include/tf/LinearMath/Quaternion.h:400:1:[m[K [01;36m[Knote: [m[K  ‘[01m[Ktf::length[m[K’
 length(const Quaternion& q) 
[01;32m[K ^[m[K
In file included from [01m[K/opt/ros/melodic/include/tf2/transform_storage.h:36:0[m[K,
                 from [01m[K/opt/ros/melodic/include/tf2/buffer_core.h:35[m[K,
                 from [01m[K/opt/ros/melodic/include/tf2_ros/buffer_interface.h:35[m[K,
                 from [01m[K/opt/ros/melodic/include/tf2_ros/buffer.h:35[m[K,
                 from [01m[K/opt/ros/melodic/include/tf/tf.h:49[m[K,
                 from [01m[K/opt/ros/melodic/include/tf/transform_listener.h:38[m[K,
                 from [01m[K/home/xavier/catkin_ws/src/scan_tools/laser_ortho_projector/include/laser_ortho_projector/laser_ortho_projector.h:40[m[K,
                 from [01m[K/home/xavier/catkin_ws/src/scan_tools/laser_ortho_projector/src/laser_ortho_projector.cpp:30[m[K:
[01m[K/opt/ros/melodic/include/tf2/LinearMath/Quaternion.h:398:1:[m[K [01;36m[Knote: [m[K  ‘[01m[Ktf2::length[m[K’
 length(const Quaternion& q) 
[01;32m[K ^[m[K
In file included from [01m[K/home/xavier/catkin_ws/src/scan_tools/laser_ortho_projector/include/laser_ortho_projector/laser_ortho_projector.h:47:0[m[K,
                 from [01m[K/home/xavier/catkin_ws/src/scan_tools/laser_ortho_projector/src/laser_ortho_projector.cpp:30[m[K:
[01m[K/opt/ros/melodic/include/pcl_ros/point_cloud.h:53:19:[m[K [01;31m[Kerror: [m[K‘[01m[Kname_length[m[K’ was not declared in this scope
         length += name_length + 13;
[01;32m[K                   ^[m[K
/opt/ros/melodic/include/pcl_ros/point_cloud.h: In instantiation of ‘[01m[Kstatic uint32_t ros::serialization::Serializer<pcl::PointCloud<PointT> >::serializedLength(const pcl::PointCloud<PointT>&) [with T = pcl::PointXYZ; uint32_t = unsigned int][m[K’:
[01m[K/opt/ros/melodic/include/ros/serialization.h:172:41:[m[K   required from ‘[01m[Kuint32_t ros::serialization::serializationLength(const T&) [with T = pcl::PointCloud<pcl::PointXYZ>; uint32_t = unsigned int][m[K’
[01m[K/opt/ros/melodic/include/ros/serialization.h:807:37:[m[K   required from ‘[01m[Kros::SerializedMessage ros::serialization::serializeMessage(const M&) [with M = pcl::PointCloud<pcl::PointXYZ>][m[K’
[01m[K/opt/ros/melodic/include/ros/publisher.h:89:26:[m[K   required from ‘[01m[Kvoid ros::Publisher::publish(const boost::shared_ptr<X>&) const [with M = pcl::PointCloud<pcl::PointXYZ>][m[K’
[01m[K/home/xavier/catkin_ws/src/scan_tools/laser_ortho_projector/src/laser_ortho_projector.cpp:220:34:[m[K   required from here
[01m[K/opt/ros/melodic/include/pcl_ros/point_cloud.h:255:16:[m[K [01;31m[Kerror: [m[K‘[01m[Kstruct pcl::detail::FieldsLength<pcl::PointXYZ>[m[K’ has no member named ‘[01m[Klength[m[K’
         length += fl.length;
[01;32m[K                ^[m[K
CMakeFiles/laser_ortho_projector.dir/build.make:62: recipe for target 'CMakeFiles/laser_ortho_projector.dir/src/laser_ortho_projector.cpp.o' failed
CMakeFiles/Makefile2:181: recipe for target 'CMakeFiles/laser_ortho_projector.dir/all' failed
Makefile:140: recipe for target 'all' failed
make[2]: *** [CMakeFiles/laser_ortho_projector.dir/src/laser_ortho_projector.cpp.o] Error 1
make[1]: *** [CMakeFiles/laser_ortho_projector.dir/all] Error 2
make: *** [all] Error 2
