Determining if the pthread_create exist failed with the following output:
Change Dir: /home/xavier/catkin_ws/build/gamepad/CMakeFiles/CMakeTmp

Run Build Command:"/usr/bin/make" "cmTC_68956/fast"
/usr/bin/make -f CMakeFiles/cmTC_68956.dir/build.make CMakeFiles/cmTC_68956.dir/build
make[1]: Entering directory '/home/xavier/catkin_ws/build/gamepad/CMakeFiles/CMakeTmp'
Building C object CMakeFiles/cmTC_68956.dir/CheckSymbolExists.c.o
/usr/bin/cc    -o CMakeFiles/cmTC_68956.dir/CheckSymbolExists.c.o   -c /home/xavier/catkin_ws/build/gamepad/CMakeFiles/CMakeTmp/CheckSymbolExists.c
Linking C executable cmTC_68956
/usr/bin/cmake -E cmake_link_script CMakeFiles/cmTC_68956.dir/link.txt --verbose=1
/usr/bin/cc      -rdynamic CMakeFiles/cmTC_68956.dir/CheckSymbolExists.c.o  -o cmTC_68956 
CMakeFiles/cmTC_68956.dir/CheckSymbolExists.c.o: In function `main':
CheckSymbolExists.c:(.text+0x14): undefined reference to `pthread_create'
CheckSymbolExists.c:(.text+0x18): undefined reference to `pthread_create'
collect2: error: ld returned 1 exit status
CMakeFiles/cmTC_68956.dir/build.make:97: recipe for target 'cmTC_68956' failed
make[1]: *** [cmTC_68956] Error 1
make[1]: Leaving directory '/home/xavier/catkin_ws/build/gamepad/CMakeFiles/CMakeTmp'
Makefile:126: recipe for target 'cmTC_68956/fast' failed
make: *** [cmTC_68956/fast] Error 2

File /home/xavier/catkin_ws/build/gamepad/CMakeFiles/CMakeTmp/CheckSymbolExists.c:
/* */
#include <pthread.h>

int main(int argc, char** argv)
{
  (void)argv;
#ifndef pthread_create
  return ((int*)(&pthread_create))[argc];
#else
  (void)argc;
  return 0;
#endif
}

Determining if the function pthread_create exists in the pthreads failed with the following output:
Change Dir: /home/xavier/catkin_ws/build/gamepad/CMakeFiles/CMakeTmp

Run Build Command:"/usr/bin/make" "cmTC_bac28/fast"
/usr/bin/make -f CMakeFiles/cmTC_bac28.dir/build.make CMakeFiles/cmTC_bac28.dir/build
make[1]: Entering directory '/home/xavier/catkin_ws/build/gamepad/CMakeFiles/CMakeTmp'
Building C object CMakeFiles/cmTC_bac28.dir/CheckFunctionExists.c.o
/usr/bin/cc   -DCHECK_FUNCTION_EXISTS=pthread_create   -o CMakeFiles/cmTC_bac28.dir/CheckFunctionExists.c.o   -c /usr/share/cmake-3.10/Modules/CheckFunctionExists.c
Linking C executable cmTC_bac28
/usr/bin/cmake -E cmake_link_script CMakeFiles/cmTC_bac28.dir/link.txt --verbose=1
/usr/bin/cc  -DCHECK_FUNCTION_EXISTS=pthread_create    -rdynamic CMakeFiles/cmTC_bac28.dir/CheckFunctionExists.c.o  -o cmTC_bac28 -lpthreads 
/usr/bin/ld: cannot find -lpthreads
collect2: error: ld returned 1 exit status
CMakeFiles/cmTC_bac28.dir/build.make:97: recipe for target 'cmTC_bac28' failed
make[1]: *** [cmTC_bac28] Error 1
make[1]: Leaving directory '/home/xavier/catkin_ws/build/gamepad/CMakeFiles/CMakeTmp'
Makefile:126: recipe for target 'cmTC_bac28/fast' failed
make: *** [cmTC_bac28/fast] Error 2


