[  0%] Built target _pitakuru_generate_messages_check_deps_TriggerAction
[  0%] Built target _pitakuru_generate_messages_check_deps_people_box
[  0%] Built target _pitakuru_generate_messages_check_deps_SoundActionResult
[  0%] Built target _pitakuru_generate_messages_check_deps_SoundActionFeedback
[  0%] Built target _pitakuru_generate_messages_check_deps_State
[  0%] Built target _pitakuru_generate_messages_check_deps_SoundGoal
[  0%] Built target _pitakuru_generate_messages_check_deps_States
[  0%] Built target _pitakuru_generate_messages_check_deps_Obstacle
[  0%] Built target actionlib_msgs_generate_messages_nodejs
[  0%] Built target _pitakuru_generate_messages_check_deps_SoundResult
[  0%] Built target _pitakuru_generate_messages_check_deps_SoundActionGoal
[  0%] Built target geometry_msgs_generate_messages_nodejs
[  0%] Built target _pitakuru_generate_messages_check_deps_peoples
[  0%] Built target std_msgs_generate_messages_nodejs
[  0%] Built target _pitakuru_generate_messages_check_deps_DriveWheel
[  0%] Built target _pitakuru_generate_messages_check_deps_SoundFeedback
[  0%] Built target std_msgs_generate_messages_lisp
[  0%] Built target actionlib_msgs_generate_messages_lisp
[  0%] Built target _pitakuru_generate_messages_check_deps_SoundAction
[  0%] Built target geometry_msgs_generate_messages_lisp
[  0%] Built target std_msgs_generate_messages_eus
[  0%] Built target geometry_msgs_generate_messages_eus
[  0%] Built target actionlib_msgs_generate_messages_eus
[  0%] Built target actionlib_msgs_generate_messages_cpp
[  0%] Built target std_msgs_generate_messages_cpp
[  0%] Built target geometry_msgs_generate_messages_cpp
[  0%] Built target std_msgs_generate_messages_py
[  0%] Built target actionlib_msgs_generate_messages_py
[  0%] Built target geometry_msgs_generate_messages_py
[ 19%] Built target pitakuru_generate_messages_nodejs
[ 38%] Built target pitakuru_generate_messages_lisp
[ 59%] Built target pitakuru_generate_messages_eus
[ 80%] Built target pitakuru_generate_messages_py
[100%] Built target pitakuru_generate_messages_cpp
[100%] Built target pitakuru_generate_messages
