[  0%] Built target _pitakuru_generate_messages_check_deps_TriggerAction
[  0%] Built target _pitakuru_generate_messages_check_deps_people_box
[  0%] Built target _pitakuru_generate_messages_check_deps_SoundActionResult
[  0%] Built target _pitakuru_generate_messages_check_deps_SoundActionFeedback
[  0%] Built target _pitakuru_generate_messages_check_deps_State
[  0%] Built target _pitakuru_generate_messages_check_deps_SoundGoal
[  0%] Built target _pitakuru_generate_messages_check_deps_States
[  0%] Built target _pitakuru_generate_messages_check_deps_Obstacle
[  0%] Built target _pitakuru_generate_messages_check_deps_SoundResult
[  0%] Built target _pitakuru_generate_messages_check_deps_SoundActionGoal
[  0%] Built target actionlib_msgs_generate_messages_nodejs
[  0%] Built target geometry_msgs_generate_messages_nodejs
[  0%] Built target _pitakuru_generate_messages_check_deps_peoples
[  0%] Built target std_msgs_generate_messages_nodejs
[  0%] Built target _pitakuru_generate_messages_check_deps_DriveWheel
[  0%] Built target std_msgs_generate_messages_lisp
[  0%] Built target _pitakuru_generate_messages_check_deps_SoundFeedback
[  0%] Built target geometry_msgs_generate_messages_lisp
[  0%] Built target _pitakuru_generate_messages_check_deps_SoundAction
[  0%] Built target actionlib_msgs_generate_messages_lisp
[  0%] Built target std_msgs_generate_messages_eus
[  0%] Built target geometry_msgs_generate_messages_eus
[  0%] Built target actionlib_msgs_generate_messages_eus
[  0%] Built target actionlib_msgs_generate_messages_cpp
[  0%] Built target std_msgs_generate_messages_cpp
[  0%] Built target std_msgs_generate_messages_py
[  0%] Built target geometry_msgs_generate_messages_cpp
[  0%] Built target actionlib_msgs_generate_messages_py
[  0%] Built target geometry_msgs_generate_messages_py
[  1%] [34m[1mGenerating Javascript code from pitakuru/States.msg[0m
[  2%] [34m[1mGenerating Lisp code from pitakuru/States.msg[0m
[  4%] [34m[1mGenerating EusLisp code from pitakuru/States.msg[0m
[ 22%] Built target pitakuru_generate_messages_nodejs
[ 23%] [34m[1mGenerating C++ code from pitakuru/States.msg[0m
[ 41%] Built target pitakuru_generate_messages_lisp
[ 43%] [34m[1mGenerating Python from MSG pitakuru/States[0m
[ 62%] Built target pitakuru_generate_messages_eus
[ 63%] [34m[1mGenerating Python msg __init__.py for pitakuru[0m
[ 81%] Built target pitakuru_generate_messages_cpp
[100%] Built target pitakuru_generate_messages_py
[100%] Built target pitakuru_generate_messages
