make: Warning: File 'Makefile' has modification time 1033 s in the future
make[1]: Warning: File 'CMakeFiles/Makefile2' has modification time 1033 s in the future
make[2]: Warning: File 'CMakeFiles/_pitakuru_generate_messages_check_deps_Obstacle.dir/progress.make' has modification time 1033 s in the future
make[2]: warning:  Clock skew detected.  Your build may be incomplete.
make[2]: Warning: File 'CMakeFiles/_pitakuru_generate_messages_check_deps_Obstacle.dir/progress.make' has modification time 1033 s in the future
make[2]: warning:  Clock skew detected.  Your build may be incomplete.
make[2]: Warning: File 'CMakeFiles/_pitakuru_generate_messages_check_deps_SoundActionGoal.dir/progress.make' has modification time 1033 s in the future
make[2]: warning:  Clock skew detected.  Your build may be incomplete.
make[2]: Warning: File 'CMakeFiles/_pitakuru_generate_messages_check_deps_SoundActionGoal.dir/progress.make' has modification time 1033 s in the future
make[2]: warning:  Clock skew detected.  Your build may be incomplete.
make[2]: Warning: File 'CMakeFiles/actionlib_msgs_generate_messages_nodejs.dir/progress.make' has modification time 1033 s in the future
make[2]: Warning: File 'CMakeFiles/_pitakuru_generate_messages_check_deps_DriveWheel.dir/progress.make' has modification time 1033 s in the future
make[2]: warning:  Clock skew detected.  Your build may be incomplete.
make[2]: warning:  Clock skew detected.  Your build may be incomplete.
make[2]: Warning: File 'CMakeFiles/_pitakuru_generate_messages_check_deps_DriveWheel.dir/progress.make' has modification time 1033 s in the future
make[2]: Warning: File 'CMakeFiles/actionlib_msgs_generate_messages_nodejs.dir/progress.make' has modification time 1033 s in the future
make[2]: warning:  Clock skew detected.  Your build may be incomplete.
make[2]: Warning: File 'CMakeFiles/std_msgs_generate_messages_nodejs.dir/progress.make' has modification time 1033 s in the future
make[2]: warning:  Clock skew detected.  Your build may be incomplete.
make[2]: Warning: File 'CMakeFiles/std_msgs_generate_messages_nodejs.dir/progress.make' has modification time 1033 s in the future
make[2]: warning:  Clock skew detected.  Your build may be incomplete.
make[2]: warning:  Clock skew detected.  Your build may be incomplete.
make[2]: Warning: File 'CMakeFiles/_pitakuru_generate_messages_check_deps_SoundFeedback.dir/progress.make' has modification time 1033 s in the future
make[2]: warning:  Clock skew detected.  Your build may be incomplete.
make[2]: Warning: File 'CMakeFiles/_pitakuru_generate_messages_check_deps_SoundFeedback.dir/progress.make' has modification time 1032 s in the future
make[2]: warning:  Clock skew detected.  Your build may be incomplete.
make[2]: Warning: File 'CMakeFiles/_pitakuru_generate_messages_check_deps_TriggerAction.dir/progress.make' has modification time 1032 s in the future
make[2]: Warning: File 'CMakeFiles/_pitakuru_generate_messages_check_deps_SoundAction.dir/progress.make' has modification time 1032 s in the future
make[2]: Warning: File 'CMakeFiles/_pitakuru_generate_messages_check_deps_State.dir/progress.make' has modification time 1032 s in the future
make[2]: warning:  Clock skew detected.  Your build may be incomplete.
make[2]: Warning: File 'CMakeFiles/_pitakuru_generate_messages_check_deps_TriggerAction.dir/progress.make' has modification time 1032 s in the future
make[2]: warning:  Clock skew detected.  Your build may be incomplete.
make[2]: Warning: File 'CMakeFiles/_pitakuru_generate_messages_check_deps_SoundAction.dir/progress.make' has modification time 1032 s in the future
make[2]: warning:  Clock skew detected.  Your build may be incomplete.
make[2]: Warning: File 'CMakeFiles/_pitakuru_generate_messages_check_deps_State.dir/progress.make' has modification time 1032 s in the future
make[2]: warning:  Clock skew detected.  Your build may be incomplete.
make[2]: warning:  Clock skew detected.  Your build may be incomplete.
make[2]: warning:  Clock skew detected.  Your build may be incomplete.
make[2]: Warning: File 'CMakeFiles/_pitakuru_generate_messages_check_deps_SoundGoal.dir/progress.make' has modification time 1032 s in the future
make[2]: Warning: File 'CMakeFiles/_pitakuru_generate_messages_check_deps_SoundActionFeedback.dir/progress.make' has modification time 1032 s in the future
make[2]: warning:  Clock skew detected.  Your build may be incomplete.
make[2]: Warning: File 'CMakeFiles/_pitakuru_generate_messages_check_deps_SoundGoal.dir/progress.make' has modification time 1032 s in the future
make[2]: warning:  Clock skew detected.  Your build may be incomplete.
make[2]: Warning: File 'CMakeFiles/_pitakuru_generate_messages_check_deps_SoundActionFeedback.dir/progress.make' has modification time 1032 s in the future
make[2]: warning:  Clock skew detected.  Your build may be incomplete.
make[2]: warning:  Clock skew detected.  Your build may be incomplete.
make[2]: Warning: File 'CMakeFiles/_pitakuru_generate_messages_check_deps_SoundActionResult.dir/progress.make' has modification time 1032 s in the future
make[2]: Warning: File 'CMakeFiles/_pitakuru_generate_messages_check_deps_SoundResult.dir/progress.make' has modification time 1032 s in the future
make[2]: warning:  Clock skew detected.  Your build may be incomplete.
make[2]: Warning: File 'CMakeFiles/_pitakuru_generate_messages_check_deps_SoundActionResult.dir/progress.make' has modification time 1032 s in the future
make[2]: Warning: File 'CMakeFiles/std_msgs_generate_messages_lisp.dir/progress.make' has modification time 1032 s in the future
make[2]: warning:  Clock skew detected.  Your build may be incomplete.
make[2]: Warning: File 'CMakeFiles/_pitakuru_generate_messages_check_deps_SoundResult.dir/progress.make' has modification time 1032 s in the future
make[2]: warning:  Clock skew detected.  Your build may be incomplete.
make[2]: Warning: File 'CMakeFiles/std_msgs_generate_messages_lisp.dir/progress.make' has modification time 1032 s in the future
make[2]: warning:  Clock skew detected.  Your build may be incomplete.
make[2]: Warning: File 'CMakeFiles/actionlib_msgs_generate_messages_lisp.dir/progress.make' has modification time 1032 s in the future
make[2]: Warning: File 'CMakeFiles/std_msgs_generate_messages_eus.dir/progress.make' has modification time 1032 s in the future
make[2]: warning:  Clock skew detected.  Your build may be incomplete.
make[2]: Warning: File 'CMakeFiles/actionlib_msgs_generate_messages_lisp.dir/progress.make' has modification time 1032 s in the future
make[2]: warning:  Clock skew detected.  Your build may be incomplete.
make[2]: warning:  Clock skew detected.  Your build may be incomplete.
make[2]: Warning: File 'CMakeFiles/actionlib_msgs_generate_messages_eus.dir/progress.make' has modification time 1032 s in the future
make[2]: warning:  Clock skew detected.  Your build may be incomplete.
make[2]: warning:  Clock skew detected.  Your build may be incomplete.
make[2]: Warning: File 'CMakeFiles/std_msgs_generate_messages_eus.dir/progress.make' has modification time 1032 s in the future
make[2]: warning:  Clock skew detected.  Your build may be incomplete.
make[2]: Warning: File 'CMakeFiles/actionlib_msgs_generate_messages_cpp.dir/progress.make' has modification time 1032 s in the future
make[2]: warning:  Clock skew detected.  Your build may be incomplete.
make[2]: Warning: File 'CMakeFiles/actionlib_msgs_generate_messages_eus.dir/progress.make' has modification time 1032 s in the future
make[2]: warning:  Clock skew detected.  Your build may be incomplete.
make[2]: Warning: File 'CMakeFiles/std_msgs_generate_messages_cpp.dir/progress.make' has modification time 1032 s in the future
make[2]: warning:  Clock skew detected.  Your build may be incomplete.
make[2]: Warning: File 'CMakeFiles/actionlib_msgs_generate_messages_cpp.dir/progress.make' has modification time 1032 s in the future
make[2]: warning:  Clock skew detected.  Your build may be incomplete.
make[2]: Warning: File 'CMakeFiles/std_msgs_generate_messages_py.dir/progress.make' has modification time 1032 s in the future
make[2]: warning:  Clock skew detected.  Your build may be incomplete.
make[2]: Warning: File 'CMakeFiles/std_msgs_generate_messages_cpp.dir/progress.make' has modification time 1032 s in the future
make[2]: warning:  Clock skew detected.  Your build may be incomplete.
make[2]: warning:  Clock skew detected.  Your build may be incomplete.
make[2]: Warning: File 'CMakeFiles/std_msgs_generate_messages_py.dir/progress.make' has modification time 1032 s in the future
make[2]: warning:  Clock skew detected.  Your build may be incomplete.
make[2]: Warning: File 'CMakeFiles/actionlib_msgs_generate_messages_py.dir/progress.make' has modification time 1032 s in the future
make[2]: warning:  Clock skew detected.  Your build may be incomplete.
make[2]: Warning: File 'CMakeFiles/actionlib_msgs_generate_messages_py.dir/progress.make' has modification time 1031 s in the future
make[2]: warning:  Clock skew detected.  Your build may be incomplete.
make[2]: Warning: File 'CMakeFiles/pitakuru_generate_messages_nodejs.dir/progress.make' has modification time 1031 s in the future
make[2]: warning:  Clock skew detected.  Your build may be incomplete.
make[2]: Warning: File 'CMakeFiles/pitakuru_generate_messages_nodejs.dir/progress.make' has modification time 1031 s in the future
make[2]: warning:  Clock skew detected.  Your build may be incomplete.
make[2]: Warning: File 'CMakeFiles/pitakuru_generate_messages_lisp.dir/progress.make' has modification time 1031 s in the future
make[2]: Warning: File 'CMakeFiles/pitakuru_generate_messages_eus.dir/progress.make' has modification time 1031 s in the future
make[2]: warning:  Clock skew detected.  Your build may be incomplete.
make[2]: Warning: File 'CMakeFiles/pitakuru_generate_messages_lisp.dir/progress.make' has modification time 1031 s in the future
make[2]: warning:  Clock skew detected.  Your build may be incomplete.
make[2]: warning:  Clock skew detected.  Your build may be incomplete.
make[2]: Warning: File 'CMakeFiles/pitakuru_generate_messages_eus.dir/progress.make' has modification time 1031 s in the future
make[2]: warning:  Clock skew detected.  Your build may be incomplete.
make[2]: Warning: File 'CMakeFiles/pitakuru_generate_messages_cpp.dir/progress.make' has modification time 1031 s in the future
make[2]: Warning: File 'CMakeFiles/pitakuru_generate_messages_py.dir/progress.make' has modification time 1031 s in the future
make[2]: warning:  Clock skew detected.  Your build may be incomplete.
make[2]: Warning: File 'CMakeFiles/pitakuru_generate_messages_cpp.dir/progress.make' has modification time 1031 s in the future
make[2]: warning:  Clock skew detected.  Your build may be incomplete.
make[2]: warning:  Clock skew detected.  Your build may be incomplete.
make[2]: Warning: File 'CMakeFiles/pitakuru_generate_messages_py.dir/progress.make' has modification time 1031 s in the future
make[2]: warning:  Clock skew detected.  Your build may be incomplete.
make[2]: Warning: File 'CMakeFiles/pitakuru_generate_messages.dir/progress.make' has modification time 1031 s in the future
make[2]: warning:  Clock skew detected.  Your build may be incomplete.
make[2]: Warning: File 'CMakeFiles/pitakuru_generate_messages.dir/progress.make' has modification time 1031 s in the future
make[2]: warning:  Clock skew detected.  Your build may be incomplete.
make[1]: warning:  Clock skew detected.  Your build may be incomplete.
make: warning:  Clock skew detected.  Your build may be incomplete.
