[35m[1mScanning dependencies of target _pitakuru_generate_messages_check_deps_people_box[0m
[  0%] Built target _pitakuru_generate_messages_check_deps_TriggerAction
[  0%] Built target _pitakuru_generate_messages_check_deps_people_box
[  0%] Built target _pitakuru_generate_messages_check_deps_SoundActionResult
[  0%] Built target _pitakuru_generate_messages_check_deps_SoundActionFeedback
[  0%] Built target _pitakuru_generate_messages_check_deps_State
[  0%] Built target _pitakuru_generate_messages_check_deps_SoundGoal
[  0%] Built target _pitakuru_generate_messages_check_deps_States
[  0%] Built target _pitakuru_generate_messages_check_deps_Obstacle
[  0%] Built target _pitakuru_generate_messages_check_deps_SoundResult
[  0%] Built target actionlib_msgs_generate_messages_nodejs
[  0%] Built target _pitakuru_generate_messages_check_deps_SoundActionGoal
[35m[1mScanning dependencies of target _pitakuru_generate_messages_check_deps_peoples[0m
[  0%] Built target geometry_msgs_generate_messages_nodejs
[  0%] Built target _pitakuru_generate_messages_check_deps_peoples
[  0%] Built target std_msgs_generate_messages_nodejs
[  0%] Built target _pitakuru_generate_messages_check_deps_DriveWheel
[  0%] Built target std_msgs_generate_messages_lisp
[  0%] Built target _pitakuru_generate_messages_check_deps_SoundFeedback
[  0%] Built target actionlib_msgs_generate_messages_lisp
[  0%] Built target _pitakuru_generate_messages_check_deps_SoundAction
[  0%] Built target geometry_msgs_generate_messages_lisp
[  0%] Built target geometry_msgs_generate_messages_eus
[  0%] Built target std_msgs_generate_messages_eus
[  0%] Built target actionlib_msgs_generate_messages_eus
[  0%] Built target actionlib_msgs_generate_messages_cpp
[  0%] Built target std_msgs_generate_messages_cpp
[  0%] Built target geometry_msgs_generate_messages_cpp
[  0%] Built target actionlib_msgs_generate_messages_py
[  0%] Built target std_msgs_generate_messages_py
[  0%] Built target geometry_msgs_generate_messages_py
[  1%] [34m[1mGenerating Javascript code from pitakuru/peoples.msg[0m
[  2%] [34m[1mGenerating Javascript code from pitakuru/people_box.msg[0m
[  4%] [34m[1mGenerating Lisp code from pitakuru/peoples.msg[0m
[  5%] [34m[1mGenerating EusLisp code from pitakuru/peoples.msg[0m
[  6%] [34m[1mGenerating C++ code from pitakuru/peoples.msg[0m
[  8%] [34m[1mGenerating Python from MSG pitakuru/peoples[0m
[  9%] [34m[1mGenerating EusLisp code from pitakuru/people_box.msg[0m
[ 26%] Built target pitakuru_generate_messages_nodejs
[ 27%] [34m[1mGenerating Lisp code from pitakuru/people_box.msg[0m
[ 29%] [34m[1mGenerating Python from MSG pitakuru/people_box[0m
[ 30%] [34m[1mGenerating C++ code from pitakuru/people_box.msg[0m
[ 47%] Built target pitakuru_generate_messages_lisp
[ 65%] Built target pitakuru_generate_messages_eus
[ 66%] [34m[1mGenerating Python msg __init__.py for pitakuru[0m
[ 83%] Built target pitakuru_generate_messages_cpp
[100%] Built target pitakuru_generate_messages_py
[100%] Built target pitakuru_generate_messages
