[35m[1mScanning dependencies of target _pitakuru_generate_messages_check_deps_TriggerAction[0m
[  0%] Built target _pitakuru_generate_messages_check_deps_TriggerAction
[35m[1mScanning dependencies of target _pitakuru_generate_messages_check_deps_people_box[0m
[  0%] Built target _pitakuru_generate_messages_check_deps_people_box
[35m[1mScanning dependencies of target _pitakuru_generate_messages_check_deps_SoundActionResult[0m
[  0%] Built target _pitakuru_generate_messages_check_deps_SoundActionResult
[35m[1mScanning dependencies of target _pitakuru_generate_messages_check_deps_SoundActionFeedback[0m
[  0%] Built target _pitakuru_generate_messages_check_deps_SoundActionFeedback
[35m[1mScanning dependencies of target _pitakuru_generate_messages_check_deps_State[0m
[  0%] Built target _pitakuru_generate_messages_check_deps_State
[35m[1mScanning dependencies of target _pitakuru_generate_messages_check_deps_SoundGoal[0m
[  0%] Built target _pitakuru_generate_messages_check_deps_SoundGoal
[35m[1mScanning dependencies of target _pitakuru_generate_messages_check_deps_States[0m
[  0%] Built target _pitakuru_generate_messages_check_deps_States
[35m[1mScanning dependencies of target _pitakuru_generate_messages_check_deps_Obstacle[0m
[  0%] Built target _pitakuru_generate_messages_check_deps_Obstacle
[35m[1mScanning dependencies of target _pitakuru_generate_messages_check_deps_SoundResult[0m
[  0%] Built target _pitakuru_generate_messages_check_deps_SoundResult
[35m[1mScanning dependencies of target _pitakuru_generate_messages_check_deps_SoundActionGoal[0m
[  0%] Built target _pitakuru_generate_messages_check_deps_SoundActionGoal
[35m[1mScanning dependencies of target actionlib_msgs_generate_messages_nodejs[0m
[  0%] Built target actionlib_msgs_generate_messages_nodejs
[35m[1mScanning dependencies of target _pitakuru_generate_messages_check_deps_peoples[0m
[  0%] Built target _pitakuru_generate_messages_check_deps_peoples
[35m[1mScanning dependencies of target geometry_msgs_generate_messages_nodejs[0m
[  0%] Built target geometry_msgs_generate_messages_nodejs
[35m[1mScanning dependencies of target _pitakuru_generate_messages_check_deps_DriveWheel[0m
[  0%] Built target _pitakuru_generate_messages_check_deps_DriveWheel
[35m[1mScanning dependencies of target std_msgs_generate_messages_nodejs[0m
[  0%] Built target std_msgs_generate_messages_nodejs
[35m[1mScanning dependencies of target _pitakuru_generate_messages_check_deps_SoundFeedback[0m
[  0%] Built target _pitakuru_generate_messages_check_deps_SoundFeedback
[35m[1mScanning dependencies of target _pitakuru_generate_messages_check_deps_SoundAction[0m
[  0%] Built target _pitakuru_generate_messages_check_deps_SoundAction
[35m[1mScanning dependencies of target std_msgs_generate_messages_lisp[0m
[  0%] Built target std_msgs_generate_messages_lisp
[35m[1mScanning dependencies of target actionlib_msgs_generate_messages_lisp[0m
[  0%] Built target actionlib_msgs_generate_messages_lisp
[35m[1mScanning dependencies of target geometry_msgs_generate_messages_lisp[0m
[  0%] Built target geometry_msgs_generate_messages_lisp
[35m[1mScanning dependencies of target std_msgs_generate_messages_eus[0m
[  0%] Built target std_msgs_generate_messages_eus
[35m[1mScanning dependencies of target geometry_msgs_generate_messages_eus[0m
[  0%] Built target geometry_msgs_generate_messages_eus
[35m[1mScanning dependencies of target actionlib_msgs_generate_messages_eus[0m
[  0%] Built target actionlib_msgs_generate_messages_eus
[35m[1mScanning dependencies of target actionlib_msgs_generate_messages_cpp[0m
[  0%] Built target actionlib_msgs_generate_messages_cpp
[35m[1mScanning dependencies of target std_msgs_generate_messages_cpp[0m
[  0%] Built target std_msgs_generate_messages_cpp
[35m[1mScanning dependencies of target geometry_msgs_generate_messages_cpp[0m
[  0%] Built target geometry_msgs_generate_messages_cpp
[35m[1mScanning dependencies of target std_msgs_generate_messages_py[0m
[  0%] Built target std_msgs_generate_messages_py
[35m[1mScanning dependencies of target actionlib_msgs_generate_messages_py[0m
[  0%] Built target actionlib_msgs_generate_messages_py
[35m[1mScanning dependencies of target geometry_msgs_generate_messages_py[0m
[  0%] Built target geometry_msgs_generate_messages_py
[35m[1mScanning dependencies of target pitakuru_generate_messages_nodejs[0m
[  1%] [34m[1mGenerating Javascript code from pitakuru/SoundActionFeedback.msg[0m
[  2%] [34m[1mGenerating Javascript code from pitakuru/TriggerAction.msg[0m
[  4%] [34m[1mGenerating Javascript code from pitakuru/SoundResult.msg[0m
[  5%] [34m[1mGenerating Javascript code from pitakuru/DriveWheel.msg[0m
[  6%] [34m[1mGenerating Javascript code from pitakuru/States.msg[0m
[  8%] [34m[1mGenerating Javascript code from pitakuru/SoundGoal.msg[0m
[  9%] [34m[1mGenerating Javascript code from pitakuru/State.msg[0m
[ 11%] [34m[1mGenerating Javascript code from pitakuru/SoundAction.msg[0m
[ 12%] [34m[1mGenerating Javascript code from pitakuru/SoundActionGoal.msg[0m
[ 13%] [34m[1mGenerating Javascript code from pitakuru/SoundActionResult.msg[0m
[ 15%] [34m[1mGenerating Javascript code from pitakuru/SoundFeedback.msg[0m
[ 16%] [34m[1mGenerating Javascript code from pitakuru/peoples.msg[0m
[ 18%] [34m[1mGenerating Javascript code from pitakuru/people_box.msg[0m
[ 19%] [34m[1mGenerating Javascript code from pitakuru/Obstacle.msg[0m
[ 19%] Built target pitakuru_generate_messages_nodejs
[35m[1mScanning dependencies of target pitakuru_generate_messages_lisp[0m
[ 20%] [34m[1mGenerating Lisp code from pitakuru/SoundActionFeedback.msg[0m
[35m[1mScanning dependencies of target pitakuru_generate_messages_eus[0m
[ 22%] [34m[1mGenerating Lisp code from pitakuru/TriggerAction.msg[0m
[ 23%] [34m[1mGenerating EusLisp code from pitakuru/SoundActionFeedback.msg[0m
[ 25%] [34m[1mGenerating Lisp code from pitakuru/SoundResult.msg[0m
[ 26%] [34m[1mGenerating EusLisp code from pitakuru/TriggerAction.msg[0m
[ 27%] [34m[1mGenerating Lisp code from pitakuru/DriveWheel.msg[0m
[ 29%] [34m[1mGenerating Lisp code from pitakuru/States.msg[0m
[ 30%] [34m[1mGenerating EusLisp code from pitakuru/SoundResult.msg[0m
[ 31%] [34m[1mGenerating Lisp code from pitakuru/SoundGoal.msg[0m
[ 33%] [34m[1mGenerating Lisp code from pitakuru/State.msg[0m
[ 34%] [34m[1mGenerating EusLisp code from pitakuru/DriveWheel.msg[0m
[ 36%] [34m[1mGenerating Lisp code from pitakuru/SoundAction.msg[0m
[ 37%] [34m[1mGenerating Lisp code from pitakuru/SoundActionGoal.msg[0m
[ 38%] [34m[1mGenerating EusLisp code from pitakuru/States.msg[0m
[ 40%] [34m[1mGenerating EusLisp code from pitakuru/SoundGoal.msg[0m
[ 41%] [34m[1mGenerating Lisp code from pitakuru/SoundActionResult.msg[0m
[35m[1mScanning dependencies of target pitakuru_generate_messages_cpp[0m
[ 43%] [34m[1mGenerating Lisp code from pitakuru/SoundFeedback.msg[0m
[ 44%] [34m[1mGenerating C++ code from pitakuru/SoundActionFeedback.msg[0m
[ 45%] [34m[1mGenerating EusLisp code from pitakuru/State.msg[0m
[ 47%] [34m[1mGenerating Lisp code from pitakuru/peoples.msg[0m
[ 48%] [34m[1mGenerating EusLisp code from pitakuru/SoundAction.msg[0m
[ 50%] [34m[1mGenerating Lisp code from pitakuru/people_box.msg[0m
[ 51%] [34m[1mGenerating C++ code from pitakuru/TriggerAction.msg[0m
[ 52%] [34m[1mGenerating Lisp code from pitakuru/Obstacle.msg[0m
[ 54%] [34m[1mGenerating EusLisp code from pitakuru/SoundActionGoal.msg[0m
[ 54%] Built target pitakuru_generate_messages_lisp
[ 55%] [34m[1mGenerating EusLisp code from pitakuru/SoundActionResult.msg[0m
[ 56%] [34m[1mGenerating EusLisp code from pitakuru/SoundFeedback.msg[0m
[ 58%] [34m[1mGenerating C++ code from pitakuru/SoundResult.msg[0m
[35m[1mScanning dependencies of target pitakuru_generate_messages_py[0m
[ 59%] [34m[1mGenerating EusLisp code from pitakuru/peoples.msg[0m
[ 61%] [34m[1mGenerating Python from MSG pitakuru/SoundActionFeedback[0m
[ 62%] [34m[1mGenerating EusLisp code from pitakuru/people_box.msg[0m
[ 63%] [34m[1mGenerating C++ code from pitakuru/DriveWheel.msg[0m
[ 65%] [34m[1mGenerating Python from MSG pitakuru/TriggerAction[0m
[ 66%] [34m[1mGenerating EusLisp code from pitakuru/Obstacle.msg[0m
[ 68%] [34m[1mGenerating Python from MSG pitakuru/SoundResult[0m
[ 69%] [34m[1mGenerating EusLisp manifest code for pitakuru[0m
[ 70%] [34m[1mGenerating C++ code from pitakuru/States.msg[0m
[ 72%] [34m[1mGenerating Python from MSG pitakuru/DriveWheel[0m
WARNING: Package name "lidarPeople" does not follow the naming conventions. It should start with a lower case letter and only contain lower case letters, digits, underscores, and dashes.
[ 73%] [34m[1mGenerating Python from MSG pitakuru/States[0m
[ 75%] [34m[1mGenerating C++ code from pitakuru/SoundGoal.msg[0m
[ 76%] [34m[1mGenerating C++ code from pitakuru/State.msg[0m
[ 77%] [34m[1mGenerating Python from MSG pitakuru/SoundGoal[0m
[ 79%] [34m[1mGenerating Python from MSG pitakuru/State[0m
[ 80%] [34m[1mGenerating C++ code from pitakuru/SoundAction.msg[0m
[ 81%] [34m[1mGenerating Python from MSG pitakuru/SoundAction[0m
WARNING: Package name "lidarPeople" does not follow the naming conventions. It should start with a lower case letter and only contain lower case letters, digits, underscores, and dashes.
[ 83%] [34m[1mGenerating C++ code from pitakuru/SoundActionGoal.msg[0m
[ 84%] [34m[1mGenerating Python from MSG pitakuru/SoundActionGoal[0m
[ 86%] [34m[1mGenerating Python from MSG pitakuru/SoundActionResult[0m
[ 87%] [34m[1mGenerating C++ code from pitakuru/SoundActionResult.msg[0m
[ 88%] [34m[1mGenerating Python from MSG pitakuru/SoundFeedback[0m
[ 88%] Built target pitakuru_generate_messages_eus
[ 90%] [34m[1mGenerating C++ code from pitakuru/SoundFeedback.msg[0m
[ 91%] [34m[1mGenerating C++ code from pitakuru/peoples.msg[0m
[ 93%] [34m[1mGenerating Python from MSG pitakuru/peoples[0m
[ 94%] [34m[1mGenerating C++ code from pitakuru/people_box.msg[0m
[ 95%] [34m[1mGenerating Python from MSG pitakuru/people_box[0m
[ 97%] [34m[1mGenerating C++ code from pitakuru/Obstacle.msg[0m
[ 98%] [34m[1mGenerating Python from MSG pitakuru/Obstacle[0m
[100%] [34m[1mGenerating Python msg __init__.py for pitakuru[0m
[100%] Built target pitakuru_generate_messages_cpp
[100%] Built target pitakuru_generate_messages_py
[35m[1mScanning dependencies of target pitakuru_generate_messages[0m
[100%] Built target pitakuru_generate_messages
