[  0%] Built target _pitakuru_generate_messages_check_deps_Obstacle
[  0%] Built target _pitakuru_generate_messages_check_deps_SoundActionGoal
[  0%] Built target actionlib_msgs_generate_messages_nodejs
[  0%] Built target _pitakuru_generate_messages_check_deps_DriveWheel
[  0%] Built target std_msgs_generate_messages_nodejs
[  0%] Built target _pitakuru_generate_messages_check_deps_SoundFeedback
[  0%] Built target _pitakuru_generate_messages_check_deps_TriggerAction
[  0%] Built target _pitakuru_generate_messages_check_deps_SoundAction
[  0%] Built target _pitakuru_generate_messages_check_deps_State
[  0%] Built target _pitakuru_generate_messages_check_deps_SoundGoal
[  0%] Built target _pitakuru_generate_messages_check_deps_SoundActionFeedback
[  0%] Built target _pitakuru_generate_messages_check_deps_SoundActionResult
[  0%] Built target _pitakuru_generate_messages_check_deps_SoundResult
[  0%] Built target std_msgs_generate_messages_lisp
[  0%] Built target actionlib_msgs_generate_messages_lisp
[  0%] Built target std_msgs_generate_messages_eus
[  0%] Built target actionlib_msgs_generate_messages_eus
[  0%] Built target actionlib_msgs_generate_messages_cpp
[  0%] Built target std_msgs_generate_messages_cpp
[  0%] Built target std_msgs_generate_messages_py
[  0%] Built target actionlib_msgs_generate_messages_py
[  1%] [34m[1mGenerating Javascript code from pitakuru/SoundActionFeedback.msg[0m
[  3%] [34m[1mGenerating Javascript code from pitakuru/SoundAction.msg[0m
[  5%] [34m[1mGenerating Javascript code from pitakuru/SoundActionGoal.msg[0m
[  7%] [34m[1mGenerating Javascript code from pitakuru/SoundActionResult.msg[0m
[ 19%] Built target pitakuru_generate_messages_nodejs
[ 21%] [34m[1mGenerating Lisp code from pitakuru/SoundActionFeedback.msg[0m
[ 22%] [34m[1mGenerating Lisp code from pitakuru/SoundAction.msg[0m
[ 24%] [34m[1mGenerating Lisp code from pitakuru/SoundActionGoal.msg[0m
[ 26%] [34m[1mGenerating Lisp code from pitakuru/SoundActionResult.msg[0m
[ 38%] Built target pitakuru_generate_messages_lisp
[ 40%] [34m[1mGenerating EusLisp code from pitakuru/SoundActionFeedback.msg[0m
[ 42%] [34m[1mGenerating EusLisp code from pitakuru/SoundAction.msg[0m
[ 43%] [34m[1mGenerating EusLisp code from pitakuru/SoundActionGoal.msg[0m
[ 45%] [34m[1mGenerating EusLisp code from pitakuru/SoundActionResult.msg[0m
[ 59%] Built target pitakuru_generate_messages_eus
[ 61%] [34m[1mGenerating C++ code from pitakuru/SoundActionFeedback.msg[0m
[ 63%] [34m[1mGenerating C++ code from pitakuru/SoundAction.msg[0m
[ 64%] [34m[1mGenerating Python from MSG pitakuru/SoundActionFeedback[0m
[ 66%] [34m[1mGenerating C++ code from pitakuru/SoundActionGoal.msg[0m
[ 68%] [34m[1mGenerating Python from MSG pitakuru/SoundAction[0m
[ 70%] [34m[1mGenerating C++ code from pitakuru/SoundActionResult.msg[0m
[ 71%] [34m[1mGenerating Python from MSG pitakuru/SoundActionGoal[0m
[ 84%] Built target pitakuru_generate_messages_cpp
[ 85%] [34m[1mGenerating Python from MSG pitakuru/SoundActionResult[0m
[ 87%] [34m[1mGenerating Python msg __init__.py for pitakuru[0m
[100%] Built target pitakuru_generate_messages_py
[100%] Built target pitakuru_generate_messages
