Symlinking /home/xavier/catkin_ws/devel/include/pitakuru/State.h
Symlinking /home/xavier/catkin_ws/devel/include/pitakuru/SoundFeedback.h
Symlinking /home/xavier/catkin_ws/devel/include/pitakuru/DriveWheel.h
Symlinking /home/xavier/catkin_ws/devel/include/pitakuru/SoundActionFeedback.h
Symlinking /home/xavier/catkin_ws/devel/include/pitakuru/SoundActionResult.h
Symlinking /home/xavier/catkin_ws/devel/include/pitakuru/Obstacle.h
Symlinking /home/xavier/catkin_ws/devel/include/pitakuru/TriggerAction.h
Symlinking /home/xavier/catkin_ws/devel/include/pitakuru/SoundAction.h
Symlinking /home/xavier/catkin_ws/devel/include/pitakuru/SoundActionGoal.h
Symlinking /home/xavier/catkin_ws/devel/include/pitakuru/SoundResult.h
Symlinking /home/xavier/catkin_ws/devel/include/pitakuru/SoundGoal.h
Symlinking /home/xavier/catkin_ws/devel/share/pitakuru/msg/SoundGoal.msg
Symlinking /home/xavier/catkin_ws/devel/share/pitakuru/msg/SoundResult.msg
Symlinking /home/xavier/catkin_ws/devel/share/pitakuru/msg/SoundActionResult.msg
Symlinking /home/xavier/catkin_ws/devel/share/pitakuru/msg/SoundAction.msg
Symlinking /home/xavier/catkin_ws/devel/share/pitakuru/msg/SoundFeedback.msg
Symlinking /home/xavier/catkin_ws/devel/share/pitakuru/msg/SoundActionFeedback.msg
Symlinking /home/xavier/catkin_ws/devel/share/pitakuru/msg/SoundActionGoal.msg
Symlinking /home/xavier/catkin_ws/devel/share/pitakuru/cmake/pitakuru-msg-extras.cmake
Symlinking /home/xavier/catkin_ws/devel/share/pitakuru/cmake/pitakuru-msg-paths.cmake
Symlinking /home/xavier/catkin_ws/devel/share/pitakuru/cmake/pitakuruConfig.cmake
Symlinking /home/xavier/catkin_ws/devel/share/pitakuru/cmake/pitakuruConfig-version.cmake
Symlinking /home/xavier/catkin_ws/devel/share/roseus/ros/pitakuru/manifest.l
Symlinking /home/xavier/catkin_ws/devel/share/roseus/ros/pitakuru/msg/SoundActionGoal.l
Symlinking /home/xavier/catkin_ws/devel/share/roseus/ros/pitakuru/msg/SoundActionFeedback.l
Symlinking /home/xavier/catkin_ws/devel/share/roseus/ros/pitakuru/msg/SoundAction.l
Symlinking /home/xavier/catkin_ws/devel/share/roseus/ros/pitakuru/msg/TriggerAction.l
Symlinking /home/xavier/catkin_ws/devel/share/roseus/ros/pitakuru/msg/DriveWheel.l
Symlinking /home/xavier/catkin_ws/devel/share/roseus/ros/pitakuru/msg/State.l
Symlinking /home/xavier/catkin_ws/devel/share/roseus/ros/pitakuru/msg/SoundFeedback.l
Symlinking /home/xavier/catkin_ws/devel/share/roseus/ros/pitakuru/msg/SoundGoal.l
Symlinking /home/xavier/catkin_ws/devel/share/roseus/ros/pitakuru/msg/SoundResult.l
Symlinking /home/xavier/catkin_ws/devel/share/roseus/ros/pitakuru/msg/SoundActionResult.l
Symlinking /home/xavier/catkin_ws/devel/share/roseus/ros/pitakuru/msg/Obstacle.l
Symlinking /home/xavier/catkin_ws/devel/share/gennodejs/ros/pitakuru/_index.js
Symlinking /home/xavier/catkin_ws/devel/share/gennodejs/ros/pitakuru/msg/Obstacle.js
Symlinking /home/xavier/catkin_ws/devel/share/gennodejs/ros/pitakuru/msg/TriggerAction.js
Symlinking /home/xavier/catkin_ws/devel/share/gennodejs/ros/pitakuru/msg/_index.js
Symlinking /home/xavier/catkin_ws/devel/share/gennodejs/ros/pitakuru/msg/SoundFeedback.js
Symlinking /home/xavier/catkin_ws/devel/share/gennodejs/ros/pitakuru/msg/SoundAction.js
Symlinking /home/xavier/catkin_ws/devel/share/gennodejs/ros/pitakuru/msg/SoundActionGoal.js
Symlinking /home/xavier/catkin_ws/devel/share/gennodejs/ros/pitakuru/msg/SoundResult.js
Symlinking /home/xavier/catkin_ws/devel/share/gennodejs/ros/pitakuru/msg/SoundActionFeedback.js
Symlinking /home/xavier/catkin_ws/devel/share/gennodejs/ros/pitakuru/msg/SoundGoal.js
Symlinking /home/xavier/catkin_ws/devel/share/gennodejs/ros/pitakuru/msg/DriveWheel.js
Symlinking /home/xavier/catkin_ws/devel/share/gennodejs/ros/pitakuru/msg/SoundActionResult.js
Symlinking /home/xavier/catkin_ws/devel/share/gennodejs/ros/pitakuru/msg/State.js
Symlinking /home/xavier/catkin_ws/devel/share/common-lisp/ros/pitakuru/msg/SoundActionGoal.lisp
Symlinking /home/xavier/catkin_ws/devel/share/common-lisp/ros/pitakuru/msg/_package_SoundActionGoal.lisp
Symlinking /home/xavier/catkin_ws/devel/share/common-lisp/ros/pitakuru/msg/_package_SoundResult.lisp
Symlinking /home/xavier/catkin_ws/devel/share/common-lisp/ros/pitakuru/msg/_package.lisp
Symlinking /home/xavier/catkin_ws/devel/share/common-lisp/ros/pitakuru/msg/_package_SoundAction.lisp
Symlinking /home/xavier/catkin_ws/devel/share/common-lisp/ros/pitakuru/msg/SoundAction.lisp
Symlinking /home/xavier/catkin_ws/devel/share/common-lisp/ros/pitakuru/msg/Obstacle.lisp
Symlinking /home/xavier/catkin_ws/devel/share/common-lisp/ros/pitakuru/msg/_package_Obstacle.lisp
Symlinking /home/xavier/catkin_ws/devel/share/common-lisp/ros/pitakuru/msg/pitakuru-msg.asd
Symlinking /home/xavier/catkin_ws/devel/share/common-lisp/ros/pitakuru/msg/SoundActionFeedback.lisp
Symlinking /home/xavier/catkin_ws/devel/share/common-lisp/ros/pitakuru/msg/_package_SoundActionResult.lisp
Symlinking /home/xavier/catkin_ws/devel/share/common-lisp/ros/pitakuru/msg/SoundActionResult.lisp
Symlinking /home/xavier/catkin_ws/devel/share/common-lisp/ros/pitakuru/msg/SoundGoal.lisp
Symlinking /home/xavier/catkin_ws/devel/share/common-lisp/ros/pitakuru/msg/TriggerAction.lisp
Symlinking /home/xavier/catkin_ws/devel/share/common-lisp/ros/pitakuru/msg/SoundFeedback.lisp
Symlinking /home/xavier/catkin_ws/devel/share/common-lisp/ros/pitakuru/msg/_package_TriggerAction.lisp
Symlinking /home/xavier/catkin_ws/devel/share/common-lisp/ros/pitakuru/msg/_package_DriveWheel.lisp
Symlinking /home/xavier/catkin_ws/devel/share/common-lisp/ros/pitakuru/msg/_package_State.lisp
Symlinking /home/xavier/catkin_ws/devel/share/common-lisp/ros/pitakuru/msg/SoundResult.lisp
Symlinking /home/xavier/catkin_ws/devel/share/common-lisp/ros/pitakuru/msg/_package_SoundFeedback.lisp
Symlinking /home/xavier/catkin_ws/devel/share/common-lisp/ros/pitakuru/msg/_package_SoundGoal.lisp
Symlinking /home/xavier/catkin_ws/devel/share/common-lisp/ros/pitakuru/msg/State.lisp
Symlinking /home/xavier/catkin_ws/devel/share/common-lisp/ros/pitakuru/msg/DriveWheel.lisp
Symlinking /home/xavier/catkin_ws/devel/share/common-lisp/ros/pitakuru/msg/_package_SoundActionFeedback.lisp
Symlinking /home/xavier/catkin_ws/devel/lib/python2.7/dist-packages/pitakuru/__init__.py
Symlinking /home/xavier/catkin_ws/devel/lib/python2.7/dist-packages/pitakuru/msg/_SoundFeedback.py
Symlinking /home/xavier/catkin_ws/devel/lib/python2.7/dist-packages/pitakuru/msg/_DriveWheel.py
Symlinking /home/xavier/catkin_ws/devel/lib/python2.7/dist-packages/pitakuru/msg/_State.py
Symlinking /home/xavier/catkin_ws/devel/lib/python2.7/dist-packages/pitakuru/msg/_Obstacle.py
Symlinking /home/xavier/catkin_ws/devel/lib/python2.7/dist-packages/pitakuru/msg/_SoundActionResult.py
Symlinking /home/xavier/catkin_ws/devel/lib/python2.7/dist-packages/pitakuru/msg/_SoundResult.py
Symlinking /home/xavier/catkin_ws/devel/lib/python2.7/dist-packages/pitakuru/msg/_SoundActionGoal.py
Symlinking /home/xavier/catkin_ws/devel/lib/python2.7/dist-packages/pitakuru/msg/_SoundGoal.py
Symlinking /home/xavier/catkin_ws/devel/lib/python2.7/dist-packages/pitakuru/msg/_SoundAction.py
Symlinking /home/xavier/catkin_ws/devel/lib/python2.7/dist-packages/pitakuru/msg/__init__.py
Symlinking /home/xavier/catkin_ws/devel/lib/python2.7/dist-packages/pitakuru/msg/_TriggerAction.py
Symlinking /home/xavier/catkin_ws/devel/lib/python2.7/dist-packages/pitakuru/msg/_SoundActionFeedback.py
Symlinking /home/xavier/catkin_ws/devel/lib/pkgconfig/pitakuru.pc
