[36m--[0m Using CATKIN_DEVEL_PREFIX: /home/xavier/catkin_ws/devel/.private/mbf_costmap_core
[36m--[0m Using CMAKE_PREFIX_PATH: /home/xavier/catkin_ws/devel;/opt/ros/melodic
[36m--[0m This workspace overlays: /home/xavier/catkin_ws/devel;/opt/ros/melodic
[36m--[0m Found PythonInterp: /usr/bin/python2 (found suitable version "2.7.17", minimum required is "2")
[36m--[0m Using PYTHON_EXECUTABLE: /usr/bin/python2
[36m--[0m Using Debian Python package layout
[36m--[0m Using empy: /usr/bin/empy
[36m--[0m Using CATKIN_ENABLE_TESTING: ON
[36m--[0m Call enable_testing()
[36m--[0m Using CATKIN_TEST_RESULTS_DIR: /home/xavier/catkin_ws/build/mbf_costmap_core/test_results
[36m--[0m Found gtest sources under '/usr/src/googletest': gtests will be built
[36m--[0m Found gmock sources under '/usr/src/googletest': gmock will be built
[36m--[0m Found PythonInterp: /usr/bin/python2 (found version "2.7.17")
[36m--[0m Using Python nosetests: /usr/bin/nosetests-2.7
[36m--[0m catkin 0.7.29
[36m--[0m BUILD_SHARED_LIBS is on
[36m--[0m Using these message generators: gencpp;geneus;genlisp;gennodejs;genpy
[36m--[0m Could NOT find costmap_2d (missing: costmap_2d_DIR)
[36m--[0m Could not find the required component 'costmap_2d'. The following CMake error indicates that you either need to install the package with the same name or change your environment so that it can be found.
[31m[1mCMake Error[0m at /opt/ros/melodic/share/catkin/cmake/catkinConfig.cmake:83 (find_package):
  Could not find a package configuration file provided by "costmap_2d" with
  any of the following names:

    costmap_2dConfig.cmake
    costmap_2d-config.cmake

  Add the installation prefix of "costmap_2d" to CMAKE_PREFIX_PATH or set
  "costmap_2d_DIR" to a directory containing one of the above files.  If
  "costmap_2d" provides a separate development package or SDK, be sure it has
  been installed.
[36mCall Stack (most recent call first):[0m
  CMakeLists.txt:4 (find_package)


[36m--[0m Configuring incomplete, errors occurred!
See also "/home/xavier/catkin_ws/build/mbf_costmap_core/CMakeFiles/CMakeOutput.log".
See also "/home/xavier/catkin_ws/build/mbf_costmap_core/CMakeFiles/CMakeError.log".
Makefile:1328: recipe for target 'cmake_check_build_system' failed
make: *** [cmake_check_build_system] Error 1
