Determining if the pthread_create exist failed with the following output:
Change Dir: /home/xavier/catkin_ws/build/catkin_tools_prebuild/CMakeFiles/CMakeTmp

Run Build Command:"/usr/bin/make" "cmTC_a343c/fast"
/usr/bin/make -f CMakeFiles/cmTC_a343c.dir/build.make CMakeFiles/cmTC_a343c.dir/build
make[1]: Entering directory '/home/xavier/catkin_ws/build/catkin_tools_prebuild/CMakeFiles/CMakeTmp'
Building C object CMakeFiles/cmTC_a343c.dir/CheckSymbolExists.c.o
/usr/bin/cc    -o CMakeFiles/cmTC_a343c.dir/CheckSymbolExists.c.o   -c /home/xavier/catkin_ws/build/catkin_tools_prebuild/CMakeFiles/CMakeTmp/CheckSymbolExists.c
Linking C executable cmTC_a343c
/usr/bin/cmake -E cmake_link_script CMakeFiles/cmTC_a343c.dir/link.txt --verbose=1
/usr/bin/cc      -rdynamic CMakeFiles/cmTC_a343c.dir/CheckSymbolExists.c.o  -o cmTC_a343c 
CMakeFiles/cmTC_a343c.dir/CheckSymbolExists.c.o: In function `main':
CheckSymbolExists.c:(.text+0x14): undefined reference to `pthread_create'
CheckSymbolExists.c:(.text+0x18): undefined reference to `pthread_create'
collect2: error: ld returned 1 exit status
CMakeFiles/cmTC_a343c.dir/build.make:97: recipe for target 'cmTC_a343c' failed
make[1]: *** [cmTC_a343c] Error 1
make[1]: Leaving directory '/home/xavier/catkin_ws/build/catkin_tools_prebuild/CMakeFiles/CMakeTmp'
Makefile:126: recipe for target 'cmTC_a343c/fast' failed
make: *** [cmTC_a343c/fast] Error 2

File /home/xavier/catkin_ws/build/catkin_tools_prebuild/CMakeFiles/CMakeTmp/CheckSymbolExists.c:
/* */
#include <pthread.h>

int main(int argc, char** argv)
{
  (void)argv;
#ifndef pthread_create
  return ((int*)(&pthread_create))[argc];
#else
  (void)argc;
  return 0;
#endif
}

Determining if the function pthread_create exists in the pthreads failed with the following output:
Change Dir: /home/xavier/catkin_ws/build/catkin_tools_prebuild/CMakeFiles/CMakeTmp

Run Build Command:"/usr/bin/make" "cmTC_82c3b/fast"
/usr/bin/make -f CMakeFiles/cmTC_82c3b.dir/build.make CMakeFiles/cmTC_82c3b.dir/build
make[1]: Entering directory '/home/xavier/catkin_ws/build/catkin_tools_prebuild/CMakeFiles/CMakeTmp'
Building C object CMakeFiles/cmTC_82c3b.dir/CheckFunctionExists.c.o
/usr/bin/cc   -DCHECK_FUNCTION_EXISTS=pthread_create   -o CMakeFiles/cmTC_82c3b.dir/CheckFunctionExists.c.o   -c /usr/share/cmake-3.10/Modules/CheckFunctionExists.c
Linking C executable cmTC_82c3b
/usr/bin/cmake -E cmake_link_script CMakeFiles/cmTC_82c3b.dir/link.txt --verbose=1
/usr/bin/cc  -DCHECK_FUNCTION_EXISTS=pthread_create    -rdynamic CMakeFiles/cmTC_82c3b.dir/CheckFunctionExists.c.o  -o cmTC_82c3b -lpthreads 
/usr/bin/ld: cannot find -lpthreads
collect2: error: ld returned 1 exit status
CMakeFiles/cmTC_82c3b.dir/build.make:97: recipe for target 'cmTC_82c3b' failed
make[1]: *** [cmTC_82c3b] Error 1
make[1]: Leaving directory '/home/xavier/catkin_ws/build/catkin_tools_prebuild/CMakeFiles/CMakeTmp'
Makefile:126: recipe for target 'cmTC_82c3b/fast' failed
make: *** [cmTC_82c3b/fast] Error 2


