Determining if the pthread_create exist failed with the following output:
Change Dir: /home/xavier/catkin_ws/build/mbf_abstract_nav/CMakeFiles/CMakeTmp

Run Build Command:"/usr/bin/make" "cmTC_92a54/fast"
/usr/bin/make -f CMakeFiles/cmTC_92a54.dir/build.make CMakeFiles/cmTC_92a54.dir/build
make[1]: Entering directory '/home/xavier/catkin_ws/build/mbf_abstract_nav/CMakeFiles/CMakeTmp'
Building C object CMakeFiles/cmTC_92a54.dir/CheckSymbolExists.c.o
/usr/bin/cc    -o CMakeFiles/cmTC_92a54.dir/CheckSymbolExists.c.o   -c /home/xavier/catkin_ws/build/mbf_abstract_nav/CMakeFiles/CMakeTmp/CheckSymbolExists.c
Linking C executable cmTC_92a54
/usr/bin/cmake -E cmake_link_script CMakeFiles/cmTC_92a54.dir/link.txt --verbose=1
/usr/bin/cc      -rdynamic CMakeFiles/cmTC_92a54.dir/CheckSymbolExists.c.o  -o cmTC_92a54 
CMakeFiles/cmTC_92a54.dir/CheckSymbolExists.c.o: In function `main':
CheckSymbolExists.c:(.text+0x14): undefined reference to `pthread_create'
CheckSymbolExists.c:(.text+0x18): undefined reference to `pthread_create'
collect2: error: ld returned 1 exit status
CMakeFiles/cmTC_92a54.dir/build.make:97: recipe for target 'cmTC_92a54' failed
make[1]: *** [cmTC_92a54] Error 1
make[1]: Leaving directory '/home/xavier/catkin_ws/build/mbf_abstract_nav/CMakeFiles/CMakeTmp'
Makefile:126: recipe for target 'cmTC_92a54/fast' failed
make: *** [cmTC_92a54/fast] Error 2

File /home/xavier/catkin_ws/build/mbf_abstract_nav/CMakeFiles/CMakeTmp/CheckSymbolExists.c:
/* */
#include <pthread.h>

int main(int argc, char** argv)
{
  (void)argv;
#ifndef pthread_create
  return ((int*)(&pthread_create))[argc];
#else
  (void)argc;
  return 0;
#endif
}

Determining if the function pthread_create exists in the pthreads failed with the following output:
Change Dir: /home/xavier/catkin_ws/build/mbf_abstract_nav/CMakeFiles/CMakeTmp

Run Build Command:"/usr/bin/make" "cmTC_ba8f4/fast"
/usr/bin/make -f CMakeFiles/cmTC_ba8f4.dir/build.make CMakeFiles/cmTC_ba8f4.dir/build
make[1]: Entering directory '/home/xavier/catkin_ws/build/mbf_abstract_nav/CMakeFiles/CMakeTmp'
Building C object CMakeFiles/cmTC_ba8f4.dir/CheckFunctionExists.c.o
/usr/bin/cc   -DCHECK_FUNCTION_EXISTS=pthread_create   -o CMakeFiles/cmTC_ba8f4.dir/CheckFunctionExists.c.o   -c /usr/share/cmake-3.10/Modules/CheckFunctionExists.c
Linking C executable cmTC_ba8f4
/usr/bin/cmake -E cmake_link_script CMakeFiles/cmTC_ba8f4.dir/link.txt --verbose=1
/usr/bin/cc  -DCHECK_FUNCTION_EXISTS=pthread_create    -rdynamic CMakeFiles/cmTC_ba8f4.dir/CheckFunctionExists.c.o  -o cmTC_ba8f4 -lpthreads 
/usr/bin/ld: cannot find -lpthreads
collect2: error: ld returned 1 exit status
CMakeFiles/cmTC_ba8f4.dir/build.make:97: recipe for target 'cmTC_ba8f4' failed
make[1]: *** [cmTC_ba8f4] Error 1
make[1]: Leaving directory '/home/xavier/catkin_ws/build/mbf_abstract_nav/CMakeFiles/CMakeTmp'
Makefile:126: recipe for target 'cmTC_ba8f4/fast' failed
make: *** [cmTC_ba8f4/fast] Error 2


