Determining if the pthread_create exist failed with the following output:
Change Dir: /home/xavier/catkin_ws/build/turtlebot3_example/CMakeFiles/CMakeTmp

Run Build Command:"/usr/bin/make" "cmTC_c5b40/fast"
/usr/bin/make -f CMakeFiles/cmTC_c5b40.dir/build.make CMakeFiles/cmTC_c5b40.dir/build
make[1]: Entering directory '/home/xavier/catkin_ws/build/turtlebot3_example/CMakeFiles/CMakeTmp'
Building C object CMakeFiles/cmTC_c5b40.dir/CheckSymbolExists.c.o
/usr/bin/cc    -o CMakeFiles/cmTC_c5b40.dir/CheckSymbolExists.c.o   -c /home/xavier/catkin_ws/build/turtlebot3_example/CMakeFiles/CMakeTmp/CheckSymbolExists.c
Linking C executable cmTC_c5b40
/usr/bin/cmake -E cmake_link_script CMakeFiles/cmTC_c5b40.dir/link.txt --verbose=1
/usr/bin/cc      -rdynamic CMakeFiles/cmTC_c5b40.dir/CheckSymbolExists.c.o  -o cmTC_c5b40 
CMakeFiles/cmTC_c5b40.dir/CheckSymbolExists.c.o: In function `main':
CheckSymbolExists.c:(.text+0x14): undefined reference to `pthread_create'
CheckSymbolExists.c:(.text+0x18): undefined reference to `pthread_create'
collect2: error: ld returned 1 exit status
CMakeFiles/cmTC_c5b40.dir/build.make:97: recipe for target 'cmTC_c5b40' failed
make[1]: *** [cmTC_c5b40] Error 1
make[1]: Leaving directory '/home/xavier/catkin_ws/build/turtlebot3_example/CMakeFiles/CMakeTmp'
Makefile:126: recipe for target 'cmTC_c5b40/fast' failed
make: *** [cmTC_c5b40/fast] Error 2

File /home/xavier/catkin_ws/build/turtlebot3_example/CMakeFiles/CMakeTmp/CheckSymbolExists.c:
/* */
#include <pthread.h>

int main(int argc, char** argv)
{
  (void)argv;
#ifndef pthread_create
  return ((int*)(&pthread_create))[argc];
#else
  (void)argc;
  return 0;
#endif
}

Determining if the function pthread_create exists in the pthreads failed with the following output:
Change Dir: /home/xavier/catkin_ws/build/turtlebot3_example/CMakeFiles/CMakeTmp

Run Build Command:"/usr/bin/make" "cmTC_afb16/fast"
/usr/bin/make -f CMakeFiles/cmTC_afb16.dir/build.make CMakeFiles/cmTC_afb16.dir/build
make[1]: Entering directory '/home/xavier/catkin_ws/build/turtlebot3_example/CMakeFiles/CMakeTmp'
Building C object CMakeFiles/cmTC_afb16.dir/CheckFunctionExists.c.o
/usr/bin/cc   -DCHECK_FUNCTION_EXISTS=pthread_create   -o CMakeFiles/cmTC_afb16.dir/CheckFunctionExists.c.o   -c /usr/share/cmake-3.10/Modules/CheckFunctionExists.c
Linking C executable cmTC_afb16
/usr/bin/cmake -E cmake_link_script CMakeFiles/cmTC_afb16.dir/link.txt --verbose=1
/usr/bin/cc  -DCHECK_FUNCTION_EXISTS=pthread_create    -rdynamic CMakeFiles/cmTC_afb16.dir/CheckFunctionExists.c.o  -o cmTC_afb16 -lpthreads 
/usr/bin/ld: cannot find -lpthreads
collect2: error: ld returned 1 exit status
CMakeFiles/cmTC_afb16.dir/build.make:97: recipe for target 'cmTC_afb16' failed
make[1]: *** [cmTC_afb16] Error 1
make[1]: Leaving directory '/home/xavier/catkin_ws/build/turtlebot3_example/CMakeFiles/CMakeTmp'
Makefile:126: recipe for target 'cmTC_afb16/fast' failed
make: *** [cmTC_afb16/fast] Error 2


