Determining if the pthread_create exist failed with the following output:
Change Dir: /home/xavier/catkin_ws/build/hector_map_server/CMakeFiles/CMakeTmp

Run Build Command:"/usr/bin/make" "cmTC_a190d/fast"
/usr/bin/make -f CMakeFiles/cmTC_a190d.dir/build.make CMakeFiles/cmTC_a190d.dir/build
make[1]: Entering directory '/home/xavier/catkin_ws/build/hector_map_server/CMakeFiles/CMakeTmp'
Building C object CMakeFiles/cmTC_a190d.dir/CheckSymbolExists.c.o
/usr/bin/cc    -o CMakeFiles/cmTC_a190d.dir/CheckSymbolExists.c.o   -c /home/xavier/catkin_ws/build/hector_map_server/CMakeFiles/CMakeTmp/CheckSymbolExists.c
Linking C executable cmTC_a190d
/usr/bin/cmake -E cmake_link_script CMakeFiles/cmTC_a190d.dir/link.txt --verbose=1
/usr/bin/cc      -rdynamic CMakeFiles/cmTC_a190d.dir/CheckSymbolExists.c.o  -o cmTC_a190d 
CMakeFiles/cmTC_a190d.dir/CheckSymbolExists.c.o: In function `main':
CheckSymbolExists.c:(.text+0x14): undefined reference to `pthread_create'
CheckSymbolExists.c:(.text+0x18): undefined reference to `pthread_create'
collect2: error: ld returned 1 exit status
CMakeFiles/cmTC_a190d.dir/build.make:97: recipe for target 'cmTC_a190d' failed
make[1]: *** [cmTC_a190d] Error 1
make[1]: Leaving directory '/home/xavier/catkin_ws/build/hector_map_server/CMakeFiles/CMakeTmp'
Makefile:126: recipe for target 'cmTC_a190d/fast' failed
make: *** [cmTC_a190d/fast] Error 2

File /home/xavier/catkin_ws/build/hector_map_server/CMakeFiles/CMakeTmp/CheckSymbolExists.c:
/* */
#include <pthread.h>

int main(int argc, char** argv)
{
  (void)argv;
#ifndef pthread_create
  return ((int*)(&pthread_create))[argc];
#else
  (void)argc;
  return 0;
#endif
}

Determining if the function pthread_create exists in the pthreads failed with the following output:
Change Dir: /home/xavier/catkin_ws/build/hector_map_server/CMakeFiles/CMakeTmp

Run Build Command:"/usr/bin/make" "cmTC_f872c/fast"
/usr/bin/make -f CMakeFiles/cmTC_f872c.dir/build.make CMakeFiles/cmTC_f872c.dir/build
make[1]: Entering directory '/home/xavier/catkin_ws/build/hector_map_server/CMakeFiles/CMakeTmp'
Building C object CMakeFiles/cmTC_f872c.dir/CheckFunctionExists.c.o
/usr/bin/cc   -DCHECK_FUNCTION_EXISTS=pthread_create   -o CMakeFiles/cmTC_f872c.dir/CheckFunctionExists.c.o   -c /usr/share/cmake-3.10/Modules/CheckFunctionExists.c
Linking C executable cmTC_f872c
/usr/bin/cmake -E cmake_link_script CMakeFiles/cmTC_f872c.dir/link.txt --verbose=1
/usr/bin/cc  -DCHECK_FUNCTION_EXISTS=pthread_create    -rdynamic CMakeFiles/cmTC_f872c.dir/CheckFunctionExists.c.o  -o cmTC_f872c -lpthreads 
/usr/bin/ld: cannot find -lpthreads
collect2: error: ld returned 1 exit status
CMakeFiles/cmTC_f872c.dir/build.make:97: recipe for target 'cmTC_f872c' failed
make[1]: *** [cmTC_f872c] Error 1
make[1]: Leaving directory '/home/xavier/catkin_ws/build/hector_map_server/CMakeFiles/CMakeTmp'
Makefile:126: recipe for target 'cmTC_f872c/fast' failed
make: *** [cmTC_f872c/fast] Error 2


