Determining if the pthread_create exist failed with the following output:
Change Dir: /home/xavier/catkin_ws/build/scan_to_cloud_converter/CMakeFiles/CMakeTmp

Run Build Command:"/usr/bin/make" "cmTC_48f9e/fast"
/usr/bin/make -f CMakeFiles/cmTC_48f9e.dir/build.make CMakeFiles/cmTC_48f9e.dir/build
make[1]: Entering directory '/home/xavier/catkin_ws/build/scan_to_cloud_converter/CMakeFiles/CMakeTmp'
Building C object CMakeFiles/cmTC_48f9e.dir/CheckSymbolExists.c.o
/usr/bin/cc    -o CMakeFiles/cmTC_48f9e.dir/CheckSymbolExists.c.o   -c /home/xavier/catkin_ws/build/scan_to_cloud_converter/CMakeFiles/CMakeTmp/CheckSymbolExists.c
Linking C executable cmTC_48f9e
/usr/bin/cmake -E cmake_link_script CMakeFiles/cmTC_48f9e.dir/link.txt --verbose=1
/usr/bin/cc      -rdynamic CMakeFiles/cmTC_48f9e.dir/CheckSymbolExists.c.o  -o cmTC_48f9e 
CMakeFiles/cmTC_48f9e.dir/CheckSymbolExists.c.o: In function `main':
CheckSymbolExists.c:(.text+0x14): undefined reference to `pthread_create'
CheckSymbolExists.c:(.text+0x18): undefined reference to `pthread_create'
collect2: error: ld returned 1 exit status
CMakeFiles/cmTC_48f9e.dir/build.make:97: recipe for target 'cmTC_48f9e' failed
make[1]: *** [cmTC_48f9e] Error 1
make[1]: Leaving directory '/home/xavier/catkin_ws/build/scan_to_cloud_converter/CMakeFiles/CMakeTmp'
Makefile:126: recipe for target 'cmTC_48f9e/fast' failed
make: *** [cmTC_48f9e/fast] Error 2

File /home/xavier/catkin_ws/build/scan_to_cloud_converter/CMakeFiles/CMakeTmp/CheckSymbolExists.c:
/* */
#include <pthread.h>

int main(int argc, char** argv)
{
  (void)argv;
#ifndef pthread_create
  return ((int*)(&pthread_create))[argc];
#else
  (void)argc;
  return 0;
#endif
}

Determining if the function pthread_create exists in the pthreads failed with the following output:
Change Dir: /home/xavier/catkin_ws/build/scan_to_cloud_converter/CMakeFiles/CMakeTmp

Run Build Command:"/usr/bin/make" "cmTC_9423a/fast"
/usr/bin/make -f CMakeFiles/cmTC_9423a.dir/build.make CMakeFiles/cmTC_9423a.dir/build
make[1]: Entering directory '/home/xavier/catkin_ws/build/scan_to_cloud_converter/CMakeFiles/CMakeTmp'
Building C object CMakeFiles/cmTC_9423a.dir/CheckFunctionExists.c.o
/usr/bin/cc   -DCHECK_FUNCTION_EXISTS=pthread_create   -o CMakeFiles/cmTC_9423a.dir/CheckFunctionExists.c.o   -c /usr/share/cmake-3.10/Modules/CheckFunctionExists.c
Linking C executable cmTC_9423a
/usr/bin/cmake -E cmake_link_script CMakeFiles/cmTC_9423a.dir/link.txt --verbose=1
/usr/bin/cc  -DCHECK_FUNCTION_EXISTS=pthread_create    -rdynamic CMakeFiles/cmTC_9423a.dir/CheckFunctionExists.c.o  -o cmTC_9423a -lpthreads 
/usr/bin/ld: cannot find -lpthreads
collect2: error: ld returned 1 exit status
CMakeFiles/cmTC_9423a.dir/build.make:97: recipe for target 'cmTC_9423a' failed
make[1]: *** [cmTC_9423a] Error 1
make[1]: Leaving directory '/home/xavier/catkin_ws/build/scan_to_cloud_converter/CMakeFiles/CMakeTmp'
Makefile:126: recipe for target 'cmTC_9423a/fast' failed
make: *** [cmTC_9423a/fast] Error 2


