Determining if the pthread_create exist failed with the following output:
Change Dir: /home/xavier/catkin_ws/build/mbf_abstract_core/CMakeFiles/CMakeTmp

Run Build Command:"/usr/bin/make" "cmTC_bf38a/fast"
/usr/bin/make -f CMakeFiles/cmTC_bf38a.dir/build.make CMakeFiles/cmTC_bf38a.dir/build
make[1]: Entering directory '/home/xavier/catkin_ws/build/mbf_abstract_core/CMakeFiles/CMakeTmp'
Building C object CMakeFiles/cmTC_bf38a.dir/CheckSymbolExists.c.o
/usr/bin/cc    -o CMakeFiles/cmTC_bf38a.dir/CheckSymbolExists.c.o   -c /home/xavier/catkin_ws/build/mbf_abstract_core/CMakeFiles/CMakeTmp/CheckSymbolExists.c
Linking C executable cmTC_bf38a
/usr/bin/cmake -E cmake_link_script CMakeFiles/cmTC_bf38a.dir/link.txt --verbose=1
/usr/bin/cc      -rdynamic CMakeFiles/cmTC_bf38a.dir/CheckSymbolExists.c.o  -o cmTC_bf38a 
CMakeFiles/cmTC_bf38a.dir/CheckSymbolExists.c.o: In function `main':
CheckSymbolExists.c:(.text+0x14): undefined reference to `pthread_create'
CheckSymbolExists.c:(.text+0x18): undefined reference to `pthread_create'
collect2: error: ld returned 1 exit status
CMakeFiles/cmTC_bf38a.dir/build.make:97: recipe for target 'cmTC_bf38a' failed
make[1]: *** [cmTC_bf38a] Error 1
make[1]: Leaving directory '/home/xavier/catkin_ws/build/mbf_abstract_core/CMakeFiles/CMakeTmp'
Makefile:126: recipe for target 'cmTC_bf38a/fast' failed
make: *** [cmTC_bf38a/fast] Error 2

File /home/xavier/catkin_ws/build/mbf_abstract_core/CMakeFiles/CMakeTmp/CheckSymbolExists.c:
/* */
#include <pthread.h>

int main(int argc, char** argv)
{
  (void)argv;
#ifndef pthread_create
  return ((int*)(&pthread_create))[argc];
#else
  (void)argc;
  return 0;
#endif
}

Determining if the function pthread_create exists in the pthreads failed with the following output:
Change Dir: /home/xavier/catkin_ws/build/mbf_abstract_core/CMakeFiles/CMakeTmp

Run Build Command:"/usr/bin/make" "cmTC_1ac9a/fast"
/usr/bin/make -f CMakeFiles/cmTC_1ac9a.dir/build.make CMakeFiles/cmTC_1ac9a.dir/build
make[1]: Entering directory '/home/xavier/catkin_ws/build/mbf_abstract_core/CMakeFiles/CMakeTmp'
Building C object CMakeFiles/cmTC_1ac9a.dir/CheckFunctionExists.c.o
/usr/bin/cc   -DCHECK_FUNCTION_EXISTS=pthread_create   -o CMakeFiles/cmTC_1ac9a.dir/CheckFunctionExists.c.o   -c /usr/share/cmake-3.10/Modules/CheckFunctionExists.c
Linking C executable cmTC_1ac9a
/usr/bin/cmake -E cmake_link_script CMakeFiles/cmTC_1ac9a.dir/link.txt --verbose=1
/usr/bin/cc  -DCHECK_FUNCTION_EXISTS=pthread_create    -rdynamic CMakeFiles/cmTC_1ac9a.dir/CheckFunctionExists.c.o  -o cmTC_1ac9a -lpthreads 
/usr/bin/ld: cannot find -lpthreads
collect2: error: ld returned 1 exit status
CMakeFiles/cmTC_1ac9a.dir/build.make:97: recipe for target 'cmTC_1ac9a' failed
make[1]: *** [cmTC_1ac9a] Error 1
make[1]: Leaving directory '/home/xavier/catkin_ws/build/mbf_abstract_core/CMakeFiles/CMakeTmp'
Makefile:126: recipe for target 'cmTC_1ac9a/fast' failed
make: *** [cmTC_1ac9a/fast] Error 2


