Determining if the pthread_create exist failed with the following output:
Change Dir: /home/xavier/catkin_ws/build/hector_geotiff_plugins/CMakeFiles/CMakeTmp

Run Build Command:"/usr/bin/make" "cmTC_b7e18/fast"
/usr/bin/make -f CMakeFiles/cmTC_b7e18.dir/build.make CMakeFiles/cmTC_b7e18.dir/build
make[1]: Entering directory '/home/xavier/catkin_ws/build/hector_geotiff_plugins/CMakeFiles/CMakeTmp'
Building C object CMakeFiles/cmTC_b7e18.dir/CheckSymbolExists.c.o
/usr/bin/cc    -o CMakeFiles/cmTC_b7e18.dir/CheckSymbolExists.c.o   -c /home/xavier/catkin_ws/build/hector_geotiff_plugins/CMakeFiles/CMakeTmp/CheckSymbolExists.c
Linking C executable cmTC_b7e18
/usr/bin/cmake -E cmake_link_script CMakeFiles/cmTC_b7e18.dir/link.txt --verbose=1
/usr/bin/cc      -rdynamic CMakeFiles/cmTC_b7e18.dir/CheckSymbolExists.c.o  -o cmTC_b7e18 
CMakeFiles/cmTC_b7e18.dir/CheckSymbolExists.c.o: In function `main':
CheckSymbolExists.c:(.text+0x14): undefined reference to `pthread_create'
CheckSymbolExists.c:(.text+0x18): undefined reference to `pthread_create'
collect2: error: ld returned 1 exit status
CMakeFiles/cmTC_b7e18.dir/build.make:97: recipe for target 'cmTC_b7e18' failed
make[1]: *** [cmTC_b7e18] Error 1
make[1]: Leaving directory '/home/xavier/catkin_ws/build/hector_geotiff_plugins/CMakeFiles/CMakeTmp'
Makefile:126: recipe for target 'cmTC_b7e18/fast' failed
make: *** [cmTC_b7e18/fast] Error 2

File /home/xavier/catkin_ws/build/hector_geotiff_plugins/CMakeFiles/CMakeTmp/CheckSymbolExists.c:
/* */
#include <pthread.h>

int main(int argc, char** argv)
{
  (void)argv;
#ifndef pthread_create
  return ((int*)(&pthread_create))[argc];
#else
  (void)argc;
  return 0;
#endif
}

Determining if the function pthread_create exists in the pthreads failed with the following output:
Change Dir: /home/xavier/catkin_ws/build/hector_geotiff_plugins/CMakeFiles/CMakeTmp

Run Build Command:"/usr/bin/make" "cmTC_facf4/fast"
/usr/bin/make -f CMakeFiles/cmTC_facf4.dir/build.make CMakeFiles/cmTC_facf4.dir/build
make[1]: Entering directory '/home/xavier/catkin_ws/build/hector_geotiff_plugins/CMakeFiles/CMakeTmp'
Building C object CMakeFiles/cmTC_facf4.dir/CheckFunctionExists.c.o
/usr/bin/cc   -DCHECK_FUNCTION_EXISTS=pthread_create   -o CMakeFiles/cmTC_facf4.dir/CheckFunctionExists.c.o   -c /usr/share/cmake-3.10/Modules/CheckFunctionExists.c
Linking C executable cmTC_facf4
/usr/bin/cmake -E cmake_link_script CMakeFiles/cmTC_facf4.dir/link.txt --verbose=1
/usr/bin/cc  -DCHECK_FUNCTION_EXISTS=pthread_create    -rdynamic CMakeFiles/cmTC_facf4.dir/CheckFunctionExists.c.o  -o cmTC_facf4 -lpthreads 
/usr/bin/ld: cannot find -lpthreads
collect2: error: ld returned 1 exit status
CMakeFiles/cmTC_facf4.dir/build.make:97: recipe for target 'cmTC_facf4' failed
make[1]: *** [cmTC_facf4] Error 1
make[1]: Leaving directory '/home/xavier/catkin_ws/build/hector_geotiff_plugins/CMakeFiles/CMakeTmp'
Makefile:126: recipe for target 'cmTC_facf4/fast' failed
make: *** [cmTC_facf4/fast] Error 2


