Determining if the pthread_create exist failed with the following output:
Change Dir: /home/xavier/catkin_ws/build/hector_imu_tools/CMakeFiles/CMakeTmp

Run Build Command:"/usr/bin/make" "cmTC_3c4bf/fast"
/usr/bin/make -f CMakeFiles/cmTC_3c4bf.dir/build.make CMakeFiles/cmTC_3c4bf.dir/build
make[1]: Entering directory '/home/xavier/catkin_ws/build/hector_imu_tools/CMakeFiles/CMakeTmp'
Building C object CMakeFiles/cmTC_3c4bf.dir/CheckSymbolExists.c.o
/usr/bin/cc    -o CMakeFiles/cmTC_3c4bf.dir/CheckSymbolExists.c.o   -c /home/xavier/catkin_ws/build/hector_imu_tools/CMakeFiles/CMakeTmp/CheckSymbolExists.c
Linking C executable cmTC_3c4bf
/usr/bin/cmake -E cmake_link_script CMakeFiles/cmTC_3c4bf.dir/link.txt --verbose=1
/usr/bin/cc      -rdynamic CMakeFiles/cmTC_3c4bf.dir/CheckSymbolExists.c.o  -o cmTC_3c4bf 
CMakeFiles/cmTC_3c4bf.dir/CheckSymbolExists.c.o: In function `main':
CheckSymbolExists.c:(.text+0x14): undefined reference to `pthread_create'
CheckSymbolExists.c:(.text+0x18): undefined reference to `pthread_create'
collect2: error: ld returned 1 exit status
CMakeFiles/cmTC_3c4bf.dir/build.make:97: recipe for target 'cmTC_3c4bf' failed
make[1]: *** [cmTC_3c4bf] Error 1
make[1]: Leaving directory '/home/xavier/catkin_ws/build/hector_imu_tools/CMakeFiles/CMakeTmp'
Makefile:126: recipe for target 'cmTC_3c4bf/fast' failed
make: *** [cmTC_3c4bf/fast] Error 2

File /home/xavier/catkin_ws/build/hector_imu_tools/CMakeFiles/CMakeTmp/CheckSymbolExists.c:
/* */
#include <pthread.h>

int main(int argc, char** argv)
{
  (void)argv;
#ifndef pthread_create
  return ((int*)(&pthread_create))[argc];
#else
  (void)argc;
  return 0;
#endif
}

Determining if the function pthread_create exists in the pthreads failed with the following output:
Change Dir: /home/xavier/catkin_ws/build/hector_imu_tools/CMakeFiles/CMakeTmp

Run Build Command:"/usr/bin/make" "cmTC_b7141/fast"
/usr/bin/make -f CMakeFiles/cmTC_b7141.dir/build.make CMakeFiles/cmTC_b7141.dir/build
make[1]: Entering directory '/home/xavier/catkin_ws/build/hector_imu_tools/CMakeFiles/CMakeTmp'
Building C object CMakeFiles/cmTC_b7141.dir/CheckFunctionExists.c.o
/usr/bin/cc   -DCHECK_FUNCTION_EXISTS=pthread_create   -o CMakeFiles/cmTC_b7141.dir/CheckFunctionExists.c.o   -c /usr/share/cmake-3.10/Modules/CheckFunctionExists.c
Linking C executable cmTC_b7141
/usr/bin/cmake -E cmake_link_script CMakeFiles/cmTC_b7141.dir/link.txt --verbose=1
/usr/bin/cc  -DCHECK_FUNCTION_EXISTS=pthread_create    -rdynamic CMakeFiles/cmTC_b7141.dir/CheckFunctionExists.c.o  -o cmTC_b7141 -lpthreads 
/usr/bin/ld: cannot find -lpthreads
collect2: error: ld returned 1 exit status
CMakeFiles/cmTC_b7141.dir/build.make:97: recipe for target 'cmTC_b7141' failed
make[1]: *** [cmTC_b7141] Error 1
make[1]: Leaving directory '/home/xavier/catkin_ws/build/hector_imu_tools/CMakeFiles/CMakeTmp'
Makefile:126: recipe for target 'cmTC_b7141/fast' failed
make: *** [cmTC_b7141/fast] Error 2


