Determining if the pthread_create exist failed with the following output:
Change Dir: /home/xavier/catkin_ws/build/joy/CMakeFiles/CMakeTmp

Run Build Command:"/usr/bin/make" "cmTC_ea463/fast"
/usr/bin/make -f CMakeFiles/cmTC_ea463.dir/build.make CMakeFiles/cmTC_ea463.dir/build
make[1]: Entering directory '/home/xavier/catkin_ws/build/joy/CMakeFiles/CMakeTmp'
Building C object CMakeFiles/cmTC_ea463.dir/CheckSymbolExists.c.o
/usr/bin/cc    -o CMakeFiles/cmTC_ea463.dir/CheckSymbolExists.c.o   -c /home/xavier/catkin_ws/build/joy/CMakeFiles/CMakeTmp/CheckSymbolExists.c
Linking C executable cmTC_ea463
/usr/bin/cmake -E cmake_link_script CMakeFiles/cmTC_ea463.dir/link.txt --verbose=1
/usr/bin/cc      -rdynamic CMakeFiles/cmTC_ea463.dir/CheckSymbolExists.c.o  -o cmTC_ea463 
CMakeFiles/cmTC_ea463.dir/CheckSymbolExists.c.o: In function `main':
CheckSymbolExists.c:(.text+0x14): undefined reference to `pthread_create'
CheckSymbolExists.c:(.text+0x18): undefined reference to `pthread_create'
collect2: error: ld returned 1 exit status
CMakeFiles/cmTC_ea463.dir/build.make:97: recipe for target 'cmTC_ea463' failed
make[1]: *** [cmTC_ea463] Error 1
make[1]: Leaving directory '/home/xavier/catkin_ws/build/joy/CMakeFiles/CMakeTmp'
Makefile:126: recipe for target 'cmTC_ea463/fast' failed
make: *** [cmTC_ea463/fast] Error 2

File /home/xavier/catkin_ws/build/joy/CMakeFiles/CMakeTmp/CheckSymbolExists.c:
/* */
#include <pthread.h>

int main(int argc, char** argv)
{
  (void)argv;
#ifndef pthread_create
  return ((int*)(&pthread_create))[argc];
#else
  (void)argc;
  return 0;
#endif
}

Determining if the function pthread_create exists in the pthreads failed with the following output:
Change Dir: /home/xavier/catkin_ws/build/joy/CMakeFiles/CMakeTmp

Run Build Command:"/usr/bin/make" "cmTC_19b7d/fast"
/usr/bin/make -f CMakeFiles/cmTC_19b7d.dir/build.make CMakeFiles/cmTC_19b7d.dir/build
make[1]: Entering directory '/home/xavier/catkin_ws/build/joy/CMakeFiles/CMakeTmp'
Building C object CMakeFiles/cmTC_19b7d.dir/CheckFunctionExists.c.o
/usr/bin/cc   -DCHECK_FUNCTION_EXISTS=pthread_create   -o CMakeFiles/cmTC_19b7d.dir/CheckFunctionExists.c.o   -c /usr/share/cmake-3.10/Modules/CheckFunctionExists.c
Linking C executable cmTC_19b7d
/usr/bin/cmake -E cmake_link_script CMakeFiles/cmTC_19b7d.dir/link.txt --verbose=1
/usr/bin/cc  -DCHECK_FUNCTION_EXISTS=pthread_create    -rdynamic CMakeFiles/cmTC_19b7d.dir/CheckFunctionExists.c.o  -o cmTC_19b7d -lpthreads 
/usr/bin/ld: cannot find -lpthreads
collect2: error: ld returned 1 exit status
CMakeFiles/cmTC_19b7d.dir/build.make:97: recipe for target 'cmTC_19b7d' failed
make[1]: *** [cmTC_19b7d] Error 1
make[1]: Leaving directory '/home/xavier/catkin_ws/build/joy/CMakeFiles/CMakeTmp'
Makefile:126: recipe for target 'cmTC_19b7d/fast' failed
make: *** [cmTC_19b7d/fast] Error 2


