[35m[1mScanning dependencies of target _sort_track_generate_messages_check_deps_IntList[0m
[  0%] Built target _sort_track_generate_messages_check_deps_IntList
[35m[1mScanning dependencies of target std_msgs_generate_messages_cpp[0m
[  0%] Built target std_msgs_generate_messages_cpp
[35m[1mScanning dependencies of target _sort_track_generate_messages_check_deps_peoples[0m
[35m[1mScanning dependencies of target _sort_track_generate_messages_check_deps_people_box[0m
[  0%] Built target _sort_track_generate_messages_check_deps_peoples
[35m[1mScanning dependencies of target std_msgs_generate_messages_eus[0m
[  0%] Built target _sort_track_generate_messages_check_deps_people_box
[  0%] Built target std_msgs_generate_messages_eus
[35m[1mScanning dependencies of target std_msgs_generate_messages_nodejs[0m
[35m[1mScanning dependencies of target std_msgs_generate_messages_lisp[0m
[  0%] Built target std_msgs_generate_messages_nodejs
[  0%] Built target std_msgs_generate_messages_lisp
[35m[1mScanning dependencies of target std_msgs_generate_messages_py[0m
[35m[1mScanning dependencies of target sort_track_generate_messages_cpp[0m
[  0%] Built target std_msgs_generate_messages_py
[35m[1mScanning dependencies of target sort_track_generate_messages_eus[0m
[  5%] [34m[1mGenerating C++ code from sort_track/peoples.msg[0m
[ 11%] [34m[1mGenerating EusLisp code from sort_track/peoples.msg[0m
[ 17%] [34m[1mGenerating EusLisp code from sort_track/people_box.msg[0m
[ 23%] [34m[1mGenerating C++ code from sort_track/people_box.msg[0m
[ 29%] [34m[1mGenerating EusLisp code from sort_track/IntList.msg[0m
[ 35%] [34m[1mGenerating EusLisp manifest code for sort_track[0m
[ 41%] [34m[1mGenerating C++ code from sort_track/IntList.msg[0m
WARNING: Package name "lidarPeople" does not follow the naming conventions. It should start with a lower case letter and only contain lower case letters, digits, underscores, and dashes.
[ 41%] Built target sort_track_generate_messages_cpp
[35m[1mScanning dependencies of target sort_track_generate_messages_nodejs[0m
[ 47%] [34m[1mGenerating Javascript code from sort_track/peoples.msg[0m
[ 52%] [34m[1mGenerating Javascript code from sort_track/people_box.msg[0m
[ 58%] [34m[1mGenerating Javascript code from sort_track/IntList.msg[0m
[ 58%] Built target sort_track_generate_messages_nodejs
[35m[1mScanning dependencies of target sort_track_generate_messages_lisp[0m
[ 64%] [34m[1mGenerating Lisp code from sort_track/peoples.msg[0m
[ 70%] [34m[1mGenerating Lisp code from sort_track/people_box.msg[0m
WARNING: Package name "lidarPeople" does not follow the naming conventions. It should start with a lower case letter and only contain lower case letters, digits, underscores, and dashes.
[ 76%] [34m[1mGenerating Lisp code from sort_track/IntList.msg[0m
[ 76%] Built target sort_track_generate_messages_lisp
[35m[1mScanning dependencies of target sort_track_generate_messages_py[0m
[ 82%] [34m[1mGenerating Python from MSG sort_track/peoples[0m
[ 88%] [34m[1mGenerating Python from MSG sort_track/people_box[0m
[ 94%] [34m[1mGenerating Python from MSG sort_track/IntList[0m
[ 94%] Built target sort_track_generate_messages_eus
[100%] [34m[1mGenerating Python msg __init__.py for sort_track[0m
[100%] Built target sort_track_generate_messages_py
[35m[1mScanning dependencies of target sort_track_generate_messages[0m
[100%] Built target sort_track_generate_messages
