Symlinking /home/xavier/catkin_ws/devel/include/sort_track/people_box.h
Symlinking /home/xavier/catkin_ws/devel/include/sort_track/peoples.h
Symlinking /home/xavier/catkin_ws/devel/include/sort_track/IntList.h
Symlinking /home/xavier/catkin_ws/devel/share/sort_track/cmake/sort_track-msg-extras.cmake
Symlinking /home/xavier/catkin_ws/devel/share/sort_track/cmake/sort_trackConfig.cmake
Symlinking /home/xavier/catkin_ws/devel/share/sort_track/cmake/sort_track-msg-paths.cmake
Symlinking /home/xavier/catkin_ws/devel/share/sort_track/cmake/sort_trackConfig-version.cmake
Symlinking /home/xavier/catkin_ws/devel/share/roseus/ros/sort_track/manifest.l
Symlinking /home/xavier/catkin_ws/devel/share/roseus/ros/sort_track/msg/people_box.l
Symlinking /home/xavier/catkin_ws/devel/share/roseus/ros/sort_track/msg/IntList.l
Symlinking /home/xavier/catkin_ws/devel/share/roseus/ros/sort_track/msg/peoples.l
Symlinking /home/xavier/catkin_ws/devel/share/gennodejs/ros/sort_track/_index.js
Symlinking /home/xavier/catkin_ws/devel/share/gennodejs/ros/sort_track/msg/_index.js
Symlinking /home/xavier/catkin_ws/devel/share/gennodejs/ros/sort_track/msg/peoples.js
Symlinking /home/xavier/catkin_ws/devel/share/gennodejs/ros/sort_track/msg/people_box.js
Symlinking /home/xavier/catkin_ws/devel/share/gennodejs/ros/sort_track/msg/IntList.js
Symlinking /home/xavier/catkin_ws/devel/share/common-lisp/ros/sort_track/msg/peoples.lisp
Symlinking /home/xavier/catkin_ws/devel/share/common-lisp/ros/sort_track/msg/_package_peoples.lisp
Symlinking /home/xavier/catkin_ws/devel/share/common-lisp/ros/sort_track/msg/people_box.lisp
Symlinking /home/xavier/catkin_ws/devel/share/common-lisp/ros/sort_track/msg/_package.lisp
Symlinking /home/xavier/catkin_ws/devel/share/common-lisp/ros/sort_track/msg/_package_IntList.lisp
Symlinking /home/xavier/catkin_ws/devel/share/common-lisp/ros/sort_track/msg/_package_people_box.lisp
Symlinking /home/xavier/catkin_ws/devel/share/common-lisp/ros/sort_track/msg/sort_track-msg.asd
Symlinking /home/xavier/catkin_ws/devel/share/common-lisp/ros/sort_track/msg/IntList.lisp
Symlinking /home/xavier/catkin_ws/devel/lib/python2.7/dist-packages/sort_track/__init__.py
Symlinking /home/xavier/catkin_ws/devel/lib/python2.7/dist-packages/sort_track/msg/_IntList.py
Symlinking /home/xavier/catkin_ws/devel/lib/python2.7/dist-packages/sort_track/msg/_people_box.py
Symlinking /home/xavier/catkin_ws/devel/lib/python2.7/dist-packages/sort_track/msg/_peoples.py
Symlinking /home/xavier/catkin_ws/devel/lib/python2.7/dist-packages/sort_track/msg/__init__.py
Symlinking /home/xavier/catkin_ws/devel/lib/pkgconfig/sort_track.pc
