Linked: (/home/xavier/catkin_ws/devel/.private/sort_track/include/sort_track/people_box.h, /home/xavier/catkin_ws/devel/include/sort_track/people_box.h)
Linked: (/home/xavier/catkin_ws/devel/.private/sort_track/include/sort_track/peoples.h, /home/xavier/catkin_ws/devel/include/sort_track/peoples.h)
Linked: (/home/xavier/catkin_ws/devel/.private/sort_track/include/sort_track/IntList.h, /home/xavier/catkin_ws/devel/include/sort_track/IntList.h)
Linked: (/home/xavier/catkin_ws/devel/.private/sort_track/share/sort_track/cmake/sort_track-msg-extras.cmake, /home/xavier/catkin_ws/devel/share/sort_track/cmake/sort_track-msg-extras.cmake)
Linked: (/home/xavier/catkin_ws/devel/.private/sort_track/share/sort_track/cmake/sort_trackConfig.cmake, /home/xavier/catkin_ws/devel/share/sort_track/cmake/sort_trackConfig.cmake)
Linked: (/home/xavier/catkin_ws/devel/.private/sort_track/share/sort_track/cmake/sort_track-msg-paths.cmake, /home/xavier/catkin_ws/devel/share/sort_track/cmake/sort_track-msg-paths.cmake)
Linked: (/home/xavier/catkin_ws/devel/.private/sort_track/share/sort_track/cmake/sort_trackConfig-version.cmake, /home/xavier/catkin_ws/devel/share/sort_track/cmake/sort_trackConfig-version.cmake)
Linked: (/home/xavier/catkin_ws/devel/.private/sort_track/share/roseus/ros/sort_track/manifest.l, /home/xavier/catkin_ws/devel/share/roseus/ros/sort_track/manifest.l)
Linked: (/home/xavier/catkin_ws/devel/.private/sort_track/share/roseus/ros/sort_track/msg/people_box.l, /home/xavier/catkin_ws/devel/share/roseus/ros/sort_track/msg/people_box.l)
Linked: (/home/xavier/catkin_ws/devel/.private/sort_track/share/roseus/ros/sort_track/msg/IntList.l, /home/xavier/catkin_ws/devel/share/roseus/ros/sort_track/msg/IntList.l)
Linked: (/home/xavier/catkin_ws/devel/.private/sort_track/share/roseus/ros/sort_track/msg/peoples.l, /home/xavier/catkin_ws/devel/share/roseus/ros/sort_track/msg/peoples.l)
Linked: (/home/xavier/catkin_ws/devel/.private/sort_track/share/gennodejs/ros/sort_track/_index.js, /home/xavier/catkin_ws/devel/share/gennodejs/ros/sort_track/_index.js)
Linked: (/home/xavier/catkin_ws/devel/.private/sort_track/share/gennodejs/ros/sort_track/msg/_index.js, /home/xavier/catkin_ws/devel/share/gennodejs/ros/sort_track/msg/_index.js)
Linked: (/home/xavier/catkin_ws/devel/.private/sort_track/share/gennodejs/ros/sort_track/msg/peoples.js, /home/xavier/catkin_ws/devel/share/gennodejs/ros/sort_track/msg/peoples.js)
Linked: (/home/xavier/catkin_ws/devel/.private/sort_track/share/gennodejs/ros/sort_track/msg/people_box.js, /home/xavier/catkin_ws/devel/share/gennodejs/ros/sort_track/msg/people_box.js)
Linked: (/home/xavier/catkin_ws/devel/.private/sort_track/share/gennodejs/ros/sort_track/msg/IntList.js, /home/xavier/catkin_ws/devel/share/gennodejs/ros/sort_track/msg/IntList.js)
Linked: (/home/xavier/catkin_ws/devel/.private/sort_track/share/common-lisp/ros/sort_track/msg/peoples.lisp, /home/xavier/catkin_ws/devel/share/common-lisp/ros/sort_track/msg/peoples.lisp)
Linked: (/home/xavier/catkin_ws/devel/.private/sort_track/share/common-lisp/ros/sort_track/msg/_package_peoples.lisp, /home/xavier/catkin_ws/devel/share/common-lisp/ros/sort_track/msg/_package_peoples.lisp)
Linked: (/home/xavier/catkin_ws/devel/.private/sort_track/share/common-lisp/ros/sort_track/msg/people_box.lisp, /home/xavier/catkin_ws/devel/share/common-lisp/ros/sort_track/msg/people_box.lisp)
Linked: (/home/xavier/catkin_ws/devel/.private/sort_track/share/common-lisp/ros/sort_track/msg/_package.lisp, /home/xavier/catkin_ws/devel/share/common-lisp/ros/sort_track/msg/_package.lisp)
Linked: (/home/xavier/catkin_ws/devel/.private/sort_track/share/common-lisp/ros/sort_track/msg/_package_IntList.lisp, /home/xavier/catkin_ws/devel/share/common-lisp/ros/sort_track/msg/_package_IntList.lisp)
Linked: (/home/xavier/catkin_ws/devel/.private/sort_track/share/common-lisp/ros/sort_track/msg/_package_people_box.lisp, /home/xavier/catkin_ws/devel/share/common-lisp/ros/sort_track/msg/_package_people_box.lisp)
Linked: (/home/xavier/catkin_ws/devel/.private/sort_track/share/common-lisp/ros/sort_track/msg/sort_track-msg.asd, /home/xavier/catkin_ws/devel/share/common-lisp/ros/sort_track/msg/sort_track-msg.asd)
Linked: (/home/xavier/catkin_ws/devel/.private/sort_track/share/common-lisp/ros/sort_track/msg/IntList.lisp, /home/xavier/catkin_ws/devel/share/common-lisp/ros/sort_track/msg/IntList.lisp)
Linked: (/home/xavier/catkin_ws/devel/.private/sort_track/lib/python2.7/dist-packages/sort_track/__init__.py, /home/xavier/catkin_ws/devel/lib/python2.7/dist-packages/sort_track/__init__.py)
Linked: (/home/xavier/catkin_ws/devel/.private/sort_track/lib/python2.7/dist-packages/sort_track/msg/_IntList.py, /home/xavier/catkin_ws/devel/lib/python2.7/dist-packages/sort_track/msg/_IntList.py)
Linked: (/home/xavier/catkin_ws/devel/.private/sort_track/lib/python2.7/dist-packages/sort_track/msg/_people_box.py, /home/xavier/catkin_ws/devel/lib/python2.7/dist-packages/sort_track/msg/_people_box.py)
Linked: (/home/xavier/catkin_ws/devel/.private/sort_track/lib/python2.7/dist-packages/sort_track/msg/_peoples.py, /home/xavier/catkin_ws/devel/lib/python2.7/dist-packages/sort_track/msg/_peoples.py)
Linked: (/home/xavier/catkin_ws/devel/.private/sort_track/lib/python2.7/dist-packages/sort_track/msg/__init__.py, /home/xavier/catkin_ws/devel/lib/python2.7/dist-packages/sort_track/msg/__init__.py)
Linked: (/home/xavier/catkin_ws/devel/.private/sort_track/lib/pkgconfig/sort_track.pc, /home/xavier/catkin_ws/devel/lib/pkgconfig/sort_track.pc)
