Determining if the pthread_create exist failed with the following output:
Change Dir: /home/xavier/catkin_ws/build/ncd_parser/CMakeFiles/CMakeTmp

Run Build Command:"/usr/bin/make" "cmTC_c5b42/fast"
/usr/bin/make -f CMakeFiles/cmTC_c5b42.dir/build.make CMakeFiles/cmTC_c5b42.dir/build
make[1]: Entering directory '/home/xavier/catkin_ws/build/ncd_parser/CMakeFiles/CMakeTmp'
Building C object CMakeFiles/cmTC_c5b42.dir/CheckSymbolExists.c.o
/usr/bin/cc    -o CMakeFiles/cmTC_c5b42.dir/CheckSymbolExists.c.o   -c /home/xavier/catkin_ws/build/ncd_parser/CMakeFiles/CMakeTmp/CheckSymbolExists.c
Linking C executable cmTC_c5b42
/usr/bin/cmake -E cmake_link_script CMakeFiles/cmTC_c5b42.dir/link.txt --verbose=1
/usr/bin/cc      -rdynamic CMakeFiles/cmTC_c5b42.dir/CheckSymbolExists.c.o  -o cmTC_c5b42 
CMakeFiles/cmTC_c5b42.dir/CheckSymbolExists.c.o: In function `main':
CheckSymbolExists.c:(.text+0x14): undefined reference to `pthread_create'
CheckSymbolExists.c:(.text+0x18): undefined reference to `pthread_create'
collect2: error: ld returned 1 exit status
CMakeFiles/cmTC_c5b42.dir/build.make:97: recipe for target 'cmTC_c5b42' failed
make[1]: *** [cmTC_c5b42] Error 1
make[1]: Leaving directory '/home/xavier/catkin_ws/build/ncd_parser/CMakeFiles/CMakeTmp'
Makefile:126: recipe for target 'cmTC_c5b42/fast' failed
make: *** [cmTC_c5b42/fast] Error 2

File /home/xavier/catkin_ws/build/ncd_parser/CMakeFiles/CMakeTmp/CheckSymbolExists.c:
/* */
#include <pthread.h>

int main(int argc, char** argv)
{
  (void)argv;
#ifndef pthread_create
  return ((int*)(&pthread_create))[argc];
#else
  (void)argc;
  return 0;
#endif
}

Determining if the function pthread_create exists in the pthreads failed with the following output:
Change Dir: /home/xavier/catkin_ws/build/ncd_parser/CMakeFiles/CMakeTmp

Run Build Command:"/usr/bin/make" "cmTC_bd318/fast"
/usr/bin/make -f CMakeFiles/cmTC_bd318.dir/build.make CMakeFiles/cmTC_bd318.dir/build
make[1]: Entering directory '/home/xavier/catkin_ws/build/ncd_parser/CMakeFiles/CMakeTmp'
Building C object CMakeFiles/cmTC_bd318.dir/CheckFunctionExists.c.o
/usr/bin/cc   -DCHECK_FUNCTION_EXISTS=pthread_create   -o CMakeFiles/cmTC_bd318.dir/CheckFunctionExists.c.o   -c /usr/share/cmake-3.10/Modules/CheckFunctionExists.c
Linking C executable cmTC_bd318
/usr/bin/cmake -E cmake_link_script CMakeFiles/cmTC_bd318.dir/link.txt --verbose=1
/usr/bin/cc  -DCHECK_FUNCTION_EXISTS=pthread_create    -rdynamic CMakeFiles/cmTC_bd318.dir/CheckFunctionExists.c.o  -o cmTC_bd318 -lpthreads 
/usr/bin/ld: cannot find -lpthreads
collect2: error: ld returned 1 exit status
CMakeFiles/cmTC_bd318.dir/build.make:97: recipe for target 'cmTC_bd318' failed
make[1]: *** [cmTC_bd318] Error 1
make[1]: Leaving directory '/home/xavier/catkin_ws/build/ncd_parser/CMakeFiles/CMakeTmp'
Makefile:126: recipe for target 'cmTC_bd318/fast' failed
make: *** [cmTC_bd318/fast] Error 2


