Determining if the pthread_create exist failed with the following output:
Change Dir: /home/xavier/catkin_ws/build/hector_geotiff/CMakeFiles/CMakeTmp

Run Build Command:"/usr/bin/make" "cmTC_05db4/fast"
/usr/bin/make -f CMakeFiles/cmTC_05db4.dir/build.make CMakeFiles/cmTC_05db4.dir/build
make[1]: Entering directory '/home/xavier/catkin_ws/build/hector_geotiff/CMakeFiles/CMakeTmp'
Building C object CMakeFiles/cmTC_05db4.dir/CheckSymbolExists.c.o
/usr/bin/cc    -o CMakeFiles/cmTC_05db4.dir/CheckSymbolExists.c.o   -c /home/xavier/catkin_ws/build/hector_geotiff/CMakeFiles/CMakeTmp/CheckSymbolExists.c
Linking C executable cmTC_05db4
/usr/bin/cmake -E cmake_link_script CMakeFiles/cmTC_05db4.dir/link.txt --verbose=1
/usr/bin/cc      -rdynamic CMakeFiles/cmTC_05db4.dir/CheckSymbolExists.c.o  -o cmTC_05db4 
CMakeFiles/cmTC_05db4.dir/CheckSymbolExists.c.o: In function `main':
CheckSymbolExists.c:(.text+0x14): undefined reference to `pthread_create'
CheckSymbolExists.c:(.text+0x18): undefined reference to `pthread_create'
collect2: error: ld returned 1 exit status
CMakeFiles/cmTC_05db4.dir/build.make:97: recipe for target 'cmTC_05db4' failed
make[1]: *** [cmTC_05db4] Error 1
make[1]: Leaving directory '/home/xavier/catkin_ws/build/hector_geotiff/CMakeFiles/CMakeTmp'
Makefile:126: recipe for target 'cmTC_05db4/fast' failed
make: *** [cmTC_05db4/fast] Error 2

File /home/xavier/catkin_ws/build/hector_geotiff/CMakeFiles/CMakeTmp/CheckSymbolExists.c:
/* */
#include <pthread.h>

int main(int argc, char** argv)
{
  (void)argv;
#ifndef pthread_create
  return ((int*)(&pthread_create))[argc];
#else
  (void)argc;
  return 0;
#endif
}

Determining if the function pthread_create exists in the pthreads failed with the following output:
Change Dir: /home/xavier/catkin_ws/build/hector_geotiff/CMakeFiles/CMakeTmp

Run Build Command:"/usr/bin/make" "cmTC_3fc22/fast"
/usr/bin/make -f CMakeFiles/cmTC_3fc22.dir/build.make CMakeFiles/cmTC_3fc22.dir/build
make[1]: Entering directory '/home/xavier/catkin_ws/build/hector_geotiff/CMakeFiles/CMakeTmp'
Building C object CMakeFiles/cmTC_3fc22.dir/CheckFunctionExists.c.o
/usr/bin/cc   -DCHECK_FUNCTION_EXISTS=pthread_create   -o CMakeFiles/cmTC_3fc22.dir/CheckFunctionExists.c.o   -c /usr/share/cmake-3.10/Modules/CheckFunctionExists.c
Linking C executable cmTC_3fc22
/usr/bin/cmake -E cmake_link_script CMakeFiles/cmTC_3fc22.dir/link.txt --verbose=1
/usr/bin/cc  -DCHECK_FUNCTION_EXISTS=pthread_create    -rdynamic CMakeFiles/cmTC_3fc22.dir/CheckFunctionExists.c.o  -o cmTC_3fc22 -lpthreads 
/usr/bin/ld: cannot find -lpthreads
collect2: error: ld returned 1 exit status
CMakeFiles/cmTC_3fc22.dir/build.make:97: recipe for target 'cmTC_3fc22' failed
make[1]: *** [cmTC_3fc22] Error 1
make[1]: Leaving directory '/home/xavier/catkin_ws/build/hector_geotiff/CMakeFiles/CMakeTmp'
Makefile:126: recipe for target 'cmTC_3fc22/fast' failed
make: *** [cmTC_3fc22/fast] Error 2


Determining if the Q_WS_WIN exist failed with the following output:
Change Dir: /home/xavier/catkin_ws/build/hector_geotiff/CMakeFiles/CMakeTmp

Run Build Command:"/usr/bin/make" "cmTC_bec56/fast"
/usr/bin/make -f CMakeFiles/cmTC_bec56.dir/build.make CMakeFiles/cmTC_bec56.dir/build
make[1]: Entering directory '/home/xavier/catkin_ws/build/hector_geotiff/CMakeFiles/CMakeTmp'
Building CXX object CMakeFiles/cmTC_bec56.dir/CheckSymbolExists.cxx.o
/usr/bin/c++   -I/usr/include/qt4   -o CMakeFiles/cmTC_bec56.dir/CheckSymbolExists.cxx.o -c /home/xavier/catkin_ws/build/hector_geotiff/CMakeFiles/CMakeTmp/CheckSymbolExists.cxx
/home/xavier/catkin_ws/build/hector_geotiff/CMakeFiles/CMakeTmp/CheckSymbolExists.cxx: In function ‘int main(int, char**)’:
/home/xavier/catkin_ws/build/hector_geotiff/CMakeFiles/CMakeTmp/CheckSymbolExists.cxx:8:19: error: ‘Q_WS_WIN’ was not declared in this scope
   return ((int*)(&Q_WS_WIN))[argc];
                   ^~~~~~~~
/home/xavier/catkin_ws/build/hector_geotiff/CMakeFiles/CMakeTmp/CheckSymbolExists.cxx:8:19: note: suggested alternative: ‘Q_WS_X11’
   return ((int*)(&Q_WS_WIN))[argc];
                   ^~~~~~~~
                   Q_WS_X11
CMakeFiles/cmTC_bec56.dir/build.make:65: recipe for target 'CMakeFiles/cmTC_bec56.dir/CheckSymbolExists.cxx.o' failed
make[1]: *** [CMakeFiles/cmTC_bec56.dir/CheckSymbolExists.cxx.o] Error 1
make[1]: Leaving directory '/home/xavier/catkin_ws/build/hector_geotiff/CMakeFiles/CMakeTmp'
Makefile:126: recipe for target 'cmTC_bec56/fast' failed
make: *** [cmTC_bec56/fast] Error 2

File /home/xavier/catkin_ws/build/hector_geotiff/CMakeFiles/CMakeTmp/CheckSymbolExists.cxx:
/* */
#include <QtCore/qglobal.h>

int main(int argc, char** argv)
{
  (void)argv;
#ifndef Q_WS_WIN
  return ((int*)(&Q_WS_WIN))[argc];
#else
  (void)argc;
  return 0;
#endif
}

Determining if the Q_WS_QWS exist failed with the following output:
Change Dir: /home/xavier/catkin_ws/build/hector_geotiff/CMakeFiles/CMakeTmp

Run Build Command:"/usr/bin/make" "cmTC_ff7dd/fast"
/usr/bin/make -f CMakeFiles/cmTC_ff7dd.dir/build.make CMakeFiles/cmTC_ff7dd.dir/build
make[1]: Entering directory '/home/xavier/catkin_ws/build/hector_geotiff/CMakeFiles/CMakeTmp'
Building CXX object CMakeFiles/cmTC_ff7dd.dir/CheckSymbolExists.cxx.o
/usr/bin/c++   -I/usr/include/qt4   -o CMakeFiles/cmTC_ff7dd.dir/CheckSymbolExists.cxx.o -c /home/xavier/catkin_ws/build/hector_geotiff/CMakeFiles/CMakeTmp/CheckSymbolExists.cxx
/home/xavier/catkin_ws/build/hector_geotiff/CMakeFiles/CMakeTmp/CheckSymbolExists.cxx: In function ‘int main(int, char**)’:
/home/xavier/catkin_ws/build/hector_geotiff/CMakeFiles/CMakeTmp/CheckSymbolExists.cxx:8:19: error: ‘Q_WS_QWS’ was not declared in this scope
   return ((int*)(&Q_WS_QWS))[argc];
                   ^~~~~~~~
/home/xavier/catkin_ws/build/hector_geotiff/CMakeFiles/CMakeTmp/CheckSymbolExists.cxx:8:19: note: suggested alternative: ‘Q_WS_X11’
   return ((int*)(&Q_WS_QWS))[argc];
                   ^~~~~~~~
                   Q_WS_X11
CMakeFiles/cmTC_ff7dd.dir/build.make:65: recipe for target 'CMakeFiles/cmTC_ff7dd.dir/CheckSymbolExists.cxx.o' failed
make[1]: *** [CMakeFiles/cmTC_ff7dd.dir/CheckSymbolExists.cxx.o] Error 1
make[1]: Leaving directory '/home/xavier/catkin_ws/build/hector_geotiff/CMakeFiles/CMakeTmp'
Makefile:126: recipe for target 'cmTC_ff7dd/fast' failed
make: *** [cmTC_ff7dd/fast] Error 2

File /home/xavier/catkin_ws/build/hector_geotiff/CMakeFiles/CMakeTmp/CheckSymbolExists.cxx:
/* */
#include <QtCore/qglobal.h>

int main(int argc, char** argv)
{
  (void)argv;
#ifndef Q_WS_QWS
  return ((int*)(&Q_WS_QWS))[argc];
#else
  (void)argc;
  return 0;
#endif
}

Determining if the Q_WS_MAC exist failed with the following output:
Change Dir: /home/xavier/catkin_ws/build/hector_geotiff/CMakeFiles/CMakeTmp

Run Build Command:"/usr/bin/make" "cmTC_852a5/fast"
/usr/bin/make -f CMakeFiles/cmTC_852a5.dir/build.make CMakeFiles/cmTC_852a5.dir/build
make[1]: Entering directory '/home/xavier/catkin_ws/build/hector_geotiff/CMakeFiles/CMakeTmp'
Building CXX object CMakeFiles/cmTC_852a5.dir/CheckSymbolExists.cxx.o
/usr/bin/c++   -I/usr/include/qt4   -o CMakeFiles/cmTC_852a5.dir/CheckSymbolExists.cxx.o -c /home/xavier/catkin_ws/build/hector_geotiff/CMakeFiles/CMakeTmp/CheckSymbolExists.cxx
/home/xavier/catkin_ws/build/hector_geotiff/CMakeFiles/CMakeTmp/CheckSymbolExists.cxx: In function ‘int main(int, char**)’:
/home/xavier/catkin_ws/build/hector_geotiff/CMakeFiles/CMakeTmp/CheckSymbolExists.cxx:8:19: error: ‘Q_WS_MAC’ was not declared in this scope
   return ((int*)(&Q_WS_MAC))[argc];
                   ^~~~~~~~
/home/xavier/catkin_ws/build/hector_geotiff/CMakeFiles/CMakeTmp/CheckSymbolExists.cxx:8:19: note: suggested alternative: ‘Q_WS_X11’
   return ((int*)(&Q_WS_MAC))[argc];
                   ^~~~~~~~
                   Q_WS_X11
CMakeFiles/cmTC_852a5.dir/build.make:65: recipe for target 'CMakeFiles/cmTC_852a5.dir/CheckSymbolExists.cxx.o' failed
make[1]: *** [CMakeFiles/cmTC_852a5.dir/CheckSymbolExists.cxx.o] Error 1
make[1]: Leaving directory '/home/xavier/catkin_ws/build/hector_geotiff/CMakeFiles/CMakeTmp'
Makefile:126: recipe for target 'cmTC_852a5/fast' failed
make: *** [cmTC_852a5/fast] Error 2

File /home/xavier/catkin_ws/build/hector_geotiff/CMakeFiles/CMakeTmp/CheckSymbolExists.cxx:
/* */
#include <QtCore/qglobal.h>

int main(int argc, char** argv)
{
  (void)argv;
#ifndef Q_WS_MAC
  return ((int*)(&Q_WS_MAC))[argc];
#else
  (void)argc;
  return 0;
#endif
}

