[  0%] Built target visualization_msgs_generate_messages_eus
[  0%] Built target geometry_msgs_generate_messages_lisp
[  0%] Built target geometry_msgs_generate_messages_eus
[  0%] Built target std_msgs_generate_messages_py
[  0%] Built target roscpp_generate_messages_nodejs
[  0%] Built target std_msgs_generate_messages_lisp
[  0%] Built target sensor_msgs_generate_messages_py
[  0%] Built target tf_generate_messages_py
[  0%] Built target dynamic_reconfigure_generate_messages_cpp
[  0%] Built target rosgraph_msgs_generate_messages_cpp
[  0%] Built target std_msgs_generate_messages_cpp
[  0%] Built target map_msgs_generate_messages_lisp
[  0%] Built target visualization_msgs_generate_messages_lisp
[  0%] Built target std_msgs_generate_messages_eus
[  0%] Built target visualization_msgs_generate_messages_nodejs
[  0%] Built target std_srvs_generate_messages_py
[  0%] Built target std_srvs_generate_messages_nodejs
[  0%] Built target mbf_msgs_generate_messages_py
[  0%] Built target mbf_msgs_generate_messages_nodejs
[  0%] Built target mbf_msgs_generate_messages_lisp
[  0%] Built target mbf_msgs_generate_messages_eus
[  0%] Built target mbf_msgs_generate_messages_cpp
[  0%] Built target mbf_abstract_nav_gencfg
[  0%] Built target std_srvs_generate_messages_eus
[  0%] Built target roscpp_generate_messages_lisp
[  0%] Built target tf_generate_messages_lisp
[  0%] Built target map_msgs_generate_messages_nodejs
[  0%] Built target actionlib_msgs_generate_messages_nodejs
[  0%] Built target nav_msgs_generate_messages_nodejs
[  0%] Built target costmap_2d_gencfg
[  0%] Built target costmap_2d_generate_messages_cpp
[  0%] Built target dynamic_reconfigure_generate_messages_nodejs
[  0%] Built target roscpp_generate_messages_cpp
[  0%] Built target sensor_msgs_generate_messages_nodejs
[  0%] Built target visualization_msgs_generate_messages_py
[  0%] Built target actionlib_generate_messages_cpp
[  0%] Built target geometry_msgs_generate_messages_nodejs
[  0%] Built target costmap_2d_generate_messages_lisp
[  0%] Built target tf_generate_messages_nodejs
[  0%] Built target std_srvs_generate_messages_cpp
[  0%] Built target costmap_2d_generate_messages_nodejs
[  0%] Built target costmap_2d_generate_messages_py
[  0%] Built target std_msgs_generate_messages_nodejs
[  0%] Built target dynamic_reconfigure_generate_messages_eus
[  0%] Built target costmap_2d_generate_messages_eus
[  0%] Built target dynamic_reconfigure_generate_messages_lisp
[  0%] Built target map_msgs_generate_messages_eus
[  0%] Built target geometry_msgs_generate_messages_py
[  0%] Built target dynamic_reconfigure_generate_messages_py
[  0%] Built target roscpp_generate_messages_py
[  0%] Built target rosgraph_msgs_generate_messages_eus
[  0%] Built target rosgraph_msgs_generate_messages_lisp
[  0%] Built target rosgraph_msgs_generate_messages_nodejs
[  0%] Built target sensor_msgs_generate_messages_cpp
[  0%] Built target sensor_msgs_generate_messages_eus
[  0%] Built target std_srvs_generate_messages_lisp
[  0%] Built target _catkin_empty_exported_target
[  0%] Built target actionlib_generate_messages_eus
[  0%] Built target geometry_msgs_generate_messages_cpp
[  0%] Built target actionlib_generate_messages_lisp
[  0%] Built target actionlib_generate_messages_nodejs
[  0%] Built target map_msgs_generate_messages_py
[  0%] Built target tf_generate_messages_cpp
[  0%] Built target tf_generate_messages_eus
[  0%] Built target roscpp_generate_messages_eus
[  0%] Built target actionlib_msgs_generate_messages_cpp
[  0%] Built target rosgraph_msgs_generate_messages_py
[  0%] Built target actionlib_msgs_generate_messages_eus
[  0%] Built target actionlib_msgs_generate_messages_lisp
[  0%] Built target actionlib_msgs_generate_messages_py
[  0%] Built target tf2_msgs_generate_messages_cpp
[  0%] Built target map_msgs_generate_messages_cpp
[  0%] Built target actionlib_generate_messages_py
[  0%] Built target tf2_msgs_generate_messages_py
[  0%] Built target sensor_msgs_generate_messages_lisp
[  0%] Built target tf2_msgs_generate_messages_nodejs
[  0%] Built target nav_msgs_generate_messages_cpp
[  0%] Built target nav_msgs_generate_messages_lisp
[  0%] Built target dynamic_reconfigure_gencfg
[  0%] Built target tf2_msgs_generate_messages_lisp
[  0%] Built target nav_msgs_generate_messages_py
[  0%] Built target tf2_msgs_generate_messages_eus
[  0%] Built target nav_msgs_generate_messages_eus
[  0%] Built target visualization_msgs_generate_messages_cpp
[  7%] [34m[1mGenerating dynamic reconfigure files from cfg/MoveBaseFlex.cfg: /home/xavier/catkin_ws/devel/.private/mbf_costmap_nav/include/mbf_costmap_nav/MoveBaseFlexConfig.h /home/xavier/catkin_ws/devel/.private/mbf_costmap_nav/lib/python2.7/dist-packages/mbf_costmap_nav/cfg/MoveBaseFlexConfig.py[0m
[35m[1mScanning dependencies of target mbf_nav_core_wrapper[0m
[ 14%] [32mBuilding CXX object CMakeFiles/mbf_nav_core_wrapper.dir/src/nav_core_wrapper/wrapper_global_planner.cpp.o[0m
[ 21%] [32mBuilding CXX object CMakeFiles/mbf_nav_core_wrapper.dir/src/nav_core_wrapper/wrapper_local_planner.cpp.o[0m
[ 28%] [32mBuilding CXX object CMakeFiles/mbf_nav_core_wrapper.dir/src/nav_core_wrapper/wrapper_recovery_behavior.cpp.o[0m
Generating reconfiguration files for MoveBaseFlex in mbf_costmap_nav
Wrote header file in /home/xavier/catkin_ws/devel/.private/mbf_costmap_nav/include/mbf_costmap_nav/MoveBaseFlexConfig.h
[ 28%] Built target mbf_costmap_nav_gencfg
[ 35%] [32m[1mLinking CXX shared library /home/xavier/catkin_ws/devel/.private/mbf_costmap_nav/lib/libmbf_nav_core_wrapper.so[0m
[ 35%] Built target mbf_nav_core_wrapper
[35m[1mScanning dependencies of target mbf_costmap_server[0m
[ 42%] [32mBuilding CXX object CMakeFiles/mbf_costmap_server.dir/src/mbf_costmap_nav/costmap_navigation_server.cpp.o[0m
[ 50%] [32mBuilding CXX object CMakeFiles/mbf_costmap_server.dir/src/mbf_costmap_nav/costmap_planner_execution.cpp.o[0m
[ 57%] [32mBuilding CXX object CMakeFiles/mbf_costmap_server.dir/src/mbf_costmap_nav/costmap_controller_execution.cpp.o[0m
[ 64%] [32mBuilding CXX object CMakeFiles/mbf_costmap_server.dir/src/mbf_costmap_nav/costmap_recovery_execution.cpp.o[0m
[ 71%] [32mBuilding CXX object CMakeFiles/mbf_costmap_server.dir/src/mbf_costmap_nav/costmap_wrapper.cpp.o[0m
[ 78%] [32mBuilding CXX object CMakeFiles/mbf_costmap_server.dir/src/mbf_costmap_nav/footprint_helper.cpp.o[0m
[ 85%] [32m[1mLinking CXX shared library /home/xavier/catkin_ws/devel/.private/mbf_costmap_nav/lib/libmbf_costmap_server.so[0m
[ 85%] Built target mbf_costmap_server
[35m[1mScanning dependencies of target mbf_costmap_nav[0m
[ 92%] [32mBuilding CXX object CMakeFiles/mbf_costmap_nav.dir/src/move_base_server_node.cpp.o[0m
[100%] [32m[1mLinking CXX executable /home/xavier/catkin_ws/devel/.private/mbf_costmap_nav/lib/mbf_costmap_nav/mbf_costmap_nav[0m
[100%] Built target mbf_costmap_nav
