Determining if the pthread_create exist failed with the following output:
Change Dir: /home/xavier/catkin_ws/build/ps3joy/CMakeFiles/CMakeTmp

Run Build Command:"/usr/bin/make" "cmTC_6e7bb/fast"
/usr/bin/make -f CMakeFiles/cmTC_6e7bb.dir/build.make CMakeFiles/cmTC_6e7bb.dir/build
make[1]: Entering directory '/home/xavier/catkin_ws/build/ps3joy/CMakeFiles/CMakeTmp'
Building C object CMakeFiles/cmTC_6e7bb.dir/CheckSymbolExists.c.o
/usr/bin/cc    -o CMakeFiles/cmTC_6e7bb.dir/CheckSymbolExists.c.o   -c /home/xavier/catkin_ws/build/ps3joy/CMakeFiles/CMakeTmp/CheckSymbolExists.c
Linking C executable cmTC_6e7bb
/usr/bin/cmake -E cmake_link_script CMakeFiles/cmTC_6e7bb.dir/link.txt --verbose=1
/usr/bin/cc      -rdynamic CMakeFiles/cmTC_6e7bb.dir/CheckSymbolExists.c.o  -o cmTC_6e7bb 
CMakeFiles/cmTC_6e7bb.dir/CheckSymbolExists.c.o: In function `main':
CheckSymbolExists.c:(.text+0x14): undefined reference to `pthread_create'
CheckSymbolExists.c:(.text+0x18): undefined reference to `pthread_create'
collect2: error: ld returned 1 exit status
CMakeFiles/cmTC_6e7bb.dir/build.make:97: recipe for target 'cmTC_6e7bb' failed
make[1]: *** [cmTC_6e7bb] Error 1
make[1]: Leaving directory '/home/xavier/catkin_ws/build/ps3joy/CMakeFiles/CMakeTmp'
Makefile:126: recipe for target 'cmTC_6e7bb/fast' failed
make: *** [cmTC_6e7bb/fast] Error 2

File /home/xavier/catkin_ws/build/ps3joy/CMakeFiles/CMakeTmp/CheckSymbolExists.c:
/* */
#include <pthread.h>

int main(int argc, char** argv)
{
  (void)argv;
#ifndef pthread_create
  return ((int*)(&pthread_create))[argc];
#else
  (void)argc;
  return 0;
#endif
}

Determining if the function pthread_create exists in the pthreads failed with the following output:
Change Dir: /home/xavier/catkin_ws/build/ps3joy/CMakeFiles/CMakeTmp

Run Build Command:"/usr/bin/make" "cmTC_ec31b/fast"
/usr/bin/make -f CMakeFiles/cmTC_ec31b.dir/build.make CMakeFiles/cmTC_ec31b.dir/build
make[1]: Entering directory '/home/xavier/catkin_ws/build/ps3joy/CMakeFiles/CMakeTmp'
Building C object CMakeFiles/cmTC_ec31b.dir/CheckFunctionExists.c.o
/usr/bin/cc   -DCHECK_FUNCTION_EXISTS=pthread_create   -o CMakeFiles/cmTC_ec31b.dir/CheckFunctionExists.c.o   -c /usr/share/cmake-3.10/Modules/CheckFunctionExists.c
Linking C executable cmTC_ec31b
/usr/bin/cmake -E cmake_link_script CMakeFiles/cmTC_ec31b.dir/link.txt --verbose=1
/usr/bin/cc  -DCHECK_FUNCTION_EXISTS=pthread_create    -rdynamic CMakeFiles/cmTC_ec31b.dir/CheckFunctionExists.c.o  -o cmTC_ec31b -lpthreads 
/usr/bin/ld: cannot find -lpthreads
collect2: error: ld returned 1 exit status
CMakeFiles/cmTC_ec31b.dir/build.make:97: recipe for target 'cmTC_ec31b' failed
make[1]: *** [cmTC_ec31b] Error 1
make[1]: Leaving directory '/home/xavier/catkin_ws/build/ps3joy/CMakeFiles/CMakeTmp'
Makefile:126: recipe for target 'cmTC_ec31b/fast' failed
make: *** [cmTC_ec31b/fast] Error 2


