[35m[1mScanning dependencies of target geometry_msgs_generate_messages_cpp[0m
[  0%] Built target geometry_msgs_generate_messages_cpp
[35m[1mScanning dependencies of target geometry_msgs_generate_messages_py[0m
[  0%] Built target geometry_msgs_generate_messages_py
[35m[1mScanning dependencies of target rosgraph_msgs_generate_messages_nodejs[0m
[  0%] Built target rosgraph_msgs_generate_messages_nodejs
[35m[1mScanning dependencies of target rosgraph_msgs_generate_messages_py[0m
[  0%] Built target rosgraph_msgs_generate_messages_py
[35m[1mScanning dependencies of target std_msgs_generate_messages_eus[0m
[  0%] Built target std_msgs_generate_messages_eus
[35m[1mScanning dependencies of target rosgraph_msgs_generate_messages_lisp[0m
[  0%] Built target rosgraph_msgs_generate_messages_lisp
[35m[1mScanning dependencies of target rosgraph_msgs_generate_messages_eus[0m
[  0%] Built target rosgraph_msgs_generate_messages_eus
[35m[1mScanning dependencies of target rosgraph_msgs_generate_messages_cpp[0m
[  0%] Built target rosgraph_msgs_generate_messages_cpp
[35m[1mScanning dependencies of target roscpp_generate_messages_py[0m
[35m[1mScanning dependencies of target std_msgs_generate_messages_py[0m
[  0%] Built target roscpp_generate_messages_py
[  0%] Built target std_msgs_generate_messages_py
[35m[1mScanning dependencies of target bond_generate_messages_cpp[0m
[  0%] Built target bond_generate_messages_cpp
[35m[1mScanning dependencies of target geometry_msgs_generate_messages_eus[0m
[  0%] Built target geometry_msgs_generate_messages_eus
[35m[1mScanning dependencies of target roscpp_generate_messages_nodejs[0m
[  0%] Built target roscpp_generate_messages_nodejs
[35m[1mScanning dependencies of target roscpp_generate_messages_eus[0m
[35m[1mScanning dependencies of target bond_generate_messages_eus[0m
[  0%] Built target roscpp_generate_messages_eus
[  0%] Built target bond_generate_messages_eus
[35m[1mScanning dependencies of target roscpp_generate_messages_lisp[0m
[  0%] Built target roscpp_generate_messages_lisp
[35m[1mScanning dependencies of target geometry_msgs_generate_messages_nodejs[0m
[  0%] Built target geometry_msgs_generate_messages_nodejs
[35m[1mScanning dependencies of target nodelet_generate_messages_cpp[0m
[  0%] Built target nodelet_generate_messages_cpp
[35m[1mScanning dependencies of target bond_generate_messages_py[0m
[  0%] Built target bond_generate_messages_py
[35m[1mScanning dependencies of target sensor_msgs_generate_messages_py[0m
[  0%] Built target sensor_msgs_generate_messages_py
[35m[1mScanning dependencies of target std_msgs_generate_messages_lisp[0m
[  0%] Built target std_msgs_generate_messages_lisp
[35m[1mScanning dependencies of target nodelet_generate_messages_lisp[0m
[  0%] Built target nodelet_generate_messages_lisp
[35m[1mScanning dependencies of target sensor_msgs_generate_messages_cpp[0m
[35m[1mScanning dependencies of target sensor_msgs_generate_messages_eus[0m
[  0%] Built target sensor_msgs_generate_messages_cpp
[  0%] Built target sensor_msgs_generate_messages_eus
[35m[1mScanning dependencies of target nodelet_generate_messages_eus[0m
[  0%] Built target nodelet_generate_messages_eus
[35m[1mScanning dependencies of target nodelet_generate_messages_nodejs[0m
[  0%] Built target nodelet_generate_messages_nodejs
[35m[1mScanning dependencies of target std_msgs_generate_messages_cpp[0m
[  0%] Built target std_msgs_generate_messages_cpp
[35m[1mScanning dependencies of target nodelet_generate_messages_py[0m
[  0%] Built target nodelet_generate_messages_py
[35m[1mScanning dependencies of target bond_generate_messages_nodejs[0m
[  0%] Built target bond_generate_messages_nodejs
[35m[1mScanning dependencies of target std_msgs_generate_messages_nodejs[0m
[  0%] Built target std_msgs_generate_messages_nodejs
[35m[1mScanning dependencies of target bond_generate_messages_lisp[0m
[  0%] Built target bond_generate_messages_lisp
[35m[1mScanning dependencies of target sensor_msgs_generate_messages_lisp[0m
[  0%] Built target sensor_msgs_generate_messages_lisp
[35m[1mScanning dependencies of target roscpp_generate_messages_cpp[0m
[  0%] Built target roscpp_generate_messages_cpp
[35m[1mScanning dependencies of target sensor_msgs_generate_messages_nodejs[0m
[35m[1mScanning dependencies of target geometry_msgs_generate_messages_lisp[0m
[  0%] Built target sensor_msgs_generate_messages_nodejs
[  0%] Built target geometry_msgs_generate_messages_lisp
[35m[1mScanning dependencies of target laser_scan_sparsifier[0m
[ 16%] [32mBuilding CXX object CMakeFiles/laser_scan_sparsifier.dir/src/laser_scan_sparsifier.cpp.o[0m
In file included from [01m[K/opt/ros/melodic/include/ros/ros.h:40:0[m[K,
                 from [01m[K/home/xavier/catkin_ws/src/scan_tools/laser_scan_sparsifier/include/laser_scan_sparsifier/laser_scan_sparsifier.h:33[m[K,
                 from [01m[K/home/xavier/catkin_ws/src/scan_tools/laser_scan_sparsifier/src/laser_scan_sparsifier.cpp:30[m[K:
[01m[K/home/xavier/catkin_ws/src/scan_tools/laser_scan_sparsifier/src/laser_scan_sparsifier.cpp:[m[K In constructor ‘[01m[Kscan_tools::LaserScanSparsifier::LaserScanSparsifier(ros::NodeHandle, ros::NodeHandle)[m[K’:
[01m[K/opt/ros/melodic/include/ros/console.h:348:176:[m[K [01;35m[Kwarning: [m[Kunknown conversion type character ‘[01m[K,[m[K’ in format [[01;35m[K-Wformat=[m[K]
     ::ros::console::print(filter, __rosconsole_define_location__loc.logger_, __rosconsole_define_location__loc.level_, __FILE__, __LINE__, __ROSCONSOLE_FUNCTION__, __VA_ARGS__[01;35m[K)[m[K
                                                                                                                                                                                [01;35m[K^[m[K
[01m[K/opt/ros/melodic/include/ros/console.h:351:5:[m[K [01;36m[Knote: [m[Kin expansion of macro ‘[01m[KROSCONSOLE_PRINT_AT_LOCATION_WITH_FILTER[m[K’
     [01;36m[KROSCONSOLE_PRINT_AT_LOCATION_WITH_FILTER[m[K(NULL, __VA_ARGS__)
     [01;36m[K^~~~~~~~~~~~~~~~~~~~~~~~~~~~~~~~~~~~~~~~[m[K
[01m[K/opt/ros/melodic/include/ros/console.h:387:7:[m[K [01;36m[Knote: [m[Kin expansion of macro ‘[01m[KROSCONSOLE_PRINT_AT_LOCATION[m[K’
       [01;36m[KROSCONSOLE_PRINT_AT_LOCATION[m[K(__VA_ARGS__); \
       [01;36m[K^~~~~~~~~~~~~~~~~~~~~~~~~~~~[m[K
[01m[K/opt/ros/melodic/include/ros/console.h:572:35:[m[K [01;36m[Knote: [m[Kin expansion of macro ‘[01m[KROS_LOG_COND[m[K’
 #define ROS_LOG(level, name, ...) [01;36m[KROS_LOG_COND[m[K(true, level, name, __VA_ARGS__)
                                   [01;36m[K^~~~~~~~~~~~[m[K
[01m[K/opt/ros/melodic/include/rosconsole/macros_generated.h:266:24:[m[K [01;36m[Knote: [m[Kin expansion of macro ‘[01m[KROS_LOG[m[K’
 #define ROS_FATAL(...) [01;36m[KROS_LOG[m[K(::ros::console::levels::Fatal, ROSCONSOLE_DEFAULT_NAME, __VA_ARGS__)
                        [01;36m[K^~~~~~~[m[K
[01m[K/opt/ros/melodic/include/ros/assert.h:134:7:[m[K [01;36m[Knote: [m[Kin expansion of macro ‘[01m[KROS_FATAL[m[K’
       [01;36m[KROS_FATAL[m[K(__VA_ARGS__); \
       [01;36m[K^~~~~~~~~[m[K
[01m[K/home/xavier/catkin_ws/src/scan_tools/laser_scan_sparsifier/src/laser_scan_sparsifier.cpp:45:3:[m[K [01;36m[Knote: [m[Kin expansion of macro ‘[01m[KROS_ASSERT_MSG[m[K’
   [01;36m[KROS_ASSERT_MSG[m[K(step_ > 0,
   [01;36m[K^~~~~~~~~~~~~~[m[K
[01m[K/opt/ros/melodic/include/ros/console.h:348:176:[m[K [01;35m[Kwarning: [m[Ktoo many arguments for format [[01;35m[K-Wformat-extra-args[m[K]
     ::ros::console::print(filter, __rosconsole_define_location__loc.logger_, __rosconsole_define_location__loc.level_, __FILE__, __LINE__, __ROSCONSOLE_FUNCTION__, __VA_ARGS__[01;35m[K)[m[K
                                                                                                                                                                                [01;35m[K^[m[K
[01m[K/opt/ros/melodic/include/ros/console.h:351:5:[m[K [01;36m[Knote: [m[Kin expansion of macro ‘[01m[KROSCONSOLE_PRINT_AT_LOCATION_WITH_FILTER[m[K’
     [01;36m[KROSCONSOLE_PRINT_AT_LOCATION_WITH_FILTER[m[K(NULL, __VA_ARGS__)
     [01;36m[K^~~~~~~~~~~~~~~~~~~~~~~~~~~~~~~~~~~~~~~~[m[K
[01m[K/opt/ros/melodic/include/ros/console.h:387:7:[m[K [01;36m[Knote: [m[Kin expansion of macro ‘[01m[KROSCONSOLE_PRINT_AT_LOCATION[m[K’
       [01;36m[KROSCONSOLE_PRINT_AT_LOCATION[m[K(__VA_ARGS__); \
       [01;36m[K^~~~~~~~~~~~~~~~~~~~~~~~~~~~[m[K
[01m[K/opt/ros/melodic/include/ros/console.h:572:35:[m[K [01;36m[Knote: [m[Kin expansion of macro ‘[01m[KROS_LOG_COND[m[K’
 #define ROS_LOG(level, name, ...) [01;36m[KROS_LOG_COND[m[K(true, level, name, __VA_ARGS__)
                                   [01;36m[K^~~~~~~~~~~~[m[K
[01m[K/opt/ros/melodic/include/rosconsole/macros_generated.h:266:24:[m[K [01;36m[Knote: [m[Kin expansion of macro ‘[01m[KROS_LOG[m[K’
 #define ROS_FATAL(...) [01;36m[KROS_LOG[m[K(::ros::console::levels::Fatal, ROSCONSOLE_DEFAULT_NAME, __VA_ARGS__)
                        [01;36m[K^~~~~~~[m[K
[01m[K/opt/ros/melodic/include/ros/assert.h:134:7:[m[K [01;36m[Knote: [m[Kin expansion of macro ‘[01m[KROS_FATAL[m[K’
       [01;36m[KROS_FATAL[m[K(__VA_ARGS__); \
       [01;36m[K^~~~~~~~~[m[K
[01m[K/home/xavier/catkin_ws/src/scan_tools/laser_scan_sparsifier/src/laser_scan_sparsifier.cpp:45:3:[m[K [01;36m[Knote: [m[Kin expansion of macro ‘[01m[KROS_ASSERT_MSG[m[K’
   [01;36m[KROS_ASSERT_MSG[m[K(step_ > 0,
   [01;36m[K^~~~~~~~~~~~~~[m[K
[ 33%] [32m[1mLinking CXX shared library /home/xavier/catkin_ws/devel/.private/laser_scan_sparsifier/lib/liblaser_scan_sparsifier.so[0m
[ 33%] Built target laser_scan_sparsifier
[35m[1mScanning dependencies of target laser_scan_sparsifier_node[0m
[ 50%] [32mBuilding CXX object CMakeFiles/laser_scan_sparsifier_node.dir/src/laser_scan_sparsifier_node.cpp.o[0m
[ 66%] [32m[1mLinking CXX executable /home/xavier/catkin_ws/devel/.private/laser_scan_sparsifier/lib/laser_scan_sparsifier/laser_scan_sparsifier_node[0m
[ 66%] Built target laser_scan_sparsifier_node
[35m[1mScanning dependencies of target laser_scan_sparsifier_nodelet[0m
[ 83%] [32mBuilding CXX object CMakeFiles/laser_scan_sparsifier_nodelet.dir/src/laser_scan_sparsifier_nodelet.cpp.o[0m
[100%] [32m[1mLinking CXX shared library /home/xavier/catkin_ws/devel/.private/laser_scan_sparsifier/lib/liblaser_scan_sparsifier_nodelet.so[0m
[100%] Built target laser_scan_sparsifier_nodelet
