In file included from [01m[K/opt/ros/melodic/include/ros/node_handle.h:32:0[m[K,
                 from [01m[K/opt/ros/melodic/include/ros/ros.h:45[m[K,
                 from [01m[K/home/xavier/catkin_ws/src/usb_cam/src/usb_cam.cpp:51[m[K:
[01m[K/opt/ros/melodic/include/ros/publisher.h:53:52:[m[K [01;35m[Kwarning: [m[Kdefaulted and deleted functions only available with -std=c++11 or -std=gnu++11
     Publisher& operator=(const Publisher& other) = default;
[01;32m[K                                                    ^[m[K
In file included from [01m[K/opt/ros/melodic/include/ros/node_handle.h:33:0[m[K,
                 from [01m[K/opt/ros/melodic/include/ros/ros.h:45[m[K,
                 from [01m[K/home/xavier/catkin_ws/src/usb_cam/src/usb_cam.cpp:51[m[K:
[01m[K/opt/ros/melodic/include/ros/subscriber.h:52:52:[m[K [01;35m[Kwarning: [m[Kdefaulted and deleted functions only available with -std=c++11 or -std=gnu++11
   Subscriber& operator=(const Subscriber& other) = default;
[01;32m[K                                                    ^[m[K
In file included from [01m[K/opt/ros/melodic/include/ros/node_handle.h:34:0[m[K,
                 from [01m[K/opt/ros/melodic/include/ros/ros.h:45[m[K,
                 from [01m[K/home/xavier/catkin_ws/src/usb_cam/src/usb_cam.cpp:51[m[K:
[01m[K/opt/ros/melodic/include/ros/service_server.h:51:58:[m[K [01;35m[Kwarning: [m[Kdefaulted and deleted functions only available with -std=c++11 or -std=gnu++11
   ServiceServer& operator=(const ServiceServer& other) = default;
[01;32m[K                                                          ^[m[K
In file included from [01m[K/opt/ros/melodic/include/ros/node_handle.h:35:0[m[K,
                 from [01m[K/opt/ros/melodic/include/ros/ros.h:45[m[K,
                 from [01m[K/home/xavier/catkin_ws/src/usb_cam/src/usb_cam.cpp:51[m[K:
[01m[K/opt/ros/melodic/include/ros/service_client.h:49:58:[m[K [01;35m[Kwarning: [m[Kdefaulted and deleted functions only available with -std=c++11 or -std=gnu++11
   ServiceClient& operator=(const ServiceClient& other) = default;
[01;32m[K                                                          ^[m[K
In file included from [01m[K/opt/ros/melodic/include/ros/node_handle.h:36:0[m[K,
                 from [01m[K/opt/ros/melodic/include/ros/ros.h:45[m[K,
                 from [01m[K/home/xavier/catkin_ws/src/usb_cam/src/usb_cam.cpp:51[m[K:
[01m[K/opt/ros/melodic/include/ros/timer.h:52:42:[m[K [01;35m[Kwarning: [m[Kdefaulted and deleted functions only available with -std=c++11 or -std=gnu++11
   Timer& operator=(const Timer& other) = default;
[01;32m[K                                          ^[m[K
In file included from [01m[K/opt/ros/melodic/include/ros/node_handle.h:38:0[m[K,
                 from [01m[K/opt/ros/melodic/include/ros/ros.h:45[m[K,
                 from [01m[K/home/xavier/catkin_ws/src/usb_cam/src/usb_cam.cpp:51[m[K:
[01m[K/opt/ros/melodic/include/ros/wall_timer.h:52:50:[m[K [01;35m[Kwarning: [m[Kdefaulted and deleted functions only available with -std=c++11 or -std=gnu++11
   WallTimer& operator=(const WallTimer& other) = default;
[01;32m[K                                                  ^[m[K
In file included from [01m[K/opt/ros/melodic/include/ros/node_handle.h:39:0[m[K,
                 from [01m[K/opt/ros/melodic/include/ros/ros.h:45[m[K,
                 from [01m[K/home/xavier/catkin_ws/src/usb_cam/src/usb_cam.cpp:51[m[K:
[01m[K/opt/ros/melodic/include/ros/steady_timer.h:52:54:[m[K [01;35m[Kwarning: [m[Kdefaulted and deleted functions only available with -std=c++11 or -std=gnu++11
   SteadyTimer& operator=(const SteadyTimer& other) = default;
[01;32m[K                                                      ^[m[K
[01m[K/home/xavier/catkin_ws/src/usb_cam/src/usb_cam.cpp:[m[K In member function ‘[01m[Kint usb_cam::UsbCam::init_mjpeg_decoder(int, int)[m[K’:
[01m[K/home/xavier/catkin_ws/src/usb_cam/src/usb_cam.cpp:386:3:[m[K [01;35m[Kwarning: [m[K‘[01m[Kint avpicture_alloc(AVPicture*, AVPixelFormat, int, int)[m[K’ is deprecated [-Wdeprecated-declarations]
   avpicture_alloc((AVPicture *)avframe_rgb_, AV_PIX_FMT_RGB24, image_width, image_height);
[01;32m[K   ^[m[K
In file included from [01m[K/home/xavier/catkin_ws/src/usb_cam/include/usb_cam/usb_cam.h:44:0[m[K,
                 from [01m[K/home/xavier/catkin_ws/src/usb_cam/src/usb_cam.cpp:55[m[K:
[01m[K/usr/include/aarch64-linux-gnu/libavcodec/avcodec.h:5626:5:[m[K [01;36m[Knote: [m[Kdeclared here
 int avpicture_alloc(AVPicture *picture, enum AVPixelFormat pix_fmt, int width, int height);
[01;32m[K     ^[m[K
[01m[K/home/xavier/catkin_ws/src/usb_cam/src/usb_cam.cpp:386:3:[m[K [01;35m[Kwarning: [m[K‘[01m[Kint avpicture_alloc(AVPicture*, AVPixelFormat, int, int)[m[K’ is deprecated [-Wdeprecated-declarations]
   avpicture_alloc((AVPicture *)avframe_rgb_, AV_PIX_FMT_RGB24, image_width, image_height);
[01;32m[K   ^[m[K
In file included from [01m[K/home/xavier/catkin_ws/src/usb_cam/include/usb_cam/usb_cam.h:44:0[m[K,
                 from [01m[K/home/xavier/catkin_ws/src/usb_cam/src/usb_cam.cpp:55[m[K:
[01m[K/usr/include/aarch64-linux-gnu/libavcodec/avcodec.h:5626:5:[m[K [01;36m[Knote: [m[Kdeclared here
 int avpicture_alloc(AVPicture *picture, enum AVPixelFormat pix_fmt, int width, int height);
[01;32m[K     ^[m[K
[01m[K/home/xavier/catkin_ws/src/usb_cam/src/usb_cam.cpp:386:89:[m[K [01;35m[Kwarning: [m[K‘[01m[Kint avpicture_alloc(AVPicture*, AVPixelFormat, int, int)[m[K’ is deprecated [-Wdeprecated-declarations]
   avpicture_alloc((AVPicture *)avframe_rgb_, AV_PIX_FMT_RGB24, image_width, image_height);
[01;32m[K                                                                                         ^[m[K
In file included from [01m[K/home/xavier/catkin_ws/src/usb_cam/include/usb_cam/usb_cam.h:44:0[m[K,
                 from [01m[K/home/xavier/catkin_ws/src/usb_cam/src/usb_cam.cpp:55[m[K:
[01m[K/usr/include/aarch64-linux-gnu/libavcodec/avcodec.h:5626:5:[m[K [01;36m[Knote: [m[Kdeclared here
 int avpicture_alloc(AVPicture *picture, enum AVPixelFormat pix_fmt, int width, int height);
[01;32m[K     ^[m[K
[01m[K/home/xavier/catkin_ws/src/usb_cam/src/usb_cam.cpp:397:26:[m[K [01;35m[Kwarning: [m[K‘[01m[Kint avpicture_get_size(AVPixelFormat, int, int)[m[K’ is deprecated [-Wdeprecated-declarations]
   avframe_camera_size_ = avpicture_get_size(AV_PIX_FMT_YUV422P, image_width, image_height);
[01;32m[K                          ^[m[K
In file included from [01m[K/home/xavier/catkin_ws/src/usb_cam/include/usb_cam/usb_cam.h:44:0[m[K,
                 from [01m[K/home/xavier/catkin_ws/src/usb_cam/src/usb_cam.cpp:55[m[K:
[01m[K/usr/include/aarch64-linux-gnu/libavcodec/avcodec.h:5653:5:[m[K [01;36m[Knote: [m[Kdeclared here
 int avpicture_get_size(enum AVPixelFormat pix_fmt, int width, int height);
[01;32m[K     ^[m[K
[01m[K/home/xavier/catkin_ws/src/usb_cam/src/usb_cam.cpp:397:26:[m[K [01;35m[Kwarning: [m[K‘[01m[Kint avpicture_get_size(AVPixelFormat, int, int)[m[K’ is deprecated [-Wdeprecated-declarations]
   avframe_camera_size_ = avpicture_get_size(AV_PIX_FMT_YUV422P, image_width, image_height);
[01;32m[K                          ^[m[K
In file included from [01m[K/home/xavier/catkin_ws/src/usb_cam/include/usb_cam/usb_cam.h:44:0[m[K,
                 from [01m[K/home/xavier/catkin_ws/src/usb_cam/src/usb_cam.cpp:55[m[K:
[01m[K/usr/include/aarch64-linux-gnu/libavcodec/avcodec.h:5653:5:[m[K [01;36m[Knote: [m[Kdeclared here
 int avpicture_get_size(enum AVPixelFormat pix_fmt, int width, int height);
[01;32m[K     ^[m[K
[01m[K/home/xavier/catkin_ws/src/usb_cam/src/usb_cam.cpp:397:90:[m[K [01;35m[Kwarning: [m[K‘[01m[Kint avpicture_get_size(AVPixelFormat, int, int)[m[K’ is deprecated [-Wdeprecated-declarations]
   avframe_camera_size_ = avpicture_get_size(AV_PIX_FMT_YUV422P, image_width, image_height);
[01;32m[K                                                                                          ^[m[K
In file included from [01m[K/home/xavier/catkin_ws/src/usb_cam/include/usb_cam/usb_cam.h:44:0[m[K,
                 from [01m[K/home/xavier/catkin_ws/src/usb_cam/src/usb_cam.cpp:55[m[K:
[01m[K/usr/include/aarch64-linux-gnu/libavcodec/avcodec.h:5653:5:[m[K [01;36m[Knote: [m[Kdeclared here
 int avpicture_get_size(enum AVPixelFormat pix_fmt, int width, int height);
[01;32m[K     ^[m[K
[01m[K/home/xavier/catkin_ws/src/usb_cam/src/usb_cam.cpp:398:23:[m[K [01;35m[Kwarning: [m[K‘[01m[Kint avpicture_get_size(AVPixelFormat, int, int)[m[K’ is deprecated [-Wdeprecated-declarations]
   avframe_rgb_size_ = avpicture_get_size(AV_PIX_FMT_RGB24, image_width, image_height);
[01;32m[K                       ^[m[K
In file included from [01m[K/home/xavier/catkin_ws/src/usb_cam/include/usb_cam/usb_cam.h:44:0[m[K,
                 from [01m[K/home/xavier/catkin_ws/src/usb_cam/src/usb_cam.cpp:55[m[K:
[01m[K/usr/include/aarch64-linux-gnu/libavcodec/avcodec.h:5653:5:[m[K [01;36m[Knote: [m[Kdeclared here
 int avpicture_get_size(enum AVPixelFormat pix_fmt, int width, int height);
[01;32m[K     ^[m[K
[01m[K/home/xavier/catkin_ws/src/usb_cam/src/usb_cam.cpp:398:23:[m[K [01;35m[Kwarning: [m[K‘[01m[Kint avpicture_get_size(AVPixelFormat, int, int)[m[K’ is deprecated [-Wdeprecated-declarations]
   avframe_rgb_size_ = avpicture_get_size(AV_PIX_FMT_RGB24, image_width, image_height);
[01;32m[K                       ^[m[K
In file included from [01m[K/home/xavier/catkin_ws/src/usb_cam/include/usb_cam/usb_cam.h:44:0[m[K,
                 from [01m[K/home/xavier/catkin_ws/src/usb_cam/src/usb_cam.cpp:55[m[K:
[01m[K/usr/include/aarch64-linux-gnu/libavcodec/avcodec.h:5653:5:[m[K [01;36m[Knote: [m[Kdeclared here
 int avpicture_get_size(enum AVPixelFormat pix_fmt, int width, int height);
[01;32m[K     ^[m[K
[01m[K/home/xavier/catkin_ws/src/usb_cam/src/usb_cam.cpp:398:85:[m[K [01;35m[Kwarning: [m[K‘[01m[Kint avpicture_get_size(AVPixelFormat, int, int)[m[K’ is deprecated [-Wdeprecated-declarations]
   avframe_rgb_size_ = avpicture_get_size(AV_PIX_FMT_RGB24, image_width, image_height);
[01;32m[K                                                                                     ^[m[K
In file included from [01m[K/home/xavier/catkin_ws/src/usb_cam/include/usb_cam/usb_cam.h:44:0[m[K,
                 from [01m[K/home/xavier/catkin_ws/src/usb_cam/src/usb_cam.cpp:55[m[K:
[01m[K/usr/include/aarch64-linux-gnu/libavcodec/avcodec.h:5653:5:[m[K [01;36m[Knote: [m[Kdeclared here
 int avpicture_get_size(enum AVPixelFormat pix_fmt, int width, int height);
[01;32m[K     ^[m[K
[01m[K/home/xavier/catkin_ws/src/usb_cam/src/usb_cam.cpp:[m[K In member function ‘[01m[Kvoid usb_cam::UsbCam::mjpeg2rgb(char*, int, char*, int)[m[K’:
[01m[K/home/xavier/catkin_ws/src/usb_cam/src/usb_cam.cpp:422:17:[m[K [01;35m[Kwarning: [m[K‘[01m[Kint avcodec_decode_video2(AVCodecContext*, AVFrame*, int*, const AVPacket*)[m[K’ is deprecated [-Wdeprecated-declarations]
   decoded_len = avcodec_decode_video2(avcodec_context_, avframe_camera_, &got_picture, &avpkt);
[01;32m[K                 ^[m[K
In file included from [01m[K/home/xavier/catkin_ws/src/usb_cam/include/usb_cam/usb_cam.h:44:0[m[K,
                 from [01m[K/home/xavier/catkin_ws/src/usb_cam/src/usb_cam.cpp:55[m[K:
[01m[K/usr/include/aarch64-linux-gnu/libavcodec/avcodec.h:4993:5:[m[K [01;36m[Knote: [m[Kdeclared here
 int avcodec_decode_video2(AVCodecContext *avctx, AVFrame *picture,
[01;32m[K     ^[m[K
[01m[K/home/xavier/catkin_ws/src/usb_cam/src/usb_cam.cpp:422:17:[m[K [01;35m[Kwarning: [m[K‘[01m[Kint avcodec_decode_video2(AVCodecContext*, AVFrame*, int*, const AVPacket*)[m[K’ is deprecated [-Wdeprecated-declarations]
   decoded_len = avcodec_decode_video2(avcodec_context_, avframe_camera_, &got_picture, &avpkt);
[01;32m[K                 ^[m[K
In file included from [01m[K/home/xavier/catkin_ws/src/usb_cam/include/usb_cam/usb_cam.h:44:0[m[K,
                 from [01m[K/home/xavier/catkin_ws/src/usb_cam/src/usb_cam.cpp:55[m[K:
[01m[K/usr/include/aarch64-linux-gnu/libavcodec/avcodec.h:4993:5:[m[K [01;36m[Knote: [m[Kdeclared here
 int avcodec_decode_video2(AVCodecContext *avctx, AVFrame *picture,
[01;32m[K     ^[m[K
[01m[K/home/xavier/catkin_ws/src/usb_cam/src/usb_cam.cpp:422:94:[m[K [01;35m[Kwarning: [m[K‘[01m[Kint avcodec_decode_video2(AVCodecContext*, AVFrame*, int*, const AVPacket*)[m[K’ is deprecated [-Wdeprecated-declarations]
   decoded_len = avcodec_decode_video2(avcodec_context_, avframe_camera_, &got_picture, &avpkt);
[01;32m[K                                                                                              ^[m[K
In file included from [01m[K/home/xavier/catkin_ws/src/usb_cam/include/usb_cam/usb_cam.h:44:0[m[K,
                 from [01m[K/home/xavier/catkin_ws/src/usb_cam/src/usb_cam.cpp:55[m[K:
[01m[K/usr/include/aarch64-linux-gnu/libavcodec/avcodec.h:4993:5:[m[K [01;36m[Knote: [m[Kdeclared here
 int avcodec_decode_video2(AVCodecContext *avctx, AVFrame *picture,
[01;32m[K     ^[m[K
[01m[K/home/xavier/catkin_ws/src/usb_cam/src/usb_cam.cpp:441:18:[m[K [01;35m[Kwarning: [m[K‘[01m[Kint avpicture_get_size(AVPixelFormat, int, int)[m[K’ is deprecated [-Wdeprecated-declarations]
   int pic_size = avpicture_get_size(avcodec_context_->pix_fmt, xsize, ysize);
[01;32m[K                  ^[m[K
In file included from [01m[K/home/xavier/catkin_ws/src/usb_cam/include/usb_cam/usb_cam.h:44:0[m[K,
                 from [01m[K/home/xavier/catkin_ws/src/usb_cam/src/usb_cam.cpp:55[m[K:
[01m[K/usr/include/aarch64-linux-gnu/libavcodec/avcodec.h:5653:5:[m[K [01;36m[Knote: [m[Kdeclared here
 int avpicture_get_size(enum AVPixelFormat pix_fmt, int width, int height);
[01;32m[K     ^[m[K
[01m[K/home/xavier/catkin_ws/src/usb_cam/src/usb_cam.cpp:441:18:[m[K [01;35m[Kwarning: [m[K‘[01m[Kint avpicture_get_size(AVPixelFormat, int, int)[m[K’ is deprecated [-Wdeprecated-declarations]
   int pic_size = avpicture_get_size(avcodec_context_->pix_fmt, xsize, ysize);
[01;32m[K                  ^[m[K
In file included from [01m[K/home/xavier/catkin_ws/src/usb_cam/include/usb_cam/usb_cam.h:44:0[m[K,
                 from [01m[K/home/xavier/catkin_ws/src/usb_cam/src/usb_cam.cpp:55[m[K:
[01m[K/usr/include/aarch64-linux-gnu/libavcodec/avcodec.h:5653:5:[m[K [01;36m[Knote: [m[Kdeclared here
 int avpicture_get_size(enum AVPixelFormat pix_fmt, int width, int height);
[01;32m[K     ^[m[K
[01m[K/home/xavier/catkin_ws/src/usb_cam/src/usb_cam.cpp:441:76:[m[K [01;35m[Kwarning: [m[K‘[01m[Kint avpicture_get_size(AVPixelFormat, int, int)[m[K’ is deprecated [-Wdeprecated-declarations]
   int pic_size = avpicture_get_size(avcodec_context_->pix_fmt, xsize, ysize);
[01;32m[K                                                                            ^[m[K
In file included from [01m[K/home/xavier/catkin_ws/src/usb_cam/include/usb_cam/usb_cam.h:44:0[m[K,
                 from [01m[K/home/xavier/catkin_ws/src/usb_cam/src/usb_cam.cpp:55[m[K:
[01m[K/usr/include/aarch64-linux-gnu/libavcodec/avcodec.h:5653:5:[m[K [01;36m[Knote: [m[Kdeclared here
 int avpicture_get_size(enum AVPixelFormat pix_fmt, int width, int height);
[01;32m[K     ^[m[K
[01m[K/home/xavier/catkin_ws/src/usb_cam/src/usb_cam.cpp:454:14:[m[K [01;35m[Kwarning: [m[K‘[01m[Kint avpicture_layout(const AVPicture*, AVPixelFormat, int, int, unsigned char*, int)[m[K’ is deprecated [-Wdeprecated-declarations]
   int size = avpicture_layout((AVPicture *)avframe_rgb_, AV_PIX_FMT_RGB24, xsize, ysize, (uint8_t *)RGB, avframe_rgb_size_);
[01;32m[K              ^[m[K
In file included from [01m[K/home/xavier/catkin_ws/src/usb_cam/include/usb_cam/usb_cam.h:44:0[m[K,
                 from [01m[K/home/xavier/catkin_ws/src/usb_cam/src/usb_cam.cpp:55[m[K:
[01m[K/usr/include/aarch64-linux-gnu/libavcodec/avcodec.h:5645:5:[m[K [01;36m[Knote: [m[Kdeclared here
 int avpicture_layout(const AVPicture *src, enum AVPixelFormat pix_fmt,
[01;32m[K     ^[m[K
[01m[K/home/xavier/catkin_ws/src/usb_cam/src/usb_cam.cpp:454:14:[m[K [01;35m[Kwarning: [m[K‘[01m[Kint avpicture_layout(const AVPicture*, AVPixelFormat, int, int, unsigned char*, int)[m[K’ is deprecated [-Wdeprecated-declarations]
   int size = avpicture_layout((AVPicture *)avframe_rgb_, AV_PIX_FMT_RGB24, xsize, ysize, (uint8_t *)RGB, avframe_rgb_size_);
[01;32m[K              ^[m[K
In file included from [01m[K/home/xavier/catkin_ws/src/usb_cam/include/usb_cam/usb_cam.h:44:0[m[K,
                 from [01m[K/home/xavier/catkin_ws/src/usb_cam/src/usb_cam.cpp:55[m[K:
[01m[K/usr/include/aarch64-linux-gnu/libavcodec/avcodec.h:5645:5:[m[K [01;36m[Knote: [m[Kdeclared here
 int avpicture_layout(const AVPicture *src, enum AVPixelFormat pix_fmt,
[01;32m[K     ^[m[K
[01m[K/home/xavier/catkin_ws/src/usb_cam/src/usb_cam.cpp:454:123:[m[K [01;35m[Kwarning: [m[K‘[01m[Kint avpicture_layout(const AVPicture*, AVPixelFormat, int, int, unsigned char*, int)[m[K’ is deprecated [-Wdeprecated-declarations]
   int size = avpicture_layout((AVPicture *)avframe_rgb_, AV_PIX_FMT_RGB24, xsize, ysize, (uint8_t *)RGB, avframe_rgb_size_);
[01;32m[K                                                                                                                           ^[m[K
In file included from [01m[K/home/xavier/catkin_ws/src/usb_cam/include/usb_cam/usb_cam.h:44:0[m[K,
                 from [01m[K/home/xavier/catkin_ws/src/usb_cam/src/usb_cam.cpp:55[m[K:
[01m[K/usr/include/aarch64-linux-gnu/libavcodec/avcodec.h:5645:5:[m[K [01;36m[Knote: [m[Kdeclared here
 int avpicture_layout(const AVPicture *src, enum AVPixelFormat pix_fmt,
[01;32m[K     ^[m[K
In file included from [01m[K/opt/ros/melodic/include/ros/node_handle.h:32:0[m[K,
                 from [01m[K/opt/ros/melodic/include/ros/ros.h:45[m[K,
                 from [01m[K/home/xavier/catkin_ws/src/usb_cam/nodes/usb_cam_node.cpp:37[m[K:
[01m[K/opt/ros/melodic/include/ros/publisher.h:53:52:[m[K [01;35m[Kwarning: [m[Kdefaulted and deleted functions only available with -std=c++11 or -std=gnu++11
     Publisher& operator=(const Publisher& other) = default;
[01;32m[K                                                    ^[m[K
In file included from [01m[K/opt/ros/melodic/include/ros/node_handle.h:33:0[m[K,
                 from [01m[K/opt/ros/melodic/include/ros/ros.h:45[m[K,
                 from [01m[K/home/xavier/catkin_ws/src/usb_cam/nodes/usb_cam_node.cpp:37[m[K:
[01m[K/opt/ros/melodic/include/ros/subscriber.h:52:52:[m[K [01;35m[Kwarning: [m[Kdefaulted and deleted functions only available with -std=c++11 or -std=gnu++11
   Subscriber& operator=(const Subscriber& other) = default;
[01;32m[K                                                    ^[m[K
In file included from [01m[K/opt/ros/melodic/include/ros/node_handle.h:34:0[m[K,
                 from [01m[K/opt/ros/melodic/include/ros/ros.h:45[m[K,
                 from [01m[K/home/xavier/catkin_ws/src/usb_cam/nodes/usb_cam_node.cpp:37[m[K:
[01m[K/opt/ros/melodic/include/ros/service_server.h:51:58:[m[K [01;35m[Kwarning: [m[Kdefaulted and deleted functions only available with -std=c++11 or -std=gnu++11
   ServiceServer& operator=(const ServiceServer& other) = default;
[01;32m[K                                                          ^[m[K
In file included from [01m[K/opt/ros/melodic/include/ros/node_handle.h:35:0[m[K,
                 from [01m[K/opt/ros/melodic/include/ros/ros.h:45[m[K,
                 from [01m[K/home/xavier/catkin_ws/src/usb_cam/nodes/usb_cam_node.cpp:37[m[K:
[01m[K/opt/ros/melodic/include/ros/service_client.h:49:58:[m[K [01;35m[Kwarning: [m[Kdefaulted and deleted functions only available with -std=c++11 or -std=gnu++11
   ServiceClient& operator=(const ServiceClient& other) = default;
[01;32m[K                                                          ^[m[K
In file included from [01m[K/opt/ros/melodic/include/ros/node_handle.h:36:0[m[K,
                 from [01m[K/opt/ros/melodic/include/ros/ros.h:45[m[K,
                 from [01m[K/home/xavier/catkin_ws/src/usb_cam/nodes/usb_cam_node.cpp:37[m[K:
[01m[K/opt/ros/melodic/include/ros/timer.h:52:42:[m[K [01;35m[Kwarning: [m[Kdefaulted and deleted functions only available with -std=c++11 or -std=gnu++11
   Timer& operator=(const Timer& other) = default;
[01;32m[K                                          ^[m[K
In file included from [01m[K/opt/ros/melodic/include/ros/node_handle.h:38:0[m[K,
                 from [01m[K/opt/ros/melodic/include/ros/ros.h:45[m[K,
                 from [01m[K/home/xavier/catkin_ws/src/usb_cam/nodes/usb_cam_node.cpp:37[m[K:
[01m[K/opt/ros/melodic/include/ros/wall_timer.h:52:50:[m[K [01;35m[Kwarning: [m[Kdefaulted and deleted functions only available with -std=c++11 or -std=gnu++11
   WallTimer& operator=(const WallTimer& other) = default;
[01;32m[K                                                  ^[m[K
In file included from [01m[K/opt/ros/melodic/include/ros/node_handle.h:39:0[m[K,
                 from [01m[K/opt/ros/melodic/include/ros/ros.h:45[m[K,
                 from [01m[K/home/xavier/catkin_ws/src/usb_cam/nodes/usb_cam_node.cpp:37[m[K:
[01m[K/opt/ros/melodic/include/ros/steady_timer.h:52:54:[m[K [01;35m[Kwarning: [m[Kdefaulted and deleted functions only available with -std=c++11 or -std=gnu++11
   SteadyTimer& operator=(const SteadyTimer& other) = default;
[01;32m[K                                                      ^[m[K
