make: Warning: File 'Makefile' has modification time 1003 s in the future
make[1]: Warning: File 'CMakeFiles/Makefile2' has modification time 1003 s in the future
make[2]: Warning: File 'CMakeFiles/_map_msgs_generate_messages_check_deps_PointCloud2Update.dir/progress.make' has modification time 1003 s in the future
make[2]: Warning: File 'CMakeFiles/_map_msgs_generate_messages_check_deps_OccupancyGridUpdate.dir/progress.make' has modification time 1003 s in the future
make[2]: warning:  Clock skew detected.  Your build may be incomplete.
make[2]: Warning: File 'CMakeFiles/_map_msgs_generate_messages_check_deps_PointCloud2Update.dir/progress.make' has modification time 1003 s in the future
make[2]: warning:  Clock skew detected.  Your build may be incomplete.
make[2]: Warning: File 'CMakeFiles/_map_msgs_generate_messages_check_deps_OccupancyGridUpdate.dir/progress.make' has modification time 1003 s in the future
make[2]: warning:  Clock skew detected.  Your build may be incomplete.
make[2]: warning:  Clock skew detected.  Your build may be incomplete.
make[2]: Warning: File 'CMakeFiles/_map_msgs_generate_messages_check_deps_SetMapProjections.dir/progress.make' has modification time 1003 s in the future
make[2]: warning:  Clock skew detected.  Your build may be incomplete.
make[2]: Warning: File 'CMakeFiles/_map_msgs_generate_messages_check_deps_SetMapProjections.dir/progress.make' has modification time 1003 s in the future
make[2]: warning:  Clock skew detected.  Your build may be incomplete.
make[2]: Warning: File 'CMakeFiles/_map_msgs_generate_messages_check_deps_SaveMap.dir/progress.make' has modification time 1002 s in the future
make[2]: warning:  Clock skew detected.  Your build may be incomplete.
make[2]: Warning: File 'CMakeFiles/_map_msgs_generate_messages_check_deps_SaveMap.dir/progress.make' has modification time 1002 s in the future
make[2]: warning:  Clock skew detected.  Your build may be incomplete.
make[2]: Warning: File 'CMakeFiles/_map_msgs_generate_messages_check_deps_GetPointMap.dir/progress.make' has modification time 1002 s in the future
make[2]: warning:  Clock skew detected.  Your build may be incomplete.
make[2]: Warning: File 'CMakeFiles/_map_msgs_generate_messages_check_deps_GetPointMap.dir/progress.make' has modification time 1002 s in the future
make[2]: warning:  Clock skew detected.  Your build may be incomplete.
make[2]: Warning: File 'CMakeFiles/_map_msgs_generate_messages_check_deps_GetPointMapROI.dir/progress.make' has modification time 1002 s in the future
make[2]: warning:  Clock skew detected.  Your build may be incomplete.
make[2]: Warning: File 'CMakeFiles/_map_msgs_generate_messages_check_deps_GetPointMapROI.dir/progress.make' has modification time 1002 s in the future
make[2]: warning:  Clock skew detected.  Your build may be incomplete.
make[2]: Warning: File 'CMakeFiles/std_msgs_generate_messages_cpp.dir/progress.make' has modification time 1002 s in the future
make[2]: warning:  Clock skew detected.  Your build may be incomplete.
make[2]: Warning: File 'CMakeFiles/std_msgs_generate_messages_cpp.dir/progress.make' has modification time 1002 s in the future
make[2]: warning:  Clock skew detected.  Your build may be incomplete.
make[2]: Warning: File 'CMakeFiles/nav_msgs_generate_messages_cpp.dir/progress.make' has modification time 1001 s in the future
make[2]: warning:  Clock skew detected.  Your build may be incomplete.
make[2]: Warning: File 'CMakeFiles/nav_msgs_generate_messages_cpp.dir/progress.make' has modification time 1001 s in the future
make[2]: warning:  Clock skew detected.  Your build may be incomplete.
make[2]: Warning: File 'CMakeFiles/_map_msgs_generate_messages_check_deps_ProjectedMapsInfo.dir/progress.make' has modification time 1001 s in the future
make[2]: warning:  Clock skew detected.  Your build may be incomplete.
make[2]: Warning: File 'CMakeFiles/_map_msgs_generate_messages_check_deps_ProjectedMapsInfo.dir/progress.make' has modification time 1001 s in the future
make[2]: warning:  Clock skew detected.  Your build may be incomplete.
make[2]: Warning: File 'CMakeFiles/_map_msgs_generate_messages_check_deps_ProjectedMapInfo.dir/progress.make' has modification time 1001 s in the future
make[2]: warning:  Clock skew detected.  Your build may be incomplete.
make[2]: Warning: File 'CMakeFiles/_map_msgs_generate_messages_check_deps_ProjectedMapInfo.dir/progress.make' has modification time 1001 s in the future
make[2]: Warning: File 'CMakeFiles/_map_msgs_generate_messages_check_deps_ProjectedMap.dir/progress.make' has modification time 1001 s in the future
make[2]: warning:  Clock skew detected.  Your build may be incomplete.
make[2]: warning:  Clock skew detected.  Your build may be incomplete.
make[2]: Warning: File 'CMakeFiles/_map_msgs_generate_messages_check_deps_ProjectedMap.dir/progress.make' has modification time 1001 s in the future
make[2]: warning:  Clock skew detected.  Your build may be incomplete.
make[2]: Warning: File 'CMakeFiles/sensor_msgs_generate_messages_cpp.dir/progress.make' has modification time 1001 s in the future
make[2]: warning:  Clock skew detected.  Your build may be incomplete.
make[2]: Warning: File 'CMakeFiles/_map_msgs_generate_messages_check_deps_GetMapROI.dir/progress.make' has modification time 1001 s in the future
make[2]: Warning: File 'CMakeFiles/sensor_msgs_generate_messages_cpp.dir/progress.make' has modification time 1001 s in the future
make[2]: warning:  Clock skew detected.  Your build may be incomplete.
make[2]: warning:  Clock skew detected.  Your build may be incomplete.
make[2]: Warning: File 'CMakeFiles/_map_msgs_generate_messages_check_deps_GetMapROI.dir/progress.make' has modification time 1001 s in the future
make[2]: Warning: File 'CMakeFiles/nav_msgs_generate_messages_py.dir/progress.make' has modification time 1001 s in the future
make[2]: warning:  Clock skew detected.  Your build may be incomplete.
make[2]: warning:  Clock skew detected.  Your build may be incomplete.
make[2]: Warning: File 'CMakeFiles/nav_msgs_generate_messages_py.dir/progress.make' has modification time 1001 s in the future
make[2]: warning:  Clock skew detected.  Your build may be incomplete.
make[2]: Warning: File 'CMakeFiles/std_msgs_generate_messages_py.dir/progress.make' has modification time 1001 s in the future
make[2]: Warning: File 'CMakeFiles/sensor_msgs_generate_messages_py.dir/progress.make' has modification time 1000 s in the future
make[2]: warning:  Clock skew detected.  Your build may be incomplete.
make[2]: Warning: File 'CMakeFiles/std_msgs_generate_messages_py.dir/progress.make' has modification time 1000 s in the future
make[2]: warning:  Clock skew detected.  Your build may be incomplete.
make[2]: warning:  Clock skew detected.  Your build may be incomplete.
make[2]: Warning: File 'CMakeFiles/sensor_msgs_generate_messages_py.dir/progress.make' has modification time 1000 s in the future
make[2]: warning:  Clock skew detected.  Your build may be incomplete.
make[2]: Warning: File 'CMakeFiles/nav_msgs_generate_messages_eus.dir/progress.make' has modification time 1000 s in the future
make[2]: Warning: File 'CMakeFiles/std_msgs_generate_messages_eus.dir/progress.make' has modification time 1000 s in the future
make[2]: warning:  Clock skew detected.  Your build may be incomplete.
make[2]: Warning: File 'CMakeFiles/nav_msgs_generate_messages_eus.dir/progress.make' has modification time 1000 s in the future
make[2]: warning:  Clock skew detected.  Your build may be incomplete.
make[2]: warning:  Clock skew detected.  Your build may be incomplete.
make[2]: Warning: File 'CMakeFiles/std_msgs_generate_messages_eus.dir/progress.make' has modification time 1000 s in the future
make[2]: warning:  Clock skew detected.  Your build may be incomplete.
make[2]: Warning: File 'CMakeFiles/sensor_msgs_generate_messages_eus.dir/progress.make' has modification time 1000 s in the future
make[2]: Warning: File 'CMakeFiles/nav_msgs_generate_messages_nodejs.dir/progress.make' has modification time 1000 s in the future
make[2]: warning:  Clock skew detected.  Your build may be incomplete.
make[2]: Warning: File 'CMakeFiles/sensor_msgs_generate_messages_eus.dir/progress.make' has modification time 1000 s in the future
make[2]: warning:  Clock skew detected.  Your build may be incomplete.
make[2]: warning:  Clock skew detected.  Your build may be incomplete.
make[2]: Warning: File 'CMakeFiles/nav_msgs_generate_messages_nodejs.dir/progress.make' has modification time 1000 s in the future
make[2]: warning:  Clock skew detected.  Your build may be incomplete.
make[2]: Warning: File 'CMakeFiles/std_msgs_generate_messages_nodejs.dir/progress.make' has modification time 1000 s in the future
make[2]: warning:  Clock skew detected.  Your build may be incomplete.
make[2]: Warning: File 'CMakeFiles/std_msgs_generate_messages_nodejs.dir/progress.make' has modification time 1000 s in the future
make[2]: warning:  Clock skew detected.  Your build may be incomplete.
make[2]: Warning: File 'CMakeFiles/sensor_msgs_generate_messages_nodejs.dir/progress.make' has modification time 1000 s in the future
make[2]: warning:  Clock skew detected.  Your build may be incomplete.
make[2]: Warning: File 'CMakeFiles/sensor_msgs_generate_messages_nodejs.dir/progress.make' has modification time 1000 s in the future
make[2]: warning:  Clock skew detected.  Your build may be incomplete.
make[2]: Warning: File 'CMakeFiles/nav_msgs_generate_messages_lisp.dir/progress.make' has modification time 1000 s in the future
make[2]: Warning: File 'CMakeFiles/std_msgs_generate_messages_lisp.dir/progress.make' has modification time 1000 s in the future
make[2]: warning:  Clock skew detected.  Your build may be incomplete.
make[2]: warning:  Clock skew detected.  Your build may be incomplete.
make[2]: Warning: File 'CMakeFiles/nav_msgs_generate_messages_lisp.dir/progress.make' has modification time 1000 s in the future
make[2]: warning:  Clock skew detected.  Your build may be incomplete.
make[2]: Warning: File 'CMakeFiles/std_msgs_generate_messages_lisp.dir/progress.make' has modification time 1000 s in the future
make[2]: warning:  Clock skew detected.  Your build may be incomplete.
make[2]: Warning: File 'CMakeFiles/sensor_msgs_generate_messages_lisp.dir/progress.make' has modification time 1000 s in the future
make[2]: warning:  Clock skew detected.  Your build may be incomplete.
make[2]: Warning: File 'CMakeFiles/sensor_msgs_generate_messages_lisp.dir/progress.make' has modification time 1000 s in the future
make[2]: warning:  Clock skew detected.  Your build may be incomplete.
make[2]: Warning: File 'CMakeFiles/map_msgs_generate_messages_cpp.dir/progress.make' has modification time 1000 s in the future
make[2]: Warning: File 'CMakeFiles/map_msgs_generate_messages_py.dir/progress.make' has modification time 1000 s in the future
make[2]: Warning: File 'CMakeFiles/map_msgs_generate_messages_eus.dir/progress.make' has modification time 1000 s in the future
make[2]: warning:  Clock skew detected.  Your build may be incomplete.
make[2]: Warning: File 'CMakeFiles/map_msgs_generate_messages_cpp.dir/progress.make' has modification time 1000 s in the future
make[2]: warning:  Clock skew detected.  Your build may be incomplete.
make[2]: warning:  Clock skew detected.  Your build may be incomplete.
make[2]: Warning: File 'CMakeFiles/map_msgs_generate_messages_py.dir/progress.make' has modification time 1000 s in the future
make[2]: warning:  Clock skew detected.  Your build may be incomplete.
make[2]: warning:  Clock skew detected.  Your build may be incomplete.
make[2]: Warning: File 'CMakeFiles/map_msgs_generate_messages_eus.dir/progress.make' has modification time 1000 s in the future
make[2]: warning:  Clock skew detected.  Your build may be incomplete.
make[2]: Warning: File 'CMakeFiles/map_msgs_generate_messages_nodejs.dir/progress.make' has modification time 1000 s in the future
make[2]: Warning: File 'CMakeFiles/map_msgs_generate_messages_lisp.dir/progress.make' has modification time 1000 s in the future
make[2]: warning:  Clock skew detected.  Your build may be incomplete.
make[2]: Warning: File 'CMakeFiles/map_msgs_generate_messages_nodejs.dir/progress.make' has modification time 1000 s in the future
make[2]: warning:  Clock skew detected.  Your build may be incomplete.
make[2]: warning:  Clock skew detected.  Your build may be incomplete.
make[2]: Warning: File 'CMakeFiles/map_msgs_generate_messages_lisp.dir/progress.make' has modification time 1000 s in the future
make[2]: warning:  Clock skew detected.  Your build may be incomplete.
make[2]: Warning: File 'CMakeFiles/map_msgs_generate_messages.dir/progress.make' has modification time 999 s in the future
make[2]: warning:  Clock skew detected.  Your build may be incomplete.
make[2]: Warning: File 'CMakeFiles/map_msgs_generate_messages.dir/progress.make' has modification time 999 s in the future
make[2]: warning:  Clock skew detected.  Your build may be incomplete.
make[1]: warning:  Clock skew detected.  Your build may be incomplete.
make: warning:  Clock skew detected.  Your build may be incomplete.
