Determining if the pthread_create exist failed with the following output:
Change Dir: /home/xavier/catkin_ws/build/rplidar_ros/CMakeFiles/CMakeTmp

Run Build Command:"/usr/bin/make" "cmTC_4ccdc/fast"
/usr/bin/make -f CMakeFiles/cmTC_4ccdc.dir/build.make CMakeFiles/cmTC_4ccdc.dir/build
make[1]: Entering directory '/home/xavier/catkin_ws/build/rplidar_ros/CMakeFiles/CMakeTmp'
Building C object CMakeFiles/cmTC_4ccdc.dir/CheckSymbolExists.c.o
/usr/bin/cc    -o CMakeFiles/cmTC_4ccdc.dir/CheckSymbolExists.c.o   -c /home/xavier/catkin_ws/build/rplidar_ros/CMakeFiles/CMakeTmp/CheckSymbolExists.c
Linking C executable cmTC_4ccdc
/usr/bin/cmake -E cmake_link_script CMakeFiles/cmTC_4ccdc.dir/link.txt --verbose=1
/usr/bin/cc      -rdynamic CMakeFiles/cmTC_4ccdc.dir/CheckSymbolExists.c.o  -o cmTC_4ccdc 
CMakeFiles/cmTC_4ccdc.dir/CheckSymbolExists.c.o: In function `main':
CheckSymbolExists.c:(.text+0x14): undefined reference to `pthread_create'
CheckSymbolExists.c:(.text+0x18): undefined reference to `pthread_create'
collect2: error: ld returned 1 exit status
CMakeFiles/cmTC_4ccdc.dir/build.make:97: recipe for target 'cmTC_4ccdc' failed
make[1]: *** [cmTC_4ccdc] Error 1
make[1]: Leaving directory '/home/xavier/catkin_ws/build/rplidar_ros/CMakeFiles/CMakeTmp'
Makefile:126: recipe for target 'cmTC_4ccdc/fast' failed
make: *** [cmTC_4ccdc/fast] Error 2

File /home/xavier/catkin_ws/build/rplidar_ros/CMakeFiles/CMakeTmp/CheckSymbolExists.c:
/* */
#include <pthread.h>

int main(int argc, char** argv)
{
  (void)argv;
#ifndef pthread_create
  return ((int*)(&pthread_create))[argc];
#else
  (void)argc;
  return 0;
#endif
}

Determining if the function pthread_create exists in the pthreads failed with the following output:
Change Dir: /home/xavier/catkin_ws/build/rplidar_ros/CMakeFiles/CMakeTmp

Run Build Command:"/usr/bin/make" "cmTC_bad17/fast"
/usr/bin/make -f CMakeFiles/cmTC_bad17.dir/build.make CMakeFiles/cmTC_bad17.dir/build
make[1]: Entering directory '/home/xavier/catkin_ws/build/rplidar_ros/CMakeFiles/CMakeTmp'
Building C object CMakeFiles/cmTC_bad17.dir/CheckFunctionExists.c.o
/usr/bin/cc   -DCHECK_FUNCTION_EXISTS=pthread_create   -o CMakeFiles/cmTC_bad17.dir/CheckFunctionExists.c.o   -c /usr/share/cmake-3.10/Modules/CheckFunctionExists.c
Linking C executable cmTC_bad17
/usr/bin/cmake -E cmake_link_script CMakeFiles/cmTC_bad17.dir/link.txt --verbose=1
/usr/bin/cc  -DCHECK_FUNCTION_EXISTS=pthread_create    -rdynamic CMakeFiles/cmTC_bad17.dir/CheckFunctionExists.c.o  -o cmTC_bad17 -lpthreads 
/usr/bin/ld: cannot find -lpthreads
collect2: error: ld returned 1 exit status
CMakeFiles/cmTC_bad17.dir/build.make:97: recipe for target 'cmTC_bad17' failed
make[1]: *** [cmTC_bad17] Error 1
make[1]: Leaving directory '/home/xavier/catkin_ws/build/rplidar_ros/CMakeFiles/CMakeTmp'
Makefile:126: recipe for target 'cmTC_bad17/fast' failed
make: *** [cmTC_bad17/fast] Error 2


