[35m[1mScanning dependencies of target _obs_extract_generate_messages_check_deps_States[0m
[  0%] Built target std_msgs_generate_messages_py
[  0%] Built target _obs_extract_generate_messages_check_deps_States
[  0%] Built target _obs_extract_generate_messages_check_deps_Obstacles
[  0%] Built target _obs_extract_generate_messages_check_deps_CircleObstacle
[  0%] Built target _obs_extract_generate_messages_check_deps_SegmentObstacle
[  0%] Built target geometry_msgs_generate_messages_py
[  0%] Built target std_msgs_generate_messages_nodejs
[  0%] Built target geometry_msgs_generate_messages_nodejs
[  0%] Built target std_msgs_generate_messages_lisp
[  0%] Built target geometry_msgs_generate_messages_lisp
[  0%] Built target geometry_msgs_generate_messages_eus
[  0%] Built target std_msgs_generate_messages_eus
[  0%] Built target geometry_msgs_generate_messages_cpp
[  0%] Built target std_msgs_generate_messages_cpp
[  4%] [34m[1mGenerating Python from MSG obs_extract/States[0m
[  9%] [34m[1mGenerating Javascript code from obs_extract/States.msg[0m
[ 13%] [34m[1mGenerating EusLisp code from obs_extract/States.msg[0m
[ 18%] [34m[1mGenerating Lisp code from obs_extract/States.msg[0m
[ 22%] [34m[1mGenerating C++ code from obs_extract/States.msg[0m
[ 36%] Built target obs_extract_generate_messages_nodejs
[ 50%] Built target obs_extract_generate_messages_lisp
[ 54%] [34m[1mGenerating Python msg __init__.py for obs_extract[0m
[ 72%] Built target obs_extract_generate_messages_eus
[ 86%] Built target obs_extract_generate_messages_py
[100%] Built target obs_extract_generate_messages_cpp
[100%] Built target obs_extract_generate_messages
