Linked: (/home/xavier/catkin_ws/devel/.private/obs_extract/include/obs_extract/States.h, /home/xavier/catkin_ws/devel/include/obs_extract/States.h)
Linked: (/home/xavier/catkin_ws/devel/.private/obs_extract/include/obs_extract/CircleObstacle.h, /home/xavier/catkin_ws/devel/include/obs_extract/CircleObstacle.h)
Linked: (/home/xavier/catkin_ws/devel/.private/obs_extract/include/obs_extract/SegmentObstacle.h, /home/xavier/catkin_ws/devel/include/obs_extract/SegmentObstacle.h)
Linked: (/home/xavier/catkin_ws/devel/.private/obs_extract/include/obs_extract/Obstacles.h, /home/xavier/catkin_ws/devel/include/obs_extract/Obstacles.h)
Linked: (/home/xavier/catkin_ws/devel/.private/obs_extract/share/obs_extract/cmake/obs_extract-msg-paths.cmake, /home/xavier/catkin_ws/devel/share/obs_extract/cmake/obs_extract-msg-paths.cmake)
Linked: (/home/xavier/catkin_ws/devel/.private/obs_extract/share/roseus/ros/obs_extract/manifest.l, /home/xavier/catkin_ws/devel/share/roseus/ros/obs_extract/manifest.l)
Linked: (/home/xavier/catkin_ws/devel/.private/obs_extract/share/roseus/ros/obs_extract/msg/States.l, /home/xavier/catkin_ws/devel/share/roseus/ros/obs_extract/msg/States.l)
Linked: (/home/xavier/catkin_ws/devel/.private/obs_extract/share/roseus/ros/obs_extract/msg/Obstacles.l, /home/xavier/catkin_ws/devel/share/roseus/ros/obs_extract/msg/Obstacles.l)
Linked: (/home/xavier/catkin_ws/devel/.private/obs_extract/share/roseus/ros/obs_extract/msg/SegmentObstacle.l, /home/xavier/catkin_ws/devel/share/roseus/ros/obs_extract/msg/SegmentObstacle.l)
Linked: (/home/xavier/catkin_ws/devel/.private/obs_extract/share/roseus/ros/obs_extract/msg/CircleObstacle.l, /home/xavier/catkin_ws/devel/share/roseus/ros/obs_extract/msg/CircleObstacle.l)
Linked: (/home/xavier/catkin_ws/devel/.private/obs_extract/share/gennodejs/ros/obs_extract/_index.js, /home/xavier/catkin_ws/devel/share/gennodejs/ros/obs_extract/_index.js)
Linked: (/home/xavier/catkin_ws/devel/.private/obs_extract/share/gennodejs/ros/obs_extract/msg/_index.js, /home/xavier/catkin_ws/devel/share/gennodejs/ros/obs_extract/msg/_index.js)
Linked: (/home/xavier/catkin_ws/devel/.private/obs_extract/share/gennodejs/ros/obs_extract/msg/SegmentObstacle.js, /home/xavier/catkin_ws/devel/share/gennodejs/ros/obs_extract/msg/SegmentObstacle.js)
Linked: (/home/xavier/catkin_ws/devel/.private/obs_extract/share/gennodejs/ros/obs_extract/msg/CircleObstacle.js, /home/xavier/catkin_ws/devel/share/gennodejs/ros/obs_extract/msg/CircleObstacle.js)
Linked: (/home/xavier/catkin_ws/devel/.private/obs_extract/share/gennodejs/ros/obs_extract/msg/States.js, /home/xavier/catkin_ws/devel/share/gennodejs/ros/obs_extract/msg/States.js)
Linked: (/home/xavier/catkin_ws/devel/.private/obs_extract/share/gennodejs/ros/obs_extract/msg/Obstacles.js, /home/xavier/catkin_ws/devel/share/gennodejs/ros/obs_extract/msg/Obstacles.js)
Linked: (/home/xavier/catkin_ws/devel/.private/obs_extract/share/common-lisp/ros/obs_extract/msg/CircleObstacle.lisp, /home/xavier/catkin_ws/devel/share/common-lisp/ros/obs_extract/msg/CircleObstacle.lisp)
Linked: (/home/xavier/catkin_ws/devel/.private/obs_extract/share/common-lisp/ros/obs_extract/msg/_package_SegmentObstacle.lisp, /home/xavier/catkin_ws/devel/share/common-lisp/ros/obs_extract/msg/_package_SegmentObstacle.lisp)
Linked: (/home/xavier/catkin_ws/devel/.private/obs_extract/share/common-lisp/ros/obs_extract/msg/SegmentObstacle.lisp, /home/xavier/catkin_ws/devel/share/common-lisp/ros/obs_extract/msg/SegmentObstacle.lisp)
Linked: (/home/xavier/catkin_ws/devel/.private/obs_extract/share/common-lisp/ros/obs_extract/msg/_package.lisp, /home/xavier/catkin_ws/devel/share/common-lisp/ros/obs_extract/msg/_package.lisp)
Linked: (/home/xavier/catkin_ws/devel/.private/obs_extract/share/common-lisp/ros/obs_extract/msg/_package_CircleObstacle.lisp, /home/xavier/catkin_ws/devel/share/common-lisp/ros/obs_extract/msg/_package_CircleObstacle.lisp)
Linked: (/home/xavier/catkin_ws/devel/.private/obs_extract/share/common-lisp/ros/obs_extract/msg/_package_States.lisp, /home/xavier/catkin_ws/devel/share/common-lisp/ros/obs_extract/msg/_package_States.lisp)
Linked: (/home/xavier/catkin_ws/devel/.private/obs_extract/share/common-lisp/ros/obs_extract/msg/States.lisp, /home/xavier/catkin_ws/devel/share/common-lisp/ros/obs_extract/msg/States.lisp)
Linked: (/home/xavier/catkin_ws/devel/.private/obs_extract/share/common-lisp/ros/obs_extract/msg/Obstacles.lisp, /home/xavier/catkin_ws/devel/share/common-lisp/ros/obs_extract/msg/Obstacles.lisp)
Linked: (/home/xavier/catkin_ws/devel/.private/obs_extract/share/common-lisp/ros/obs_extract/msg/_package_Obstacles.lisp, /home/xavier/catkin_ws/devel/share/common-lisp/ros/obs_extract/msg/_package_Obstacles.lisp)
Linked: (/home/xavier/catkin_ws/devel/.private/obs_extract/share/common-lisp/ros/obs_extract/msg/obs_extract-msg.asd, /home/xavier/catkin_ws/devel/share/common-lisp/ros/obs_extract/msg/obs_extract-msg.asd)
Linked: (/home/xavier/catkin_ws/devel/.private/obs_extract/lib/python2.7/dist-packages/obs_extract/__init__.py, /home/xavier/catkin_ws/devel/lib/python2.7/dist-packages/obs_extract/__init__.py)
Linked: (/home/xavier/catkin_ws/devel/.private/obs_extract/lib/python2.7/dist-packages/obs_extract/msg/_Obstacles.py, /home/xavier/catkin_ws/devel/lib/python2.7/dist-packages/obs_extract/msg/_Obstacles.py)
Linked: (/home/xavier/catkin_ws/devel/.private/obs_extract/lib/python2.7/dist-packages/obs_extract/msg/_SegmentObstacle.py, /home/xavier/catkin_ws/devel/lib/python2.7/dist-packages/obs_extract/msg/_SegmentObstacle.py)
Linked: (/home/xavier/catkin_ws/devel/.private/obs_extract/lib/python2.7/dist-packages/obs_extract/msg/_CircleObstacle.py, /home/xavier/catkin_ws/devel/lib/python2.7/dist-packages/obs_extract/msg/_CircleObstacle.py)
Linked: (/home/xavier/catkin_ws/devel/.private/obs_extract/lib/python2.7/dist-packages/obs_extract/msg/_States.py, /home/xavier/catkin_ws/devel/lib/python2.7/dist-packages/obs_extract/msg/_States.py)
Linked: (/home/xavier/catkin_ws/devel/.private/obs_extract/lib/python2.7/dist-packages/obs_extract/msg/__init__.py, /home/xavier/catkin_ws/devel/lib/python2.7/dist-packages/obs_extract/msg/__init__.py)
