Symlinking /home/xavier/catkin_ws/devel/include/obs_extract/CircleObstacle.h
Symlinking /home/xavier/catkin_ws/devel/include/obs_extract/SegmentObstacle.h
Symlinking /home/xavier/catkin_ws/devel/include/obs_extract/Obstacles.h
Symlinking /home/xavier/catkin_ws/devel/share/obs_extract/cmake/obs_extract-msg-paths.cmake
Symlinking /home/xavier/catkin_ws/devel/share/roseus/ros/obs_extract/manifest.l
Symlinking /home/xavier/catkin_ws/devel/share/roseus/ros/obs_extract/msg/Obstacles.l
Symlinking /home/xavier/catkin_ws/devel/share/roseus/ros/obs_extract/msg/SegmentObstacle.l
Symlinking /home/xavier/catkin_ws/devel/share/roseus/ros/obs_extract/msg/CircleObstacle.l
Symlinking /home/xavier/catkin_ws/devel/share/gennodejs/ros/obs_extract/_index.js
Symlinking /home/xavier/catkin_ws/devel/share/gennodejs/ros/obs_extract/msg/_index.js
Symlinking /home/xavier/catkin_ws/devel/share/gennodejs/ros/obs_extract/msg/SegmentObstacle.js
Symlinking /home/xavier/catkin_ws/devel/share/gennodejs/ros/obs_extract/msg/CircleObstacle.js
Symlinking /home/xavier/catkin_ws/devel/share/gennodejs/ros/obs_extract/msg/Obstacles.js
Symlinking /home/xavier/catkin_ws/devel/share/common-lisp/ros/obs_extract/msg/CircleObstacle.lisp
Symlinking /home/xavier/catkin_ws/devel/share/common-lisp/ros/obs_extract/msg/_package_SegmentObstacle.lisp
Symlinking /home/xavier/catkin_ws/devel/share/common-lisp/ros/obs_extract/msg/SegmentObstacle.lisp
Symlinking /home/xavier/catkin_ws/devel/share/common-lisp/ros/obs_extract/msg/_package.lisp
Symlinking /home/xavier/catkin_ws/devel/share/common-lisp/ros/obs_extract/msg/_package_CircleObstacle.lisp
Symlinking /home/xavier/catkin_ws/devel/share/common-lisp/ros/obs_extract/msg/Obstacles.lisp
Symlinking /home/xavier/catkin_ws/devel/share/common-lisp/ros/obs_extract/msg/_package_Obstacles.lisp
Symlinking /home/xavier/catkin_ws/devel/share/common-lisp/ros/obs_extract/msg/obs_extract-msg.asd
Symlinking /home/xavier/catkin_ws/devel/lib/python2.7/dist-packages/obs_extract/__init__.py
Symlinking /home/xavier/catkin_ws/devel/lib/python2.7/dist-packages/obs_extract/msg/_Obstacles.py
Symlinking /home/xavier/catkin_ws/devel/lib/python2.7/dist-packages/obs_extract/msg/_SegmentObstacle.py
Symlinking /home/xavier/catkin_ws/devel/lib/python2.7/dist-packages/obs_extract/msg/_CircleObstacle.py
Symlinking /home/xavier/catkin_ws/devel/lib/python2.7/dist-packages/obs_extract/msg/__init__.py
