[  0%] Built target std_msgs_generate_messages_py
[  0%] Built target geometry_msgs_generate_messages_py
[  0%] Built target _obs_extract_generate_messages_check_deps_CircleObstacle
[  0%] Built target std_msgs_generate_messages_nodejs
[  0%] Built target _obs_extract_generate_messages_check_deps_SegmentObstacle
[  0%] Built target _obs_extract_generate_messages_check_deps_States
[  0%] Built target _obs_extract_generate_messages_check_deps_Obstacles
[  0%] Built target geometry_msgs_generate_messages_nodejs
[  0%] Built target std_msgs_generate_messages_eus
[  0%] Built target geometry_msgs_generate_messages_lisp
[  0%] Built target std_msgs_generate_messages_lisp
[  0%] Built target geometry_msgs_generate_messages_eus
[  0%] Built target std_msgs_generate_messages_cpp
[  0%] Built target geometry_msgs_generate_messages_cpp
[ 40%] Built target obs_extract_generate_messages_nodejs
[ 40%] Built target obs_extract_generate_messages_py
[ 63%] Built target obs_extract_generate_messages_eus
[ 81%] Built target obs_extract_generate_messages_lisp
[100%] Built target obs_extract_generate_messages_cpp
[100%] Built target obs_extract_generate_messages
