[  0%] Built target std_msgs_generate_messages_py
[  0%] Built target _obs_extract_generate_messages_check_deps_Obstacles
[  0%] Built target _obs_extract_generate_messages_check_deps_CircleObstacle
[  0%] Built target geometry_msgs_generate_messages_py
[  0%] Built target _obs_extract_generate_messages_check_deps_SegmentObstacle
[  0%] Built target std_msgs_generate_messages_lisp
[  0%] Built target geometry_msgs_generate_messages_lisp
[  0%] Built target std_msgs_generate_messages_eus
[  0%] Built target geometry_msgs_generate_messages_eus
[  0%] Built target geometry_msgs_generate_messages_cpp
[  0%] Built target std_msgs_generate_messages_cpp
[  0%] Built target std_msgs_generate_messages_nodejs
[  0%] Built target geometry_msgs_generate_messages_nodejs
[  5%] [34m[1mGenerating Python from MSG obs_extract/CircleObstacle[0m
[ 11%] [34m[1mGenerating Python from MSG obs_extract/Obstacles[0m
[ 17%] [34m[1mGenerating Python from MSG obs_extract/SegmentObstacle[0m
[ 23%] [34m[1mGenerating Lisp code from obs_extract/CircleObstacle.msg[0m
[ 29%] [34m[1mGenerating Lisp code from obs_extract/Obstacles.msg[0m
[ 35%] [34m[1mGenerating Python msg __init__.py for obs_extract[0m
[ 41%] [34m[1mGenerating Lisp code from obs_extract/SegmentObstacle.msg[0m
[ 41%] Built target obs_extract_generate_messages_lisp
[ 41%] Built target obs_extract_generate_messages_py
[ 47%] [34m[1mGenerating EusLisp code from obs_extract/CircleObstacle.msg[0m
[ 52%] [34m[1mGenerating EusLisp code from obs_extract/Obstacles.msg[0m
[ 58%] [34m[1mGenerating EusLisp code from obs_extract/SegmentObstacle.msg[0m
[ 64%] [34m[1mGenerating C++ code from obs_extract/CircleObstacle.msg[0m
[ 70%] Built target obs_extract_generate_messages_eus
[ 76%] [34m[1mGenerating Javascript code from obs_extract/CircleObstacle.msg[0m
[ 82%] [34m[1mGenerating Javascript code from obs_extract/Obstacles.msg[0m
[ 88%] [34m[1mGenerating C++ code from obs_extract/Obstacles.msg[0m
[ 94%] [34m[1mGenerating Javascript code from obs_extract/SegmentObstacle.msg[0m
[ 94%] Built target obs_extract_generate_messages_nodejs
[100%] [34m[1mGenerating C++ code from obs_extract/SegmentObstacle.msg[0m
[100%] Built target obs_extract_generate_messages_cpp
[100%] Built target obs_extract_generate_messages
