[  0%] Built target std_msgs_generate_messages_py
[  0%] Built target geometry_msgs_generate_messages_py
[  0%] Built target _obs_extract_generate_messages_check_deps_States
[  0%] Built target _obs_extract_generate_messages_check_deps_Obstacles
[  0%] Built target _obs_extract_generate_messages_check_deps_CircleObstacle
[  0%] Built target _obs_extract_generate_messages_check_deps_SegmentObstacle
[  0%] Built target geometry_msgs_generate_messages_nodejs
[  0%] Built target std_msgs_generate_messages_nodejs
[  0%] Built target geometry_msgs_generate_messages_lisp
[  0%] Built target std_msgs_generate_messages_lisp
[  0%] Built target geometry_msgs_generate_messages_eus
[  0%] Built target std_msgs_generate_messages_eus
[  0%] Built target std_msgs_generate_messages_cpp
[  0%] Built target geometry_msgs_generate_messages_cpp
[  4%] [34m[1mGenerating Python from MSG obs_extract/States[0m
[  9%] [34m[1mGenerating Python msg __init__.py for obs_extract[0m
[ 22%] Built target obs_extract_generate_messages_py
[ 27%] [34m[1mGenerating Javascript code from obs_extract/States.msg[0m
[ 40%] Built target obs_extract_generate_messages_nodejs
[ 45%] [34m[1mGenerating Lisp code from obs_extract/States.msg[0m
[ 59%] Built target obs_extract_generate_messages_lisp
[ 63%] [34m[1mGenerating EusLisp code from obs_extract/States.msg[0m
[ 68%] [34m[1mGenerating C++ code from obs_extract/States.msg[0m
[ 86%] Built target obs_extract_generate_messages_eus
[100%] Built target obs_extract_generate_messages_cpp
[100%] Built target obs_extract_generate_messages
