Determining if the pthread_create exist failed with the following output:
Change Dir: /home/xavier/catkin_ws/build/polar_scan_matcher/CMakeFiles/CMakeTmp

Run Build Command:"/usr/bin/make" "cmTC_aa49c/fast"
/usr/bin/make -f CMakeFiles/cmTC_aa49c.dir/build.make CMakeFiles/cmTC_aa49c.dir/build
make[1]: Entering directory '/home/xavier/catkin_ws/build/polar_scan_matcher/CMakeFiles/CMakeTmp'
Building C object CMakeFiles/cmTC_aa49c.dir/CheckSymbolExists.c.o
/usr/bin/cc    -o CMakeFiles/cmTC_aa49c.dir/CheckSymbolExists.c.o   -c /home/xavier/catkin_ws/build/polar_scan_matcher/CMakeFiles/CMakeTmp/CheckSymbolExists.c
Linking C executable cmTC_aa49c
/usr/bin/cmake -E cmake_link_script CMakeFiles/cmTC_aa49c.dir/link.txt --verbose=1
/usr/bin/cc      -rdynamic CMakeFiles/cmTC_aa49c.dir/CheckSymbolExists.c.o  -o cmTC_aa49c 
CMakeFiles/cmTC_aa49c.dir/CheckSymbolExists.c.o: In function `main':
CheckSymbolExists.c:(.text+0x14): undefined reference to `pthread_create'
CheckSymbolExists.c:(.text+0x18): undefined reference to `pthread_create'
collect2: error: ld returned 1 exit status
CMakeFiles/cmTC_aa49c.dir/build.make:97: recipe for target 'cmTC_aa49c' failed
make[1]: *** [cmTC_aa49c] Error 1
make[1]: Leaving directory '/home/xavier/catkin_ws/build/polar_scan_matcher/CMakeFiles/CMakeTmp'
Makefile:126: recipe for target 'cmTC_aa49c/fast' failed
make: *** [cmTC_aa49c/fast] Error 2

File /home/xavier/catkin_ws/build/polar_scan_matcher/CMakeFiles/CMakeTmp/CheckSymbolExists.c:
/* */
#include <pthread.h>

int main(int argc, char** argv)
{
  (void)argv;
#ifndef pthread_create
  return ((int*)(&pthread_create))[argc];
#else
  (void)argc;
  return 0;
#endif
}

Determining if the function pthread_create exists in the pthreads failed with the following output:
Change Dir: /home/xavier/catkin_ws/build/polar_scan_matcher/CMakeFiles/CMakeTmp

Run Build Command:"/usr/bin/make" "cmTC_067db/fast"
/usr/bin/make -f CMakeFiles/cmTC_067db.dir/build.make CMakeFiles/cmTC_067db.dir/build
make[1]: Entering directory '/home/xavier/catkin_ws/build/polar_scan_matcher/CMakeFiles/CMakeTmp'
Building C object CMakeFiles/cmTC_067db.dir/CheckFunctionExists.c.o
/usr/bin/cc   -DCHECK_FUNCTION_EXISTS=pthread_create   -o CMakeFiles/cmTC_067db.dir/CheckFunctionExists.c.o   -c /usr/share/cmake-3.10/Modules/CheckFunctionExists.c
Linking C executable cmTC_067db
/usr/bin/cmake -E cmake_link_script CMakeFiles/cmTC_067db.dir/link.txt --verbose=1
/usr/bin/cc  -DCHECK_FUNCTION_EXISTS=pthread_create    -rdynamic CMakeFiles/cmTC_067db.dir/CheckFunctionExists.c.o  -o cmTC_067db -lpthreads 
/usr/bin/ld: cannot find -lpthreads
collect2: error: ld returned 1 exit status
CMakeFiles/cmTC_067db.dir/build.make:97: recipe for target 'cmTC_067db' failed
make[1]: *** [cmTC_067db] Error 1
make[1]: Leaving directory '/home/xavier/catkin_ws/build/polar_scan_matcher/CMakeFiles/CMakeTmp'
Makefile:126: recipe for target 'cmTC_067db/fast' failed
make: *** [cmTC_067db/fast] Error 2


