Determining if the pthread_create exist failed with the following output:
Change Dir: /home/xavier/catkin_ws/build/map_msgs/CMakeFiles/CMakeTmp

Run Build Command:"/usr/bin/make" "cmTC_cf275/fast"
/usr/bin/make -f CMakeFiles/cmTC_cf275.dir/build.make CMakeFiles/cmTC_cf275.dir/build
make[1]: Entering directory '/home/xavier/catkin_ws/build/map_msgs/CMakeFiles/CMakeTmp'
Building C object CMakeFiles/cmTC_cf275.dir/CheckSymbolExists.c.o
/usr/bin/cc    -o CMakeFiles/cmTC_cf275.dir/CheckSymbolExists.c.o   -c /home/xavier/catkin_ws/build/map_msgs/CMakeFiles/CMakeTmp/CheckSymbolExists.c
Linking C executable cmTC_cf275
/usr/bin/cmake -E cmake_link_script CMakeFiles/cmTC_cf275.dir/link.txt --verbose=1
/usr/bin/cc      -rdynamic CMakeFiles/cmTC_cf275.dir/CheckSymbolExists.c.o  -o cmTC_cf275 
CMakeFiles/cmTC_cf275.dir/CheckSymbolExists.c.o: In function `main':
CheckSymbolExists.c:(.text+0x14): undefined reference to `pthread_create'
CheckSymbolExists.c:(.text+0x18): undefined reference to `pthread_create'
collect2: error: ld returned 1 exit status
CMakeFiles/cmTC_cf275.dir/build.make:97: recipe for target 'cmTC_cf275' failed
make[1]: *** [cmTC_cf275] Error 1
make[1]: Leaving directory '/home/xavier/catkin_ws/build/map_msgs/CMakeFiles/CMakeTmp'
Makefile:126: recipe for target 'cmTC_cf275/fast' failed
make: *** [cmTC_cf275/fast] Error 2

File /home/xavier/catkin_ws/build/map_msgs/CMakeFiles/CMakeTmp/CheckSymbolExists.c:
/* */
#include <pthread.h>

int main(int argc, char** argv)
{
  (void)argv;
#ifndef pthread_create
  return ((int*)(&pthread_create))[argc];
#else
  (void)argc;
  return 0;
#endif
}

Determining if the function pthread_create exists in the pthreads failed with the following output:
Change Dir: /home/xavier/catkin_ws/build/map_msgs/CMakeFiles/CMakeTmp

Run Build Command:"/usr/bin/make" "cmTC_3221e/fast"
/usr/bin/make -f CMakeFiles/cmTC_3221e.dir/build.make CMakeFiles/cmTC_3221e.dir/build
make[1]: Entering directory '/home/xavier/catkin_ws/build/map_msgs/CMakeFiles/CMakeTmp'
Building C object CMakeFiles/cmTC_3221e.dir/CheckFunctionExists.c.o
/usr/bin/cc   -DCHECK_FUNCTION_EXISTS=pthread_create   -o CMakeFiles/cmTC_3221e.dir/CheckFunctionExists.c.o   -c /usr/share/cmake-3.10/Modules/CheckFunctionExists.c
Linking C executable cmTC_3221e
/usr/bin/cmake -E cmake_link_script CMakeFiles/cmTC_3221e.dir/link.txt --verbose=1
/usr/bin/cc  -DCHECK_FUNCTION_EXISTS=pthread_create    -rdynamic CMakeFiles/cmTC_3221e.dir/CheckFunctionExists.c.o  -o cmTC_3221e -lpthreads 
/usr/bin/ld: cannot find -lpthreads
collect2: error: ld returned 1 exit status
CMakeFiles/cmTC_3221e.dir/build.make:97: recipe for target 'cmTC_3221e' failed
make[1]: *** [cmTC_3221e] Error 1
make[1]: Leaving directory '/home/xavier/catkin_ws/build/map_msgs/CMakeFiles/CMakeTmp'
Makefile:126: recipe for target 'cmTC_3221e/fast' failed
make: *** [cmTC_3221e/fast] Error 2


