Determining if the pthread_create exist failed with the following output:
Change Dir: /home/xavier/catkin_ws/build/darknet_ros/CMakeFiles/CMakeTmp

Run Build Command:"/usr/bin/make" "cmTC_45036/fast"
/usr/bin/make -f CMakeFiles/cmTC_45036.dir/build.make CMakeFiles/cmTC_45036.dir/build
make[1]: Entering directory '/home/xavier/catkin_ws/build/darknet_ros/CMakeFiles/CMakeTmp'
Building C object CMakeFiles/cmTC_45036.dir/CheckSymbolExists.c.o
/usr/bin/cc   -fPIC    -o CMakeFiles/cmTC_45036.dir/CheckSymbolExists.c.o   -c /home/xavier/catkin_ws/build/darknet_ros/CMakeFiles/CMakeTmp/CheckSymbolExists.c
Linking C executable cmTC_45036
/usr/bin/cmake -E cmake_link_script CMakeFiles/cmTC_45036.dir/link.txt --verbose=1
/usr/bin/cc -fPIC     -rdynamic CMakeFiles/cmTC_45036.dir/CheckSymbolExists.c.o  -o cmTC_45036 
CMakeFiles/cmTC_45036.dir/CheckSymbolExists.c.o: In function `main':
CheckSymbolExists.c:(.text+0x14): undefined reference to `pthread_create'
CheckSymbolExists.c:(.text+0x18): undefined reference to `pthread_create'
collect2: error: ld returned 1 exit status
CMakeFiles/cmTC_45036.dir/build.make:97: recipe for target 'cmTC_45036' failed
make[1]: *** [cmTC_45036] Error 1
make[1]: Leaving directory '/home/xavier/catkin_ws/build/darknet_ros/CMakeFiles/CMakeTmp'
Makefile:126: recipe for target 'cmTC_45036/fast' failed
make: *** [cmTC_45036/fast] Error 2

File /home/xavier/catkin_ws/build/darknet_ros/CMakeFiles/CMakeTmp/CheckSymbolExists.c:
/* */
#include <pthread.h>

int main(int argc, char** argv)
{
  (void)argv;
#ifndef pthread_create
  return ((int*)(&pthread_create))[argc];
#else
  (void)argc;
  return 0;
#endif
}

Determining if the function pthread_create exists in the pthreads failed with the following output:
Change Dir: /home/xavier/catkin_ws/build/darknet_ros/CMakeFiles/CMakeTmp

Run Build Command:"/usr/bin/make" "cmTC_e4873/fast"
/usr/bin/make -f CMakeFiles/cmTC_e4873.dir/build.make CMakeFiles/cmTC_e4873.dir/build
make[1]: Entering directory '/home/xavier/catkin_ws/build/darknet_ros/CMakeFiles/CMakeTmp'
Building C object CMakeFiles/cmTC_e4873.dir/CheckFunctionExists.c.o
/usr/bin/cc   -fPIC -DCHECK_FUNCTION_EXISTS=pthread_create   -o CMakeFiles/cmTC_e4873.dir/CheckFunctionExists.c.o   -c /usr/share/cmake-3.10/Modules/CheckFunctionExists.c
Linking C executable cmTC_e4873
/usr/bin/cmake -E cmake_link_script CMakeFiles/cmTC_e4873.dir/link.txt --verbose=1
/usr/bin/cc -fPIC -DCHECK_FUNCTION_EXISTS=pthread_create    -rdynamic CMakeFiles/cmTC_e4873.dir/CheckFunctionExists.c.o  -o cmTC_e4873 -lpthreads 
/usr/bin/ld: cannot find -lpthreads
collect2: error: ld returned 1 exit status
CMakeFiles/cmTC_e4873.dir/build.make:97: recipe for target 'cmTC_e4873' failed
make[1]: *** [cmTC_e4873] Error 1
make[1]: Leaving directory '/home/xavier/catkin_ws/build/darknet_ros/CMakeFiles/CMakeTmp'
Makefile:126: recipe for target 'cmTC_e4873/fast' failed
make: *** [cmTC_e4873/fast] Error 2


