Determining if the pthread_create exist failed with the following output:
Change Dir: /home/xavier/catkin_ws/build/gmapping/CMakeFiles/CMakeTmp

Run Build Command:"/usr/bin/make" "cmTC_46552/fast"
/usr/bin/make -f CMakeFiles/cmTC_46552.dir/build.make CMakeFiles/cmTC_46552.dir/build
make[1]: Entering directory '/home/xavier/catkin_ws/build/gmapping/CMakeFiles/CMakeTmp'
Building C object CMakeFiles/cmTC_46552.dir/CheckSymbolExists.c.o
/usr/bin/cc    -o CMakeFiles/cmTC_46552.dir/CheckSymbolExists.c.o   -c /home/xavier/catkin_ws/build/gmapping/CMakeFiles/CMakeTmp/CheckSymbolExists.c
Linking C executable cmTC_46552
/usr/bin/cmake -E cmake_link_script CMakeFiles/cmTC_46552.dir/link.txt --verbose=1
/usr/bin/cc      -rdynamic CMakeFiles/cmTC_46552.dir/CheckSymbolExists.c.o  -o cmTC_46552 
CMakeFiles/cmTC_46552.dir/CheckSymbolExists.c.o: In function `main':
CheckSymbolExists.c:(.text+0x14): undefined reference to `pthread_create'
CheckSymbolExists.c:(.text+0x18): undefined reference to `pthread_create'
collect2: error: ld returned 1 exit status
CMakeFiles/cmTC_46552.dir/build.make:97: recipe for target 'cmTC_46552' failed
make[1]: *** [cmTC_46552] Error 1
make[1]: Leaving directory '/home/xavier/catkin_ws/build/gmapping/CMakeFiles/CMakeTmp'
Makefile:126: recipe for target 'cmTC_46552/fast' failed
make: *** [cmTC_46552/fast] Error 2

File /home/xavier/catkin_ws/build/gmapping/CMakeFiles/CMakeTmp/CheckSymbolExists.c:
/* */
#include <pthread.h>

int main(int argc, char** argv)
{
  (void)argv;
#ifndef pthread_create
  return ((int*)(&pthread_create))[argc];
#else
  (void)argc;
  return 0;
#endif
}

Determining if the function pthread_create exists in the pthreads failed with the following output:
Change Dir: /home/xavier/catkin_ws/build/gmapping/CMakeFiles/CMakeTmp

Run Build Command:"/usr/bin/make" "cmTC_65998/fast"
/usr/bin/make -f CMakeFiles/cmTC_65998.dir/build.make CMakeFiles/cmTC_65998.dir/build
make[1]: Entering directory '/home/xavier/catkin_ws/build/gmapping/CMakeFiles/CMakeTmp'
Building C object CMakeFiles/cmTC_65998.dir/CheckFunctionExists.c.o
/usr/bin/cc   -DCHECK_FUNCTION_EXISTS=pthread_create   -o CMakeFiles/cmTC_65998.dir/CheckFunctionExists.c.o   -c /usr/share/cmake-3.10/Modules/CheckFunctionExists.c
Linking C executable cmTC_65998
/usr/bin/cmake -E cmake_link_script CMakeFiles/cmTC_65998.dir/link.txt --verbose=1
/usr/bin/cc  -DCHECK_FUNCTION_EXISTS=pthread_create    -rdynamic CMakeFiles/cmTC_65998.dir/CheckFunctionExists.c.o  -o cmTC_65998 -lpthreads 
/usr/bin/ld: cannot find -lpthreads
collect2: error: ld returned 1 exit status
CMakeFiles/cmTC_65998.dir/build.make:97: recipe for target 'cmTC_65998' failed
make[1]: *** [cmTC_65998] Error 1
make[1]: Leaving directory '/home/xavier/catkin_ws/build/gmapping/CMakeFiles/CMakeTmp'
Makefile:126: recipe for target 'cmTC_65998/fast' failed
make: *** [cmTC_65998/fast] Error 2


