[  0%] Built target _mbf_msgs_generate_messages_check_deps_GetPathActionResult
[  0%] Built target _mbf_msgs_generate_messages_check_deps_RecoveryActionFeedback
[  0%] Built target _mbf_msgs_generate_messages_check_deps_MoveBaseResult
[  0%] Built target _mbf_msgs_generate_messages_check_deps_ExePathActionFeedback
[  0%] Built target _mbf_msgs_generate_messages_check_deps_ExePathResult
[  0%] Built target _mbf_msgs_generate_messages_check_deps_RecoveryActionGoal
[  0%] Built target _mbf_msgs_generate_messages_check_deps_MoveBaseGoal
[  0%] Built target _mbf_msgs_generate_messages_check_deps_GetPathFeedback
[  0%] Built target _mbf_msgs_generate_messages_check_deps_RecoveryAction
[  0%] Built target _mbf_msgs_generate_messages_check_deps_ExePathGoal
[  0%] Built target _mbf_msgs_generate_messages_check_deps_RecoveryResult
[  0%] Built target _mbf_msgs_generate_messages_check_deps_MoveBaseActionResult
[  0%] Built target _mbf_msgs_generate_messages_check_deps_MoveBaseAction
[  0%] Built target _mbf_msgs_generate_messages_check_deps_MoveBaseActionGoal
[  0%] Built target _mbf_msgs_generate_messages_check_deps_MoveBaseActionFeedback
[  0%] Built target _mbf_msgs_generate_messages_check_deps_CheckPath
[  0%] Built target _mbf_msgs_generate_messages_check_deps_GetPathAction
[  0%] Built target _mbf_msgs_generate_messages_check_deps_MoveBaseFeedback
[  0%] Built target _mbf_msgs_generate_messages_check_deps_GetPathGoal
[  0%] Built target _mbf_msgs_generate_messages_check_deps_RecoveryFeedback
[  0%] Built target _mbf_msgs_generate_messages_check_deps_ExePathFeedback
[  0%] Built target std_msgs_generate_messages_cpp
[  0%] Built target _mbf_msgs_generate_messages_check_deps_CheckPose
[  0%] Built target _mbf_msgs_generate_messages_check_deps_ExePathActionGoal
[  0%] Built target _mbf_msgs_generate_messages_check_deps_ExePathActionResult
[  0%] Built target actionlib_msgs_generate_messages_cpp
[  0%] Built target _mbf_msgs_generate_messages_check_deps_RecoveryActionResult
[  0%] Built target geometry_msgs_generate_messages_cpp
[  0%] Built target _mbf_msgs_generate_messages_check_deps_GetPathActionGoal
[  0%] Built target nav_msgs_generate_messages_cpp
[  0%] Built target _mbf_msgs_generate_messages_check_deps_ExePathAction
[  0%] Built target _mbf_msgs_generate_messages_check_deps_GetPathResult
[  0%] Built target _mbf_msgs_generate_messages_check_deps_CheckPoint
[  0%] Built target _mbf_msgs_generate_messages_check_deps_GetPathActionFeedback
[  0%] Built target _mbf_msgs_generate_messages_check_deps_RecoveryGoal
[  0%] Built target std_msgs_generate_messages_py
[  0%] Built target nav_msgs_generate_messages_py
[  0%] Built target actionlib_msgs_generate_messages_py
[  0%] Built target geometry_msgs_generate_messages_py
[  0%] Built target std_msgs_generate_messages_nodejs
[  0%] Built target actionlib_msgs_generate_messages_nodejs
[  0%] Built target nav_msgs_generate_messages_nodejs
[  0%] Built target geometry_msgs_generate_messages_nodejs
[  0%] Built target std_msgs_generate_messages_lisp
[  0%] Built target geometry_msgs_generate_messages_lisp
[  0%] Built target nav_msgs_generate_messages_lisp
[  0%] Built target actionlib_msgs_generate_messages_lisp
[  0%] Built target actionlib_msgs_generate_messages_eus
[  0%] Built target geometry_msgs_generate_messages_eus
[  0%] Built target nav_msgs_generate_messages_eus
[  0%] Built target std_msgs_generate_messages_eus
[  1%] [34m[1mGenerating C++ code from mbf_msgs/ExePathActionResult.msg[0m
[  1%] [34m[1mGenerating C++ code from mbf_msgs/GetPathActionFeedback.msg[0m
[  2%] [34m[1mGenerating C++ code from mbf_msgs/ExePathActionGoal.msg[0m
[  3%] [34m[1mGenerating C++ code from mbf_msgs/GetPathActionResult.msg[0m
[  3%] [34m[1mGenerating C++ code from mbf_msgs/GetPathActionGoal.msg[0m
[  4%] [34m[1mGenerating C++ code from mbf_msgs/MoveBaseActionFeedback.msg[0m
[  4%] [34m[1mGenerating C++ code from mbf_msgs/MoveBaseAction.msg[0m
[  5%] [34m[1mGenerating C++ code from mbf_msgs/MoveBaseActionResult.msg[0m
[  6%] [34m[1mGenerating C++ code from mbf_msgs/ExePathGoal.msg[0m
[  6%] [34m[1mGenerating C++ code from mbf_msgs/GetPathResult.msg[0m
[  7%] [34m[1mGenerating C++ code from mbf_msgs/MoveBaseFeedback.msg[0m
[  7%] [34m[1mGenerating C++ code from mbf_msgs/RecoveryActionGoal.msg[0m
[  8%] [34m[1mGenerating C++ code from mbf_msgs/ExePathFeedback.msg[0m
[  9%] [34m[1mGenerating C++ code from mbf_msgs/GetPathGoal.msg[0m
[ 10%] [34m[1mGenerating Python from MSG mbf_msgs/ExePathActionResult[0m
[ 10%] [34m[1mGenerating Python from MSG mbf_msgs/GetPathActionFeedback[0m
[ 10%] [34m[1mGenerating C++ code from mbf_msgs/MoveBaseActionGoal.msg[0m
[ 11%] [34m[1mGenerating Python from MSG mbf_msgs/ExePathActionGoal[0m
[ 11%] [34m[1mGenerating Javascript code from mbf_msgs/ExePathActionResult.msg[0m
[ 12%] [34m[1mGenerating Javascript code from mbf_msgs/GetPathActionFeedback.msg[0m
[ 13%] [34m[1mGenerating C++ code from mbf_msgs/GetPathAction.msg[0m
[ 14%] [34m[1mGenerating Python from MSG mbf_msgs/GetPathActionResult[0m
[ 14%] [34m[1mGenerating Javascript code from mbf_msgs/ExePathActionGoal.msg[0m
[ 15%] [34m[1mGenerating Javascript code from mbf_msgs/GetPathActionResult.msg[0m
[ 15%] [34m[1mGenerating Python from MSG mbf_msgs/GetPathActionGoal[0m
[ 15%] [34m[1mGenerating C++ code from mbf_msgs/ExePathResult.msg[0m
[ 17%] [34m[1mGenerating Javascript code from mbf_msgs/GetPathActionGoal.msg[0m
[ 18%] [34m[1mGenerating Python from MSG mbf_msgs/MoveBaseActionFeedback[0m
[ 18%] [34m[1mGenerating Javascript code from mbf_msgs/MoveBaseActionFeedback.msg[0m
[ 19%] [34m[1mGenerating Javascript code from mbf_msgs/MoveBaseAction.msg[0m
[ 20%] [34m[1mGenerating C++ code from mbf_msgs/ExePathActionFeedback.msg[0m
[ 20%] [34m[1mGenerating Python from MSG mbf_msgs/MoveBaseAction[0m
[ 21%] [34m[1mGenerating Javascript code from mbf_msgs/MoveBaseActionResult.msg[0m
[ 21%] [34m[1mGenerating Javascript code from mbf_msgs/ExePathGoal.msg[0m
[ 22%] [34m[1mGenerating Python from MSG mbf_msgs/MoveBaseActionResult[0m
[ 23%] [34m[1mGenerating C++ code from mbf_msgs/RecoveryAction.msg[0m
[ 24%] [34m[1mGenerating Javascript code from mbf_msgs/GetPathResult.msg[0m
[ 24%] [34m[1mGenerating Python from MSG mbf_msgs/ExePathGoal[0m
[ 25%] [34m[1mGenerating Javascript code from mbf_msgs/MoveBaseFeedback.msg[0m
[ 25%] [34m[1mGenerating C++ code from mbf_msgs/RecoveryActionResult.msg[0m
[ 25%] [34m[1mGenerating Javascript code from mbf_msgs/RecoveryActionGoal.msg[0m
[ 25%] [34m[1mGenerating Python from MSG mbf_msgs/GetPathResult[0m
[ 26%] [34m[1mGenerating Javascript code from mbf_msgs/ExePathFeedback.msg[0m
[ 26%] [34m[1mGenerating Javascript code from mbf_msgs/GetPathGoal.msg[0m
[ 27%] [34m[1mGenerating C++ code from mbf_msgs/MoveBaseResult.msg[0m
[ 28%] [34m[1mGenerating Python from MSG mbf_msgs/MoveBaseFeedback[0m
[ 29%] [34m[1mGenerating Javascript code from mbf_msgs/MoveBaseActionGoal.msg[0m
[ 29%] [34m[1mGenerating Python from MSG mbf_msgs/RecoveryActionGoal[0m
[ 29%] [34m[1mGenerating Javascript code from mbf_msgs/GetPathAction.msg[0m
[ 29%] [34m[1mGenerating C++ code from mbf_msgs/ExePathAction.msg[0m
[ 30%] [34m[1mGenerating Javascript code from mbf_msgs/ExePathResult.msg[0m
[ 31%] [34m[1mGenerating Python from MSG mbf_msgs/ExePathFeedback[0m
[ 32%] [34m[1mGenerating Javascript code from mbf_msgs/ExePathActionFeedback.msg[0m
[ 34%] [34m[1mGenerating C++ code from mbf_msgs/RecoveryActionFeedback.msg[0m
[ 34%] [34m[1mGenerating Javascript code from mbf_msgs/RecoveryAction.msg[0m
[ 35%] [34m[1mGenerating Python from MSG mbf_msgs/GetPathGoal[0m
[ 35%] [34m[1mGenerating Python from MSG mbf_msgs/MoveBaseActionGoal[0m
[ 36%] [34m[1mGenerating Javascript code from mbf_msgs/RecoveryActionResult.msg[0m
[ 37%] [34m[1mGenerating C++ code from mbf_msgs/MoveBaseGoal.msg[0m
[ 37%] [34m[1mGenerating Javascript code from mbf_msgs/MoveBaseResult.msg[0m
[ 38%] [34m[1mGenerating Python from MSG mbf_msgs/GetPathAction[0m
[ 38%] [34m[1mGenerating Python from MSG mbf_msgs/ExePathResult[0m
[ 39%] [34m[1mGenerating Javascript code from mbf_msgs/ExePathAction.msg[0m
[ 40%] [34m[1mGenerating Javascript code from mbf_msgs/RecoveryActionFeedback.msg[0m
[ 41%] [34m[1mGenerating Python from MSG mbf_msgs/ExePathActionFeedback[0m
[ 42%] [34m[1mGenerating Python from MSG mbf_msgs/RecoveryAction[0m
[ 42%] [34m[1mGenerating C++ code from mbf_msgs/CheckPose.srv[0m
[ 42%] [34m[1mGenerating Javascript code from mbf_msgs/MoveBaseGoal.msg[0m
[ 42%] [34m[1mGenerating Python from MSG mbf_msgs/RecoveryActionResult[0m
[ 43%] [34m[1mGenerating Javascript code from mbf_msgs/CheckPose.srv[0m
[ 43%] [34m[1mGenerating Javascript code from mbf_msgs/CheckPath.srv[0m
[ 44%] [34m[1mGenerating Python from MSG mbf_msgs/MoveBaseResult[0m
[ 45%] [34m[1mGenerating Javascript code from mbf_msgs/CheckPoint.srv[0m
[ 46%] [34m[1mGenerating C++ code from mbf_msgs/CheckPath.srv[0m
[ 48%] Built target mbf_msgs_generate_messages_nodejs
[ 48%] [34m[1mGenerating Python from MSG mbf_msgs/ExePathAction[0m
[ 50%] [34m[1mGenerating Lisp code from mbf_msgs/ExePathActionResult.msg[0m
[ 50%] [34m[1mGenerating Lisp code from mbf_msgs/GetPathActionFeedback.msg[0m
[ 51%] [34m[1mGenerating Python from MSG mbf_msgs/RecoveryActionFeedback[0m
[ 52%] [34m[1mGenerating Python from MSG mbf_msgs/MoveBaseGoal[0m
[ 53%] [34m[1mGenerating Lisp code from mbf_msgs/ExePathActionGoal.msg[0m
[ 53%] [34m[1mGenerating C++ code from mbf_msgs/CheckPoint.srv[0m
[ 53%] [34m[1mGenerating Lisp code from mbf_msgs/GetPathActionResult.msg[0m
[ 54%] [34m[1mGenerating EusLisp code from mbf_msgs/ExePathActionResult.msg[0m
[ 54%] [34m[1mGenerating Python code from SRV mbf_msgs/CheckPose[0m
[ 54%] [34m[1mGenerating Lisp code from mbf_msgs/GetPathActionGoal.msg[0m
[ 55%] [34m[1mGenerating EusLisp code from mbf_msgs/GetPathActionFeedback.msg[0m
[ 56%] [34m[1mGenerating Python code from SRV mbf_msgs/CheckPath[0m
[ 57%] [34m[1mGenerating Lisp code from mbf_msgs/MoveBaseActionFeedback.msg[0m
[ 57%] [34m[1mGenerating EusLisp code from mbf_msgs/ExePathActionGoal.msg[0m
[ 59%] Built target mbf_msgs_generate_messages_cpp
[ 59%] [34m[1mGenerating EusLisp code from mbf_msgs/GetPathActionResult.msg[0m
[ 60%] [34m[1mGenerating Lisp code from mbf_msgs/MoveBaseAction.msg[0m
[ 60%] [34m[1mGenerating Python code from SRV mbf_msgs/CheckPoint[0m
[ 60%] [34m[1mGenerating Lisp code from mbf_msgs/MoveBaseActionResult.msg[0m
[ 61%] [34m[1mGenerating Lisp code from mbf_msgs/ExePathGoal.msg[0m
[ 61%] [34m[1mGenerating EusLisp code from mbf_msgs/GetPathActionGoal.msg[0m
[ 62%] [34m[1mGenerating Lisp code from mbf_msgs/GetPathResult.msg[0m
[ 62%] [34m[1mGenerating Lisp code from mbf_msgs/MoveBaseFeedback.msg[0m
[ 63%] [34m[1mGenerating Python msg __init__.py for mbf_msgs[0m
[ 64%] [34m[1mGenerating EusLisp code from mbf_msgs/MoveBaseActionFeedback.msg[0m
[ 65%] [34m[1mGenerating Lisp code from mbf_msgs/RecoveryActionGoal.msg[0m
[ 65%] [34m[1mGenerating Lisp code from mbf_msgs/ExePathFeedback.msg[0m
[ 67%] [34m[1mGenerating Lisp code from mbf_msgs/GetPathGoal.msg[0m
[ 68%] [34m[1mGenerating EusLisp code from mbf_msgs/MoveBaseAction.msg[0m
[ 69%] [34m[1mGenerating Lisp code from mbf_msgs/MoveBaseActionGoal.msg[0m
[ 70%] [34m[1mGenerating Python srv __init__.py for mbf_msgs[0m
[ 70%] [34m[1mGenerating Lisp code from mbf_msgs/GetPathAction.msg[0m
[ 70%] [34m[1mGenerating EusLisp code from mbf_msgs/MoveBaseActionResult.msg[0m
[ 71%] [34m[1mGenerating Lisp code from mbf_msgs/ExePathResult.msg[0m
[ 72%] [34m[1mGenerating EusLisp code from mbf_msgs/ExePathGoal.msg[0m
[ 75%] Built target mbf_msgs_generate_messages_py
[ 76%] [34m[1mGenerating EusLisp code from mbf_msgs/GetPathResult.msg[0m
[ 76%] [34m[1mGenerating Lisp code from mbf_msgs/ExePathActionFeedback.msg[0m
[ 76%] [34m[1mGenerating EusLisp code from mbf_msgs/MoveBaseFeedback.msg[0m
[ 77%] [34m[1mGenerating EusLisp code from mbf_msgs/RecoveryActionGoal.msg[0m
[ 78%] [34m[1mGenerating Lisp code from mbf_msgs/RecoveryAction.msg[0m
[ 78%] [34m[1mGenerating EusLisp code from mbf_msgs/ExePathFeedback.msg[0m
[ 79%] [34m[1mGenerating EusLisp code from mbf_msgs/GetPathGoal.msg[0m
[ 79%] [34m[1mGenerating Lisp code from mbf_msgs/RecoveryActionResult.msg[0m
[ 80%] [34m[1mGenerating EusLisp code from mbf_msgs/MoveBaseActionGoal.msg[0m
[ 80%] [34m[1mGenerating EusLisp code from mbf_msgs/GetPathAction.msg[0m
[ 81%] [34m[1mGenerating Lisp code from mbf_msgs/MoveBaseResult.msg[0m
[ 82%] [34m[1mGenerating EusLisp code from mbf_msgs/ExePathResult.msg[0m
[ 84%] [34m[1mGenerating Lisp code from mbf_msgs/ExePathAction.msg[0m
[ 84%] [34m[1mGenerating Lisp code from mbf_msgs/RecoveryActionFeedback.msg[0m
[ 85%] [34m[1mGenerating Lisp code from mbf_msgs/MoveBaseGoal.msg[0m
[ 85%] [34m[1mGenerating EusLisp code from mbf_msgs/ExePathActionFeedback.msg[0m
[ 85%] [34m[1mGenerating Lisp code from mbf_msgs/CheckPose.srv[0m
[ 86%] [34m[1mGenerating Lisp code from mbf_msgs/CheckPath.srv[0m
[ 87%] [34m[1mGenerating EusLisp code from mbf_msgs/RecoveryAction.msg[0m
[ 88%] [34m[1mGenerating Lisp code from mbf_msgs/CheckPoint.srv[0m
[ 89%] [34m[1mGenerating EusLisp code from mbf_msgs/RecoveryActionResult.msg[0m
[ 89%] [34m[1mGenerating EusLisp code from mbf_msgs/MoveBaseResult.msg[0m
[ 92%] Built target mbf_msgs_generate_messages_lisp
[ 93%] [34m[1mGenerating EusLisp code from mbf_msgs/ExePathAction.msg[0m
[ 93%] [34m[1mGenerating EusLisp code from mbf_msgs/RecoveryActionFeedback.msg[0m
[ 94%] [34m[1mGenerating EusLisp code from mbf_msgs/MoveBaseGoal.msg[0m
[ 95%] [34m[1mGenerating EusLisp code from mbf_msgs/CheckPose.srv[0m
[ 95%] [34m[1mGenerating EusLisp code from mbf_msgs/CheckPath.srv[0m
[ 96%] [34m[1mGenerating EusLisp code from mbf_msgs/CheckPoint.srv[0m
[100%] Built target mbf_msgs_generate_messages_eus
[100%] Built target mbf_msgs_generate_messages
