Symlinking /home/xavier/catkin_ws/devel/include/mbf_msgs/CheckPoseRequest.h
Symlinking /home/xavier/catkin_ws/devel/include/mbf_msgs/ExePathGoal.h
Symlinking /home/xavier/catkin_ws/devel/include/mbf_msgs/ExePathActionFeedback.h
Symlinking /home/xavier/catkin_ws/devel/include/mbf_msgs/CheckPointResponse.h
Symlinking /home/xavier/catkin_ws/devel/include/mbf_msgs/GetPathAction.h
Symlinking /home/xavier/catkin_ws/devel/include/mbf_msgs/MoveBaseAction.h
Symlinking /home/xavier/catkin_ws/devel/include/mbf_msgs/CheckPose.h
Symlinking /home/xavier/catkin_ws/devel/include/mbf_msgs/MoveBaseActionGoal.h
Symlinking /home/xavier/catkin_ws/devel/include/mbf_msgs/CheckPath.h
Symlinking /home/xavier/catkin_ws/devel/include/mbf_msgs/CheckPathRequest.h
Symlinking /home/xavier/catkin_ws/devel/include/mbf_msgs/RecoveryGoal.h
Symlinking /home/xavier/catkin_ws/devel/include/mbf_msgs/RecoveryAction.h
Symlinking /home/xavier/catkin_ws/devel/include/mbf_msgs/CheckPoseResponse.h
Symlinking /home/xavier/catkin_ws/devel/include/mbf_msgs/RecoveryActionGoal.h
Symlinking /home/xavier/catkin_ws/devel/include/mbf_msgs/GetPathFeedback.h
Symlinking /home/xavier/catkin_ws/devel/include/mbf_msgs/ExePathActionResult.h
Symlinking /home/xavier/catkin_ws/devel/include/mbf_msgs/CheckPoint.h
Symlinking /home/xavier/catkin_ws/devel/include/mbf_msgs/RecoveryActionResult.h
Symlinking /home/xavier/catkin_ws/devel/include/mbf_msgs/ExePathFeedback.h
Symlinking /home/xavier/catkin_ws/devel/include/mbf_msgs/MoveBaseActionResult.h
Symlinking /home/xavier/catkin_ws/devel/include/mbf_msgs/ExePathActionGoal.h
Symlinking /home/xavier/catkin_ws/devel/include/mbf_msgs/ExePathResult.h
Symlinking /home/xavier/catkin_ws/devel/include/mbf_msgs/ExePathAction.h
Symlinking /home/xavier/catkin_ws/devel/include/mbf_msgs/RecoveryActionFeedback.h
Symlinking /home/xavier/catkin_ws/devel/include/mbf_msgs/MoveBaseGoal.h
Symlinking /home/xavier/catkin_ws/devel/include/mbf_msgs/MoveBaseActionFeedback.h
Symlinking /home/xavier/catkin_ws/devel/include/mbf_msgs/GetPathResult.h
Symlinking /home/xavier/catkin_ws/devel/include/mbf_msgs/GetPathActionGoal.h
Symlinking /home/xavier/catkin_ws/devel/include/mbf_msgs/CheckPathResponse.h
Symlinking /home/xavier/catkin_ws/devel/include/mbf_msgs/MoveBaseResult.h
Symlinking /home/xavier/catkin_ws/devel/include/mbf_msgs/MoveBaseFeedback.h
Symlinking /home/xavier/catkin_ws/devel/include/mbf_msgs/GetPathGoal.h
Symlinking /home/xavier/catkin_ws/devel/include/mbf_msgs/GetPathActionFeedback.h
Symlinking /home/xavier/catkin_ws/devel/include/mbf_msgs/RecoveryResult.h
Symlinking /home/xavier/catkin_ws/devel/include/mbf_msgs/CheckPointRequest.h
Symlinking /home/xavier/catkin_ws/devel/include/mbf_msgs/RecoveryFeedback.h
Symlinking /home/xavier/catkin_ws/devel/include/mbf_msgs/GetPathActionResult.h
Symlinking /home/xavier/catkin_ws/devel/share/roseus/ros/mbf_msgs/manifest.l
Symlinking /home/xavier/catkin_ws/devel/share/roseus/ros/mbf_msgs/srv/CheckPose.l
Symlinking /home/xavier/catkin_ws/devel/share/roseus/ros/mbf_msgs/srv/CheckPath.l
Symlinking /home/xavier/catkin_ws/devel/share/roseus/ros/mbf_msgs/srv/CheckPoint.l
Symlinking /home/xavier/catkin_ws/devel/share/roseus/ros/mbf_msgs/msg/ExePathActionGoal.l
Symlinking /home/xavier/catkin_ws/devel/share/roseus/ros/mbf_msgs/msg/GetPathAction.l
Symlinking /home/xavier/catkin_ws/devel/share/roseus/ros/mbf_msgs/msg/MoveBaseResult.l
Symlinking /home/xavier/catkin_ws/devel/share/roseus/ros/mbf_msgs/msg/ExePathActionResult.l
Symlinking /home/xavier/catkin_ws/devel/share/roseus/ros/mbf_msgs/msg/ExePathFeedback.l
Symlinking /home/xavier/catkin_ws/devel/share/roseus/ros/mbf_msgs/msg/MoveBaseFeedback.l
Symlinking /home/xavier/catkin_ws/devel/share/roseus/ros/mbf_msgs/msg/ExePathActionFeedback.l
Symlinking /home/xavier/catkin_ws/devel/share/roseus/ros/mbf_msgs/msg/GetPathActionGoal.l
Symlinking /home/xavier/catkin_ws/devel/share/roseus/ros/mbf_msgs/msg/RecoveryFeedback.l
Symlinking /home/xavier/catkin_ws/devel/share/roseus/ros/mbf_msgs/msg/GetPathActionResult.l
Symlinking /home/xavier/catkin_ws/devel/share/roseus/ros/mbf_msgs/msg/RecoveryAction.l
Symlinking /home/xavier/catkin_ws/devel/share/roseus/ros/mbf_msgs/msg/MoveBaseActionGoal.l
Symlinking /home/xavier/catkin_ws/devel/share/roseus/ros/mbf_msgs/msg/RecoveryResult.l
Symlinking /home/xavier/catkin_ws/devel/share/roseus/ros/mbf_msgs/msg/ExePathAction.l
Symlinking /home/xavier/catkin_ws/devel/share/roseus/ros/mbf_msgs/msg/GetPathGoal.l
Symlinking /home/xavier/catkin_ws/devel/share/roseus/ros/mbf_msgs/msg/ExePathGoal.l
Symlinking /home/xavier/catkin_ws/devel/share/roseus/ros/mbf_msgs/msg/MoveBaseGoal.l
Symlinking /home/xavier/catkin_ws/devel/share/roseus/ros/mbf_msgs/msg/MoveBaseActionResult.l
Symlinking /home/xavier/catkin_ws/devel/share/roseus/ros/mbf_msgs/msg/RecoveryActionResult.l
Symlinking /home/xavier/catkin_ws/devel/share/roseus/ros/mbf_msgs/msg/RecoveryActionGoal.l
Symlinking /home/xavier/catkin_ws/devel/share/roseus/ros/mbf_msgs/msg/GetPathResult.l
Symlinking /home/xavier/catkin_ws/devel/share/roseus/ros/mbf_msgs/msg/RecoveryGoal.l
Symlinking /home/xavier/catkin_ws/devel/share/roseus/ros/mbf_msgs/msg/GetPathActionFeedback.l
Symlinking /home/xavier/catkin_ws/devel/share/roseus/ros/mbf_msgs/msg/RecoveryActionFeedback.l
Symlinking /home/xavier/catkin_ws/devel/share/roseus/ros/mbf_msgs/msg/MoveBaseAction.l
Symlinking /home/xavier/catkin_ws/devel/share/roseus/ros/mbf_msgs/msg/ExePathResult.l
Symlinking /home/xavier/catkin_ws/devel/share/roseus/ros/mbf_msgs/msg/MoveBaseActionFeedback.l
Symlinking /home/xavier/catkin_ws/devel/share/roseus/ros/mbf_msgs/msg/GetPathFeedback.l
Symlinking /home/xavier/catkin_ws/devel/share/mbf_msgs/msg/GetPathActionGoal.msg
Symlinking /home/xavier/catkin_ws/devel/share/mbf_msgs/msg/MoveBaseActionResult.msg
Symlinking /home/xavier/catkin_ws/devel/share/mbf_msgs/msg/ExePathResult.msg
Symlinking /home/xavier/catkin_ws/devel/share/mbf_msgs/msg/GetPathActionFeedback.msg
Symlinking /home/xavier/catkin_ws/devel/share/mbf_msgs/msg/MoveBaseActionGoal.msg
Symlinking /home/xavier/catkin_ws/devel/share/mbf_msgs/msg/ExePathFeedback.msg
Symlinking /home/xavier/catkin_ws/devel/share/mbf_msgs/msg/MoveBaseResult.msg
Symlinking /home/xavier/catkin_ws/devel/share/mbf_msgs/msg/RecoveryActionResult.msg
Symlinking /home/xavier/catkin_ws/devel/share/mbf_msgs/msg/MoveBaseActionFeedback.msg
Symlinking /home/xavier/catkin_ws/devel/share/mbf_msgs/msg/ExePathActionResult.msg
Symlinking /home/xavier/catkin_ws/devel/share/mbf_msgs/msg/GetPathAction.msg
Symlinking /home/xavier/catkin_ws/devel/share/mbf_msgs/msg/ExePathActionFeedback.msg
Symlinking /home/xavier/catkin_ws/devel/share/mbf_msgs/msg/RecoveryResult.msg
Symlinking /home/xavier/catkin_ws/devel/share/mbf_msgs/msg/RecoveryAction.msg
Symlinking /home/xavier/catkin_ws/devel/share/mbf_msgs/msg/ExePathGoal.msg
Symlinking /home/xavier/catkin_ws/devel/share/mbf_msgs/msg/GetPathFeedback.msg
Symlinking /home/xavier/catkin_ws/devel/share/mbf_msgs/msg/GetPathActionResult.msg
Symlinking /home/xavier/catkin_ws/devel/share/mbf_msgs/msg/GetPathResult.msg
Symlinking /home/xavier/catkin_ws/devel/share/mbf_msgs/msg/RecoveryActionFeedback.msg
Symlinking /home/xavier/catkin_ws/devel/share/mbf_msgs/msg/MoveBaseAction.msg
Symlinking /home/xavier/catkin_ws/devel/share/mbf_msgs/msg/ExePathActionGoal.msg
Symlinking /home/xavier/catkin_ws/devel/share/mbf_msgs/msg/RecoveryFeedback.msg
Symlinking /home/xavier/catkin_ws/devel/share/mbf_msgs/msg/GetPathGoal.msg
Symlinking /home/xavier/catkin_ws/devel/share/mbf_msgs/msg/MoveBaseGoal.msg
Symlinking /home/xavier/catkin_ws/devel/share/mbf_msgs/msg/RecoveryActionGoal.msg
Symlinking /home/xavier/catkin_ws/devel/share/mbf_msgs/msg/MoveBaseFeedback.msg
Symlinking /home/xavier/catkin_ws/devel/share/mbf_msgs/msg/RecoveryGoal.msg
Symlinking /home/xavier/catkin_ws/devel/share/mbf_msgs/msg/ExePathAction.msg
Symlinking /home/xavier/catkin_ws/devel/share/mbf_msgs/cmake/mbf_msgsConfig.cmake
Symlinking /home/xavier/catkin_ws/devel/share/mbf_msgs/cmake/mbf_msgsConfig-version.cmake
Symlinking /home/xavier/catkin_ws/devel/share/mbf_msgs/cmake/mbf_msgs-msg-extras.cmake
Symlinking /home/xavier/catkin_ws/devel/share/mbf_msgs/cmake/mbf_msgs-msg-paths.cmake
Symlinking /home/xavier/catkin_ws/devel/share/gennodejs/ros/mbf_msgs/_index.js
Symlinking /home/xavier/catkin_ws/devel/share/gennodejs/ros/mbf_msgs/srv/_index.js
Symlinking /home/xavier/catkin_ws/devel/share/gennodejs/ros/mbf_msgs/srv/CheckPath.js
Symlinking /home/xavier/catkin_ws/devel/share/gennodejs/ros/mbf_msgs/srv/CheckPoint.js
Symlinking /home/xavier/catkin_ws/devel/share/gennodejs/ros/mbf_msgs/srv/CheckPose.js
Symlinking /home/xavier/catkin_ws/devel/share/gennodejs/ros/mbf_msgs/msg/_index.js
Symlinking /home/xavier/catkin_ws/devel/share/gennodejs/ros/mbf_msgs/msg/RecoveryActionFeedback.js
Symlinking /home/xavier/catkin_ws/devel/share/gennodejs/ros/mbf_msgs/msg/RecoveryAction.js
Symlinking /home/xavier/catkin_ws/devel/share/gennodejs/ros/mbf_msgs/msg/GetPathAction.js
Symlinking /home/xavier/catkin_ws/devel/share/gennodejs/ros/mbf_msgs/msg/ExePathGoal.js
Symlinking /home/xavier/catkin_ws/devel/share/gennodejs/ros/mbf_msgs/msg/MoveBaseGoal.js
Symlinking /home/xavier/catkin_ws/devel/share/gennodejs/ros/mbf_msgs/msg/MoveBaseAction.js
Symlinking /home/xavier/catkin_ws/devel/share/gennodejs/ros/mbf_msgs/msg/RecoveryFeedback.js
Symlinking /home/xavier/catkin_ws/devel/share/gennodejs/ros/mbf_msgs/msg/GetPathActionFeedback.js
Symlinking /home/xavier/catkin_ws/devel/share/gennodejs/ros/mbf_msgs/msg/ExePathActionResult.js
Symlinking /home/xavier/catkin_ws/devel/share/gennodejs/ros/mbf_msgs/msg/ExePathActionFeedback.js
Symlinking /home/xavier/catkin_ws/devel/share/gennodejs/ros/mbf_msgs/msg/RecoveryActionResult.js
Symlinking /home/xavier/catkin_ws/devel/share/gennodejs/ros/mbf_msgs/msg/GetPathResult.js
Symlinking /home/xavier/catkin_ws/devel/share/gennodejs/ros/mbf_msgs/msg/RecoveryResult.js
Symlinking /home/xavier/catkin_ws/devel/share/gennodejs/ros/mbf_msgs/msg/RecoveryActionGoal.js
Symlinking /home/xavier/catkin_ws/devel/share/gennodejs/ros/mbf_msgs/msg/MoveBaseActionFeedback.js
Symlinking /home/xavier/catkin_ws/devel/share/gennodejs/ros/mbf_msgs/msg/RecoveryGoal.js
Symlinking /home/xavier/catkin_ws/devel/share/gennodejs/ros/mbf_msgs/msg/GetPathGoal.js
Symlinking /home/xavier/catkin_ws/devel/share/gennodejs/ros/mbf_msgs/msg/MoveBaseActionResult.js
Symlinking /home/xavier/catkin_ws/devel/share/gennodejs/ros/mbf_msgs/msg/GetPathActionResult.js
Symlinking /home/xavier/catkin_ws/devel/share/gennodejs/ros/mbf_msgs/msg/GetPathActionGoal.js
Symlinking /home/xavier/catkin_ws/devel/share/gennodejs/ros/mbf_msgs/msg/ExePathAction.js
Symlinking /home/xavier/catkin_ws/devel/share/gennodejs/ros/mbf_msgs/msg/MoveBaseResult.js
Symlinking /home/xavier/catkin_ws/devel/share/gennodejs/ros/mbf_msgs/msg/ExePathResult.js
Symlinking /home/xavier/catkin_ws/devel/share/gennodejs/ros/mbf_msgs/msg/ExePathFeedback.js
Symlinking /home/xavier/catkin_ws/devel/share/gennodejs/ros/mbf_msgs/msg/MoveBaseActionGoal.js
Symlinking /home/xavier/catkin_ws/devel/share/gennodejs/ros/mbf_msgs/msg/ExePathActionGoal.js
Symlinking /home/xavier/catkin_ws/devel/share/gennodejs/ros/mbf_msgs/msg/GetPathFeedback.js
Symlinking /home/xavier/catkin_ws/devel/share/gennodejs/ros/mbf_msgs/msg/MoveBaseFeedback.js
Symlinking /home/xavier/catkin_ws/devel/share/common-lisp/ros/mbf_msgs/srv/_package_CheckPoint.lisp
Symlinking /home/xavier/catkin_ws/devel/share/common-lisp/ros/mbf_msgs/srv/_package_CheckPath.lisp
Symlinking /home/xavier/catkin_ws/devel/share/common-lisp/ros/mbf_msgs/srv/_package.lisp
Symlinking /home/xavier/catkin_ws/devel/share/common-lisp/ros/mbf_msgs/srv/CheckPoint.lisp
Symlinking /home/xavier/catkin_ws/devel/share/common-lisp/ros/mbf_msgs/srv/CheckPose.lisp
Symlinking /home/xavier/catkin_ws/devel/share/common-lisp/ros/mbf_msgs/srv/_package_CheckPose.lisp
Symlinking /home/xavier/catkin_ws/devel/share/common-lisp/ros/mbf_msgs/srv/CheckPath.lisp
Symlinking /home/xavier/catkin_ws/devel/share/common-lisp/ros/mbf_msgs/srv/mbf_msgs-srv.asd
Symlinking /home/xavier/catkin_ws/devel/share/common-lisp/ros/mbf_msgs/msg/GetPathActionGoal.lisp
Symlinking /home/xavier/catkin_ws/devel/share/common-lisp/ros/mbf_msgs/msg/_package_ExePathActionFeedback.lisp
Symlinking /home/xavier/catkin_ws/devel/share/common-lisp/ros/mbf_msgs/msg/GetPathFeedback.lisp
Symlinking /home/xavier/catkin_ws/devel/share/common-lisp/ros/mbf_msgs/msg/RecoveryAction.lisp
Symlinking /home/xavier/catkin_ws/devel/share/common-lisp/ros/mbf_msgs/msg/ExePathGoal.lisp
Symlinking /home/xavier/catkin_ws/devel/share/common-lisp/ros/mbf_msgs/msg/RecoveryFeedback.lisp
Symlinking /home/xavier/catkin_ws/devel/share/common-lisp/ros/mbf_msgs/msg/_package_GetPathActionResult.lisp
Symlinking /home/xavier/catkin_ws/devel/share/common-lisp/ros/mbf_msgs/msg/_package_GetPathGoal.lisp
Symlinking /home/xavier/catkin_ws/devel/share/common-lisp/ros/mbf_msgs/msg/_package_GetPathAction.lisp
Symlinking /home/xavier/catkin_ws/devel/share/common-lisp/ros/mbf_msgs/msg/ExePathAction.lisp
Symlinking /home/xavier/catkin_ws/devel/share/common-lisp/ros/mbf_msgs/msg/MoveBaseActionGoal.lisp
Symlinking /home/xavier/catkin_ws/devel/share/common-lisp/ros/mbf_msgs/msg/MoveBaseResult.lisp
Symlinking /home/xavier/catkin_ws/devel/share/common-lisp/ros/mbf_msgs/msg/GetPathGoal.lisp
Symlinking /home/xavier/catkin_ws/devel/share/common-lisp/ros/mbf_msgs/msg/MoveBaseActionFeedback.lisp
Symlinking /home/xavier/catkin_ws/devel/share/common-lisp/ros/mbf_msgs/msg/_package.lisp
Symlinking /home/xavier/catkin_ws/devel/share/common-lisp/ros/mbf_msgs/msg/_package_GetPathActionGoal.lisp
Symlinking /home/xavier/catkin_ws/devel/share/common-lisp/ros/mbf_msgs/msg/MoveBaseActionResult.lisp
Symlinking /home/xavier/catkin_ws/devel/share/common-lisp/ros/mbf_msgs/msg/_package_RecoveryActionFeedback.lisp
Symlinking /home/xavier/catkin_ws/devel/share/common-lisp/ros/mbf_msgs/msg/_package_MoveBaseActionResult.lisp
Symlinking /home/xavier/catkin_ws/devel/share/common-lisp/ros/mbf_msgs/msg/_package_RecoveryResult.lisp
Symlinking /home/xavier/catkin_ws/devel/share/common-lisp/ros/mbf_msgs/msg/_package_MoveBaseActionGoal.lisp
Symlinking /home/xavier/catkin_ws/devel/share/common-lisp/ros/mbf_msgs/msg/ExePathActionFeedback.lisp
Symlinking /home/xavier/catkin_ws/devel/share/common-lisp/ros/mbf_msgs/msg/_package_ExePathResult.lisp
Symlinking /home/xavier/catkin_ws/devel/share/common-lisp/ros/mbf_msgs/msg/_package_MoveBaseGoal.lisp
Symlinking /home/xavier/catkin_ws/devel/share/common-lisp/ros/mbf_msgs/msg/_package_MoveBaseAction.lisp
Symlinking /home/xavier/catkin_ws/devel/share/common-lisp/ros/mbf_msgs/msg/_package_RecoveryActionGoal.lisp
Symlinking /home/xavier/catkin_ws/devel/share/common-lisp/ros/mbf_msgs/msg/_package_ExePathActionResult.lisp
Symlinking /home/xavier/catkin_ws/devel/share/common-lisp/ros/mbf_msgs/msg/RecoveryActionResult.lisp
Symlinking /home/xavier/catkin_ws/devel/share/common-lisp/ros/mbf_msgs/msg/ExePathResult.lisp
Symlinking /home/xavier/catkin_ws/devel/share/common-lisp/ros/mbf_msgs/msg/MoveBaseAction.lisp
Symlinking /home/xavier/catkin_ws/devel/share/common-lisp/ros/mbf_msgs/msg/_package_MoveBaseFeedback.lisp
Symlinking /home/xavier/catkin_ws/devel/share/common-lisp/ros/mbf_msgs/msg/GetPathActionFeedback.lisp
Symlinking /home/xavier/catkin_ws/devel/share/common-lisp/ros/mbf_msgs/msg/_package_RecoveryFeedback.lisp
Symlinking /home/xavier/catkin_ws/devel/share/common-lisp/ros/mbf_msgs/msg/GetPathAction.lisp
Symlinking /home/xavier/catkin_ws/devel/share/common-lisp/ros/mbf_msgs/msg/GetPathActionResult.lisp
Symlinking /home/xavier/catkin_ws/devel/share/common-lisp/ros/mbf_msgs/msg/RecoveryActionFeedback.lisp
Symlinking /home/xavier/catkin_ws/devel/share/common-lisp/ros/mbf_msgs/msg/RecoveryResult.lisp
Symlinking /home/xavier/catkin_ws/devel/share/common-lisp/ros/mbf_msgs/msg/_package_RecoveryAction.lisp
Symlinking /home/xavier/catkin_ws/devel/share/common-lisp/ros/mbf_msgs/msg/_package_ExePathAction.lisp
Symlinking /home/xavier/catkin_ws/devel/share/common-lisp/ros/mbf_msgs/msg/_package_GetPathFeedback.lisp
Symlinking /home/xavier/catkin_ws/devel/share/common-lisp/ros/mbf_msgs/msg/RecoveryGoal.lisp
Symlinking /home/xavier/catkin_ws/devel/share/common-lisp/ros/mbf_msgs/msg/_package_RecoveryGoal.lisp
Symlinking /home/xavier/catkin_ws/devel/share/common-lisp/ros/mbf_msgs/msg/ExePathActionGoal.lisp
Symlinking /home/xavier/catkin_ws/devel/share/common-lisp/ros/mbf_msgs/msg/mbf_msgs-msg.asd
Symlinking /home/xavier/catkin_ws/devel/share/common-lisp/ros/mbf_msgs/msg/_package_ExePathFeedback.lisp
Symlinking /home/xavier/catkin_ws/devel/share/common-lisp/ros/mbf_msgs/msg/_package_MoveBaseActionFeedback.lisp
Symlinking /home/xavier/catkin_ws/devel/share/common-lisp/ros/mbf_msgs/msg/ExePathFeedback.lisp
Symlinking /home/xavier/catkin_ws/devel/share/common-lisp/ros/mbf_msgs/msg/_package_GetPathResult.lisp
Symlinking /home/xavier/catkin_ws/devel/share/common-lisp/ros/mbf_msgs/msg/ExePathActionResult.lisp
Symlinking /home/xavier/catkin_ws/devel/share/common-lisp/ros/mbf_msgs/msg/_package_MoveBaseResult.lisp
Symlinking /home/xavier/catkin_ws/devel/share/common-lisp/ros/mbf_msgs/msg/RecoveryActionGoal.lisp
Symlinking /home/xavier/catkin_ws/devel/share/common-lisp/ros/mbf_msgs/msg/MoveBaseGoal.lisp
Symlinking /home/xavier/catkin_ws/devel/share/common-lisp/ros/mbf_msgs/msg/_package_ExePathActionGoal.lisp
Symlinking /home/xavier/catkin_ws/devel/share/common-lisp/ros/mbf_msgs/msg/GetPathResult.lisp
Symlinking /home/xavier/catkin_ws/devel/share/common-lisp/ros/mbf_msgs/msg/_package_RecoveryActionResult.lisp
Symlinking /home/xavier/catkin_ws/devel/share/common-lisp/ros/mbf_msgs/msg/MoveBaseFeedback.lisp
Symlinking /home/xavier/catkin_ws/devel/share/common-lisp/ros/mbf_msgs/msg/_package_GetPathActionFeedback.lisp
Symlinking /home/xavier/catkin_ws/devel/share/common-lisp/ros/mbf_msgs/msg/_package_ExePathGoal.lisp
Symlinking /home/xavier/catkin_ws/devel/lib/python2.7/dist-packages/mbf_msgs/__init__.py
Symlinking /home/xavier/catkin_ws/devel/lib/python2.7/dist-packages/mbf_msgs/srv/_CheckPath.py
Symlinking /home/xavier/catkin_ws/devel/lib/python2.7/dist-packages/mbf_msgs/srv/_CheckPose.py
Symlinking /home/xavier/catkin_ws/devel/lib/python2.7/dist-packages/mbf_msgs/srv/_CheckPoint.py
Symlinking /home/xavier/catkin_ws/devel/lib/python2.7/dist-packages/mbf_msgs/srv/__init__.py
Symlinking /home/xavier/catkin_ws/devel/lib/python2.7/dist-packages/mbf_msgs/msg/_GetPathActionFeedback.py
Symlinking /home/xavier/catkin_ws/devel/lib/python2.7/dist-packages/mbf_msgs/msg/_ExePathActionGoal.py
Symlinking /home/xavier/catkin_ws/devel/lib/python2.7/dist-packages/mbf_msgs/msg/_RecoveryActionGoal.py
Symlinking /home/xavier/catkin_ws/devel/lib/python2.7/dist-packages/mbf_msgs/msg/_ExePathActionResult.py
Symlinking /home/xavier/catkin_ws/devel/lib/python2.7/dist-packages/mbf_msgs/msg/_MoveBaseFeedback.py
Symlinking /home/xavier/catkin_ws/devel/lib/python2.7/dist-packages/mbf_msgs/msg/_RecoveryGoal.py
Symlinking /home/xavier/catkin_ws/devel/lib/python2.7/dist-packages/mbf_msgs/msg/_RecoveryActionResult.py
Symlinking /home/xavier/catkin_ws/devel/lib/python2.7/dist-packages/mbf_msgs/msg/_ExePathAction.py
Symlinking /home/xavier/catkin_ws/devel/lib/python2.7/dist-packages/mbf_msgs/msg/_ExePathFeedback.py
Symlinking /home/xavier/catkin_ws/devel/lib/python2.7/dist-packages/mbf_msgs/msg/_GetPathAction.py
Symlinking /home/xavier/catkin_ws/devel/lib/python2.7/dist-packages/mbf_msgs/msg/_ExePathActionFeedback.py
Symlinking /home/xavier/catkin_ws/devel/lib/python2.7/dist-packages/mbf_msgs/msg/_MoveBaseGoal.py
Symlinking /home/xavier/catkin_ws/devel/lib/python2.7/dist-packages/mbf_msgs/msg/_GetPathGoal.py
Symlinking /home/xavier/catkin_ws/devel/lib/python2.7/dist-packages/mbf_msgs/msg/_GetPathResult.py
Symlinking /home/xavier/catkin_ws/devel/lib/python2.7/dist-packages/mbf_msgs/msg/_RecoveryFeedback.py
Symlinking /home/xavier/catkin_ws/devel/lib/python2.7/dist-packages/mbf_msgs/msg/_RecoveryActionFeedback.py
Symlinking /home/xavier/catkin_ws/devel/lib/python2.7/dist-packages/mbf_msgs/msg/_MoveBaseResult.py
Symlinking /home/xavier/catkin_ws/devel/lib/python2.7/dist-packages/mbf_msgs/msg/_GetPathFeedback.py
Symlinking /home/xavier/catkin_ws/devel/lib/python2.7/dist-packages/mbf_msgs/msg/_GetPathActionResult.py
Symlinking /home/xavier/catkin_ws/devel/lib/python2.7/dist-packages/mbf_msgs/msg/_ExePathGoal.py
Symlinking /home/xavier/catkin_ws/devel/lib/python2.7/dist-packages/mbf_msgs/msg/_MoveBaseActionGoal.py
Symlinking /home/xavier/catkin_ws/devel/lib/python2.7/dist-packages/mbf_msgs/msg/_MoveBaseActionResult.py
Symlinking /home/xavier/catkin_ws/devel/lib/python2.7/dist-packages/mbf_msgs/msg/_RecoveryResult.py
Symlinking /home/xavier/catkin_ws/devel/lib/python2.7/dist-packages/mbf_msgs/msg/_GetPathActionGoal.py
Symlinking /home/xavier/catkin_ws/devel/lib/python2.7/dist-packages/mbf_msgs/msg/_RecoveryAction.py
Symlinking /home/xavier/catkin_ws/devel/lib/python2.7/dist-packages/mbf_msgs/msg/_ExePathResult.py
Symlinking /home/xavier/catkin_ws/devel/lib/python2.7/dist-packages/mbf_msgs/msg/_MoveBaseAction.py
Symlinking /home/xavier/catkin_ws/devel/lib/python2.7/dist-packages/mbf_msgs/msg/__init__.py
Symlinking /home/xavier/catkin_ws/devel/lib/python2.7/dist-packages/mbf_msgs/msg/_MoveBaseActionFeedback.py
Symlinking /home/xavier/catkin_ws/devel/lib/pkgconfig/mbf_msgs.pc
