[  0%] Built target _mbf_msgs_generate_messages_check_deps_GetPathActionResult
[  0%] Built target _mbf_msgs_generate_messages_check_deps_RecoveryActionFeedback
[  0%] Built target _mbf_msgs_generate_messages_check_deps_MoveBaseResult
[  0%] Built target _mbf_msgs_generate_messages_check_deps_ExePathActionFeedback
[  0%] Built target _mbf_msgs_generate_messages_check_deps_ExePathResult
[  0%] Built target _mbf_msgs_generate_messages_check_deps_RecoveryActionGoal
[  0%] Built target _mbf_msgs_generate_messages_check_deps_MoveBaseGoal
[  0%] Built target _mbf_msgs_generate_messages_check_deps_GetPathFeedback
[  0%] Built target _mbf_msgs_generate_messages_check_deps_RecoveryAction
[  0%] Built target _mbf_msgs_generate_messages_check_deps_ExePathGoal
[  0%] Built target _mbf_msgs_generate_messages_check_deps_RecoveryResult
[  0%] Built target _mbf_msgs_generate_messages_check_deps_MoveBaseActionResult
[  0%] Built target _mbf_msgs_generate_messages_check_deps_MoveBaseAction
[  0%] Built target _mbf_msgs_generate_messages_check_deps_MoveBaseActionGoal
[  0%] Built target _mbf_msgs_generate_messages_check_deps_MoveBaseActionFeedback
[  0%] Built target _mbf_msgs_generate_messages_check_deps_GetPathAction
[  0%] Built target _mbf_msgs_generate_messages_check_deps_CheckPath
[  0%] Built target _mbf_msgs_generate_messages_check_deps_MoveBaseFeedback
[  0%] Built target _mbf_msgs_generate_messages_check_deps_GetPathGoal
[  0%] Built target _mbf_msgs_generate_messages_check_deps_RecoveryFeedback
[  0%] Built target std_msgs_generate_messages_cpp
[  0%] Built target _mbf_msgs_generate_messages_check_deps_ExePathFeedback
[  0%] Built target _mbf_msgs_generate_messages_check_deps_CheckPose
[  0%] Built target actionlib_msgs_generate_messages_cpp
[  0%] Built target _mbf_msgs_generate_messages_check_deps_ExePathActionGoal
[  0%] Built target _mbf_msgs_generate_messages_check_deps_ExePathActionResult
[  0%] Built target geometry_msgs_generate_messages_cpp
[  0%] Built target _mbf_msgs_generate_messages_check_deps_RecoveryActionResult
[  0%] Built target nav_msgs_generate_messages_cpp
[  0%] Built target _mbf_msgs_generate_messages_check_deps_GetPathActionGoal
[  0%] Built target _mbf_msgs_generate_messages_check_deps_ExePathAction
[  0%] Built target _mbf_msgs_generate_messages_check_deps_GetPathResult
[  0%] Built target _mbf_msgs_generate_messages_check_deps_CheckPoint
[  0%] Built target nav_msgs_generate_messages_py
[  0%] Built target std_msgs_generate_messages_py
[  0%] Built target _mbf_msgs_generate_messages_check_deps_GetPathActionFeedback
[  0%] Built target _mbf_msgs_generate_messages_check_deps_RecoveryGoal
[  0%] Built target std_msgs_generate_messages_nodejs
[  0%] Built target geometry_msgs_generate_messages_py
[  0%] Built target actionlib_msgs_generate_messages_py
[  0%] Built target nav_msgs_generate_messages_nodejs
[  0%] Built target actionlib_msgs_generate_messages_nodejs
[  0%] Built target geometry_msgs_generate_messages_nodejs
[  0%] Built target std_msgs_generate_messages_lisp
[  0%] Built target geometry_msgs_generate_messages_lisp
[  0%] Built target nav_msgs_generate_messages_lisp
[  0%] Built target actionlib_msgs_generate_messages_lisp
[  0%] Built target geometry_msgs_generate_messages_eus
[  0%] Built target actionlib_msgs_generate_messages_eus
[  0%] Built target std_msgs_generate_messages_eus
[  0%] Built target nav_msgs_generate_messages_eus
[ 19%] Built target mbf_msgs_generate_messages_cpp
[ 38%] Built target mbf_msgs_generate_messages_nodejs
[ 59%] Built target mbf_msgs_generate_messages_py
[ 84%] Built target mbf_msgs_generate_messages_eus
[100%] Built target mbf_msgs_generate_messages_lisp
[100%] Built target mbf_msgs_generate_messages
