[  2%] Built target options
[  4%] Built target egsl
[  6%] Built target gpc
[ 32%] Built target csm
[ 37%] Built target json-c
[ 64%] Built target csm-static
[ 66%] Built target test_options
[ 67%] Built target egsl_test_allocation
[ 68%] Built target egsl_test
[ 69%] Built target test2
[ 70%] Built target ld_fisher
[ 71%] Built target carmen2json
[ 72%] Built target ld_resample
[ 73%] Built target sm1
[ 74%] Built target ld_slip
[ 75%] Built target ld_smooth
[ 76%] Built target ld_alternate
[ 77%] Built target json_pipe
[ 79%] Built target ld_noise
[ 80%] Built target sm3
[ 81%] Built target json_split
[ 82%] Built target ld_recover
[ 83%] Built target ld_purify
[ 84%] Built target json_decimate
[ 85%] Built target ld_select
[ 86%] Built target ld_cluster_curv
[ 87%] Built target sm2
[ 88%] Built target ld_linearize
[ 89%] Built target test_json
[ 90%] Built target json2matlab
[ 91%] Built target ld_exp_tro1
[ 93%] Built target json2carmen
[ 94%] Built target test_json_ld
[ 95%] Built target ld_remove_doubles
[ 96%] Built target log2pdf
[ 97%] Built target sm_animate
[ 98%] Built target json_extract
[ 99%] Built target test_math_utils_sanity
[100%] Built target json_extract_field
