[  2%] Built target options
[  4%] Built target gpc
[  6%] Built target egsl
[ 11%] Built target json-c
[ 38%] Built target csm-static
[ 64%] Built target csm
[ 66%] Built target test_options
[ 67%] Built target egsl_test
[ 68%] Built target test2
[ 69%] Built target egsl_test_allocation
[ 70%] Built target ld_resample
[ 71%] Built target ld_fisher
[ 72%] Built target ld_slip
[ 73%] Built target sm1
[ 74%] Built target carmen2json
[ 75%] Built target ld_alternate
[ 76%] Built target ld_smooth
[ 78%] Built target ld_noise
[ 79%] Built target sm3
[ 80%] Built target json_split
[ 81%] Built target json_pipe
[ 82%] Built target json_decimate
[ 83%] Built target ld_recover
[ 84%] Built target ld_select
[ 85%] Built target ld_cluster_curv
[ 86%] Built target ld_purify
[ 87%] Built target sm2
[ 88%] Built target ld_linearize
[ 90%] Built target json2matlab
[ 91%] Built target json2carmen
[ 92%] Built target ld_exp_tro1
[ 94%] Built target test_json
[ 94%] Built target sm_animate
[ 95%] Built target test_json_ld
[ 96%] Built target test_math_utils_sanity
[ 97%] Built target ld_remove_doubles
[ 98%] Built target log2pdf
[ 99%] Built target json_extract_field
[100%] Built target json_extract
