[  2%] Built target options
[  7%] Built target json-c
[ 34%] Built target csm-static
[ 36%] Built target egsl
[ 62%] Built target csm
[ 64%] Built target gpc
[ 66%] Built target test_options
[ 67%] Built target test2
[ 68%] Built target ld_fisher
[ 69%] Built target ld_resample
[ 70%] Built target sm1
[ 71%] Built target carmen2json
[ 72%] Built target ld_slip
[ 73%] Built target ld_alternate
[ 74%] Built target ld_smooth
[ 76%] Built target ld_noise
[ 78%] Built target json_split
[ 78%] Built target sm3
[ 79%] Built target json_pipe
[ 80%] Built target json_decimate
[ 81%] Built target ld_recover
[ 82%] Built target ld_select
[ 83%] Built target ld_purify
[ 84%] Built target ld_cluster_curv
[ 85%] Built target sm2
[ 86%] Built target ld_linearize
[ 87%] Built target json2matlab
[ 88%] Built target test_json
[ 90%] Built target json2carmen
[ 91%] Built target test_json_ld
[ 92%] Built target ld_exp_tro1
[ 93%] Built target sm_animate
[ 94%] Built target log2pdf
[ 95%] Built target json_extract_field
[ 96%] Built target test_math_utils_sanity
[ 97%] Built target ld_remove_doubles
[ 98%] Built target json_extract
[ 99%] Built target egsl_test
[100%] Built target egsl_test_allocation
