[  2%] Built target egsl
[  4%] Built target gpc
[  9%] Built target json-c
[ 11%] Built target options
[ 12%] Built target egsl_test
[ 38%] Built target csm
[ 65%] Built target csm-static
[ 66%] Built target egsl_test_allocation
[ 68%] Built target test_options
[ 69%] Built target test2
[ 70%] Built target sm1
[ 71%] Built target ld_resample
[ 72%] Built target ld_fisher
[ 73%] Built target carmen2json
[ 74%] Built target ld_slip
[ 75%] Built target ld_alternate
[ 76%] Built target ld_smooth
[ 77%] Built target sm3
[ 79%] Built target ld_noise
[ 80%] Built target json_pipe
[ 81%] Built target json_split
[ 82%] Built target json_decimate
[ 83%] Built target ld_recover
[ 84%] Built target ld_purify
[ 85%] Built target ld_cluster_curv
[ 86%] Built target ld_select
[ 87%] Built target sm2
[ 88%] Built target ld_linearize
[ 89%] Built target json2matlab
[ 90%] Built target ld_exp_tro1
[ 92%] Built target json2carmen
[ 93%] Built target test_json
[ 94%] Built target sm_animate
[ 95%] Built target test_json_ld
[ 96%] Built target log2pdf
[ 97%] Built target json_extract_field
[ 98%] Built target json_extract
[ 99%] Built target ld_remove_doubles
[100%] Built target test_math_utils_sanity
