[ 27%] Built target csm-static
[ 53%] Built target csm
[ 54%] Built target ld_recover
[ 55%] Built target ld_purify
[ 56%] Built target ld_select
[ 57%] Built target ld_cluster_curv
[ 58%] Built target sm2
[ 59%] Built target ld_linearize
[ 60%] Built target json2matlab
[ 61%] Built target ld_exp_tro1
[ 62%] Built target test_json
[ 64%] Built target json2carmen
[ 65%] Built target test_json_ld
[ 66%] Built target sm_animate
[ 67%] Built target log2pdf
[ 68%] Built target test_math_utils_sanity
[ 69%] Built target ld_remove_doubles
[ 70%] Built target json_extract_field
[ 71%] Built target json_extract
[ 73%] Built target options
[ 78%] Built target json-c
[ 80%] Built target egsl
[ 82%] Built target gpc
[ 83%] Built target ld_resample
[ 84%] Built target ld_fisher
[ 85%] Built target sm1
[ 86%] Built target ld_slip
[ 87%] Built target carmen2json
[ 88%] Built target ld_smooth
[ 89%] Built target ld_alternate
[ 91%] Built target ld_noise
[ 92%] Built target json_split
[ 93%] Built target sm3
[ 94%] Built target json_pipe
[ 95%] Built target json_decimate
[ 97%] Built target test_options
[ 98%] Built target test2
[ 99%] Built target egsl_test
[100%] Built target egsl_test_allocation
