make: Warning: File 'Makefile' has modification time 954 s in the future
make[1]: Warning: File 'CMakeFiles/Makefile2' has modification time 954 s in the future
make[2]: Warning: File 'sm/CMakeFiles/csm-static.dir/flags.make' has modification time 954 s in the future
make[2]: warning:  Clock skew detected.  Your build may be incomplete.
make[2]: Warning: File 'sm/CMakeFiles/csm-static.dir/flags.make' has modification time 954 s in the future
make[2]: warning:  Clock skew detected.  Your build may be incomplete.
make[2]: Warning: File 'sm/CMakeFiles/csm.dir/flags.make' has modification time 954 s in the future
make[2]: warning:  Clock skew detected.  Your build may be incomplete.
make[2]: Warning: File 'sm/CMakeFiles/csm.dir/flags.make' has modification time 954 s in the future
make[2]: warning:  Clock skew detected.  Your build may be incomplete.
make[2]: Warning: File 'sm/CMakeFiles/ld_recover.dir/flags.make' has modification time 954 s in the future
make[2]: warning:  Clock skew detected.  Your build may be incomplete.
make[2]: Warning: File 'sm/CMakeFiles/ld_recover.dir/flags.make' has modification time 954 s in the future
make[2]: warning:  Clock skew detected.  Your build may be incomplete.
make[2]: Warning: File 'sm/CMakeFiles/ld_purify.dir/flags.make' has modification time 954 s in the future
make[2]: warning:  Clock skew detected.  Your build may be incomplete.
make[2]: Warning: File 'sm/CMakeFiles/ld_purify.dir/flags.make' has modification time 954 s in the future
make[2]: warning:  Clock skew detected.  Your build may be incomplete.
make[2]: Warning: File 'sm/CMakeFiles/ld_select.dir/flags.make' has modification time 953 s in the future
make[2]: Warning: File 'sm/CMakeFiles/ld_cluster_curv.dir/flags.make' has modification time 953 s in the future
make[2]: warning:  Clock skew detected.  Your build may be incomplete.
make[2]: Warning: File 'sm/CMakeFiles/ld_select.dir/flags.make' has modification time 953 s in the future
make[2]: warning:  Clock skew detected.  Your build may be incomplete.
make[2]: warning:  Clock skew detected.  Your build may be incomplete.
make[2]: Warning: File 'sm/CMakeFiles/ld_cluster_curv.dir/flags.make' has modification time 953 s in the future
make[2]: warning:  Clock skew detected.  Your build may be incomplete.
make[2]: Warning: File 'sm/CMakeFiles/sm2.dir/flags.make' has modification time 953 s in the future
make[2]: Warning: File 'sm/CMakeFiles/ld_linearize.dir/flags.make' has modification time 953 s in the future
make[2]: warning:  Clock skew detected.  Your build may be incomplete.
make[2]: Warning: File 'sm/CMakeFiles/sm2.dir/flags.make' has modification time 953 s in the future
make[2]: warning:  Clock skew detected.  Your build may be incomplete.
make[2]: warning:  Clock skew detected.  Your build may be incomplete.
make[2]: Warning: File 'sm/CMakeFiles/ld_linearize.dir/flags.make' has modification time 953 s in the future
make[2]: warning:  Clock skew detected.  Your build may be incomplete.
make[2]: Warning: File 'sm/CMakeFiles/json2matlab.dir/flags.make' has modification time 953 s in the future
make[2]: Warning: File 'sm/CMakeFiles/ld_exp_tro1.dir/flags.make' has modification time 953 s in the future
make[2]: Warning: File 'sm/CMakeFiles/test_json.dir/flags.make' has modification time 953 s in the future
make[2]: warning:  Clock skew detected.  Your build may be incomplete.
make[2]: warning:  Clock skew detected.  Your build may be incomplete.
make[2]: Warning: File 'sm/CMakeFiles/ld_exp_tro1.dir/flags.make' has modification time 953 s in the future
make[2]: warning:  Clock skew detected.  Your build may be incomplete.
make[2]: Warning: File 'sm/CMakeFiles/json2matlab.dir/flags.make' has modification time 953 s in the future
make[2]: warning:  Clock skew detected.  Your build may be incomplete.
make[2]: warning:  Clock skew detected.  Your build may be incomplete.
make[2]: Warning: File 'sm/CMakeFiles/test_json.dir/flags.make' has modification time 953 s in the future
make[2]: warning:  Clock skew detected.  Your build may be incomplete.
make[2]: Warning: File 'sm/CMakeFiles/json2carmen.dir/flags.make' has modification time 953 s in the future
make[2]: Warning: File 'sm/CMakeFiles/test_json_ld.dir/flags.make' has modification time 953 s in the future
make[2]: warning:  Clock skew detected.  Your build may be incomplete.
make[2]: Warning: File 'sm/CMakeFiles/json2carmen.dir/flags.make' has modification time 953 s in the future
make[2]: warning:  Clock skew detected.  Your build may be incomplete.
make[2]: Warning: File 'sm/CMakeFiles/sm_animate.dir/flags.make' has modification time 953 s in the future
make[2]: warning:  Clock skew detected.  Your build may be incomplete.
make[2]: Warning: File 'sm/CMakeFiles/test_json_ld.dir/flags.make' has modification time 953 s in the future
make[2]: warning:  Clock skew detected.  Your build may be incomplete.
make[2]: Warning: File 'sm/CMakeFiles/log2pdf.dir/flags.make' has modification time 953 s in the future
make[2]: warning:  Clock skew detected.  Your build may be incomplete.
make[2]: Warning: File 'sm/CMakeFiles/sm_animate.dir/flags.make' has modification time 953 s in the future
make[2]: warning:  Clock skew detected.  Your build may be incomplete.
make[2]: Warning: File 'sm/CMakeFiles/test_math_utils_sanity.dir/flags.make' has modification time 953 s in the future
make[2]: warning:  Clock skew detected.  Your build may be incomplete.
make[2]: Warning: File 'sm/CMakeFiles/log2pdf.dir/flags.make' has modification time 953 s in the future
make[2]: warning:  Clock skew detected.  Your build may be incomplete.
make[2]: warning:  Clock skew detected.  Your build may be incomplete.
make[2]: Warning: File 'sm/CMakeFiles/test_math_utils_sanity.dir/flags.make' has modification time 953 s in the future
make[2]: warning:  Clock skew detected.  Your build may be incomplete.
make[2]: Warning: File 'sm/CMakeFiles/ld_remove_doubles.dir/flags.make' has modification time 953 s in the future
make[2]: Warning: File 'sm/CMakeFiles/json_extract_field.dir/flags.make' has modification time 953 s in the future
make[2]: warning:  Clock skew detected.  Your build may be incomplete.
make[2]: warning:  Clock skew detected.  Your build may be incomplete.
make[2]: Warning: File 'sm/CMakeFiles/json_extract_field.dir/flags.make' has modification time 953 s in the future
make[2]: warning:  Clock skew detected.  Your build may be incomplete.
make[2]: Warning: File 'sm/CMakeFiles/ld_remove_doubles.dir/flags.make' has modification time 953 s in the future
make[2]: warning:  Clock skew detected.  Your build may be incomplete.
make[2]: Warning: File 'sm/lib/options/CMakeFiles/options.dir/flags.make' has modification time 953 s in the future
make[2]: Warning: File 'sm/CMakeFiles/json_extract.dir/flags.make' has modification time 953 s in the future
make[2]: warning:  Clock skew detected.  Your build may be incomplete.
make[2]: Warning: File 'sm/lib/options/CMakeFiles/options.dir/flags.make' has modification time 953 s in the future
make[2]: warning:  Clock skew detected.  Your build may be incomplete.
make[2]: warning:  Clock skew detected.  Your build may be incomplete.
make[2]: Warning: File 'sm/CMakeFiles/json_extract.dir/flags.make' has modification time 953 s in the future
make[2]: warning:  Clock skew detected.  Your build may be incomplete.
make[2]: Warning: File 'sm/lib/json-c/CMakeFiles/json-c.dir/flags.make' has modification time 953 s in the future
make[2]: Warning: File 'sm/lib/egsl/CMakeFiles/egsl.dir/flags.make' has modification time 953 s in the future
make[2]: warning:  Clock skew detected.  Your build may be incomplete.
make[2]: Warning: File 'sm/lib/json-c/CMakeFiles/json-c.dir/flags.make' has modification time 953 s in the future
make[2]: warning:  Clock skew detected.  Your build may be incomplete.
make[2]: warning:  Clock skew detected.  Your build may be incomplete.
make[2]: Warning: File 'sm/lib/gpc/CMakeFiles/gpc.dir/flags.make' has modification time 953 s in the future
make[2]: Warning: File 'sm/lib/egsl/CMakeFiles/egsl.dir/flags.make' has modification time 953 s in the future
make[2]: warning:  Clock skew detected.  Your build may be incomplete.
make[2]: Warning: File 'sm/CMakeFiles/ld_resample.dir/flags.make' has modification time 952 s in the future
make[2]: warning:  Clock skew detected.  Your build may be incomplete.
make[2]: Warning: File 'sm/lib/gpc/CMakeFiles/gpc.dir/flags.make' has modification time 953 s in the future
make[2]: warning:  Clock skew detected.  Your build may be incomplete.
make[2]: warning:  Clock skew detected.  Your build may be incomplete.
make[2]: Warning: File 'sm/CMakeFiles/ld_resample.dir/flags.make' has modification time 952 s in the future
make[2]: warning:  Clock skew detected.  Your build may be incomplete.
make[2]: Warning: File 'sm/CMakeFiles/ld_fisher.dir/flags.make' has modification time 952 s in the future
make[2]: warning:  Clock skew detected.  Your build may be incomplete.
make[2]: Warning: File 'sm/CMakeFiles/ld_fisher.dir/flags.make' has modification time 952 s in the future
make[2]: warning:  Clock skew detected.  Your build may be incomplete.
make[2]: Warning: File 'sm/CMakeFiles/sm1.dir/flags.make' has modification time 952 s in the future
make[2]: Warning: File 'sm/CMakeFiles/ld_slip.dir/flags.make' has modification time 952 s in the future
make[2]: warning:  Clock skew detected.  Your build may be incomplete.
make[2]: Warning: File 'sm/CMakeFiles/sm1.dir/flags.make' has modification time 952 s in the future
make[2]: warning:  Clock skew detected.  Your build may be incomplete.
make[2]: warning:  Clock skew detected.  Your build may be incomplete.
make[2]: Warning: File 'sm/CMakeFiles/ld_slip.dir/flags.make' has modification time 952 s in the future
make[2]: warning:  Clock skew detected.  Your build may be incomplete.
make[2]: Warning: File 'sm/CMakeFiles/carmen2json.dir/flags.make' has modification time 952 s in the future
make[2]: Warning: File 'sm/CMakeFiles/ld_smooth.dir/flags.make' has modification time 952 s in the future
make[2]: Warning: File 'sm/CMakeFiles/ld_alternate.dir/flags.make' has modification time 952 s in the future
make[2]: warning:  Clock skew detected.  Your build may be incomplete.
make[2]: Warning: File 'sm/CMakeFiles/carmen2json.dir/flags.make' has modification time 952 s in the future
make[2]: warning:  Clock skew detected.  Your build may be incomplete.
make[2]: warning:  Clock skew detected.  Your build may be incomplete.
make[2]: warning:  Clock skew detected.  Your build may be incomplete.
make[2]: Warning: File 'sm/CMakeFiles/ld_alternate.dir/flags.make' has modification time 952 s in the future
make[2]: Warning: File 'sm/CMakeFiles/ld_smooth.dir/flags.make' has modification time 952 s in the future
make[2]: warning:  Clock skew detected.  Your build may be incomplete.
make[2]: warning:  Clock skew detected.  Your build may be incomplete.
make[2]: Warning: File 'sm/CMakeFiles/sm3.dir/flags.make' has modification time 952 s in the future
make[2]: Warning: File 'sm/CMakeFiles/ld_noise.dir/flags.make' has modification time 952 s in the future
make[2]: warning:  Clock skew detected.  Your build may be incomplete.
make[2]: warning:  Clock skew detected.  Your build may be incomplete.
make[2]: Warning: File 'sm/CMakeFiles/ld_noise.dir/flags.make' has modification time 952 s in the future
make[2]: warning:  Clock skew detected.  Your build may be incomplete.
make[2]: Warning: File 'sm/CMakeFiles/sm3.dir/flags.make' has modification time 952 s in the future
make[2]: warning:  Clock skew detected.  Your build may be incomplete.
make[2]: Warning: File 'sm/CMakeFiles/json_split.dir/flags.make' has modification time 952 s in the future
make[2]: Warning: File 'sm/CMakeFiles/json_pipe.dir/flags.make' has modification time 952 s in the future
make[2]: Warning: File 'sm/CMakeFiles/json_decimate.dir/flags.make' has modification time 952 s in the future
make[2]: warning:  Clock skew detected.  Your build may be incomplete.
make[2]: Warning: File 'sm/CMakeFiles/json_split.dir/flags.make' has modification time 952 s in the future
make[2]: warning:  Clock skew detected.  Your build may be incomplete.
make[2]: warning:  Clock skew detected.  Your build may be incomplete.
make[2]: Warning: File 'sm/CMakeFiles/json_pipe.dir/flags.make' has modification time 952 s in the future
make[2]: warning:  Clock skew detected.  Your build may be incomplete.
make[2]: warning:  Clock skew detected.  Your build may be incomplete.
make[2]: Warning: File 'sm/CMakeFiles/json_decimate.dir/flags.make' has modification time 952 s in the future
make[2]: warning:  Clock skew detected.  Your build may be incomplete.
make[2]: Warning: File 'sm/lib/options/CMakeFiles/test_options.dir/flags.make' has modification time 952 s in the future
make[2]: warning:  Clock skew detected.  Your build may be incomplete.
make[2]: Warning: File 'sm/lib/options/CMakeFiles/test_options.dir/flags.make' has modification time 952 s in the future
make[2]: warning:  Clock skew detected.  Your build may be incomplete.
make[2]: Warning: File 'sm/lib/json-c/CMakeFiles/test2.dir/flags.make' has modification time 952 s in the future
make[2]: Warning: File 'sm/lib/egsl/CMakeFiles/egsl_test.dir/flags.make' has modification time 952 s in the future
make[2]: warning:  Clock skew detected.  Your build may be incomplete.
make[2]: Warning: File 'sm/lib/json-c/CMakeFiles/test2.dir/flags.make' has modification time 952 s in the future
make[2]: warning:  Clock skew detected.  Your build may be incomplete.
make[2]: warning:  Clock skew detected.  Your build may be incomplete.
make[2]: Warning: File 'sm/lib/egsl/CMakeFiles/egsl_test.dir/flags.make' has modification time 952 s in the future
make[2]: warning:  Clock skew detected.  Your build may be incomplete.
make[2]: Warning: File 'sm/lib/egsl/CMakeFiles/egsl_test_allocation.dir/flags.make' has modification time 952 s in the future
make[2]: warning:  Clock skew detected.  Your build may be incomplete.
make[2]: Warning: File 'sm/lib/egsl/CMakeFiles/egsl_test_allocation.dir/flags.make' has modification time 952 s in the future
make[2]: warning:  Clock skew detected.  Your build may be incomplete.
make[1]: warning:  Clock skew detected.  Your build may be incomplete.
make: warning:  Clock skew detected.  Your build may be incomplete.
