[  2%] Built target options
[  4%] Built target gpc
[  9%] Built target json-c
[ 11%] Built target egsl
[ 37%] Built target csm
[ 64%] Built target csm-static
[ 66%] Built target test2
[ 67%] Built target test_options
[ 68%] Built target egsl_test
[ 69%] Built target egsl_test_allocation
[ 70%] Built target ld_fisher
[ 71%] Built target ld_slip
[ 72%] Built target sm1
[ 73%] Built target ld_resample
[ 74%] Built target ld_alternate
[ 75%] Built target carmen2json
[ 76%] Built target ld_smooth
[ 77%] Built target json_split
[ 79%] Built target ld_noise
[ 80%] Built target sm3
[ 81%] Built target json_pipe
[ 82%] Built target json_decimate
[ 83%] Built target ld_recover
[ 84%] Built target ld_purify
[ 86%] Built target ld_cluster_curv
[ 86%] Built target ld_select
[ 87%] Built target ld_linearize
[ 88%] Built target sm2
[ 89%] Built target json2matlab
[ 90%] Built target ld_exp_tro1
[ 91%] Built target test_json
[ 93%] Built target json2carmen
[ 94%] Built target test_json_ld
[ 95%] Built target sm_animate
[ 96%] Built target test_math_utils_sanity
[ 97%] Built target log2pdf
[ 98%] Built target ld_remove_doubles
[ 99%] Built target json_extract_field
[100%] Built target json_extract
