[01m[K/home/xavier/catkin_ws/src/csm/sm/csm/hsm/hsm.c:[m[K In function ‘[01m[Khsm_match[m[K’:
[01m[K/home/xavier/catkin_ws/src/csm/sm/csm/hsm/hsm.c:191:10:[m[K [01;35m[Kwarning: [m[Kvariable ‘[01m[Kmult[m[K’ set but not used [-Wunused-but-set-variable]
   double mult[b1->num_angular_cells];
[01;32m[K          ^[m[K
[01m[K/home/xavier/catkin_ws/src/csm/sm/csm/hsm/hsm.c:[m[K In function ‘[01m[Khsm_match[m[K’:
[01m[K/home/xavier/catkin_ws/src/csm/sm/csm/hsm/hsm.c:191:10:[m[K [01;35m[Kwarning: [m[Kvariable ‘[01m[Kmult[m[K’ set but not used [-Wunused-but-set-variable]
   double mult[b1->num_angular_cells];
[01;32m[K          ^[m[K
[01m[K/home/xavier/catkin_ws/src/csm/sm/lib/json-c/debug.c:[m[K In function ‘[01m[Kmc_abort[m[K’:
[01m[K/home/xavier/catkin_ws/src/csm/sm/lib/json-c/debug.c:50:4:[m[K [01;35m[Kwarning: [m[Kimplicit declaration of function ‘[01m[Kvsyslog[m[K’ [-Wimplicit-function-declaration]
    vsyslog(LOG_ERR, msg, ap);
[01;32m[K    ^[m[K
[01m[K/home/xavier/catkin_ws/src/csm/sm/lib/json-c/json_object.c:[m[K In function ‘[01m[Kjson_object_object_add[m[K’:
[01m[K/home/xavier/catkin_ws/src/csm/sm/lib/json-c/json_object.c:274:37:[m[K [01;35m[Kwarning: [m[Kimplicit declaration of function ‘[01m[Kstrdup[m[K’ [-Wimplicit-function-declaration]
   lh_table_insert(this->o.c_object, strdup(key), val);
[01;32m[K                                     ^[m[K
[01m[K/home/xavier/catkin_ws/src/csm/sm/lib/json-c/json_object.c:274:37:[m[K [01;35m[Kwarning: [m[Kpassing argument 2 of ‘[01m[Klh_table_insert[m[K’ makes pointer from integer without a cast [-Wint-conversion]
In file included from [01m[K/home/xavier/catkin_ws/src/csm/sm/lib/json-c/json_object.c:28:0[m[K:
[01m[K/home/xavier/catkin_ws/src/csm/sm/lib/json-c/linkhash.h:217:12:[m[K [01;36m[Knote: [m[Kexpected ‘[01m[Kvoid *[m[K’ but argument is of type ‘[01m[Kint[m[K’
 extern int lh_table_insert(struct lh_table *t, void *k, void *v);
[01;32m[K            ^[m[K
[01m[K/home/xavier/catkin_ws/src/csm/sm/lib/json-c/json_object.c:[m[K In function ‘[01m[Kjson_object_get_string[m[K’:
[01m[K/home/xavier/catkin_ws/src/csm/sm/lib/json-c/json_object.c:459:12:[m[K [01;35m[Kwarning: [m[Kreturn discards ‘[01m[Kconst[m[K’ qualifier from pointer target type [-Wdiscarded-qualifiers]
     return json_object_to_json_string(this);
[01;32m[K            ^[m[K
In file included from [01m[K/home/xavier/catkin_ws/src/csm/sm/lib/json-c/json_tokener.c:20:0[m[K:
[01m[K/home/xavier/catkin_ws/src/csm/sm/lib/json-c/json_tokener.c:[m[K In function ‘[01m[Kjson_tokener_parse[m[K’:
[01m[K/home/xavier/catkin_ws/src/csm/sm/lib/json-c/bits.h:24:27:[m[K [01;35m[Kwarning: [m[Kcast to pointer from integer of different size [-Wint-to-pointer-cast]
 #define error_ptr(error) ((void*)error)
[01;32m[K                           ^[m[K
[01m[K/home/xavier/catkin_ws/src/csm/sm/lib/json-c/json_tokener.c:100:11:[m[K [01;36m[Knote: [m[Kin expansion of macro ‘[01m[Kerror_ptr[m[K’
     obj = error_ptr(-tok->err);
[01;32m[K           ^[m[K
[01m[K/home/xavier/catkin_ws/src/csm/sm/lib/json-c/json_tokener.c:[m[K In function ‘[01m[Kjson_tokener_parse_ex[m[K’:
[01m[K/home/xavier/catkin_ws/src/csm/sm/lib/json-c/json_tokener.c:451:19:[m[K [01;35m[Kwarning: [m[Kimplicit declaration of function ‘[01m[Kstrdup[m[K’ [-Wimplicit-function-declaration]
  obj_field_name = strdup(tok->pb->buf);
[01;32m[K                   ^[m[K
[01m[K/home/xavier/catkin_ws/src/csm/sm/lib/json-c/json_tokener.c:451:17:[m[K [01;35m[Kwarning: [m[Kassignment makes pointer from integer without a cast [-Wint-conversion]
  obj_field_name = strdup(tok->pb->buf);
[01;32m[K                 ^[m[K
[01m[K/home/xavier/catkin_ws/src/csm/sm/lib/json-c/json_util.c:[m[K In function ‘[01m[Kjson_object_to_file[m[K’:
[01m[K/home/xavier/catkin_ws/src/csm/sm/lib/json-c/json_util.c:102:17:[m[K [01;35m[Kwarning: [m[Kassignment discards ‘[01m[Kconst[m[K’ qualifier from pointer target type [-Wdiscarded-qualifiers]
   if(!(json_str = json_object_to_json_string(obj))) { return -1; }
[01;32m[K                 ^[m[K
[01m[K/home/xavier/catkin_ws/src/csm/sm/lib/json-c/printbuf.c:[m[K In function ‘[01m[Ksprintbuf[m[K’:
[01m[K/home/xavier/catkin_ws/src/csm/sm/lib/json-c/printbuf.c:122:16:[m[K [01;35m[Kwarning: [m[Kimplicit declaration of function ‘[01m[Kvasprintf[m[K’ [-Wimplicit-function-declaration]
     if((size = vasprintf(&t, msg, ap)) == -1) return -1;
[01;32m[K                ^[m[K
In file included from [01m[K/home/xavier/catkin_ws/src/csm/sm/lib/json-c/json_more_utils.c:8:0[m[K:
[01m[K/home/xavier/catkin_ws/src/csm/sm/lib/json-c/json_more_utils.c:[m[K In function ‘[01m[Kjson_tokener_parse_len[m[K’:
[01m[K/home/xavier/catkin_ws/src/csm/sm/lib/json-c/bits.h:24:27:[m[K [01;35m[Kwarning: [m[Kcast to pointer from integer of different size [-Wint-to-pointer-cast]
 #define error_ptr(error) ((void*)error)
[01;32m[K                           ^[m[K
[01m[K/home/xavier/catkin_ws/src/csm/sm/lib/json-c/json_more_utils.c:108:11:[m[K [01;36m[Knote: [m[Kin expansion of macro ‘[01m[Kerror_ptr[m[K’
     obj = error_ptr(-tok->err);
[01;32m[K           ^[m[K
[01m[K/home/xavier/catkin_ws/src/csm/sm/lib/json-c/debug.c:[m[K In function ‘[01m[Kmc_abort[m[K’:
[01m[K/home/xavier/catkin_ws/src/csm/sm/lib/json-c/debug.c:50:4:[m[K [01;35m[Kwarning: [m[Kimplicit declaration of function ‘[01m[Kvsyslog[m[K’ [-Wimplicit-function-declaration]
    vsyslog(LOG_ERR, msg, ap);
[01;32m[K    ^[m[K
In file included from [01m[K/home/xavier/catkin_ws/src/csm/sm/lib/json-c/json_more_utils.c:8:0[m[K:
[01m[K/home/xavier/catkin_ws/src/csm/sm/lib/json-c/json_more_utils.c:[m[K In function ‘[01m[Kjson_tokener_parse_len[m[K’:
[01m[K/home/xavier/catkin_ws/src/csm/sm/lib/json-c/bits.h:24:27:[m[K [01;35m[Kwarning: [m[Kcast to pointer from integer of different size [-Wint-to-pointer-cast]
 #define error_ptr(error) ((void*)error)
[01;32m[K                           ^[m[K
[01m[K/home/xavier/catkin_ws/src/csm/sm/lib/json-c/json_more_utils.c:108:11:[m[K [01;36m[Knote: [m[Kin expansion of macro ‘[01m[Kerror_ptr[m[K’
     obj = error_ptr(-tok->err);
[01;32m[K           ^[m[K
[01m[K/home/xavier/catkin_ws/src/csm/sm/lib/json-c/debug.c:[m[K In function ‘[01m[Kmc_abort[m[K’:
[01m[K/home/xavier/catkin_ws/src/csm/sm/lib/json-c/debug.c:50:4:[m[K [01;35m[Kwarning: [m[Kimplicit declaration of function ‘[01m[Kvsyslog[m[K’ [-Wimplicit-function-declaration]
    vsyslog(LOG_ERR, msg, ap);
[01;32m[K    ^[m[K
[01m[K/home/xavier/catkin_ws/src/csm/sm/lib/json-c/json_object.c:[m[K In function ‘[01m[Kjson_object_object_add[m[K’:
[01m[K/home/xavier/catkin_ws/src/csm/sm/lib/json-c/json_object.c:274:37:[m[K [01;35m[Kwarning: [m[Kimplicit declaration of function ‘[01m[Kstrdup[m[K’ [-Wimplicit-function-declaration]
   lh_table_insert(this->o.c_object, strdup(key), val);
[01;32m[K                                     ^[m[K
[01m[K/home/xavier/catkin_ws/src/csm/sm/lib/json-c/json_object.c:274:37:[m[K [01;35m[Kwarning: [m[Kpassing argument 2 of ‘[01m[Klh_table_insert[m[K’ makes pointer from integer without a cast [-Wint-conversion]
In file included from [01m[K/home/xavier/catkin_ws/src/csm/sm/lib/json-c/json_object.c:28:0[m[K:
[01m[K/home/xavier/catkin_ws/src/csm/sm/lib/json-c/linkhash.h:217:12:[m[K [01;36m[Knote: [m[Kexpected ‘[01m[Kvoid *[m[K’ but argument is of type ‘[01m[Kint[m[K’
 extern int lh_table_insert(struct lh_table *t, void *k, void *v);
[01;32m[K            ^[m[K
[01m[K/home/xavier/catkin_ws/src/csm/sm/lib/json-c/json_object.c:[m[K In function ‘[01m[Kjson_object_get_string[m[K’:
[01m[K/home/xavier/catkin_ws/src/csm/sm/lib/json-c/json_object.c:459:12:[m[K [01;35m[Kwarning: [m[Kreturn discards ‘[01m[Kconst[m[K’ qualifier from pointer target type [-Wdiscarded-qualifiers]
     return json_object_to_json_string(this);
[01;32m[K            ^[m[K
In file included from [01m[K/home/xavier/catkin_ws/src/csm/sm/lib/json-c/json_more_utils.c:8:0[m[K:
[01m[K/home/xavier/catkin_ws/src/csm/sm/lib/json-c/json_more_utils.c:[m[K In function ‘[01m[Kjson_tokener_parse_len[m[K’:
[01m[K/home/xavier/catkin_ws/src/csm/sm/lib/json-c/bits.h:24:27:[m[K [01;35m[Kwarning: [m[Kcast to pointer from integer of different size [-Wint-to-pointer-cast]
 #define error_ptr(error) ((void*)error)
[01;32m[K                           ^[m[K
[01m[K/home/xavier/catkin_ws/src/csm/sm/lib/json-c/json_more_utils.c:108:11:[m[K [01;36m[Knote: [m[Kin expansion of macro ‘[01m[Kerror_ptr[m[K’
     obj = error_ptr(-tok->err);
[01;32m[K           ^[m[K
In file included from [01m[K/home/xavier/catkin_ws/src/csm/sm/lib/json-c/json_tokener.c:20:0[m[K:
[01m[K/home/xavier/catkin_ws/src/csm/sm/lib/json-c/json_tokener.c:[m[K In function ‘[01m[Kjson_tokener_parse[m[K’:
[01m[K/home/xavier/catkin_ws/src/csm/sm/lib/json-c/bits.h:24:27:[m[K [01;35m[Kwarning: [m[Kcast to pointer from integer of different size [-Wint-to-pointer-cast]
 #define error_ptr(error) ((void*)error)
[01;32m[K                           ^[m[K
[01m[K/home/xavier/catkin_ws/src/csm/sm/lib/json-c/json_tokener.c:100:11:[m[K [01;36m[Knote: [m[Kin expansion of macro ‘[01m[Kerror_ptr[m[K’
     obj = error_ptr(-tok->err);
[01;32m[K           ^[m[K
[01m[K/home/xavier/catkin_ws/src/csm/sm/lib/json-c/json_tokener.c:[m[K In function ‘[01m[Kjson_tokener_parse_ex[m[K’:
[01m[K/home/xavier/catkin_ws/src/csm/sm/lib/json-c/json_tokener.c:451:19:[m[K [01;35m[Kwarning: [m[Kimplicit declaration of function ‘[01m[Kstrdup[m[K’ [-Wimplicit-function-declaration]
  obj_field_name = strdup(tok->pb->buf);
[01;32m[K                   ^[m[K
[01m[K/home/xavier/catkin_ws/src/csm/sm/lib/json-c/json_tokener.c:451:17:[m[K [01;35m[Kwarning: [m[Kassignment makes pointer from integer without a cast [-Wint-conversion]
  obj_field_name = strdup(tok->pb->buf);
[01;32m[K                 ^[m[K
[01m[K/home/xavier/catkin_ws/src/csm/sm/lib/json-c/json_object.c:[m[K In function ‘[01m[Kjson_object_object_add[m[K’:
[01m[K/home/xavier/catkin_ws/src/csm/sm/lib/json-c/json_object.c:274:37:[m[K [01;35m[Kwarning: [m[Kimplicit declaration of function ‘[01m[Kstrdup[m[K’ [-Wimplicit-function-declaration]
   lh_table_insert(this->o.c_object, strdup(key), val);
[01;32m[K                                     ^[m[K
[01m[K/home/xavier/catkin_ws/src/csm/sm/lib/json-c/json_object.c:274:37:[m[K [01;35m[Kwarning: [m[Kpassing argument 2 of ‘[01m[Klh_table_insert[m[K’ makes pointer from integer without a cast [-Wint-conversion]
In file included from [01m[K/home/xavier/catkin_ws/src/csm/sm/lib/json-c/json_object.c:28:0[m[K:
[01m[K/home/xavier/catkin_ws/src/csm/sm/lib/json-c/linkhash.h:217:12:[m[K [01;36m[Knote: [m[Kexpected ‘[01m[Kvoid *[m[K’ but argument is of type ‘[01m[Kint[m[K’
 extern int lh_table_insert(struct lh_table *t, void *k, void *v);
[01;32m[K            ^[m[K
[01m[K/home/xavier/catkin_ws/src/csm/sm/lib/json-c/json_object.c:[m[K In function ‘[01m[Kjson_object_get_string[m[K’:
[01m[K/home/xavier/catkin_ws/src/csm/sm/lib/json-c/json_object.c:459:12:[m[K [01;35m[Kwarning: [m[Kreturn discards ‘[01m[Kconst[m[K’ qualifier from pointer target type [-Wdiscarded-qualifiers]
     return json_object_to_json_string(this);
[01;32m[K            ^[m[K
[01m[K/home/xavier/catkin_ws/src/csm/sm/lib/json-c/json_util.c:[m[K In function ‘[01m[Kjson_object_to_file[m[K’:
[01m[K/home/xavier/catkin_ws/src/csm/sm/lib/json-c/json_util.c:102:17:[m[K [01;35m[Kwarning: [m[Kassignment discards ‘[01m[Kconst[m[K’ qualifier from pointer target type [-Wdiscarded-qualifiers]
   if(!(json_str = json_object_to_json_string(obj))) { return -1; }
[01;32m[K                 ^[m[K
In file included from [01m[K/home/xavier/catkin_ws/src/csm/sm/lib/json-c/json_tokener.c:20:0[m[K:
[01m[K/home/xavier/catkin_ws/src/csm/sm/lib/json-c/json_tokener.c:[m[K In function ‘[01m[Kjson_tokener_parse[m[K’:
[01m[K/home/xavier/catkin_ws/src/csm/sm/lib/json-c/bits.h:24:27:[m[K [01;35m[Kwarning: [m[Kcast to pointer from integer of different size [-Wint-to-pointer-cast]
 #define error_ptr(error) ((void*)error)
[01;32m[K                           ^[m[K
[01m[K/home/xavier/catkin_ws/src/csm/sm/lib/json-c/json_tokener.c:100:11:[m[K [01;36m[Knote: [m[Kin expansion of macro ‘[01m[Kerror_ptr[m[K’
     obj = error_ptr(-tok->err);
[01;32m[K           ^[m[K
[01m[K/home/xavier/catkin_ws/src/csm/sm/lib/json-c/json_tokener.c:[m[K In function ‘[01m[Kjson_tokener_parse_ex[m[K’:
[01m[K/home/xavier/catkin_ws/src/csm/sm/lib/json-c/json_tokener.c:451:19:[m[K [01;35m[Kwarning: [m[Kimplicit declaration of function ‘[01m[Kstrdup[m[K’ [-Wimplicit-function-declaration]
  obj_field_name = strdup(tok->pb->buf);
[01;32m[K                   ^[m[K
[01m[K/home/xavier/catkin_ws/src/csm/sm/lib/json-c/json_tokener.c:451:17:[m[K [01;35m[Kwarning: [m[Kassignment makes pointer from integer without a cast [-Wint-conversion]
  obj_field_name = strdup(tok->pb->buf);
[01;32m[K                 ^[m[K
[01m[K/home/xavier/catkin_ws/src/csm/sm/lib/json-c/printbuf.c:[m[K In function ‘[01m[Ksprintbuf[m[K’:
[01m[K/home/xavier/catkin_ws/src/csm/sm/lib/json-c/printbuf.c:122:16:[m[K [01;35m[Kwarning: [m[Kimplicit declaration of function ‘[01m[Kvasprintf[m[K’ [-Wimplicit-function-declaration]
     if((size = vasprintf(&t, msg, ap)) == -1) return -1;
[01;32m[K                ^[m[K
[01m[K/home/xavier/catkin_ws/src/csm/sm/lib/json-c/json_util.c:[m[K In function ‘[01m[Kjson_object_to_file[m[K’:
[01m[K/home/xavier/catkin_ws/src/csm/sm/lib/json-c/json_util.c:102:17:[m[K [01;35m[Kwarning: [m[Kassignment discards ‘[01m[Kconst[m[K’ qualifier from pointer target type [-Wdiscarded-qualifiers]
   if(!(json_str = json_object_to_json_string(obj))) { return -1; }
[01;32m[K                 ^[m[K
[01m[K/home/xavier/catkin_ws/src/csm/sm/lib/json-c/printbuf.c:[m[K In function ‘[01m[Ksprintbuf[m[K’:
[01m[K/home/xavier/catkin_ws/src/csm/sm/lib/json-c/printbuf.c:122:16:[m[K [01;35m[Kwarning: [m[Kimplicit declaration of function ‘[01m[Kvasprintf[m[K’ [-Wimplicit-function-declaration]
     if((size = vasprintf(&t, msg, ap)) == -1) return -1;
[01;32m[K                ^[m[K
[01m[K/home/xavier/catkin_ws/src/csm/sm/apps/ld_exp_tro1.c:[m[K In function ‘[01m[Kmain[m[K’:
[01m[K/home/xavier/catkin_ws/src/csm/sm/apps/ld_exp_tro1.c:76:8:[m[K [01;35m[Kwarning: [m[K‘[01m[Kout2[m[K’ may be used uninitialized in this function [-Wmaybe-uninitialized]
   out1 = out2;
[01;32m[K        ^[m[K
[01m[K/home/xavier/catkin_ws/src/csm/sm/apps/ld_remove_doubles.c:[m[K In function ‘[01m[Kmain[m[K’:
[01m[K/home/xavier/catkin_ws/src/csm/sm/apps/ld_remove_doubles.c:25:2:[m[K [01;35m[Kwarning: [m[K‘[01m[Kdebug[m[K’ may be used uninitialized in this function [-Wmaybe-uninitialized]
  sm_debug_write(debug);
[01;32m[K  ^[m[K
