[ 27%] Built target csm-static
[ 29%] Built target options
[ 55%] Built target csm
[ 60%] Built target json-c
[ 62%] Built target egsl
[ 64%] Built target gpc
[ 65%] Built target ld_resample
[ 66%] Built target ld_fisher
[ 67%] Built target sm1
[ 69%] Built target carmen2json
[ 69%] Built target ld_slip
[ 70%] Built target ld_alternate
[ 72%] Built target ld_noise
[ 73%] Built target ld_smooth
[ 74%] Built target sm3
[ 75%] Built target json_split
[ 76%] Built target json_pipe
[ 77%] Built target json_decimate
[ 78%] Built target ld_recover
[ 79%] Built target ld_purify
[ 80%] Built target ld_cluster_curv
[ 81%] Built target ld_select
[ 82%] Built target sm2
[ 83%] Built target ld_linearize
[ 84%] Built target json2matlab
[ 85%] Built target ld_exp_tro1
[ 86%] Built target test_json
[ 88%] Built target json2carmen
[ 89%] Built target test_json_ld
[ 90%] Built target sm_animate
[ 91%] Built target log2pdf
[ 92%] Built target test_math_utils_sanity
[ 93%] Built target json_extract_field
[ 94%] Built target ld_remove_doubles
[ 95%] Built target json_extract
[ 97%] Built target test_options
[ 98%] Built target test2
[ 99%] Built target egsl_test
[100%] Built target egsl_test_allocation
