[  2%] Built target egsl
[  7%] Built target json-c
[  9%] Built target gpc
[ 11%] Built target options
[ 37%] Built target csm
[ 64%] Built target csm-static
[ 65%] Built target egsl_test
[ 66%] Built target egsl_test_allocation
[ 67%] Built target test2
[ 69%] Built target test_options
[ 70%] Built target ld_fisher
[ 71%] Built target ld_resample
[ 72%] Built target sm1
[ 74%] Built target carmen2json
[ 74%] Built target ld_alternate
[ 75%] Built target ld_slip
[ 77%] Built target ld_noise
[ 78%] Built target json_pipe
[ 79%] Built target ld_smooth
[ 80%] Built target sm3
[ 81%] Built target json_split
[ 82%] Built target json_decimate
[ 83%] Built target ld_recover
[ 84%] Built target ld_select
[ 86%] Built target sm2
[ 86%] Built target ld_cluster_curv
[ 87%] Built target ld_purify
[ 88%] Built target ld_linearize
[ 89%] Built target test_json
[ 90%] Built target sm_animate
[ 92%] Built target json2carmen
[ 93%] Built target test_json_ld
[ 94%] Built target ld_exp_tro1
[ 95%] Built target json2matlab
[ 96%] Built target test_math_utils_sanity
[ 97%] Built target ld_remove_doubles
[ 98%] Built target log2pdf
[ 99%] Built target json_extract_field
[100%] Built target json_extract
