[  2%] Built target egsl
[  4%] Built target gpc
[  6%] Built target options
[ 11%] Built target json-c
[ 38%] Built target csm-static
[ 64%] Built target csm
[ 65%] Built target egsl_test_allocation
[ 66%] Built target egsl_test
[ 67%] Built target ld_resample
[ 68%] Built target test2
[ 70%] Built target test_options
[ 71%] Built target ld_fisher
[ 72%] Built target carmen2json
[ 73%] Built target sm1
[ 75%] Built target ld_alternate
[ 75%] Built target ld_slip
[ 77%] Built target ld_noise
[ 78%] Built target ld_smooth
[ 79%] Built target json_split
[ 80%] Built target sm3
[ 81%] Built target json_pipe
[ 82%] Built target ld_recover
[ 83%] Built target json_decimate
[ 84%] Built target ld_purify
[ 85%] Built target ld_select
[ 86%] Built target ld_cluster_curv
[ 87%] Built target json2matlab
[ 88%] Built target sm2
[ 89%] Built target ld_linearize
[ 90%] Built target ld_exp_tro1
[ 91%] Built target test_json
[ 92%] Built target test_json_ld
[ 93%] Built target sm_animate
[ 94%] Built target log2pdf
[ 95%] Built target test_math_utils_sanity
[ 97%] Built target json2carmen
[ 98%] Built target ld_remove_doubles
[ 99%] Built target json_extract_field
[100%] Built target json_extract
