[  3%] Built target test_ros_robot_localization_listener_publisher
[  6%] Built target filter_utilities
[  6%] Built target geometry_msgs_generate_messages_cpp
[  6%] Built target _robot_localization_generate_messages_check_deps_FromLL
[  6%] Built target _robot_localization_generate_messages_check_deps_GetState
[  6%] Built target geographic_msgs_generate_messages_cpp
[  6%] Built target std_msgs_generate_messages_cpp
[  6%] Built target _robot_localization_generate_messages_check_deps_SetPose
[  6%] Built target _robot_localization_generate_messages_check_deps_ToLL
[  6%] Built target _robot_localization_generate_messages_check_deps_ToggleFilterProcessing
[  9%] Built target ros_filter_utilities
[  9%] Built target geographic_msgs_generate_messages_nodejs
[  9%] Built target _robot_localization_generate_messages_check_deps_SetDatum
[  9%] Built target geometry_msgs_generate_messages_nodejs
[  9%] Built target std_msgs_generate_messages_nodejs
[  9%] Built target std_msgs_generate_messages_eus
[  9%] Built target geometry_msgs_generate_messages_eus
[  9%] Built target geographic_msgs_generate_messages_lisp
[  9%] Built target geographic_msgs_generate_messages_eus
[  9%] Built target std_msgs_generate_messages_lisp
[  9%] Built target geographic_msgs_generate_messages_py
[  9%] Built target std_msgs_generate_messages_py
[  9%] Built target geometry_msgs_generate_messages_lisp
[  9%] Built target geometry_msgs_generate_messages_py
[ 18%] Built target robot_localization_generate_messages_cpp
[ 27%] Built target robot_localization_generate_messages_nodejs
[ 39%] Built target robot_localization_generate_messages_eus
[ 47%] Built target robot_localization_generate_messages_lisp
[ 57%] Built target robot_localization_generate_messages_py
[ 57%] Built target robot_localization_gencpp
[ 57%] Built target robot_localization_generate_messages
[ 60%] Built target filter_base
[ 62%] [32mBuilding CXX object CMakeFiles/navsat_transform.dir/src/navsat_transform.cpp.o[0m
[ 63%] Built target ekf
[ 67%] Built target ukf
[ 68%] [32mBuilding CXX object CMakeFiles/ros_filter.dir/src/ros_filter.cpp.o[0m
[ 72%] Built target robot_localization_estimator
[ 73%] [32mBuilding CXX object CMakeFiles/ros_robot_localization_listener.dir/src/ros_robot_localization_listener.cpp.o[0m
[ 73%] [32m[1mLinking CXX shared library /home/xavier/catkin_ws/devel/.private/robot_localization/lib/libnavsat_transform.so[0m
[ 73%] Built target navsat_transform
[35m[1mScanning dependencies of target navsat_transform_nodelet[0m
[ 75%] [32mBuilding CXX object CMakeFiles/navsat_transform_nodelet.dir/src/navsat_transform_nodelet.cpp.o[0m
[35m[1mScanning dependencies of target navsat_transform_node[0m
[ 77%] [32mBuilding CXX object CMakeFiles/navsat_transform_node.dir/src/navsat_transform_node.cpp.o[0m
[ 78%] [32m[1mLinking CXX shared library /home/xavier/catkin_ws/devel/.private/robot_localization/lib/libros_robot_localization_listener.so[0m
[ 78%] Built target ros_robot_localization_listener
[35m[1mScanning dependencies of target robot_localization_listener_node[0m
[ 80%] [32mBuilding CXX object CMakeFiles/robot_localization_listener_node.dir/src/robot_localization_listener_node.cpp.o[0m
[ 81%] [32m[1mLinking CXX shared library /home/xavier/catkin_ws/devel/.private/robot_localization/lib/libnavsat_transform_nodelet.so[0m
[ 81%] Built target navsat_transform_nodelet
[ 83%] [32m[1mLinking CXX executable /home/xavier/catkin_ws/devel/.private/robot_localization/lib/robot_localization/navsat_transform_node[0m
[ 83%] Built target navsat_transform_node
[ 85%] [32m[1mLinking CXX executable /home/xavier/catkin_ws/devel/.private/robot_localization/lib/robot_localization/robot_localization_listener_node[0m
[ 85%] Built target robot_localization_listener_node
[ 86%] [32m[1mLinking CXX shared library /home/xavier/catkin_ws/devel/.private/robot_localization/lib/libros_filter.so[0m
[ 86%] Built target ros_filter
[35m[1mScanning dependencies of target ekf_localization_nodelet[0m
[35m[1mScanning dependencies of target ukf_localization_node[0m
[35m[1mScanning dependencies of target ukf_localization_nodelet[0m
[35m[1mScanning dependencies of target ekf_localization_node[0m
[ 88%] [32mBuilding CXX object CMakeFiles/ukf_localization_node.dir/src/ukf_localization_node.cpp.o[0m
[ 90%] [32mBuilding CXX object CMakeFiles/ukf_localization_nodelet.dir/src/ukf_localization_nodelet.cpp.o[0m
[ 91%] [32mBuilding CXX object CMakeFiles/ekf_localization_nodelet.dir/src/ekf_localization_nodelet.cpp.o[0m
[ 93%] [32mBuilding CXX object CMakeFiles/ekf_localization_node.dir/src/ekf_localization_node.cpp.o[0m
[ 95%] [32m[1mLinking CXX executable /home/xavier/catkin_ws/devel/.private/robot_localization/lib/robot_localization/ekf_localization_node[0m
[ 96%] [32m[1mLinking CXX executable /home/xavier/catkin_ws/devel/.private/robot_localization/lib/robot_localization/ukf_localization_node[0m
[ 96%] Built target ekf_localization_node
[ 96%] Built target ukf_localization_node
[ 98%] [32m[1mLinking CXX shared library /home/xavier/catkin_ws/devel/.private/robot_localization/lib/libukf_localization_nodelet.so[0m
[100%] [32m[1mLinking CXX shared library /home/xavier/catkin_ws/devel/.private/robot_localization/lib/libekf_localization_nodelet.so[0m
[100%] Built target ukf_localization_nodelet
[100%] Built target ekf_localization_nodelet
