Not searching for unused variables given on the command line.
robot_localization: You did not request a specific build type: selecting 'RelWithDebInfo'.
[36m--[0m Using CATKIN_DEVEL_PREFIX: /home/xavier/catkin_ws/devel/.private/robot_localization
[36m--[0m Using CMAKE_PREFIX_PATH: /home/xavier/catkin_ws/devel;/opt/ros/melodic
[36m--[0m This workspace overlays: /home/xavier/catkin_ws/devel;/opt/ros/melodic
[36m--[0m Found PythonInterp: /usr/bin/python2 (found suitable version "2.7.17", minimum required is "2")
[36m--[0m Using PYTHON_EXECUTABLE: /usr/bin/python2
[36m--[0m Using Debian Python package layout
[36m--[0m Using empy: /usr/bin/empy
[36m--[0m Using CATKIN_ENABLE_TESTING: ON
[36m--[0m Call enable_testing()
[36m--[0m Using CATKIN_TEST_RESULTS_DIR: /home/xavier/catkin_ws/build/robot_localization/test_results
[36m--[0m Found gtest sources under '/usr/src/googletest': gtests will be built
[36m--[0m Found gmock sources under '/usr/src/googletest': gmock will be built
[36m--[0m Found PythonInterp: /usr/bin/python2 (found version "2.7.17")
[36m--[0m Using Python nosetests: /usr/bin/nosetests-2.7
[36m--[0m catkin 0.7.26
[36m--[0m BUILD_SHARED_LIBS is on
[36m--[0m Using these message generators: gencpp;geneus;genlisp;gennodejs;genpy
[36m--[0m Found PkgConfig: /usr/bin/pkg-config (found version "0.29.1")
[36m--[0m Checking for module 'yaml-cpp'
[36m--[0m   Found yaml-cpp, version 0.5.2
[31m[1mCMake Error[0m at /home/xavier/catkin_ws/src/robot_localization/CMakeLists.txt:35 (find_package):
  By not providing "FindGeographicLib.cmake" in CMAKE_MODULE_PATH this
  project has asked CMake to find a package configuration file provided by
  "GeographicLib", but CMake did not find one.

  Could not find a package configuration file provided by "GeographicLib"
  with any of the following names:

    GeographicLibConfig.cmake
    geographiclib-config.cmake

  Add the installation prefix of "GeographicLib" to CMAKE_PREFIX_PATH or set
  "GeographicLib_DIR" to a directory containing one of the above files.  If
  "GeographicLib" provides a separate development package or SDK, be sure it
  has been installed.


[36m--[0m Configuring incomplete, errors occurred!
See also "/home/xavier/catkin_ws/build/robot_localization/CMakeFiles/CMakeOutput.log".
See also "/home/xavier/catkin_ws/build/robot_localization/CMakeFiles/CMakeError.log".
