[  0%] Built target geometry_msgs_generate_messages_cpp
[  0%] Built target geometry_msgs_generate_messages_py
[  0%] Built target rosgraph_msgs_generate_messages_nodejs
[  0%] Built target rosgraph_msgs_generate_messages_py
[  0%] Built target std_msgs_generate_messages_eus
[  0%] Built target rosgraph_msgs_generate_messages_lisp
[  0%] Built target rosgraph_msgs_generate_messages_eus
[  0%] Built target rosgraph_msgs_generate_messages_cpp
[  0%] Built target roscpp_generate_messages_py
[  0%] Built target std_msgs_generate_messages_py
[  0%] Built target geometry_msgs_generate_messages_eus
[  0%] Built target bond_generate_messages_cpp
[  0%] Built target roscpp_generate_messages_nodejs
[  0%] Built target roscpp_generate_messages_eus
[  0%] Built target bond_generate_messages_eus
[  0%] Built target roscpp_generate_messages_lisp
[  0%] Built target geometry_msgs_generate_messages_nodejs
[  0%] Built target nodelet_generate_messages_cpp
[  0%] Built target bond_generate_messages_py
[  0%] Built target sensor_msgs_generate_messages_py
[  0%] Built target std_msgs_generate_messages_lisp
[  0%] Built target nodelet_generate_messages_lisp
[  0%] Built target sensor_msgs_generate_messages_cpp
[  0%] Built target sensor_msgs_generate_messages_eus
[  0%] Built target nodelet_generate_messages_nodejs
[  0%] Built target nodelet_generate_messages_eus
[  0%] Built target std_msgs_generate_messages_cpp
[  0%] Built target nodelet_generate_messages_py
[  0%] Built target bond_generate_messages_nodejs
[  0%] Built target std_msgs_generate_messages_nodejs
[  0%] Built target sensor_msgs_generate_messages_lisp
[  0%] Built target bond_generate_messages_lisp
[  0%] Built target roscpp_generate_messages_cpp
[  0%] Built target sensor_msgs_generate_messages_nodejs
[  0%] Built target geometry_msgs_generate_messages_lisp
[ 16%] [32mBuilding CXX object CMakeFiles/laser_scan_splitter.dir/src/laser_scan_splitter.cpp.o[0m
[ 33%] [32m[1mLinking CXX shared library /home/xavier/catkin_ws/devel/.private/laser_scan_splitter/lib/liblaser_scan_splitter.so[0m
[ 33%] Built target laser_scan_splitter
[ 50%] [32mBuilding CXX object CMakeFiles/laser_scan_splitter_nodelet.dir/src/laser_scan_splitter_nodelet.cpp.o[0m
[ 66%] [32mBuilding CXX object CMakeFiles/laser_scan_splitter_node.dir/src/laser_scan_splitter_node.cpp.o[0m
[ 83%] [32m[1mLinking CXX shared library /home/xavier/catkin_ws/devel/.private/laser_scan_splitter/lib/liblaser_scan_splitter_nodelet.so[0m
[ 83%] Built target laser_scan_splitter_nodelet
[100%] [32m[1mLinking CXX executable /home/xavier/catkin_ws/devel/.private/laser_scan_splitter/lib/laser_scan_splitter/laser_scan_splitter_node[0m
[100%] Built target laser_scan_splitter_node
