[35m[1mScanning dependencies of target std_msgs_generate_messages_cpp[0m
[  0%] Built target std_msgs_generate_messages_cpp
[35m[1mScanning dependencies of target _pypro_generate_messages_check_deps_StateWheels[0m
[  0%] Built target _pypro_generate_messages_check_deps_StateWheels
[35m[1mScanning dependencies of target std_msgs_generate_messages_py[0m
[  0%] Built target std_msgs_generate_messages_py
[35m[1mScanning dependencies of target std_msgs_generate_messages_nodejs[0m
[  0%] Built target std_msgs_generate_messages_nodejs
[35m[1mScanning dependencies of target std_msgs_generate_messages_eus[0m
[  0%] Built target std_msgs_generate_messages_eus
[35m[1mScanning dependencies of target std_msgs_generate_messages_lisp[0m
[  0%] Built target std_msgs_generate_messages_lisp
[35m[1mScanning dependencies of target pypro_generate_messages_cpp[0m
[ 14%] [34m[1mGenerating C++ code from pypro/StateWheels.msg[0m
[ 14%] Built target pypro_generate_messages_cpp
[35m[1mScanning dependencies of target pypro_generate_messages_py[0m
[ 28%] [34m[1mGenerating Python from MSG pypro/StateWheels[0m
[ 42%] [34m[1mGenerating Python msg __init__.py for pypro[0m
[ 42%] Built target pypro_generate_messages_py
[35m[1mScanning dependencies of target pypro_generate_messages_nodejs[0m
[ 57%] [34m[1mGenerating Javascript code from pypro/StateWheels.msg[0m
[ 57%] Built target pypro_generate_messages_nodejs
[35m[1mScanning dependencies of target pypro_generate_messages_eus[0m
[ 71%] [34m[1mGenerating EusLisp code from pypro/StateWheels.msg[0m
[ 85%] [34m[1mGenerating EusLisp manifest code for pypro[0m
[35m[1mScanning dependencies of target pypro_generate_messages_lisp[0m
[100%] [34m[1mGenerating Lisp code from pypro/StateWheels.msg[0m
[100%] Built target pypro_generate_messages_lisp
WARNING: Package name "lidarPeople" does not follow the naming conventions. It should start with a lower case letter and only contain lower case letters, digits, underscores, and dashes.
WARNING: Package name "lidarPeople" does not follow the naming conventions. It should start with a lower case letter and only contain lower case letters, digits, underscores, and dashes.
[100%] Built target pypro_generate_messages_eus
[35m[1mScanning dependencies of target pypro_generate_messages[0m
[100%] Built target pypro_generate_messages
