Determining if the pthread_create exist failed with the following output:
Change Dir: /home/xavier/catkin_ws/build/costmap/CMakeFiles/CMakeTmp

Run Build Command:"/usr/bin/make" "cmTC_327dd/fast"
/usr/bin/make -f CMakeFiles/cmTC_327dd.dir/build.make CMakeFiles/cmTC_327dd.dir/build
make[1]: Entering directory '/home/xavier/catkin_ws/build/costmap/CMakeFiles/CMakeTmp'
Building C object CMakeFiles/cmTC_327dd.dir/CheckSymbolExists.c.o
/usr/bin/cc    -o CMakeFiles/cmTC_327dd.dir/CheckSymbolExists.c.o   -c /home/xavier/catkin_ws/build/costmap/CMakeFiles/CMakeTmp/CheckSymbolExists.c
Linking C executable cmTC_327dd
/usr/bin/cmake -E cmake_link_script CMakeFiles/cmTC_327dd.dir/link.txt --verbose=1
/usr/bin/cc      -rdynamic CMakeFiles/cmTC_327dd.dir/CheckSymbolExists.c.o  -o cmTC_327dd 
CMakeFiles/cmTC_327dd.dir/CheckSymbolExists.c.o: In function `main':
CheckSymbolExists.c:(.text+0x14): undefined reference to `pthread_create'
CheckSymbolExists.c:(.text+0x18): undefined reference to `pthread_create'
collect2: error: ld returned 1 exit status
CMakeFiles/cmTC_327dd.dir/build.make:97: recipe for target 'cmTC_327dd' failed
make[1]: *** [cmTC_327dd] Error 1
make[1]: Leaving directory '/home/xavier/catkin_ws/build/costmap/CMakeFiles/CMakeTmp'
Makefile:126: recipe for target 'cmTC_327dd/fast' failed
make: *** [cmTC_327dd/fast] Error 2

File /home/xavier/catkin_ws/build/costmap/CMakeFiles/CMakeTmp/CheckSymbolExists.c:
/* */
#include <pthread.h>

int main(int argc, char** argv)
{
  (void)argv;
#ifndef pthread_create
  return ((int*)(&pthread_create))[argc];
#else
  (void)argc;
  return 0;
#endif
}

Determining if the function pthread_create exists in the pthreads failed with the following output:
Change Dir: /home/xavier/catkin_ws/build/costmap/CMakeFiles/CMakeTmp

Run Build Command:"/usr/bin/make" "cmTC_e13bd/fast"
/usr/bin/make -f CMakeFiles/cmTC_e13bd.dir/build.make CMakeFiles/cmTC_e13bd.dir/build
make[1]: Entering directory '/home/xavier/catkin_ws/build/costmap/CMakeFiles/CMakeTmp'
Building C object CMakeFiles/cmTC_e13bd.dir/CheckFunctionExists.c.o
/usr/bin/cc   -DCHECK_FUNCTION_EXISTS=pthread_create   -o CMakeFiles/cmTC_e13bd.dir/CheckFunctionExists.c.o   -c /usr/share/cmake-3.10/Modules/CheckFunctionExists.c
Linking C executable cmTC_e13bd
/usr/bin/cmake -E cmake_link_script CMakeFiles/cmTC_e13bd.dir/link.txt --verbose=1
/usr/bin/cc  -DCHECK_FUNCTION_EXISTS=pthread_create    -rdynamic CMakeFiles/cmTC_e13bd.dir/CheckFunctionExists.c.o  -o cmTC_e13bd -lpthreads 
/usr/bin/ld: cannot find -lpthreads
collect2: error: ld returned 1 exit status
CMakeFiles/cmTC_e13bd.dir/build.make:97: recipe for target 'cmTC_e13bd' failed
make[1]: *** [cmTC_e13bd] Error 1
make[1]: Leaving directory '/home/xavier/catkin_ws/build/costmap/CMakeFiles/CMakeTmp'
Makefile:126: recipe for target 'cmTC_e13bd/fast' failed
make: *** [cmTC_e13bd/fast] Error 2


