Determining if the pthread_create exist failed with the following output:
Change Dir: /home/xavier/catkin_ws/build/hector_slam_launch/CMakeFiles/CMakeTmp

Run Build Command:"/usr/bin/make" "cmTC_4094b/fast"
/usr/bin/make -f CMakeFiles/cmTC_4094b.dir/build.make CMakeFiles/cmTC_4094b.dir/build
make[1]: Entering directory '/home/xavier/catkin_ws/build/hector_slam_launch/CMakeFiles/CMakeTmp'
Building C object CMakeFiles/cmTC_4094b.dir/CheckSymbolExists.c.o
/usr/bin/cc    -o CMakeFiles/cmTC_4094b.dir/CheckSymbolExists.c.o   -c /home/xavier/catkin_ws/build/hector_slam_launch/CMakeFiles/CMakeTmp/CheckSymbolExists.c
Linking C executable cmTC_4094b
/usr/bin/cmake -E cmake_link_script CMakeFiles/cmTC_4094b.dir/link.txt --verbose=1
/usr/bin/cc      -rdynamic CMakeFiles/cmTC_4094b.dir/CheckSymbolExists.c.o  -o cmTC_4094b 
CMakeFiles/cmTC_4094b.dir/CheckSymbolExists.c.o: In function `main':
CheckSymbolExists.c:(.text+0x14): undefined reference to `pthread_create'
CheckSymbolExists.c:(.text+0x18): undefined reference to `pthread_create'
collect2: error: ld returned 1 exit status
CMakeFiles/cmTC_4094b.dir/build.make:97: recipe for target 'cmTC_4094b' failed
make[1]: *** [cmTC_4094b] Error 1
make[1]: Leaving directory '/home/xavier/catkin_ws/build/hector_slam_launch/CMakeFiles/CMakeTmp'
Makefile:126: recipe for target 'cmTC_4094b/fast' failed
make: *** [cmTC_4094b/fast] Error 2

File /home/xavier/catkin_ws/build/hector_slam_launch/CMakeFiles/CMakeTmp/CheckSymbolExists.c:
/* */
#include <pthread.h>

int main(int argc, char** argv)
{
  (void)argv;
#ifndef pthread_create
  return ((int*)(&pthread_create))[argc];
#else
  (void)argc;
  return 0;
#endif
}

Determining if the function pthread_create exists in the pthreads failed with the following output:
Change Dir: /home/xavier/catkin_ws/build/hector_slam_launch/CMakeFiles/CMakeTmp

Run Build Command:"/usr/bin/make" "cmTC_c2166/fast"
/usr/bin/make -f CMakeFiles/cmTC_c2166.dir/build.make CMakeFiles/cmTC_c2166.dir/build
make[1]: Entering directory '/home/xavier/catkin_ws/build/hector_slam_launch/CMakeFiles/CMakeTmp'
Building C object CMakeFiles/cmTC_c2166.dir/CheckFunctionExists.c.o
/usr/bin/cc   -DCHECK_FUNCTION_EXISTS=pthread_create   -o CMakeFiles/cmTC_c2166.dir/CheckFunctionExists.c.o   -c /usr/share/cmake-3.10/Modules/CheckFunctionExists.c
Linking C executable cmTC_c2166
/usr/bin/cmake -E cmake_link_script CMakeFiles/cmTC_c2166.dir/link.txt --verbose=1
/usr/bin/cc  -DCHECK_FUNCTION_EXISTS=pthread_create    -rdynamic CMakeFiles/cmTC_c2166.dir/CheckFunctionExists.c.o  -o cmTC_c2166 -lpthreads 
/usr/bin/ld: cannot find -lpthreads
collect2: error: ld returned 1 exit status
CMakeFiles/cmTC_c2166.dir/build.make:97: recipe for target 'cmTC_c2166' failed
make[1]: *** [cmTC_c2166] Error 1
make[1]: Leaving directory '/home/xavier/catkin_ws/build/hector_slam_launch/CMakeFiles/CMakeTmp'
Makefile:126: recipe for target 'cmTC_c2166/fast' failed
make: *** [cmTC_c2166/fast] Error 2


