make: Warning: File 'Makefile' has modification time 1033 s in the future
make[1]: Warning: File 'CMakeFiles/Makefile2' has modification time 1033 s in the future
make[2]: Warning: File 'CMakeFiles/nav_msgs_generate_messages_lisp.dir/progress.make' has modification time 1033 s in the future
make[2]: warning:  Clock skew detected.  Your build may be incomplete.
make[2]: Warning: File 'CMakeFiles/nav_msgs_generate_messages_lisp.dir/progress.make' has modification time 1033 s in the future
make[2]: warning:  Clock skew detected.  Your build may be incomplete.
make[2]: Warning: File 'CMakeFiles/geometry_msgs_generate_messages_py.dir/progress.make' has modification time 1033 s in the future
make[2]: warning:  Clock skew detected.  Your build may be incomplete.
make[2]: Warning: File 'CMakeFiles/geometry_msgs_generate_messages_py.dir/progress.make' has modification time 1033 s in the future
make[2]: warning:  Clock skew detected.  Your build may be incomplete.
make[2]: Warning: File 'CMakeFiles/_obstacle_detector_generate_messages_check_deps_Obstacles.dir/progress.make' has modification time 1033 s in the future
make[2]: warning:  Clock skew detected.  Your build may be incomplete.
make[2]: Warning: File 'CMakeFiles/_obstacle_detector_generate_messages_check_deps_Obstacles.dir/progress.make' has modification time 1033 s in the future
make[2]: warning:  Clock skew detected.  Your build may be incomplete.
make[2]: Warning: File 'CMakeFiles/_obstacle_detector_generate_messages_check_deps_SegmentObstacle.dir/progress.make' has modification time 1033 s in the future
make[2]: warning:  Clock skew detected.  Your build may be incomplete.
make[2]: Warning: File 'CMakeFiles/_obstacle_detector_generate_messages_check_deps_SegmentObstacle.dir/progress.make' has modification time 1033 s in the future
make[2]: warning:  Clock skew detected.  Your build may be incomplete.
make[2]: Warning: File 'CMakeFiles/_obstacle_detector_generate_messages_check_deps_CircleObstacle.dir/progress.make' has modification time 1033 s in the future
make[2]: Warning: File 'CMakeFiles/std_msgs_generate_messages_py.dir/progress.make' has modification time 1033 s in the future
make[2]: warning:  Clock skew detected.  Your build may be incomplete.
make[2]: warning:  Clock skew detected.  Your build may be incomplete.
make[2]: Warning: File 'CMakeFiles/_obstacle_detector_generate_messages_check_deps_CircleObstacle.dir/progress.make' has modification time 1032 s in the future
make[2]: Warning: File 'CMakeFiles/std_msgs_generate_messages_py.dir/progress.make' has modification time 1032 s in the future
make[2]: warning:  Clock skew detected.  Your build may be incomplete.
make[2]: warning:  Clock skew detected.  Your build may be incomplete.
make[2]: Warning: File 'CMakeFiles/geometry_msgs_generate_messages_nodejs.dir/progress.make' has modification time 1032 s in the future
make[2]: warning:  Clock skew detected.  Your build may be incomplete.
make[2]: Warning: File 'CMakeFiles/geometry_msgs_generate_messages_nodejs.dir/progress.make' has modification time 1032 s in the future
make[2]: warning:  Clock skew detected.  Your build may be incomplete.
make[2]: Warning: File 'CMakeFiles/std_msgs_generate_messages_nodejs.dir/progress.make' has modification time 1032 s in the future
make[2]: Warning: File 'CMakeFiles/std_msgs_generate_messages_lisp.dir/progress.make' has modification time 1032 s in the future
make[2]: warning:  Clock skew detected.  Your build may be incomplete.
make[2]: warning:  Clock skew detected.  Your build may be incomplete.
make[2]: Warning: File 'CMakeFiles/std_msgs_generate_messages_lisp.dir/progress.make' has modification time 1032 s in the future
make[2]: warning:  Clock skew detected.  Your build may be incomplete.
make[2]: Warning: File 'CMakeFiles/std_msgs_generate_messages_nodejs.dir/progress.make' has modification time 1032 s in the future
make[2]: warning:  Clock skew detected.  Your build may be incomplete.
make[2]: Warning: File 'CMakeFiles/geometry_msgs_generate_messages_lisp.dir/progress.make' has modification time 1032 s in the future
make[2]: warning:  Clock skew detected.  Your build may be incomplete.
make[2]: Warning: File 'CMakeFiles/geometry_msgs_generate_messages_lisp.dir/progress.make' has modification time 1032 s in the future
make[2]: warning:  Clock skew detected.  Your build may be incomplete.
make[2]: Warning: File 'CMakeFiles/geometry_msgs_generate_messages_eus.dir/progress.make' has modification time 1032 s in the future
make[2]: warning:  Clock skew detected.  Your build may be incomplete.
make[2]: Warning: File 'CMakeFiles/geometry_msgs_generate_messages_eus.dir/progress.make' has modification time 1032 s in the future
make[2]: warning:  Clock skew detected.  Your build may be incomplete.
make[2]: Warning: File 'CMakeFiles/std_msgs_generate_messages_eus.dir/progress.make' has modification time 1032 s in the future
make[2]: warning:  Clock skew detected.  Your build may be incomplete.
make[2]: Warning: File 'CMakeFiles/std_msgs_generate_messages_eus.dir/progress.make' has modification time 1032 s in the future
make[2]: warning:  Clock skew detected.  Your build may be incomplete.
make[2]: Warning: File 'CMakeFiles/std_msgs_generate_messages_cpp.dir/progress.make' has modification time 1032 s in the future
make[2]: warning:  Clock skew detected.  Your build may be incomplete.
make[2]: Warning: File 'CMakeFiles/std_msgs_generate_messages_cpp.dir/progress.make' has modification time 1032 s in the future
make[2]: warning:  Clock skew detected.  Your build may be incomplete.
make[2]: Warning: File 'CMakeFiles/geometry_msgs_generate_messages_cpp.dir/progress.make' has modification time 1032 s in the future
make[2]: warning:  Clock skew detected.  Your build may be incomplete.
make[2]: Warning: File 'CMakeFiles/geometry_msgs_generate_messages_cpp.dir/progress.make' has modification time 1032 s in the future
make[2]: warning:  Clock skew detected.  Your build may be incomplete.
make[2]: Warning: File 'CMakeFiles/std_srvs_generate_messages_py.dir/progress.make' has modification time 1032 s in the future
make[2]: Warning: File 'CMakeFiles/std_srvs_generate_messages_nodejs.dir/progress.make' has modification time 1032 s in the future
make[2]: Warning: File 'CMakeFiles/std_srvs_generate_messages_lisp.dir/progress.make' has modification time 1032 s in the future
make[2]: warning:  Clock skew detected.  Your build may be incomplete.
make[2]: Warning: File 'CMakeFiles/std_srvs_generate_messages_nodejs.dir/progress.make' has modification time 1032 s in the future
make[2]: warning:  Clock skew detected.  Your build may be incomplete.
make[2]: warning:  Clock skew detected.  Your build may be incomplete.
make[2]: Warning: File 'CMakeFiles/std_srvs_generate_messages_py.dir/progress.make' has modification time 1032 s in the future
make[2]: warning:  Clock skew detected.  Your build may be incomplete.
make[2]: warning:  Clock skew detected.  Your build may be incomplete.
make[2]: Warning: File 'CMakeFiles/std_srvs_generate_messages_lisp.dir/progress.make' has modification time 1031 s in the future
make[2]: warning:  Clock skew detected.  Your build may be incomplete.
make[2]: Warning: File 'CMakeFiles/nav_msgs_generate_messages_nodejs.dir/progress.make' has modification time 1031 s in the future
make[2]: Warning: File 'CMakeFiles/rviz_generate_messages_nodejs.dir/progress.make' has modification time 1031 s in the future
make[2]: warning:  Clock skew detected.  Your build may be incomplete.
make[2]: Warning: File 'CMakeFiles/nav_msgs_generate_messages_nodejs.dir/progress.make' has modification time 1031 s in the future
make[2]: warning:  Clock skew detected.  Your build may be incomplete.
make[2]: warning:  Clock skew detected.  Your build may be incomplete.
make[2]: Warning: File 'CMakeFiles/rviz_generate_messages_nodejs.dir/progress.make' has modification time 1031 s in the future
make[2]: warning:  Clock skew detected.  Your build may be incomplete.
make[2]: Warning: File 'CMakeFiles/rviz_generate_messages_lisp.dir/progress.make' has modification time 1031 s in the future
make[2]: warning:  Clock skew detected.  Your build may be incomplete.
make[2]: Warning: File 'CMakeFiles/rviz_generate_messages_lisp.dir/progress.make' has modification time 1031 s in the future
make[2]: warning:  Clock skew detected.  Your build may be incomplete.
make[2]: Warning: File 'CMakeFiles/rviz_generate_messages_py.dir/progress.make' has modification time 1031 s in the future
make[2]: Warning: File 'CMakeFiles/tf2_msgs_generate_messages_nodejs.dir/progress.make' has modification time 1031 s in the future
make[2]: warning:  Clock skew detected.  Your build may be incomplete.
make[2]: warning:  Clock skew detected.  Your build may be incomplete.
make[2]: Warning: File 'CMakeFiles/bond_generate_messages_lisp.dir/progress.make' has modification time 1031 s in the future
make[2]: Warning: File 'CMakeFiles/tf2_msgs_generate_messages_nodejs.dir/progress.make' has modification time 1031 s in the future
make[2]: warning:  Clock skew detected.  Your build may be incomplete.
make[2]: Warning: File 'CMakeFiles/rviz_generate_messages_py.dir/progress.make' has modification time 1031 s in the future
make[2]: warning:  Clock skew detected.  Your build may be incomplete.
make[2]: warning:  Clock skew detected.  Your build may be incomplete.
make[2]: Warning: File 'CMakeFiles/visualization_msgs_generate_messages_lisp.dir/progress.make' has modification time 1031 s in the future
make[2]: Warning: File 'CMakeFiles/bond_generate_messages_nodejs.dir/progress.make' has modification time 1031 s in the future
make[2]: Warning: File 'CMakeFiles/bond_generate_messages_lisp.dir/progress.make' has modification time 1031 s in the future
make[2]: warning:  Clock skew detected.  Your build may be incomplete.
make[2]: Warning: File 'CMakeFiles/visualization_msgs_generate_messages_nodejs.dir/progress.make' has modification time 1031 s in the future
make[2]: warning:  Clock skew detected.  Your build may be incomplete.
make[2]: Warning: File 'CMakeFiles/visualization_msgs_generate_messages_lisp.dir/progress.make' has modification time 1031 s in the future
make[2]: warning:  Clock skew detected.  Your build may be incomplete.
make[2]: Warning: File 'CMakeFiles/map_msgs_generate_messages_lisp.dir/progress.make' has modification time 1031 s in the future
make[2]: warning:  Clock skew detected.  Your build may be incomplete.
make[2]: Warning: File 'CMakeFiles/bond_generate_messages_nodejs.dir/progress.make' has modification time 1031 s in the future
make[2]: warning:  Clock skew detected.  Your build may be incomplete.
make[2]: warning:  Clock skew detected.  Your build may be incomplete.
make[2]: Warning: File 'CMakeFiles/visualization_msgs_generate_messages_nodejs.dir/progress.make' has modification time 1031 s in the future
make[2]: warning:  Clock skew detected.  Your build may be incomplete.
make[2]: Warning: File 'CMakeFiles/nodelet_generate_messages_nodejs.dir/progress.make' has modification time 1031 s in the future
make[2]: warning:  Clock skew detected.  Your build may be incomplete.
make[2]: Warning: File 'CMakeFiles/map_msgs_generate_messages_lisp.dir/progress.make' has modification time 1031 s in the future
make[2]: warning:  Clock skew detected.  Your build may be incomplete.
make[2]: Warning: File 'CMakeFiles/rviz_generate_messages_eus.dir/progress.make' has modification time 1031 s in the future
make[2]: Warning: File 'CMakeFiles/bond_generate_messages_py.dir/progress.make' has modification time 1031 s in the future
make[2]: Warning: File 'CMakeFiles/nodelet_generate_messages_cpp.dir/progress.make' has modification time 1031 s in the future
make[2]: warning:  Clock skew detected.  Your build may be incomplete.
make[2]: Warning: File 'CMakeFiles/nodelet_generate_messages_nodejs.dir/progress.make' has modification time 1031 s in the future
make[2]: warning:  Clock skew detected.  Your build may be incomplete.
make[2]: Warning: File 'CMakeFiles/actionlib_generate_messages_lisp.dir/progress.make' has modification time 1031 s in the future
make[2]: warning:  Clock skew detected.  Your build may be incomplete.
make[2]: Warning: File 'CMakeFiles/rviz_generate_messages_eus.dir/progress.make' has modification time 1031 s in the future
make[2]: warning:  Clock skew detected.  Your build may be incomplete.
make[2]: warning:  Clock skew detected.  Your build may be incomplete.
make[2]: Warning: File 'CMakeFiles/bond_generate_messages_py.dir/progress.make' has modification time 1031 s in the future
make[2]: warning:  Clock skew detected.  Your build may be incomplete.
make[2]: warning:  Clock skew detected.  Your build may be incomplete.
make[2]: Warning: File 'CMakeFiles/nodelet_generate_messages_cpp.dir/progress.make' has modification time 1031 s in the future
make[2]: warning:  Clock skew detected.  Your build may be incomplete.
make[2]: Warning: File 'CMakeFiles/map_msgs_generate_messages_py.dir/progress.make' has modification time 1031 s in the future
make[2]: warning:  Clock skew detected.  Your build may be incomplete.
make[2]: Warning: File 'CMakeFiles/actionlib_generate_messages_lisp.dir/progress.make' has modification time 1031 s in the future
make[2]: warning:  Clock skew detected.  Your build may be incomplete.
make[2]: Warning: File 'CMakeFiles/nodelet_generate_messages_lisp.dir/progress.make' has modification time 1031 s in the future
make[2]: Warning: File 'CMakeFiles/rviz_generate_messages_cpp.dir/progress.make' has modification time 1031 s in the future
make[2]: warning:  Clock skew detected.  Your build may be incomplete.
make[2]: Warning: File 'CMakeFiles/map_msgs_generate_messages_py.dir/progress.make' has modification time 1031 s in the future
make[2]: warning:  Clock skew detected.  Your build may be incomplete.
make[2]: Warning: File 'CMakeFiles/std_srvs_generate_messages_cpp.dir/progress.make' has modification time 1031 s in the future
make[2]: warning:  Clock skew detected.  Your build may be incomplete.
make[2]: Warning: File 'CMakeFiles/nodelet_generate_messages_lisp.dir/progress.make' has modification time 1031 s in the future
make[2]: warning:  Clock skew detected.  Your build may be incomplete.
make[2]: warning:  Clock skew detected.  Your build may be incomplete.
make[2]: Warning: File 'CMakeFiles/rviz_generate_messages_cpp.dir/progress.make' has modification time 1031 s in the future
make[2]: warning:  Clock skew detected.  Your build may be incomplete.
make[2]: Warning: File 'CMakeFiles/roscpp_generate_messages_cpp.dir/progress.make' has modification time 1031 s in the future
make[2]: warning:  Clock skew detected.  Your build may be incomplete.
make[2]: Warning: File 'CMakeFiles/std_srvs_generate_messages_cpp.dir/progress.make' has modification time 1031 s in the future
make[2]: warning:  Clock skew detected.  Your build may be incomplete.
make[2]: Warning: File 'CMakeFiles/sensor_msgs_generate_messages_nodejs.dir/progress.make' has modification time 1031 s in the future
make[2]: warning:  Clock skew detected.  Your build may be incomplete.
make[2]: Warning: File 'CMakeFiles/roscpp_generate_messages_cpp.dir/progress.make' has modification time 1031 s in the future
make[2]: warning:  Clock skew detected.  Your build may be incomplete.
make[2]: Warning: File 'CMakeFiles/actionlib_generate_messages_cpp.dir/progress.make' has modification time 1031 s in the future
make[2]: warning:  Clock skew detected.  Your build may be incomplete.
make[2]: Warning: File 'CMakeFiles/std_srvs_generate_messages_eus.dir/progress.make' has modification time 1031 s in the future
make[2]: Warning: File 'CMakeFiles/sensor_msgs_generate_messages_nodejs.dir/progress.make' has modification time 1031 s in the future
make[2]: warning:  Clock skew detected.  Your build may be incomplete.
make[2]: warning:  Clock skew detected.  Your build may be incomplete.
make[2]: Warning: File 'CMakeFiles/actionlib_generate_messages_cpp.dir/progress.make' has modification time 1031 s in the future
make[2]: warning:  Clock skew detected.  Your build may be incomplete.
make[2]: Warning: File 'CMakeFiles/roscpp_generate_messages_lisp.dir/progress.make' has modification time 1031 s in the future
make[2]: warning:  Clock skew detected.  Your build may be incomplete.
make[2]: Warning: File 'CMakeFiles/bond_generate_messages_eus.dir/progress.make' has modification time 1031 s in the future
make[2]: Warning: File 'CMakeFiles/std_srvs_generate_messages_eus.dir/progress.make' has modification time 1031 s in the future
make[2]: warning:  Clock skew detected.  Your build may be incomplete.
make[2]: Warning: File 'CMakeFiles/roscpp_generate_messages_nodejs.dir/progress.make' has modification time 1031 s in the future
make[2]: warning:  Clock skew detected.  Your build may be incomplete.
make[2]: Warning: File 'CMakeFiles/bond_generate_messages_cpp.dir/progress.make' has modification time 1031 s in the future
make[2]: Warning: File 'CMakeFiles/roscpp_generate_messages_lisp.dir/progress.make' has modification time 1031 s in the future
make[2]: warning:  Clock skew detected.  Your build may be incomplete.
make[2]: warning:  Clock skew detected.  Your build may be incomplete.
make[2]: Warning: File 'CMakeFiles/actionlib_msgs_generate_messages_nodejs.dir/progress.make' has modification time 1031 s in the future
make[2]: warning:  Clock skew detected.  Your build may be incomplete.
make[2]: Warning: File 'CMakeFiles/roscpp_generate_messages_nodejs.dir/progress.make' has modification time 1031 s in the future
make[2]: warning:  Clock skew detected.  Your build may be incomplete.
make[2]: Warning: File 'CMakeFiles/bond_generate_messages_eus.dir/progress.make' has modification time 1031 s in the future
make[2]: warning:  Clock skew detected.  Your build may be incomplete.
make[2]: warning:  Clock skew detected.  Your build may be incomplete.
make[2]: Warning: File 'CMakeFiles/map_msgs_generate_messages_nodejs.dir/progress.make' has modification time 1031 s in the future
make[2]: Warning: File 'CMakeFiles/bond_generate_messages_cpp.dir/progress.make' has modification time 1031 s in the future
make[2]: warning:  Clock skew detected.  Your build may be incomplete.
make[2]: Warning: File 'CMakeFiles/roscpp_generate_messages_py.dir/progress.make' has modification time 1031 s in the future
make[2]: warning:  Clock skew detected.  Your build may be incomplete.
make[2]: Warning: File 'CMakeFiles/actionlib_msgs_generate_messages_nodejs.dir/progress.make' has modification time 1031 s in the future
make[2]: warning:  Clock skew detected.  Your build may be incomplete.
make[2]: warning:  Clock skew detected.  Your build may be incomplete.
make[2]: Warning: File 'CMakeFiles/map_msgs_generate_messages_nodejs.dir/progress.make' has modification time 1031 s in the future
make[2]: Warning: File 'CMakeFiles/rosgraph_msgs_generate_messages_cpp.dir/progress.make' has modification time 1031 s in the future
make[2]: warning:  Clock skew detected.  Your build may be incomplete.
make[2]: Warning: File 'CMakeFiles/rosgraph_msgs_generate_messages_eus.dir/progress.make' has modification time 1031 s in the future
make[2]: warning:  Clock skew detected.  Your build may be incomplete.
make[2]: Warning: File 'CMakeFiles/roscpp_generate_messages_py.dir/progress.make' has modification time 1031 s in the future
make[2]: warning:  Clock skew detected.  Your build may be incomplete.
make[2]: Warning: File 'CMakeFiles/rosgraph_msgs_generate_messages_lisp.dir/progress.make' has modification time 1031 s in the future
make[2]: warning:  Clock skew detected.  Your build may be incomplete.
make[2]: Warning: File 'CMakeFiles/rosgraph_msgs_generate_messages_cpp.dir/progress.make' has modification time 1031 s in the future
make[2]: warning:  Clock skew detected.  Your build may be incomplete.
make[2]: Warning: File 'CMakeFiles/actionlib_msgs_generate_messages_eus.dir/progress.make' has modification time 1031 s in the future
make[2]: warning:  Clock skew detected.  Your build may be incomplete.
make[2]: Warning: File 'CMakeFiles/rosgraph_msgs_generate_messages_eus.dir/progress.make' has modification time 1031 s in the future
make[2]: warning:  Clock skew detected.  Your build may be incomplete.
make[2]: Warning: File 'CMakeFiles/roscpp_generate_messages_eus.dir/progress.make' has modification time 1031 s in the future
make[2]: Warning: File 'CMakeFiles/rosgraph_msgs_generate_messages_py.dir/progress.make' has modification time 1031 s in the future
make[2]: warning:  Clock skew detected.  Your build may be incomplete.
make[2]: Warning: File 'CMakeFiles/rosgraph_msgs_generate_messages_lisp.dir/progress.make' has modification time 1031 s in the future
make[2]: warning:  Clock skew detected.  Your build may be incomplete.
make[2]: warning:  Clock skew detected.  Your build may be incomplete.
make[2]: Warning: File 'CMakeFiles/rosgraph_msgs_generate_messages_nodejs.dir/progress.make' has modification time 1031 s in the future
make[2]: Warning: File 'CMakeFiles/actionlib_msgs_generate_messages_eus.dir/progress.make' has modification time 1030 s in the future
make[2]: warning:  Clock skew detected.  Your build may be incomplete.
make[2]: warning:  Clock skew detected.  Your build may be incomplete.
make[2]: Warning: File 'CMakeFiles/roscpp_generate_messages_eus.dir/progress.make' has modification time 1030 s in the future
make[2]: warning:  Clock skew detected.  Your build may be incomplete.
make[2]: warning:  Clock skew detected.  Your build may be incomplete.
make[2]: Warning: File 'CMakeFiles/rosgraph_msgs_generate_messages_py.dir/progress.make' has modification time 1030 s in the future
make[2]: warning:  Clock skew detected.  Your build may be incomplete.
make[2]: warning:  Clock skew detected.  Your build may be incomplete.
make[2]: Warning: File 'CMakeFiles/rosgraph_msgs_generate_messages_nodejs.dir/progress.make' has modification time 1030 s in the future
make[2]: warning:  Clock skew detected.  Your build may be incomplete.
make[2]: Warning: File 'CMakeFiles/sensor_msgs_generate_messages_cpp.dir/progress.make' has modification time 1030 s in the future
make[2]: Warning: File 'CMakeFiles/sensor_msgs_generate_messages_eus.dir/progress.make' has modification time 1030 s in the future
make[2]: Warning: File 'CMakeFiles/nodelet_generate_messages_py.dir/progress.make' has modification time 1030 s in the future
make[2]: Warning: File 'CMakeFiles/sensor_msgs_generate_messages_py.dir/progress.make' has modification time 1030 s in the future
make[2]: warning:  Clock skew detected.  Your build may be incomplete.
make[2]: warning:  Clock skew detected.  Your build may be incomplete.
make[2]: warning:  Clock skew detected.  Your build may be incomplete.
make[2]: Warning: File 'CMakeFiles/sensor_msgs_generate_messages_cpp.dir/progress.make' has modification time 1030 s in the future
make[2]: warning:  Clock skew detected.  Your build may be incomplete.
make[2]: Warning: File 'CMakeFiles/nodelet_generate_messages_py.dir/progress.make' has modification time 1030 s in the future
make[2]: warning:  Clock skew detected.  Your build may be incomplete.
make[2]: Warning: File 'CMakeFiles/tf_generate_messages_py.dir/progress.make' has modification time 1030 s in the future
make[2]: Warning: File 'CMakeFiles/sensor_msgs_generate_messages_eus.dir/progress.make' has modification time 1030 s in the future
make[2]: warning:  Clock skew detected.  Your build may be incomplete.
make[2]: Warning: File 'CMakeFiles/tf_generate_messages_lisp.dir/progress.make' has modification time 1030 s in the future
make[2]: warning:  Clock skew detected.  Your build may be incomplete.
make[2]: Warning: File 'CMakeFiles/tf_generate_messages_nodejs.dir/progress.make' has modification time 1030 s in the future
make[2]: Warning: File 'CMakeFiles/sensor_msgs_generate_messages_py.dir/progress.make' has modification time 1030 s in the future
make[2]: warning:  Clock skew detected.  Your build may be incomplete.
make[2]: Warning: File 'CMakeFiles/actionlib_generate_messages_eus.dir/progress.make' has modification time 1030 s in the future
make[2]: warning:  Clock skew detected.  Your build may be incomplete.
make[2]: Warning: File 'CMakeFiles/tf_generate_messages_cpp.dir/progress.make' has modification time 1030 s in the future
make[2]: Warning: File 'CMakeFiles/tf_generate_messages_py.dir/progress.make' has modification time 1030 s in the future
make[2]: warning:  Clock skew detected.  Your build may be incomplete.
make[2]: warning:  Clock skew detected.  Your build may be incomplete.
make[2]: Warning: File 'CMakeFiles/tf_generate_messages_lisp.dir/progress.make' has modification time 1030 s in the future
make[2]: warning:  Clock skew detected.  Your build may be incomplete.
make[2]: warning:  Clock skew detected.  Your build may be incomplete.
make[2]: warning:  Clock skew detected.  Your build may be incomplete.
make[2]: warning:  Clock skew detected.  Your build may be incomplete.
make[2]: Warning: File 'CMakeFiles/tf_generate_messages_nodejs.dir/progress.make' has modification time 1030 s in the future
make[2]: warning:  Clock skew detected.  Your build may be incomplete.
make[2]: Warning: File 'CMakeFiles/actionlib_generate_messages_nodejs.dir/progress.make' has modification time 1030 s in the future
make[2]: Warning: File 'CMakeFiles/tf_generate_messages_cpp.dir/progress.make' has modification time 1030 s in the future
make[2]: warning:  Clock skew detected.  Your build may be incomplete.
make[2]: Warning: File 'CMakeFiles/actionlib_generate_messages_eus.dir/progress.make' has modification time 1030 s in the future
make[2]: warning:  Clock skew detected.  Your build may be incomplete.
make[2]: Warning: File 'CMakeFiles/tf_generate_messages_eus.dir/progress.make' has modification time 1030 s in the future
make[2]: Warning: File 'CMakeFiles/actionlib_msgs_generate_messages_cpp.dir/progress.make' has modification time 1030 s in the future
make[2]: warning:  Clock skew detected.  Your build may be incomplete.
make[2]: Warning: File 'CMakeFiles/actionlib_msgs_generate_messages_py.dir/progress.make' has modification time 1030 s in the future
make[2]: Warning: File 'CMakeFiles/tf2_msgs_generate_messages_cpp.dir/progress.make' has modification time 1030 s in the future
make[2]: Warning: File 'CMakeFiles/actionlib_msgs_generate_messages_lisp.dir/progress.make' has modification time 1030 s in the future
make[2]: warning:  Clock skew detected.  Your build may be incomplete.
make[2]: Warning: File 'CMakeFiles/tf_generate_messages_eus.dir/progress.make' has modification time 1030 s in the future
make[2]: warning:  Clock skew detected.  Your build may be incomplete.
make[2]: Warning: File 'CMakeFiles/actionlib_generate_messages_nodejs.dir/progress.make' has modification time 1030 s in the future
make[2]: warning:  Clock skew detected.  Your build may be incomplete.
make[2]: warning:  Clock skew detected.  Your build may be incomplete.
make[2]: Warning: File 'CMakeFiles/actionlib_msgs_generate_messages_cpp.dir/progress.make' has modification time 1030 s in the future
make[2]: warning:  Clock skew detected.  Your build may be incomplete.
make[2]: warning:  Clock skew detected.  Your build may be incomplete.
make[2]: warning:  Clock skew detected.  Your build may be incomplete.
make[2]: Warning: File 'CMakeFiles/nav_msgs_generate_messages_py.dir/progress.make' has modification time 1030 s in the future
make[2]: Warning: File 'CMakeFiles/actionlib_msgs_generate_messages_py.dir/progress.make' has modification time 1030 s in the future
make[2]: warning:  Clock skew detected.  Your build may be incomplete.
make[2]: Warning: File 'CMakeFiles/tf2_msgs_generate_messages_cpp.dir/progress.make' has modification time 1030 s in the future
make[2]: warning:  Clock skew detected.  Your build may be incomplete.
make[2]: warning:  Clock skew detected.  Your build may be incomplete.
make[2]: Warning: File 'CMakeFiles/tf2_msgs_generate_messages_lisp.dir/progress.make' has modification time 1030 s in the future
make[2]: Warning: File 'CMakeFiles/actionlib_msgs_generate_messages_lisp.dir/progress.make' has modification time 1030 s in the future
make[2]: warning:  Clock skew detected.  Your build may be incomplete.
make[2]: Warning: File 'CMakeFiles/map_msgs_generate_messages_cpp.dir/progress.make' has modification time 1030 s in the future
make[2]: warning:  Clock skew detected.  Your build may be incomplete.
make[2]: warning:  Clock skew detected.  Your build may be incomplete.
make[2]: Warning: File 'CMakeFiles/actionlib_generate_messages_py.dir/progress.make' has modification time 1030 s in the future
make[2]: Warning: File 'CMakeFiles/tf2_msgs_generate_messages_py.dir/progress.make' has modification time 1030 s in the future
make[2]: Warning: File 'CMakeFiles/nav_msgs_generate_messages_py.dir/progress.make' has modification time 1030 s in the future
make[2]: warning:  Clock skew detected.  Your build may be incomplete.
make[2]: Warning: File 'CMakeFiles/tf2_msgs_generate_messages_lisp.dir/progress.make' has modification time 1030 s in the future
make[2]: warning:  Clock skew detected.  Your build may be incomplete.
make[2]: warning:  Clock skew detected.  Your build may be incomplete.
make[2]: Warning: File 'CMakeFiles/map_msgs_generate_messages_cpp.dir/progress.make' has modification time 1030 s in the future
make[2]: warning:  Clock skew detected.  Your build may be incomplete.
make[2]: warning:  Clock skew detected.  Your build may be incomplete.
make[2]: Warning: File 'CMakeFiles/visualization_msgs_generate_messages_py.dir/progress.make' has modification time 1030 s in the future
make[2]: Warning: File 'CMakeFiles/visualization_msgs_generate_messages_eus.dir/progress.make' has modification time 1030 s in the future
make[2]: Warning: File 'CMakeFiles/tf2_msgs_generate_messages_py.dir/progress.make' has modification time 1030 s in the future
make[2]: warning:  Clock skew detected.  Your build may be incomplete.
make[2]: warning:  Clock skew detected.  Your build may be incomplete.
make[2]: Warning: File 'CMakeFiles/actionlib_generate_messages_py.dir/progress.make' has modification time 1030 s in the future
make[2]: warning:  Clock skew detected.  Your build may be incomplete.
make[2]: Warning: File 'CMakeFiles/nodelet_generate_messages_eus.dir/progress.make' has modification time 1030 s in the future
make[2]: Warning: File 'CMakeFiles/map_msgs_generate_messages_eus.dir/progress.make' has modification time 1030 s in the future
make[2]: warning:  Clock skew detected.  Your build may be incomplete.
make[2]: Warning: File 'CMakeFiles/visualization_msgs_generate_messages_py.dir/progress.make' has modification time 1030 s in the future
make[2]: warning:  Clock skew detected.  Your build may be incomplete.
make[2]: warning:  Clock skew detected.  Your build may be incomplete.
make[2]: Warning: File 'CMakeFiles/visualization_msgs_generate_messages_eus.dir/progress.make' has modification time 1030 s in the future
make[2]: warning:  Clock skew detected.  Your build may be incomplete.
make[2]: Warning: File 'CMakeFiles/sensor_msgs_generate_messages_lisp.dir/progress.make' has modification time 1030 s in the future
make[2]: warning:  Clock skew detected.  Your build may be incomplete.
make[2]: warning:  Clock skew detected.  Your build may be incomplete.
make[2]: Warning: File 'CMakeFiles/nav_msgs_generate_messages_cpp.dir/progress.make' has modification time 1030 s in the future
make[2]: Warning: File 'CMakeFiles/nodelet_generate_messages_eus.dir/progress.make' has modification time 1030 s in the future
make[2]: warning:  Clock skew detected.  Your build may be incomplete.
make[2]: Warning: File 'CMakeFiles/map_msgs_generate_messages_eus.dir/progress.make' has modification time 1030 s in the future
make[2]: warning:  Clock skew detected.  Your build may be incomplete.
make[2]: Warning: File 'CMakeFiles/tf2_msgs_generate_messages_eus.dir/progress.make' has modification time 1030 s in the future
make[2]: warning:  Clock skew detected.  Your build may be incomplete.
make[2]: Warning: File 'CMakeFiles/sensor_msgs_generate_messages_lisp.dir/progress.make' has modification time 1030 s in the future
make[2]: Warning: File 'CMakeFiles/visualization_msgs_generate_messages_cpp.dir/progress.make' has modification time 1030 s in the future
make[2]: warning:  Clock skew detected.  Your build may be incomplete.
make[2]: warning:  Clock skew detected.  Your build may be incomplete.
make[2]: Warning: File 'CMakeFiles/nav_msgs_generate_messages_cpp.dir/progress.make' has modification time 1030 s in the future
make[2]: warning:  Clock skew detected.  Your build may be incomplete.
make[2]: Warning: File 'CMakeFiles/nav_msgs_generate_messages_eus.dir/progress.make' has modification time 1030 s in the future
make[2]: warning:  Clock skew detected.  Your build may be incomplete.
make[2]: Warning: File 'CMakeFiles/obstacle_detector_generate_messages_py.dir/progress.make' has modification time 1030 s in the future
make[2]: Warning: File 'CMakeFiles/tf2_msgs_generate_messages_eus.dir/progress.make' has modification time 1030 s in the future
make[2]: warning:  Clock skew detected.  Your build may be incomplete.
make[2]: warning:  Clock skew detected.  Your build may be incomplete.
make[2]: Warning: File 'CMakeFiles/obstacle_detector_generate_messages_nodejs.dir/progress.make' has modification time 1030 s in the future
make[2]: Warning: File 'CMakeFiles/visualization_msgs_generate_messages_cpp.dir/progress.make' has modification time 1030 s in the future
make[2]: warning:  Clock skew detected.  Your build may be incomplete.
make[2]: warning:  Clock skew detected.  Your build may be incomplete.
make[2]: warning:  Clock skew detected.  Your build may be incomplete.
make[2]: Warning: File 'CMakeFiles/obstacle_detector_generate_messages_lisp.dir/progress.make' has modification time 1030 s in the future
make[2]: Warning: File 'CMakeFiles/nav_msgs_generate_messages_eus.dir/progress.make' has modification time 1030 s in the future
make[2]: warning:  Clock skew detected.  Your build may be incomplete.
make[2]: Warning: File 'CMakeFiles/obstacle_detector_generate_messages_py.dir/progress.make' has modification time 1030 s in the future
make[2]: warning:  Clock skew detected.  Your build may be incomplete.
make[2]: Warning: File 'CMakeFiles/obstacle_detector_generate_messages_eus.dir/progress.make' has modification time 1030 s in the future
make[2]: warning:  Clock skew detected.  Your build may be incomplete.
make[2]: Warning: File 'CMakeFiles/obstacle_detector_generate_messages_nodejs.dir/progress.make' has modification time 1030 s in the future
make[2]: warning:  Clock skew detected.  Your build may be incomplete.
make[2]: Warning: File 'CMakeFiles/obstacle_detector_generate_messages_cpp.dir/progress.make' has modification time 1030 s in the future
make[2]: warning:  Clock skew detected.  Your build may be incomplete.
make[2]: warning:  Clock skew detected.  Your build may be incomplete.
make[2]: Warning: File 'CMakeFiles/obstacle_detector_generate_messages_eus.dir/progress.make' has modification time 1030 s in the future
make[2]: warning:  Clock skew detected.  Your build may be incomplete.
make[2]: Warning: File 'CMakeFiles/obstacle_detector_generate_messages_lisp.dir/progress.make' has modification time 1030 s in the future
make[2]: warning:  Clock skew detected.  Your build may be incomplete.
make[2]: Warning: File 'CMakeFiles/obstacle_detector_gui_autogen.dir/progress.make' has modification time 1030 s in the future
make[2]: Warning: File 'CMakeFiles/scans_merger.dir/flags.make' has modification time 1029 s in the future
make[2]: warning:  Clock skew detected.  Your build may be incomplete.
make[2]: Warning: File 'CMakeFiles/obstacle_detector_generate_messages_cpp.dir/progress.make' has modification time 1030 s in the future
make[2]: warning:  Clock skew detected.  Your build may be incomplete.
make[2]: warning:  Clock skew detected.  Your build may be incomplete.
make[2]: warning:  Clock skew detected.  Your build may be incomplete.
make[2]: Warning: File 'CMakeFiles/obstacle_detector_gui_autogen.dir/progress.make' has modification time 1030 s in the future
make[2]: Warning: File 'CMakeFiles/scans_merger.dir/flags.make' has modification time 1029 s in the future
make[2]: Warning: File 'CMakeFiles/obstacle_detector_generate_messages.dir/progress.make' has modification time 1030 s in the future
make[2]: Warning: File 'CMakeFiles/obstacle_tracker.dir/flags.make' has modification time 1029 s in the future
make[2]: Warning: File 'CMakeFiles/obstacle_publisher.dir/flags.make' has modification time 1029 s in the future
make[2]: Warning: File 'CMakeFiles/obstacle_extractor.dir/flags.make' has modification time 1029 s in the future
make[2]: warning:  Clock skew detected.  Your build may be incomplete.
make[2]: warning:  Clock skew detected.  Your build may be incomplete.
make[2]: warning:  Clock skew detected.  Your build may be incomplete.
make[2]: warning:  Clock skew detected.  Your build may be incomplete.
make[2]: warning:  Clock skew detected.  Your build may be incomplete.
make[2]: Warning: File 'CMakeFiles/obstacle_detector_generate_messages.dir/progress.make' has modification time 1030 s in the future
make[2]: warning:  Clock skew detected.  Your build may be incomplete.
make[2]: Warning: File 'CMakeFiles/obstacle_publisher.dir/flags.make' has modification time 1029 s in the future
make[2]: Warning: File 'CMakeFiles/obstacle_tracker.dir/flags.make' has modification time 1029 s in the future
make[2]: Warning: File 'CMakeFiles/obstacle_extractor.dir/flags.make' has modification time 1029 s in the future
make[2]: warning:  Clock skew detected.  Your build may be incomplete.
make[2]: warning:  Clock skew detected.  Your build may be incomplete.
make[2]: warning:  Clock skew detected.  Your build may be incomplete.
make[2]: warning:  Clock skew detected.  Your build may be incomplete.
make[2]: Warning: File 'CMakeFiles/scans_merger_node.dir/flags.make' has modification time 1029 s in the future
make[2]: Warning: File 'CMakeFiles/obstacle_tracker_node.dir/flags.make' has modification time 1029 s in the future
make[2]: Warning: File 'CMakeFiles/obstacle_extractor_node.dir/flags.make' has modification time 1029 s in the future
make[2]: Warning: File 'CMakeFiles/obstacle_publisher_node.dir/flags.make' has modification time 1030 s in the future
make[2]: warning:  Clock skew detected.  Your build may be incomplete.
make[2]: Warning: File 'CMakeFiles/scans_merger_node.dir/flags.make' has modification time 1029 s in the future
make[2]: warning:  Clock skew detected.  Your build may be incomplete.
make[2]: warning:  Clock skew detected.  Your build may be incomplete.
make[2]: Warning: File 'CMakeFiles/obstacle_detector_gui.dir/flags.make' has modification time 1029 s in the future
make[2]: warning:  Clock skew detected.  Your build may be incomplete.
make[2]: Warning: File 'CMakeFiles/obstacle_tracker_node.dir/flags.make' has modification time 1029 s in the future
make[2]: Warning: File 'CMakeFiles/obstacle_publisher_node.dir/flags.make' has modification time 1029 s in the future
make[2]: Warning: File 'CMakeFiles/obstacle_extractor_node.dir/flags.make' has modification time 1029 s in the future
make[2]: warning:  Clock skew detected.  Your build may be incomplete.
make[2]: warning:  Clock skew detected.  Your build may be incomplete.
make[2]: warning:  Clock skew detected.  Your build may be incomplete.
make[2]: warning:  Clock skew detected.  Your build may be incomplete.
make[2]: warning:  Clock skew detected.  Your build may be incomplete.
make[2]: Warning: File 'CMakeFiles/obstacle_detector_nodelets.dir/flags.make' has modification time 1029 s in the future
make[2]: Warning: File 'CMakeFiles/obstacle_detector_gui.dir/flags.make' has modification time 1029 s in the future
make[2]: warning:  Clock skew detected.  Your build may be incomplete.
make[2]: Warning: File 'CMakeFiles/obstacle_detector_nodelets.dir/flags.make' has modification time 1029 s in the future
make[2]: warning:  Clock skew detected.  Your build may be incomplete.
make[2]: warning:  Clock skew detected.  Your build may be incomplete.
make[1]: warning:  Clock skew detected.  Your build may be incomplete.
make: warning:  Clock skew detected.  Your build may be incomplete.
