[35m[1mScanning dependencies of target nav_msgs_generate_messages_lisp[0m
[  0%] Built target nav_msgs_generate_messages_lisp
[35m[1mScanning dependencies of target geometry_msgs_generate_messages_py[0m
[  0%] Built target geometry_msgs_generate_messages_py
[35m[1mScanning dependencies of target _obstacle_detector_generate_messages_check_deps_Obstacles[0m
[  0%] Built target _obstacle_detector_generate_messages_check_deps_Obstacles
[35m[1mScanning dependencies of target _obstacle_detector_generate_messages_check_deps_SegmentObstacle[0m
[  0%] Built target _obstacle_detector_generate_messages_check_deps_SegmentObstacle
[35m[1mScanning dependencies of target _obstacle_detector_generate_messages_check_deps_CircleObstacle[0m
[  0%] Built target _obstacle_detector_generate_messages_check_deps_CircleObstacle
[35m[1mScanning dependencies of target std_msgs_generate_messages_py[0m
[  0%] Built target std_msgs_generate_messages_py
[35m[1mScanning dependencies of target geometry_msgs_generate_messages_nodejs[0m
[  0%] Built target geometry_msgs_generate_messages_nodejs
[35m[1mScanning dependencies of target std_msgs_generate_messages_nodejs[0m
[  0%] Built target std_msgs_generate_messages_nodejs
[35m[1mScanning dependencies of target std_msgs_generate_messages_lisp[0m
[  0%] Built target std_msgs_generate_messages_lisp
[35m[1mScanning dependencies of target geometry_msgs_generate_messages_lisp[0m
[  0%] Built target geometry_msgs_generate_messages_lisp
[35m[1mScanning dependencies of target geometry_msgs_generate_messages_eus[0m
[  0%] Built target geometry_msgs_generate_messages_eus
[35m[1mScanning dependencies of target std_msgs_generate_messages_eus[0m
[  0%] Built target std_msgs_generate_messages_eus
[35m[1mScanning dependencies of target std_msgs_generate_messages_cpp[0m
[  0%] Built target std_msgs_generate_messages_cpp
[35m[1mScanning dependencies of target geometry_msgs_generate_messages_cpp[0m
[  0%] Built target geometry_msgs_generate_messages_cpp
[35m[1mScanning dependencies of target std_srvs_generate_messages_py[0m
[  0%] Built target std_srvs_generate_messages_py
[35m[1mScanning dependencies of target std_srvs_generate_messages_nodejs[0m
[  0%] Built target std_srvs_generate_messages_nodejs
[35m[1mScanning dependencies of target std_srvs_generate_messages_lisp[0m
[  0%] Built target std_srvs_generate_messages_lisp
[35m[1mScanning dependencies of target nav_msgs_generate_messages_nodejs[0m
[  0%] Built target nav_msgs_generate_messages_nodejs
[35m[1mScanning dependencies of target rviz_generate_messages_nodejs[0m
[  0%] Built target rviz_generate_messages_nodejs
[35m[1mScanning dependencies of target rviz_generate_messages_lisp[0m
[  0%] Built target rviz_generate_messages_lisp
[35m[1mScanning dependencies of target rviz_generate_messages_py[0m
[  0%] Built target rviz_generate_messages_py
[35m[1mScanning dependencies of target tf2_msgs_generate_messages_nodejs[0m
[  0%] Built target tf2_msgs_generate_messages_nodejs
[35m[1mScanning dependencies of target bond_generate_messages_lisp[0m
[  0%] Built target bond_generate_messages_lisp
[35m[1mScanning dependencies of target bond_generate_messages_nodejs[0m
[  0%] Built target bond_generate_messages_nodejs
[35m[1mScanning dependencies of target visualization_msgs_generate_messages_lisp[0m
[  0%] Built target visualization_msgs_generate_messages_lisp
[35m[1mScanning dependencies of target visualization_msgs_generate_messages_nodejs[0m
[  0%] Built target visualization_msgs_generate_messages_nodejs
[35m[1mScanning dependencies of target map_msgs_generate_messages_lisp[0m
[  0%] Built target map_msgs_generate_messages_lisp
[35m[1mScanning dependencies of target nodelet_generate_messages_nodejs[0m
[  0%] Built target nodelet_generate_messages_nodejs
[35m[1mScanning dependencies of target rviz_generate_messages_eus[0m
[  0%] Built target rviz_generate_messages_eus
[35m[1mScanning dependencies of target bond_generate_messages_py[0m
[  0%] Built target bond_generate_messages_py
[35m[1mScanning dependencies of target nodelet_generate_messages_cpp[0m
[  0%] Built target nodelet_generate_messages_cpp
[35m[1mScanning dependencies of target actionlib_generate_messages_lisp[0m
[  0%] Built target actionlib_generate_messages_lisp
[35m[1mScanning dependencies of target map_msgs_generate_messages_py[0m
[  0%] Built target map_msgs_generate_messages_py
[35m[1mScanning dependencies of target nodelet_generate_messages_lisp[0m
[  0%] Built target nodelet_generate_messages_lisp
[35m[1mScanning dependencies of target rviz_generate_messages_cpp[0m
[  0%] Built target rviz_generate_messages_cpp
[35m[1mScanning dependencies of target std_srvs_generate_messages_cpp[0m
[  0%] Built target std_srvs_generate_messages_cpp
[35m[1mScanning dependencies of target roscpp_generate_messages_cpp[0m
[  0%] Built target roscpp_generate_messages_cpp
[35m[1mScanning dependencies of target sensor_msgs_generate_messages_nodejs[0m
[  0%] Built target sensor_msgs_generate_messages_nodejs
[35m[1mScanning dependencies of target actionlib_generate_messages_cpp[0m
[  0%] Built target actionlib_generate_messages_cpp
[35m[1mScanning dependencies of target std_srvs_generate_messages_eus[0m
[  0%] Built target std_srvs_generate_messages_eus
[35m[1mScanning dependencies of target roscpp_generate_messages_lisp[0m
[  0%] Built target roscpp_generate_messages_lisp
[35m[1mScanning dependencies of target bond_generate_messages_eus[0m
[  0%] Built target bond_generate_messages_eus
[35m[1mScanning dependencies of target roscpp_generate_messages_nodejs[0m
[  0%] Built target roscpp_generate_messages_nodejs
[35m[1mScanning dependencies of target bond_generate_messages_cpp[0m
[  0%] Built target bond_generate_messages_cpp
[35m[1mScanning dependencies of target actionlib_msgs_generate_messages_nodejs[0m
[  0%] Built target actionlib_msgs_generate_messages_nodejs
[35m[1mScanning dependencies of target map_msgs_generate_messages_nodejs[0m
[  0%] Built target map_msgs_generate_messages_nodejs
[35m[1mScanning dependencies of target roscpp_generate_messages_py[0m
[  0%] Built target roscpp_generate_messages_py
[35m[1mScanning dependencies of target rosgraph_msgs_generate_messages_cpp[0m
[  0%] Built target rosgraph_msgs_generate_messages_cpp
[35m[1mScanning dependencies of target rosgraph_msgs_generate_messages_eus[0m
[  0%] Built target rosgraph_msgs_generate_messages_eus
[35m[1mScanning dependencies of target rosgraph_msgs_generate_messages_lisp[0m
[  0%] Built target rosgraph_msgs_generate_messages_lisp
[35m[1mScanning dependencies of target actionlib_msgs_generate_messages_eus[0m
[  0%] Built target actionlib_msgs_generate_messages_eus
[35m[1mScanning dependencies of target roscpp_generate_messages_eus[0m
[  0%] Built target roscpp_generate_messages_eus
[35m[1mScanning dependencies of target rosgraph_msgs_generate_messages_py[0m
[  0%] Built target rosgraph_msgs_generate_messages_py
[35m[1mScanning dependencies of target rosgraph_msgs_generate_messages_nodejs[0m
[  0%] Built target rosgraph_msgs_generate_messages_nodejs
[35m[1mScanning dependencies of target sensor_msgs_generate_messages_cpp[0m
[  0%] Built target sensor_msgs_generate_messages_cpp
[35m[1mScanning dependencies of target sensor_msgs_generate_messages_eus[0m
[  0%] Built target sensor_msgs_generate_messages_eus
[35m[1mScanning dependencies of target nodelet_generate_messages_py[0m
[  0%] Built target nodelet_generate_messages_py
[35m[1mScanning dependencies of target sensor_msgs_generate_messages_py[0m
[  0%] Built target sensor_msgs_generate_messages_py
[35m[1mScanning dependencies of target tf_generate_messages_py[0m
[  0%] Built target tf_generate_messages_py
[35m[1mScanning dependencies of target tf_generate_messages_lisp[0m
[  0%] Built target tf_generate_messages_lisp
[35m[1mScanning dependencies of target tf_generate_messages_nodejs[0m
[  0%] Built target tf_generate_messages_nodejs
[35m[1mScanning dependencies of target actionlib_generate_messages_eus[0m
[  0%] Built target actionlib_generate_messages_eus
[35m[1mScanning dependencies of target tf_generate_messages_cpp[0m
[  0%] Built target tf_generate_messages_cpp
[35m[1mScanning dependencies of target actionlib_generate_messages_nodejs[0m
[  0%] Built target actionlib_generate_messages_nodejs
[35m[1mScanning dependencies of target tf_generate_messages_eus[0m
[  0%] Built target tf_generate_messages_eus
[35m[1mScanning dependencies of target actionlib_msgs_generate_messages_cpp[0m
[  0%] Built target actionlib_msgs_generate_messages_cpp
[35m[1mScanning dependencies of target actionlib_msgs_generate_messages_lisp[0m
[  0%] Built target actionlib_msgs_generate_messages_lisp
[35m[1mScanning dependencies of target actionlib_msgs_generate_messages_py[0m
[35m[1mScanning dependencies of target tf2_msgs_generate_messages_cpp[0m
[  0%] Built target actionlib_msgs_generate_messages_py
[  0%] Built target tf2_msgs_generate_messages_cpp
[35m[1mScanning dependencies of target nav_msgs_generate_messages_py[0m
[  0%] Built target nav_msgs_generate_messages_py
[35m[1mScanning dependencies of target tf2_msgs_generate_messages_lisp[0m
[  0%] Built target tf2_msgs_generate_messages_lisp
[35m[1mScanning dependencies of target map_msgs_generate_messages_cpp[0m
[  0%] Built target map_msgs_generate_messages_cpp
[35m[1mScanning dependencies of target actionlib_generate_messages_py[0m
[  0%] Built target actionlib_generate_messages_py
[35m[1mScanning dependencies of target tf2_msgs_generate_messages_py[0m
[  0%] Built target tf2_msgs_generate_messages_py
[35m[1mScanning dependencies of target visualization_msgs_generate_messages_eus[0m
[  0%] Built target visualization_msgs_generate_messages_eus
[35m[1mScanning dependencies of target visualization_msgs_generate_messages_py[0m
[  0%] Built target visualization_msgs_generate_messages_py
[35m[1mScanning dependencies of target nodelet_generate_messages_eus[0m
[  0%] Built target nodelet_generate_messages_eus
[35m[1mScanning dependencies of target map_msgs_generate_messages_eus[0m
[  0%] Built target map_msgs_generate_messages_eus
[35m[1mScanning dependencies of target sensor_msgs_generate_messages_lisp[0m
[35m[1mScanning dependencies of target nav_msgs_generate_messages_cpp[0m
[  0%] Built target sensor_msgs_generate_messages_lisp
[  0%] Built target nav_msgs_generate_messages_cpp
[35m[1mScanning dependencies of target tf2_msgs_generate_messages_eus[0m
[  0%] Built target tf2_msgs_generate_messages_eus
[35m[1mScanning dependencies of target visualization_msgs_generate_messages_cpp[0m
[35m[1mScanning dependencies of target nav_msgs_generate_messages_eus[0m
[  0%] Built target visualization_msgs_generate_messages_cpp
[  0%] Built target nav_msgs_generate_messages_eus
[35m[1mScanning dependencies of target obstacle_detector_generate_messages_py[0m
[  2%] [34m[1mGenerating Python from MSG obstacle_detector/Obstacles[0m
[  4%] [34m[1mGenerating Python from MSG obstacle_detector/CircleObstacle[0m
[  6%] [34m[1mGenerating Python from MSG obstacle_detector/SegmentObstacle[0m
[  8%] [34m[1mGenerating Python msg __init__.py for obstacle_detector[0m
[  8%] Built target obstacle_detector_generate_messages_py
[35m[1mScanning dependencies of target obstacle_detector_generate_messages_nodejs[0m
[ 10%] [34m[1mGenerating Javascript code from obstacle_detector/Obstacles.msg[0m
[ 12%] [34m[1mGenerating Javascript code from obstacle_detector/CircleObstacle.msg[0m
[ 14%] [34m[1mGenerating Javascript code from obstacle_detector/SegmentObstacle.msg[0m
[ 14%] Built target obstacle_detector_generate_messages_nodejs
[35m[1mScanning dependencies of target obstacle_detector_generate_messages_lisp[0m
[ 16%] [34m[1mGenerating Lisp code from obstacle_detector/Obstacles.msg[0m
[ 18%] [34m[1mGenerating Lisp code from obstacle_detector/CircleObstacle.msg[0m
[ 20%] [34m[1mGenerating Lisp code from obstacle_detector/SegmentObstacle.msg[0m
[ 20%] Built target obstacle_detector_generate_messages_lisp
[35m[1mScanning dependencies of target obstacle_detector_generate_messages_eus[0m
[ 22%] [34m[1mGenerating EusLisp code from obstacle_detector/Obstacles.msg[0m
[ 25%] [34m[1mGenerating EusLisp code from obstacle_detector/CircleObstacle.msg[0m
[ 27%] [34m[1mGenerating EusLisp code from obstacle_detector/SegmentObstacle.msg[0m
[ 29%] [34m[1mGenerating EusLisp manifest code for obstacle_detector[0m
WARNING: Package name "lidarPeople" does not follow the naming conventions. It should start with a lower case letter and only contain lower case letters, digits, underscores, and dashes.
[35m[1mScanning dependencies of target obstacle_detector_generate_messages_cpp[0m
[ 31%] [34m[1mGenerating C++ code from obstacle_detector/Obstacles.msg[0m
WARNING: Package name "lidarPeople" does not follow the naming conventions. It should start with a lower case letter and only contain lower case letters, digits, underscores, and dashes.
[ 33%] [34m[1mGenerating C++ code from obstacle_detector/CircleObstacle.msg[0m
[ 35%] [34m[1mGenerating C++ code from obstacle_detector/SegmentObstacle.msg[0m
[35m[1mScanning dependencies of target scans_merger[0m
[35m[1mScanning dependencies of target obstacle_detector_gui_autogen[0m
[ 37%] [32mBuilding CXX object CMakeFiles/scans_merger.dir/src/scans_merger.cpp.o[0m
[ 39%] [34m[1mAutomatic MOC for target obstacle_detector_gui[0m
[ 39%] Built target obstacle_detector_generate_messages_cpp
[ 39%] Built target obstacle_detector_generate_messages_eus
[35m[1mScanning dependencies of target obstacle_tracker[0m
[35m[1mScanning dependencies of target obstacle_detector_generate_messages[0m
[35m[1mScanning dependencies of target obstacle_extractor[0m
[ 39%] Built target obstacle_detector_generate_messages
[35m[1mScanning dependencies of target obstacle_publisher[0m
[ 41%] [32mBuilding CXX object CMakeFiles/obstacle_tracker.dir/src/obstacle_tracker.cpp.o[0m
[ 43%] [32mBuilding CXX object CMakeFiles/obstacle_extractor.dir/src/obstacle_extractor.cpp.o[0m
[ 45%] [32mBuilding CXX object CMakeFiles/obstacle_publisher.dir/src/obstacle_publisher.cpp.o[0m
[ 47%] [32m[1mLinking CXX shared library /home/xavier/catkin_ws/devel/.private/obstacle_detector/lib/libobstacle_publisher.so[0m
[ 47%] Built target obstacle_publisher
[35m[1mScanning dependencies of target obstacle_publisher_node[0m
[ 50%] [32mBuilding CXX object CMakeFiles/obstacle_publisher_node.dir/src/nodes/obstacle_publisher_node.cpp.o[0m
[ 50%] Built target obstacle_detector_gui_autogen
[35m[1mScanning dependencies of target obstacle_detector_gui[0m
[ 52%] [32mBuilding CXX object CMakeFiles/obstacle_detector_gui.dir/src/displays/obstacles_display.cpp.o[0m
[ 54%] [32mBuilding CXX object CMakeFiles/obstacle_detector_gui.dir/src/displays/circle_visual.cpp.o[0m
[ 56%] [32m[1mLinking CXX executable /home/xavier/catkin_ws/devel/.private/obstacle_detector/lib/obstacle_detector/obstacle_publisher_node[0m
[ 56%] Built target obstacle_publisher_node
[ 58%] [32mBuilding CXX object CMakeFiles/obstacle_detector_gui.dir/src/displays/segment_visual.cpp.o[0m
[ 60%] [32m[1mLinking CXX shared library /home/xavier/catkin_ws/devel/.private/obstacle_detector/lib/libscans_merger.so[0m
[ 60%] Built target scans_merger
[35m[1mScanning dependencies of target scans_merger_node[0m
[ 62%] [32mBuilding CXX object CMakeFiles/scans_merger_node.dir/src/nodes/scans_merger_node.cpp.o[0m
[ 64%] [32m[1mLinking CXX shared library /home/xavier/catkin_ws/devel/.private/obstacle_detector/lib/libobstacle_extractor.so[0m
[ 64%] Built target obstacle_extractor
[ 66%] [32mBuilding CXX object CMakeFiles/obstacle_detector_gui.dir/src/panels/scans_merger_panel.cpp.o[0m
[ 68%] [32m[1mLinking CXX shared library /home/xavier/catkin_ws/devel/.private/obstacle_detector/lib/libobstacle_tracker.so[0m
[ 68%] Built target obstacle_tracker
[35m[1mScanning dependencies of target obstacle_extractor_node[0m
[ 70%] [32mBuilding CXX object CMakeFiles/obstacle_extractor_node.dir/src/nodes/obstacle_extractor_node.cpp.o[0m
[ 72%] [32mBuilding CXX object CMakeFiles/obstacle_detector_gui.dir/src/panels/obstacle_extractor_panel.cpp.o[0m
[ 75%] [32mBuilding CXX object CMakeFiles/obstacle_detector_gui.dir/src/panels/obstacle_tracker_panel.cpp.o[0m
[ 77%] [32mBuilding CXX object CMakeFiles/obstacle_detector_gui.dir/src/panels/obstacle_publisher_panel.cpp.o[0m
[ 79%] [32m[1mLinking CXX executable /home/xavier/catkin_ws/devel/.private/obstacle_detector/lib/obstacle_detector/scans_merger_node[0m
[ 79%] Built target scans_merger_node
[ 81%] [32mBuilding CXX object CMakeFiles/obstacle_detector_gui.dir/obstacle_detector_gui_autogen/mocs_compilation.cpp.o[0m
[ 83%] [32m[1mLinking CXX executable /home/xavier/catkin_ws/devel/.private/obstacle_detector/lib/obstacle_detector/obstacle_extractor_node[0m
[ 83%] Built target obstacle_extractor_node
[35m[1mScanning dependencies of target obstacle_detector_nodelets[0m
[ 85%] [32mBuilding CXX object CMakeFiles/obstacle_detector_nodelets.dir/src/nodelets/scans_merger_nodelet.cpp.o[0m
[35m[1mScanning dependencies of target obstacle_tracker_node[0m
[ 87%] [32mBuilding CXX object CMakeFiles/obstacle_tracker_node.dir/src/nodes/obstacle_tracker_node.cpp.o[0m
[ 89%] [32mBuilding CXX object CMakeFiles/obstacle_detector_nodelets.dir/src/nodelets/obstacle_extractor_nodelet.cpp.o[0m
[ 91%] [32mBuilding CXX object CMakeFiles/obstacle_detector_nodelets.dir/src/nodelets/obstacle_tracker_nodelet.cpp.o[0m
[ 93%] [32mBuilding CXX object CMakeFiles/obstacle_detector_nodelets.dir/src/nodelets/obstacle_publisher_nodelet.cpp.o[0m
[ 95%] [32m[1mLinking CXX executable /home/xavier/catkin_ws/devel/.private/obstacle_detector/lib/obstacle_detector/obstacle_tracker_node[0m
[ 95%] Built target obstacle_tracker_node
[ 97%] [32m[1mLinking CXX shared library /home/xavier/catkin_ws/devel/.private/obstacle_detector/lib/libobstacle_detector_nodelets.so[0m
[ 97%] Built target obstacle_detector_nodelets
[100%] [32m[1mLinking CXX shared library /home/xavier/catkin_ws/devel/.private/obstacle_detector/lib/libobstacle_detector_gui.so[0m
[100%] Built target obstacle_detector_gui
